0.1 0 0 0.000108571 0 0 -0.000108571
0.2 0 0 0.000217141 0 0 -0.000217141
0.3 0 0 0.000325712 0 0 -0.000325712
0.4 0 0 0.000434283 0 0 -0.000434283
0.5 0 0 0.000542854 0 0 -0.000542854
0.6 0 0 0.000651424 0 0 -0.000651424
0.7 0 0 0.000759995 0 0 -0.000759995
0.8 0 0 0.000868566 0 0 -0.000868566
0.9 0 0 0.000977136 0 0 -0.000977136
1 0 0 0.00108571 0 0 -0.00108571
0.0148533 0 0 -0.00037629 0 0 -0.0025477
0.0297066 0 0 -0.00183829 0 0 -0.0040097
0.0445599 0 0 -0.00330028 0 0 -0.0054717
0.0594132 0 0 -0.00476228 0 0 -0.0069337
0.0742665 0 0 -0.00622428 0 0 -0.00839569
0.0891198 0 0 -0.00768628 0 0 -0.00985769
0.103973 0 0 -0.00914827 0 0 -0.0113197
0.117188 0 0 -0.0106045 0 0 -0.0126856
0.124736 0 0 -0.012041 0 0 -0.0137195
0.132284 0 0 -0.0134774 0 0 -0.0147534
0.139833 0 0 -0.0149138 0 0 -0.0157872
0.147381 0 0 -0.0163503 0 0 -0.0168211
0.153361 0 0 -0.0176895 0 0 -0.0178544
0.15437 0 0 -0.0187209 0 0 -0.0188858
0.155379 0 0 -0.0197523 0 0 -0.0199172
0.156387 0 0 -0.0207836 0 0 -0.0209485
0.157396 0 0 -0.021815 0 0 -0.0219799
0.158405 0 0 -0.0228464 0 0 -0.0230113
0.159414 0 0 -0.0238778 0 0 -0.0240427
0.160423 0 0 -0.0249092 0 0 -0.0250741
0.161432 0 0 -0.0259406 0 0 -0.0261055
0.162441 0 0 -0.0269719 0 0 -0.0271368
0.16345 0 0 -0.0280033 0 0 -0.0281682
0.164459 0 0 -0.0290347 0 0 -0.0291996
0.165468 0 0 -0.0300661 0 0 -0.030231
0.166477 0 0 -0.0310975 0 0 -0.0312624
0.167486 0 0 -0.0321289 0 0 -0.0322938
0.168495 0 0 -0.0331602 0 0 -0.0333251
0.169504 0 0 -0.0341916 0 0 -0.0343565
0.170513 0 0 -0.035223 0 0 -0.0353879
0.171522 0 0 -0.0362544 0 0 -0.0364193
0.172531 0 0 -0.0372858 0 0 -0.0374507
0.17354 0 0 -0.0383172 0 0 -0.038482
0.174549 0 0 -0.0393485 0 0 -0.0395134
0.175558 0 0 -0.0403799 0 0 -0.0405448
0.176567 0 0 -0.0414113 0 0 -0.0415762
0.177576 0 0 -0.0424427 0 0 -0.0426076
0.178585 0 0 -0.0434741 0 0 -0.043639
0.179445 0 0 -0.0445054 0 0 -0.0447228
0.180061 0 0 -0.0455367 0 0 -0.0458925
0.180677 0 0 -0.046568 0 0 -0.0470622
0.181292 0 0 -0.0475992 0 0 -0.0482319
0.181908 0 0 -0.0486305 0 0 -0.0494016
0.182486 0 0 -0.0496753 0 0 -0.0505712
0.182712 0 0 -0.0508444 0 0 -0.0517403
0.182937 0 0 -0.0520135 0 0 -0.0529093
0.183163 0 0 -0.0531825 0 0 -0.0540784
0.183388 0 0 -0.0543516 0 0 -0.0552475
0.183614 0 0 -0.0555207 0 0 -0.0564165
0.183839 0 0 -0.0566897 0 0 -0.0575856
0.184065 0 0 -0.0578588 0 0 -0.0587547
0.184291 0 0 -0.0590279 0 0 -0.0599238
0.184516 0 0 -0.060197 0 0 -0.0610928
0.184742 0 0 -0.061366 0 0 -0.0622619
0.184967 0 0 -0.0625351 0 0 -0.063431
0.185193 0 0 -0.0637042 0 0 -0.0646
0.185418 0 0 -0.0648732 0 0 -0.0657691
0.185644 0 0 -0.0660423 0 0 -0.0669382
0.185869 0 0 -0.0672114 0 0 -0.0681073
0.186095 0 0 -0.0683805 0 0 -0.0692763
0.18632 0 0 -0.0695495 0 0 -0.0704454
0.186546 0 0 -0.0707186 0 0 -0.0716145
0.186772 0 0 -0.0718877 0 0 -0.0727835
0.186997 0 0 -0.0730567 0 0 -0.0739526
0.187223 0 0 -0.0742258 0 0 -0.0751217
0.187448 0 0 -0.0753949 0 0 -0.0762908
0.187674 0 0 -0.076564 0 0 -0.0774598
0.187899 0 0 -0.077733 0 0 -0.0786289
0.188125 0 0 -0.0789021 0 0 -0.079798
0.18835 0 0 -0.0800712 0 0 -0.080967
0.188576 0 0 -0.0812402 0 0 -0.0821361
0.188801 0 0 -0.0824093 0 0 -0.0833052
0.189027 0 0 -0.0835784 0 0 -0.0844743
0.189253 0 0 -0.0847475 0 0 -0.0856433
0.189478 0 0 -0.0859165 0 0 -0.0868124
0.189704 0 0 -0.0870856 0 0 -0.0879815
0.189929 0 0 -0.0882547 0 0 -0.0891505
0.190155 0 0 -0.0894237 0 0 -0.0903196
0.19038 0 0 -0.0905928 0 0 -0.0914887
0.190606 0 0 -0.0917619 0 0 -0.0926578
0.190831 0 0 -0.092931 0 0 -0.0938268
0.191057 0 0 -0.0941 0 0 -0.0949959
0.191282 0 0 -0.0952691 0 0 -0.096165
0.191508 0 0 -0.0964382 0 0 -0.097334
0.191734 0 0 -0.0976072 0 0 -0.0985031
0.191959 0 0 -0.0987763 0 0 -0.0996722
0.192185 0 0 -0.0999454 0 0 -0.100841
0.19241 0 0 -0.101114 0 0 -0.10201
0.192636 0 0 -0.102284 0 0 -0.103179
0.192861 0 0 -0.103453 0 0 -0.104348
0.193087 0 0 -0.104622 0 0 -0.105518
0.193312 0 0 -0.105791 0 0 -0.106687
0.193538 0 0 -0.10696 0 0 -0.107856
0.193763 0 0 -0.108129 0 0 -0.109025
0.193989 0 0 -0.109298 0 0 -0.110194
0.194215 0 0 -0.110467 0 0 -0.111363
0.19444 0 0 -0.111636 0 0 -0.112532
0.194666 0 0 -0.112805 0 0 -0.113701
0.194891 0 0 -0.113974 0 0 -0.11487
0.195117 0 0 -0.115143 0 0 -0.116039
