0.1 -3.36809e-07 -1.89455e-07
0.2 -6.73619e-07 -3.78911e-07
0.3 -1.01043e-06 -5.68366e-07
0.4 -1.34724e-06 -7.57821e-07
0.5 -1.68405e-06 -9.47277e-07
0.6 -2.02086e-06 -1.13673e-06
0.7 -2.35767e-06 -1.32619e-06
0.8 -2.69448e-06 -1.51564e-06
0.9 -3.03128e-06 -1.7051e-06
1 -3.36809e-06 -1.89455e-06
0.0148533 -3.36809e-06 -2.69928e-06
0.0297066 -3.36809e-06 -3.50401e-06
0.0445599 -3.36809e-06 -4.30873e-06
0.0594132 -3.36809e-06 -5.11346e-06
0.0742665 -3.36809e-06 -5.91819e-06
0.0891198 -3.36809e-06 -6.72291e-06
0.103973 -3.36809e-06 -7.52764e-06
0.117188 -3.22801e-06 -8.16478e-06
0.124736 -2.60359e-06 -8.2225e-06
0.132284 -1.97918e-06 -8.28023e-06
0.139833 -1.35476e-06 -8.33796e-06
0.147381 -7.30348e-07 -8.39569e-06
0.153361 -2.55771e-07 -8.45268e-06
0.15437 -2.55771e-07 -8.50735e-06
0.155379 -2.55771e-07 -8.56201e-06
0.156387 -2.55771e-07 -8.61668e-06
0.157396 -2.55771e-07 -8.67134e-06
0.158405 -2.55771e-07 -8.726e-06
0.159414 -2.55771e-07 -8.78067e-06
0.160423 -2.55771e-07 -8.83533e-06
0.161432 -2.55771e-07 -8.89e-06
0.162441 -2.55771e-07 -8.94466e-06
0.16345 -2.55771e-07 -8.99932e-06
0.164459 -2.55771e-07 -9.05399e-06
0.165468 -2.55771e-07 -9.10865e-06
0.166477 -2.55771e-07 -9.16332e-06
0.167486 -2.55771e-07 -9.21798e-06
0.168495 -2.55771e-07 -9.27264e-06
0.169504 -2.55771e-07 -9.32731e-06
0.170513 -2.55771e-07 -9.38197e-06
0.171522 -2.55771e-07 -9.43664e-06
0.172531 -2.55771e-07 -9.4913e-06
0.17354 -2.55771e-07 -9.54596e-06
0.174549 -2.55771e-07 -9.60063e-06
0.175558 -2.55771e-07 -9.65529e-06
0.176567 -2.55771e-07 -9.70996e-06
0.177576 -2.55771e-07 -9.76462e-06
0.178585 -2.55771e-07 -9.81928e-06
0.179445 -2.41532e-07 -9.85786e-06
0.180061 -2.04002e-07 -9.87012e-06
0.180677 -1.66472e-07 -9.88238e-06
0.181292 -1.28942e-07 -9.89464e-06
0.181908 -9.14118e-08 -9.9069e-06
0.182486 -5.75599e-08 -9.91916e-06
0.182712 -5.75599e-08 -9.93138e-06
0.182937 -5.75599e-08 -9.9436e-06
0.183163 -5.75599e-08 -9.95582e-06
0.183388 -5.75599e-08 -9.96804e-06
0.183614 -5.75599e-08 -9.98026e-06
0.183839 -5.75599e-08 -9.99248e-06
0.184065 -5.75599e-08 -1.00047e-05
0.184291 -5.75599e-08 -1.00169e-05
0.184516 -5.75599e-08 -1.00291e-05
0.184742 -5.75599e-08 -1.00414e-05
0.184967 -5.75599e-08 -1.00536e-05
0.185193 -5.75599e-08 -1.00658e-05
0.185418 -5.75599e-08 -1.0078e-05
0.185644 -5.75599e-08 -1.00902e-05
0.185869 -5.75599e-08 -1.01025e-05
0.186095 -5.75599e-08 -1.01147e-05
0.18632 -5.75599e-08 -1.01269e-05
0.186546 -5.75599e-08 -1.01391e-05
0.186772 -5.75599e-08 -1.01513e-05
0.186997 -5.75599e-08 -1.01636e-05
0.187223 -5.75599e-08 -1.01758e-05
0.187448 -5.75599e-08 -1.0188e-05
0.187674 -5.75599e-08 -1.02002e-05
0.187899 -5.75599e-08 -1.02124e-05
0.188125 -5.75599e-08 -1.02247e-05
0.18835 -5.75599e-08 -1.02369e-05
0.188576 -5.75599e-08 -1.02491e-05
0.188801 -5.75599e-08 -1.02613e-05
0.189027 -5.75599e-08 -1.02735e-05
0.189253 -5.75599e-08 -1.02858e-05
0.189478 -5.75599e-08 -1.0298e-05
0.189704 -5.75599e-08 -1.03102e-05
0.189929 -5.75599e-08 -1.03224e-05
0.190155 -5.75599e-08 -1.03346e-05
0.19038 -5.75599e-08 -1.03469e-05
0.190606 -5.75599e-08 -1.03591e-05
0.190831 -5.75599e-08 -1.03713e-05
0.191057 -5.75599e-08 -1.03835e-05
0.191282 -5.75599e-08 -1.03957e-05
0.191508 -5.75599e-08 -1.0408e-05
0.191734 -5.75599e-08 -1.04202e-05
0.191959 -5.75599e-08 -1.04324e-05
0.192185 -5.75599e-08 -1.04446e-05
0.19241 -5.75599e-08 -1.04568e-05
0.192636 -5.75599e-08 -1.0469e-05
0.192861 -5.75599e-08 -1.04813e-05
0.193087 -5.75599e-08 -1.04935e-05
0.193312 -5.75599e-08 -1.05057e-05
0.193538 -5.75599e-08 -1.05179e-05
0.193763 -5.75599e-08 -1.05301e-05
0.193989 -5.75599e-08 -1.05424e-05
0.194215 -5.75599e-08 -1.05546e-05
0.19444 -5.75599e-08 -1.05668e-05
0.194666 -5.75599e-08 -1.0579e-05
0.194891 -5.75599e-08 -1.05912e-05
0.195117 -5.75599e-08 -1.06035e-05
