0.1 -3.36809e-07 -1.89455e-07
0.2 -6.73619e-07 -3.78911e-07
0.3 -1.01043e-06 -5.68366e-07
0.4 -1.34724e-06 -7.57821e-07
0.5 -1.68405e-06 -9.47277e-07
0.6 -2.02086e-06 -1.13673e-06
0.7 -2.35767e-06 -1.32619e-06
0.8 -2.69448e-06 -1.51564e-06
0.9 -3.03128e-06 -1.7051e-06
1 -3.36809e-06 -1.89455e-06
0.0148533 -3.36809e-06 -1.08983e-06
0.0297066 -3.36809e-06 -2.851e-07
0.0445599 -3.36809e-06 5.19626e-07
0.0594132 -3.36809e-06 1.32435e-06
0.0742665 -3.36809e-06 2.12908e-06
0.0891198 -3.36809e-06 2.93381e-06
0.103973 -3.36809e-06 3.73853e-06
0.117188 -3.22801e-06 4.53327e-06
0.124736 -2.60359e-06 5.29346e-06
0.132284 -1.97918e-06 6.05366e-06
0.139833 -1.35476e-06 6.81385e-06
0.147381 -7.30348e-07 7.57405e-06
0.153361 -2.55771e-07 8.16494e-06
0.15437 -2.55771e-07 8.21961e-06
0.155379 -2.55771e-07 8.27427e-06
0.156387 -2.55771e-07 8.32893e-06
0.157396 -2.55771e-07 8.3836e-06
0.158405 -2.55771e-07 8.43826e-06
0.159414 -2.55771e-07 8.49293e-06
0.160423 -2.55771e-07 8.54759e-06
0.161432 -2.55771e-07 8.60225e-06
0.162441 -2.55771e-07 8.65692e-06
0.16345 -2.55771e-07 8.71158e-06
0.164459 -2.55771e-07 8.76625e-06
0.165468 -2.55771e-07 8.82091e-06
0.166477 -2.55771e-07 8.87557e-06
0.167486 -2.55771e-07 8.93024e-06
0.168495 -2.55771e-07 8.9849e-06
0.169504 -2.55771e-07 9.03957e-06
0.170513 -2.55771e-07 9.09423e-06
0.171522 -2.55771e-07 9.14889e-06
0.172531 -2.55771e-07 9.20356e-06
0.17354 -2.55771e-07 9.25822e-06
0.174549 -2.55771e-07 9.31289e-06
0.175558 -2.55771e-07 9.36755e-06
0.176567 -2.55771e-07 9.42221e-06
0.177576 -2.55771e-07 9.47688e-06
0.178585 -2.55771e-07 9.53154e-06
0.179445 -2.41532e-07 9.58614e-06
0.180061 -2.04002e-07 9.64062e-06
0.180677 -1.66472e-07 9.6951e-06
0.181292 -1.28942e-07 9.74958e-06
0.181908 -9.14118e-08 9.80407e-06
0.182486 -5.75599e-08 9.85441e-06
0.182712 -5.75599e-08 9.86663e-06
0.182937 -5.75599e-08 9.87885e-06
0.183163 -5.75599e-08 9.89107e-06
0.183388 -5.75599e-08 9.90329e-06
0.183614 -5.75599e-08 9.91551e-06
0.183839 -5.75599e-08 9.92772e-06
0.184065 -5.75599e-08 9.93994e-06
0.184291 -5.75599e-08 9.95216e-06
0.184516 -5.75599e-08 9.96438e-06
0.184742 -5.75599e-08 9.9766e-06
0.184967 -5.75599e-08 9.98882e-06
0.185193 -5.75599e-08 1.0001e-05
0.185418 -5.75599e-08 1.00133e-05
0.185644 -5.75599e-08 1.00255e-05
0.185869 -5.75599e-08 1.00377e-05
0.186095 -5.75599e-08 1.00499e-05
0.18632 -5.75599e-08 1.00621e-05
0.186546 -5.75599e-08 1.00744e-05
0.186772 -5.75599e-08 1.00866e-05
0.186997 -5.75599e-08 1.00988e-05
0.187223 -5.75599e-08 1.0111e-05
0.187448 -5.75599e-08 1.01232e-05
0.187674 -5.75599e-08 1.01355e-05
0.187899 -5.75599e-08 1.01477e-05
0.188125 -5.75599e-08 1.01599e-05
0.18835 -5.75599e-08 1.01721e-05
0.188576 -5.75599e-08 1.01843e-05
0.188801 -5.75599e-08 1.01966e-05
0.189027 -5.75599e-08 1.02088e-05
0.189253 -5.75599e-08 1.0221e-05
0.189478 -5.75599e-08 1.02332e-05
0.189704 -5.75599e-08 1.02454e-05
0.189929 -5.75599e-08 1.02577e-05
0.190155 -5.75599e-08 1.02699e-05
0.19038 -5.75599e-08 1.02821e-05
0.190606 -5.75599e-08 1.02943e-05
0.190831 -5.75599e-08 1.03065e-05
0.191057 -5.75599e-08 1.03188e-05
0.191282 -5.75599e-08 1.0331e-05
0.191508 -5.75599e-08 1.03432e-05
0.191734 -5.75599e-08 1.03554e-05
0.191959 -5.75599e-08 1.03676e-05
0.192185 -5.75599e-08 1.03799e-05
0.19241 -5.75599e-08 1.03921e-05
0.192636 -5.75599e-08 1.04043e-05
0.192861 -5.75599e-08 1.04165e-05
0.193087 -5.75599e-08 1.04287e-05
0.193312 -5.75599e-08 1.0441e-05
0.193538 -5.75599e-08 1.04532e-05
0.193763 -5.75599e-08 1.04654e-05
0.193989 -5.75599e-08 1.04776e-05
0.194215 -5.75599e-08 1.04898e-05
0.19444 -5.75599e-08 1.05021e-05
0.194666 -5.75599e-08 1.05143e-05
0.194891 -5.75599e-08 1.05265e-05
0.195117 -5.75599e-08 1.05387e-05
