0.1 -1.92634e-05 -1.51066e-06 -1.92634e-05 1.51066e-06
0.2 -3.85268e-05 -3.02131e-06 -3.85268e-05 3.02131e-06
0.3 -5.77902e-05 -4.53197e-06 -5.77902e-05 4.53197e-06
0.4 -7.70535e-05 -6.04262e-06 -7.70535e-05 6.04262e-06
0.5 -9.63169e-05 -7.55328e-06 -9.63169e-05 7.55328e-06
0.6 -0.00011558 -9.06393e-06 -0.00011558 9.06393e-06
0.7 -0.000134844 -1.05746e-05 -0.000134844 1.05746e-05
0.8 -0.000154107 -1.20852e-05 -0.000154107 1.20852e-05
0.9 -0.00017337 -1.35959e-05 -0.00017337 1.35959e-05
1 -0.000192634 -1.51066e-05 -0.000192634 1.51066e-05
0.0148533 -0.000187729 -8.68992e-06 -0.000197539 2.15232e-05
0.0297066 -0.000182824 -2.2733e-06 -0.000202444 2.79398e-05
0.0445599 -0.000177919 4.14333e-06 -0.000207349 3.43564e-05
0.0594132 -0.000173014 1.056e-05 -0.000212254 4.07731e-05
0.0742665 -0.000168109 1.69766e-05 -0.000217159 4.71897e-05
0.0891198 -0.000163204 2.33932e-05 -0.000222064 5.36063e-05
0.103973 -0.000158299 2.98098e-05 -0.000226969 6.00229e-05
0.117188 -0.000153935 3.61468e-05 -0.000231333 7.53271e-05
0.124736 -0.000151442 4.22084e-05 -0.000233825 0.000121358
0.132284 -0.00014895 4.82699e-05 -0.000236318 0.000167389
0.139833 -0.000146457 5.43315e-05 -0.000238811 0.00021342
0.147381 -0.000143964 6.0393e-05 -0.000241304 0.000259451
0.153361 -0.00014199 7.54594e-05 -0.000243278 0.000304896
0.15437 -0.000141656 0.000119047 -0.000243611 0.000348483
0.155379 -0.000141323 0.000162634 -0.000243944 0.000392071
0.156387 -0.00014099 0.000206221 -0.000244278 0.000435658
0.157396 -0.000140657 0.000249809 -0.000244611 0.000479245
0.158405 -0.000140324 0.000293396 -0.000244944 0.000522833
0.159414 -0.000139991 0.000336983 -0.000245277 0.00056642
0.160423 -0.000139657 0.000380571 -0.00024561 0.000610007
0.161432 -0.000139324 0.000424158 -0.000245944 0.000653595
0.162441 -0.000138991 0.000467745 -0.000246277 0.000697182
0.16345 -0.000138658 0.000511333 -0.00024661 0.000740769
0.164459 -0.000138325 0.00055492 -0.000246943 0.000784357
0.165468 -0.000137991 0.000598507 -0.000247276 0.000827944
0.166477 -0.000137658 0.000642095 -0.00024761 0.000871531
0.167486 -0.000137325 0.000685682 -0.000247943 0.000915119
0.168495 -0.000136992 0.000729269 -0.000248276 0.000958706
0.169504 -0.000136659 0.000772857 -0.000248609 0.00100229
0.170513 -0.000136325 0.000816444 -0.000248942 0.00104588
0.171522 -0.000135992 0.000860031 -0.000249275 0.00108947
0.172531 -0.000135659 0.000903619 -0.000249609 0.00113306
0.17354 -0.000135326 0.000947206 -0.000249942 0.00117664
0.174549 -0.000134993 0.000990793 -0.000250275 0.00122023
0.175558 -0.000134659 0.00103438 -0.000250608 0.00126382
0.176567 -0.000134326 0.00107797 -0.000250941 0.0013074
0.177576 -0.000133993 0.00112156 -0.000251275 0.00135099
0.178585 -0.00013366 0.00116514 -0.000251608 0.00139458
0.179445 -0.000133376 0.00120867 -0.000251892 0.00142534
0.180061 -0.000133173 0.00125212 -0.000252095 0.00143511
0.180677 -0.000132969 0.00129556 -0.000252299 0.00144489
0.181292 -0.000132766 0.001339 -0.000252502 0.00145467
0.181908 -0.000132562 0.00138244 -0.000252705 0.00146444
0.182486 -0.000132372 0.00142258 -0.000252896 0.00147422
0.182712 -0.000132297 0.00143233 -0.000252971 0.00148396
0.182937 -0.000132223 0.00144207 -0.000253045 0.0014937
0.183163 -0.000132148 0.00145181 -0.00025312 0.00150345
0.183388 -0.000132074 0.00146156 -0.000253194 0.00151319
0.183614 -0.000131999 0.0014713 -0.000253269 0.00152294
0.183839 -0.000131925 0.00148105 -0.000253343 0.00153268
0.184065 -0.00013185 0.00149079 -0.000253418 0.00154242
0.184291 -0.000131776 0.00150053 -0.000253492 0.00155217
0.184516 -0.000131701 0.00151028 -0.000253567 0.00156191
0.184742 -0.000131627 0.00152002 -0.000253641 0.00157165
0.184967 -0.000131552 0.00152976 -0.000253715 0.0015814
0.185193 -0.000131478 0.00153951 -0.00025379 0.00159114
0.185418 -0.000131403 0.00154925 -0.000253864 0.00160088
0.185644 -0.000131329 0.00155899 -0.000253939 0.00161063
0.185869 -0.000131254 0.00156874 -0.000254013 0.00162037
0.186095 -0.00013118 0.00157848 -0.000254088 0.00163012
0.18632 -0.000131105 0.00158823 -0.000254162 0.00163986
0.186546 -0.000131031 0.00159797 -0.000254237 0.0016496
0.186772 -0.000130956 0.00160771 -0.000254311 0.00165935
0.186997 -0.000130882 0.00161746 -0.000254386 0.00166909
0.187223 -0.000130807 0.0016272 -0.00025446 0.00167883
0.187448 -0.000130733 0.00163694 -0.000254535 0.00168858
0.187674 -0.000130658 0.00164669 -0.000254609 0.00169832
0.187899 -0.000130584 0.00165643 -0.000254684 0.00170806
0.188125 -0.00013051 0.00166617 -0.000254758 0.00171781
0.18835 -0.000130435 0.00167592 -0.000254833 0.00172755
0.188576 -0.000130361 0.00168566 -0.000254907 0.0017373
0.188801 -0.000130286 0.00169541 -0.000254982 0.00174704
0.189027 -0.000130212 0.00170515 -0.000255056 0.00175678
0.189253 -0.000130137 0.00171489 -0.000255131 0.00176653
0.189478 -0.000130063 0.00172464 -0.000255205 0.00177627
0.189704 -0.000129988 0.00173438 -0.00025528 0.00178601
0.189929 -0.000129914 0.00174412 -0.000255354 0.00179576
0.190155 -0.000129839 0.00175387 -0.000255429 0.0018055
0.19038 -0.000129765 0.00176361 -0.000255503 0.00181524
0.190606 -0.00012969 0.00177335 -0.000255578 0.00182499
0.190831 -0.000129616 0.0017831 -0.000255652 0.00183473
0.191057 -0.000129541 0.00179284 -0.000255727 0.00184448
0.191282 -0.000129467 0.00180259 -0.000255801 0.00185422
0.191508 -0.000129392 0.00181233 -0.000255875 0.00186396
0.191734 -0.000129318 0.00182207 -0.00025595 0.00187371
0.191959 -0.000129243 0.00183182 -0.000256024 0.00188345
0.192185 -0.000129169 0.00184156 -0.000256099 0.00189319
0.19241 -0.000129094 0.0018513 -0.000256173 0.00190294
0.192636 -0.00012902 0.00186105 -0.000256248 0.00191268
0.192861 -0.000128945 0.00187079 -0.000256322 0.00192242
0.193087 -0.000128871 0.00188053 -0.000256397 0.00193217
0.193312 -0.000128796 0.00189028 -0.000256471 0.00194191
0.193538 -0.000128722 0.00190002 -0.000256546 0.00195166
0.193763 -0.000128647 0.00190977 -0.00025662 0.0019614
0.193989 -0.000128573 0.00191951 -0.000256695 0.00197114
0.194215 -0.000128498 0.00192925 -0.000256769 0.00198089
0.19444 -0.000128424 0.001939 -0.000256844 0.00199063
0.194666 -0.00012835 0.00194874 -0.000256918 0.00200037
0.194891 -0.000128275 0.00195848 -0.000256993 0.00201012
0.195117 -0.000128201 0.00196823 -0.000257067 0.00201986
