0.1 -1.92634e-05 0 -1.92634e-05 0
0.2 -3.85268e-05 0 -3.85268e-05 0
0.3 -5.77902e-05 0 -5.77902e-05 0
0.4 -7.70535e-05 0 -7.70535e-05 0
0.5 -9.63169e-05 0 -9.63169e-05 0
0.6 -0.00011558 0 -0.00011558 0
0.7 -0.000134844 0 -0.000134844 0
0.8 -0.000154107 0 -0.000154107 0
0.9 -0.00017337 0 -0.00017337 0
1 -0.000192634 0 -0.000192634 0
0.0148533 -0.000187729 0 -0.000197539 0
0.0297066 -0.000182824 0 -0.000202444 0
0.0445599 -0.000177919 0 -0.000207349 0
0.0594132 -0.000173014 0 -0.000212254 0
0.0742665 -0.000168109 0 -0.000217159 0
0.0891198 -0.000163204 0 -0.000222064 0
0.103973 -0.000158299 0 -0.000226969 0
0.117188 -0.000153935 0 -0.000231333 0
0.124736 -0.000151442 0 -0.000233825 0
0.132284 -0.00014895 0 -0.000236318 0
0.139833 -0.000146457 0 -0.000238811 0
0.147381 -0.000143964 0 -0.000241304 0
0.153361 -0.00014199 0 -0.000243278 0
0.15437 -0.000141656 0 -0.000243611 0
0.155379 -0.000141323 0 -0.000243944 0
0.156387 -0.00014099 0 -0.000244278 0
0.157396 -0.000140657 0 -0.000244611 0
0.158405 -0.000140324 0 -0.000244944 0
0.159414 -0.000139991 0 -0.000245277 0
0.160423 -0.000139657 0 -0.00024561 0
0.161432 -0.000139324 0 -0.000245944 0
0.162441 -0.000138991 0 -0.000246277 0
0.16345 -0.000138658 0 -0.00024661 0
0.164459 -0.000138325 0 -0.000246943 0
0.165468 -0.000137991 0 -0.000247276 0
0.166477 -0.000137658 0 -0.00024761 0
0.167486 -0.000137325 0 -0.000247943 0
0.168495 -0.000136992 0 -0.000248276 0
0.169504 -0.000136659 0 -0.000248609 0
0.170513 -0.000136325 0 -0.000248942 0
0.171522 -0.000135992 0 -0.000249275 0
0.172531 -0.000135659 0 -0.000249609 0
0.17354 -0.000135326 0 -0.000249942 0
0.174549 -0.000134993 0 -0.000250275 0
0.175558 -0.000134659 0 -0.000250608 0
0.176567 -0.000134326 0 -0.000250941 0
0.177576 -0.000133993 0 -0.000251275 0
0.178585 -0.00013366 0 -0.000251608 0
0.179445 -0.000133376 0 -0.000251892 0
0.180061 -0.000133173 0 -0.000252095 0
0.180677 -0.000132969 0 -0.000252299 0
0.181292 -0.000132766 0 -0.000252502 0
0.181908 -0.000132562 0 -0.000252705 0
0.182486 -0.000132372 0 -0.000252896 0
0.182712 -0.000132297 0 -0.000252971 0
0.182937 -0.000132223 0 -0.000253045 0
0.183163 -0.000132148 0 -0.00025312 0
0.183388 -0.000132074 0 -0.000253194 0
0.183614 -0.000131999 0 -0.000253269 0
0.183839 -0.000131925 0 -0.000253343 0
0.184065 -0.00013185 0 -0.000253418 0
0.184291 -0.000131776 0 -0.000253492 0
0.184516 -0.000131701 0 -0.000253567 0
0.184742 -0.000131627 0 -0.000253641 0
0.184967 -0.000131552 0 -0.000253715 0
0.185193 -0.000131478 0 -0.00025379 0
0.185418 -0.000131403 0 -0.000253864 0
0.185644 -0.000131329 0 -0.000253939 0
0.185869 -0.000131254 0 -0.000254013 0
0.186095 -0.00013118 0 -0.000254088 0
0.18632 -0.000131105 0 -0.000254162 0
0.186546 -0.000131031 0 -0.000254237 0
0.186772 -0.000130956 0 -0.000254311 0
0.186997 -0.000130882 0 -0.000254386 0
0.187223 -0.000130807 0 -0.00025446 0
0.187448 -0.000130733 0 -0.000254535 0
0.187674 -0.000130658 0 -0.000254609 0
0.187899 -0.000130584 0 -0.000254684 0
0.188125 -0.00013051 0 -0.000254758 0
0.18835 -0.000130435 0 -0.000254833 0
0.188576 -0.000130361 0 -0.000254907 0
0.188801 -0.000130286 0 -0.000254982 0
0.189027 -0.000130212 0 -0.000255056 0
0.189253 -0.000130137 0 -0.000255131 0
0.189478 -0.000130063 0 -0.000255205 0
0.189704 -0.000129988 0 -0.00025528 0
0.189929 -0.000129914 0 -0.000255354 0
0.190155 -0.000129839 0 -0.000255429 0
0.19038 -0.000129765 0 -0.000255503 0
0.190606 -0.00012969 0 -0.000255578 0
0.190831 -0.000129616 0 -0.000255652 0
0.191057 -0.000129541 0 -0.000255727 0
0.191282 -0.000129467 0 -0.000255801 0
0.191508 -0.000129392 0 -0.000255875 0
0.191734 -0.000129318 0 -0.00025595 0
0.191959 -0.000129243 0 -0.000256024 0
0.192185 -0.000129169 0 -0.000256099 0
0.19241 -0.000129094 0 -0.000256173 0
0.192636 -0.00012902 0 -0.000256248 0
0.192861 -0.000128945 0 -0.000256322 0
0.193087 -0.000128871 0 -0.000256397 0
0.193312 -0.000128796 0 -0.000256471 0
0.193538 -0.000128722 0 -0.000256546 0
0.193763 -0.000128647 0 -0.00025662 0
0.193989 -0.000128573 0 -0.000256695 0
0.194215 -0.000128498 0 -0.000256769 0
0.19444 -0.000128424 0 -0.000256844 0
0.194666 -0.00012835 0 -0.000256918 0
0.194891 -0.000128275 0 -0.000256993 0
0.195117 -0.000128201 0 -0.000257067 0
