0.1 8.4876e-05 -0.00832178 -0.000217731 -8.4876e-05 -0.00832178 0.000217731
0.2 0.000169752 -0.0166436 -0.000435462 -0.000169752 -0.0166436 0.000435462
0.3 0.000254628 -0.0249653 -0.000653192 -0.000254628 -0.0249653 0.000653192
0.4 0.000339504 -0.0332871 -0.000870923 -0.000339504 -0.0332871 0.000870923
0.5 0.00042438 -0.0416089 -0.00108865 -0.00042438 -0.0416089 0.00108865
0.6 0.000509256 -0.0499307 -0.00130638 -0.000509256 -0.0499307 0.00130638
0.7 0.000594132 -0.0582525 -0.00152412 -0.000594132 -0.0582525 0.00152412
0.8 0.000679008 -0.0665743 -0.00174185 -0.000679008 -0.0665743 0.00174185
0.9 0.000763884 -0.074896 -0.00195958 -0.000763884 -0.074896 0.00195958
1 0.00084876 -0.0832178 -0.00217731 -0.00084876 -0.0832178 0.00217731
0.0148533 0.432849 -0.0810989 -0.00225331 0.431151 -0.0853368 0.0021013
0.0297066 0.864849 -0.0789799 -0.00232932 0.863151 -0.0874558 0.0020253
0.0445599 1.29685 -0.076861 -0.00240532 1.29515 -0.0895747 0.00194929
0.0594132 1.72885 -0.074742 -0.00248133 1.72715 -0.0916937 0.00187329
0.0742665 2.16085 -0.072623 -0.00255734 2.15915 -0.0938126 0.00179728
0.0891198 2.59285 -0.0705041 -0.00263334 2.59115 -0.0959316 0.00172127
0.103973 3.02485 -0.0683851 -0.00270935 3.02315 -0.0980506 0.00164527
0.117188 3.45685 -0.0665 -0.00279682 3.45522 -0.0999357 0.00159751
0.124736 3.88885 -0.0654231 -0.00292396 3.88754 -0.101013 0.00164739
0.132284 4.32085 -0.0643462 -0.0030511 4.31985 -0.102089 0.00169728
0.139833 4.75285 -0.0632694 -0.00317823 4.75217 -0.103166 0.00174716
0.147381 5.18485 -0.0621925 -0.00330537 5.18448 -0.104243 0.00179705
0.153361 5.61685 -0.0613395 -0.00340324 5.61672 -0.105096 0.00183372
0.15437 6.04885 -0.0611956 -0.0034084 6.04872 -0.10524 0.00182856
0.155379 6.48085 -0.0610517 -0.00341356 6.48072 -0.105384 0.0018234
0.156387 6.91285 -0.0609077 -0.00341873 6.91272 -0.105528 0.00181823
0.157396 7.34485 -0.0607638 -0.00342389 7.34472 -0.105672 0.00181307
0.158405 7.77685 -0.0606199 -0.00342905 7.77672 -0.105816 0.00180791
0.159414 8.20885 -0.0604759 -0.00343422 8.20872 -0.10596 0.00180274
0.160423 8.64085 -0.060332 -0.00343938 8.64072 -0.106104 0.00179758
0.161432 9.07285 -0.060188 -0.00344454 9.07272 -0.106248 0.00179242
0.162441 9.50485 -0.0600441 -0.00344971 9.50472 -0.106392 0.00178725
0.16345 9.93685 -0.0599002 -0.00345487 9.93672 -0.106536 0.00178209
0.164459 10.3688 -0.0597562 -0.00346003 10.3687 -0.106679 0.00177693
0.165468 10.8008 -0.0596123 -0.00346519 10.8007 -0.106823 0.00177177
0.166477 11.2328 -0.0594683 -0.00347036 11.2327 -0.106967 0.0017666
0.167486 11.6648 -0.0593244 -0.00347552 11.6647 -0.107111 0.00176144
0.168495 12.0968 -0.0591805 -0.00348068 12.0967 -0.107255 0.00175628
0.169504 12.5288 -0.0590365 -0.00348585 12.5287 -0.107399 0.00175111
0.170513 12.9608 -0.0588926 -0.00349101 12.9607 -0.107543 0.00174595
0.171522 13.3928 -0.0587487 -0.00349617 13.3927 -0.107687 0.00174079
0.172531 13.8248 -0.0586047 -0.00350134 13.8247 -0.107831 0.00173562
0.17354 14.2568 -0.0584608 -0.0035065 14.2567 -0.107975 0.00173046
0.174549 14.6888 -0.0583168 -0.00351166 14.6887 -0.108119 0.0017253
0.175558 15.1208 -0.0581729 -0.00351682 15.1207 -0.108263 0.00172014
0.176567 15.5528 -0.058029 -0.00352199 15.5527 -0.108407 0.00171497
0.177576 15.9848 -0.057885 -0.00352715 15.9847 -0.108551 0.00170981
0.178585 16.4168 -0.0577411 -0.00353231 16.4167 -0.108695 0.00170465
0.179445 16.8488 -0.0576184 -0.00353873 16.8487 -0.108817 0.00170227
0.180061 17.2808 -0.0575305 -0.0035472 17.2807 -0.108905 0.00170443
0.180677 17.7128 -0.0574427 -0.00355567 17.7128 -0.108993 0.0017066
0.181292 18.1448 -0.0573548 -0.00356415 18.1448 -0.109081 0.00170877
0.181908 18.5768 -0.0572669 -0.00357262 18.5768 -0.109169 0.00171094
0.182486 19.0088 -0.0571845 -0.00358037 19.0088 -0.109251 0.00171278
0.182712 19.4408 -0.0571523 -0.00358153 19.4408 -0.109283 0.00171163
0.182937 19.8728 -0.0571202 -0.00358268 19.8728 -0.109316 0.00171047
0.183163 20.3048 -0.057088 -0.00358384 20.3048 -0.109348 0.00170932
0.183388 20.7368 -0.0570558 -0.00358499 20.7368 -0.10938 0.00170816
0.183614 21.1688 -0.0570236 -0.00358614 21.1688 -0.109412 0.00170701
0.183839 21.6008 -0.0569915 -0.0035873 21.6008 -0.109444 0.00170585
0.184065 22.0328 -0.0569593 -0.00358845 22.0328 -0.109476 0.0017047
0.184291 22.4648 -0.0569271 -0.00358961 22.4648 -0.109509 0.00170355
0.184516 22.8968 -0.0568949 -0.00359076 22.8968 -0.109541 0.00170239
0.184742 23.3288 -0.0568628 -0.00359191 23.3288 -0.109573 0.00170124
0.184967 23.7608 -0.0568306 -0.00359307 23.7608 -0.109605 0.00170008
0.185193 24.1928 -0.0567984 -0.00359422 24.1928 -0.109637 0.00169893
0.185418 24.6248 -0.0567662 -0.00359538 24.6248 -0.109669 0.00169778
0.185644 25.0568 -0.0567341 -0.00359653 25.0568 -0.109702 0.00169662
0.185869 25.4888 -0.0567019 -0.00359769 25.4888 -0.109734 0.00169547
0.186095 25.9208 -0.0566697 -0.00359884 25.9208 -0.109766 0.00169431
0.18632 26.3528 -0.0566375 -0.00359999 26.3528 -0.109798 0.00169316
0.186546 26.7848 -0.0566053 -0.00360115 26.7848 -0.10983 0.00169201
0.186772 27.2168 -0.0565732 -0.0036023 27.2168 -0.109862 0.00169085
0.186997 27.6488 -0.056541 -0.00360346 27.6488 -0.109895 0.0016897
0.187223 28.0808 -0.0565088 -0.00360461 28.0808 -0.109927 0.00168854
0.187448 28.5128 -0.0564766 -0.00360576 28.5128 -0.109959 0.00168739
0.187674 28.9448 -0.0564445 -0.00360692 28.9448 -0.109991 0.00168623
0.187899 29.3768 -0.0564123 -0.00360807 29.3768 -0.110023 0.00168508
0.188125 29.8088 -0.0563801 -0.00360923 29.8088 -0.110056 0.00168393
0.18835 30.2408 -0.0563479 -0.00361038 30.2408 -0.110088 0.00168277
0.188576 30.6728 -0.0563158 -0.00361153 30.6728 -0.11012 0.00168162
0.188801 31.1048 -0.0562836 -0.00361269 31.1048 -0.110152 0.00168046
0.189027 31.5368 -0.0562514 -0.00361384 31.5368 -0.110184 0.00167931
0.189253 31.9688 -0.0562192 -0.003615 31.9688 -0.110216 0.00167816
0.189478 32.4008 -0.0561871 -0.00361615 32.4008 -0.110249 0.001677
0.189704 32.8328 -0.0561549 -0.00361731 32.8328 -0.110281 0.00167585
0.189929 33.2648 -0.0561227 -0.00361846 33.2648 -0.110313 0.00167469
0.190155 33.6968 -0.0560905 -0.00361961 33.6968 -0.110345 0.00167354
0.19038 34.1288 -0.0560583 -0.00362077 34.1288 -0.110377 0.00167238
0.190606 34.5608 -0.0560262 -0.00362192 34.5608 -0.110409 0.00167123
0.190831 34.9928 -0.055994 -0.00362308 34.9928 -0.110442 0.00167008
0.191057 35.4248 -0.0559618 -0.00362423 35.4248 -0.110474 0.00166892
0.191282 35.8568 -0.0559296 -0.00362538 35.8568 -0.110506 0.00166777
0.191508 36.2888 -0.0558975 -0.00362654 36.2888 -0.110538 0.00166661
0.191734 36.7208 -0.0558653 -0.00362769 36.7208 -0.11057 0.00166546
0.191959 37.1528 -0.0558331 -0.00362885 37.1528 -0.110603 0.00166431
0.192185 37.5848 -0.0558009 -0.00363 37.5848 -0.110635 0.00166315
0.19241 38.0168 -0.0557688 -0.00363116 38.0168 -0.110667 0.001662
0.192636 38.4488 -0.0557366 -0.00363231 38.4488 -0.110699 0.00166084
0.192861 38.8808 -0.0557044 -0.00363346 38.8808 -0.110731 0.00165969
0.193087 39.3128 -0.0556722 -0.00363462 39.3128 -0.110763 0.00165854
0.193312 39.7448 -0.0556401 -0.00363577 39.7448 -0.110796 0.00165738
0.193538 40.1768 -0.0556079 -0.00363693 40.1768 -0.110828 0.00165623
0.193763 40.6088 -0.0555757 -0.00363808 40.6088 -0.11086 0.00165507
0.193989 41.0408 -0.0555435 -0.00363923 41.0408 -0.110892 0.00165392
0.194215 41.4728 -0.0555113 -0.00364039 41.4728 -0.110924 0.00165276
0.19444 41.9048 -0.0554792 -0.00364154 41.9048 -0.110956 0.00165161
0.194666 42.3368 -0.055447 -0.0036427 42.3368 -0.110989 0.00165046
0.194891 42.7688 -0.0554148 -0.00364385 42.7688 -0.111021 0.0016493
0.195117 43.2008 -0.0553826 -0.00364501 43.2008 -0.111053 0.00164815
