0.1 1.96472e-07 -1.96472e-07
0.2 3.92944e-07 -3.92944e-07
0.3 5.89417e-07 -5.89417e-07
0.4 7.85889e-07 -7.85889e-07
0.5 9.82361e-07 -9.82361e-07
0.6 1.17883e-06 -1.17883e-06
0.7 1.37531e-06 -1.37531e-06
0.8 1.57178e-06 -1.57178e-06
0.9 1.76825e-06 -1.76825e-06
1 1.96472e-06 -1.96472e-06
0.0148533 0.00100196 0.000998035
0.0297066 0.00200196 0.00199804
0.0445599 0.00300196 0.00299804
0.0594132 0.00400196 0.00399804
0.0742665 0.00500196 0.00499804
0.0891198 0.00600196 0.00599804
0.103973 0.00700196 0.00699804
0.117188 0.00800196 0.0079982
0.124736 0.00900196 0.00899893
0.132284 0.010002 0.00999966
0.139833 0.011002 0.0110004
0.147381 0.012002 0.0120011
0.153361 0.013002 0.0130017
0.15437 0.014002 0.0140017
0.155379 0.015002 0.0150017
0.156387 0.016002 0.0160017
0.157396 0.017002 0.0170017
0.158405 0.018002 0.0180017
0.159414 0.019002 0.0190017
0.160423 0.020002 0.0200017
0.161432 0.021002 0.0210017
0.162441 0.022002 0.0220017
0.16345 0.023002 0.0230017
0.164459 0.024002 0.0240017
0.165468 0.025002 0.0250017
0.166477 0.026002 0.0260017
0.167486 0.027002 0.0270017
0.168495 0.028002 0.0280017
0.169504 0.029002 0.0290017
0.170513 0.030002 0.0300017
0.171522 0.031002 0.0310017
0.172531 0.032002 0.0320017
0.17354 0.033002 0.0330017
0.174549 0.034002 0.0340017
0.175558 0.035002 0.0350017
0.176567 0.036002 0.0360017
0.177576 0.037002 0.0370017
0.178585 0.038002 0.0380017
0.179445 0.039002 0.0390017
0.180061 0.040002 0.0400017
0.180677 0.041002 0.0410018
0.181292 0.042002 0.0420018
0.181908 0.043002 0.0430019
0.182486 0.044002 0.0440019
0.182712 0.045002 0.0450019
0.182937 0.046002 0.0460019
0.183163 0.047002 0.0470019
0.183388 0.048002 0.0480019
0.183614 0.049002 0.0490019
0.183839 0.050002 0.0500019
0.184065 0.051002 0.0510019
0.184291 0.052002 0.0520019
0.184516 0.053002 0.0530019
0.184742 0.054002 0.0540019
0.184967 0.055002 0.0550019
0.185193 0.056002 0.0560019
0.185418 0.057002 0.0570019
0.185644 0.058002 0.0580019
0.185869 0.059002 0.0590019
0.186095 0.060002 0.0600019
0.18632 0.061002 0.0610019
0.186546 0.062002 0.0620019
0.186772 0.063002 0.0630019
0.186997 0.064002 0.0640019
0.187223 0.065002 0.0650019
0.187448 0.066002 0.0660019
0.187674 0.067002 0.0670019
0.187899 0.068002 0.0680019
0.188125 0.069002 0.0690019
0.18835 0.070002 0.0700019
0.188576 0.071002 0.0710019
0.188801 0.072002 0.0720019
0.189027 0.073002 0.0730019
0.189253 0.074002 0.0740019
0.189478 0.075002 0.0750019
0.189704 0.076002 0.0760019
0.189929 0.077002 0.0770019
0.190155 0.078002 0.0780019
0.19038 0.079002 0.0790019
0.190606 0.080002 0.0800019
0.190831 0.081002 0.0810019
0.191057 0.082002 0.0820019
0.191282 0.083002 0.0830019
0.191508 0.084002 0.0840019
0.191734 0.085002 0.0850019
0.191959 0.086002 0.0860019
0.192185 0.087002 0.0870019
0.19241 0.088002 0.0880019
0.192636 0.089002 0.0890019
0.192861 0.090002 0.0900019
0.193087 0.091002 0.0910019
0.193312 0.092002 0.0920019
0.193538 0.093002 0.0930019
0.193763 0.094002 0.0940019
0.193989 0.095002 0.0950019
0.194215 0.096002 0.0960019
0.19444 0.097002 0.0970019
0.194666 0.098002 0.0980019
0.194891 0.099002 0.0990019
0.195117 0.100002 0.100002
