0.1 6.99377 200 -6.87856e-13 -6.99377 -200 -3021.31 -6.99377 200 7.02839e-13 6.99377 -200 3021.31
0.2 13.9875 400 8.65178e-13 -13.9875 -400 -6042.62 -13.9875 400 8.83014e-13 13.9875 -400 6042.62
0.3 20.9813 600 -8.05852e-13 -20.9813 -600 -9063.93 -20.9813 600 1.1898e-12 20.9813 -600 9063.93
0.4 27.9751 800 -1.80974e-12 -27.9751 -800 -12085.2 -27.9751 800 -1.84772e-12 27.9751 -800 12085.2
0.5 34.9689 1000 -3.85611e-12 -34.9689 -1000 -15106.6 -34.9689 1000 4.29587e-12 34.9689 -1000 15106.6
0.6 41.9626 1200 2.0751e-12 -41.9626 -1200 -18127.9 -41.9626 1200 4.18424e-12 41.9626 -1200 18127.9
0.7 48.9564 1400 -2.0049e-12 -48.9564 -1400 -21149.2 -48.9564 1400 1.9105e-12 48.9564 -1400 21149.2
0.8 55.9502 1600 -5.80582e-12 -55.9502 -1600 -24170.5 -55.9502 1600 1.91687e-12 55.9502 -1600 24170.5
0.9 62.944 1800 4.10431e-13 -62.944 -1800 -27191.8 -62.944 1800 -3.64536e-12 62.944 -1800 27191.8
1 69.9377 2000 -1.19408e-11 -69.9377 -2000 -30213.1 -69.9377 2000 4.19286e-12 69.9377 -2000 30213.1
0.0148533 40.2311 1949.07 1.11159e-11 -40.2311 -1949.07 -17379.8 -99.6444 2050.93 -7.8866e-12 99.6444 -2050.93 43046.4
0.0297066 10.5245 1898.15 4.55786e-12 -10.5245 -1898.15 -4546.59 -129.351 2101.85 3.22363e-11 129.351 -2101.85 55879.6
0.0445599 -19.1821 1847.22 1.51342e-12 19.1821 -1847.22 8286.66 -159.058 2152.78 -1.59833e-11 159.058 -2152.78 68712.9
0.0594132 -48.8887 1796.3 2.48454e-12 48.8887 -1796.3 21119.9 -188.764 2203.7 4.6213e-14 188.764 -2203.7 81546.1
0.0742665 -78.5953 1745.37 1.55024e-11 78.5953 -1745.37 33953.2 -218.471 2254.63 1.60757e-11 218.471 -2254.63 94379.4
0.0891198 -108.302 1694.45 4.11218e-13 108.302 -1694.45 46786.4 -248.177 2305.55 -1.60816e-11 248.177 -2305.55 107213
0.103973 -138.009 1643.52 1.74446e-11 138.009 -1643.52 59619.7 -277.884 2356.48 -5.20979e-14 277.884 -2356.48 120046
0.117188 -167.346 1598.21 -8.56177e-12 167.346 -1598.21 72293.6 -301.404 2401.79 1.22397e-11 301.404 -2401.79 130207
0.124736 -195.409 1572.33 -3.31474e-13 195.409 -1572.33 84416.7 -303.535 2427.67 3.96626e-12 303.535 -2427.67 131127
0.132284 -223.472 1546.45 1.59299e-11 223.472 -1546.45 96539.8 -305.666 2453.55 2.52696e-12 305.666 -2453.55 132048
0.139833 -251.535 1520.57 6.43159e-11 251.535 -1520.57 108663 -307.797 2479.43 -1.11318e-12 307.797 -2479.43 132968
0.147381 -279.597 1494.69 3.23905e-11 279.597 -1494.69 120786 -309.928 2505.31 -3.38662e-11 309.928 -2505.31 133889
0.153361 -301.41 1474.19 2.04636e-12 301.41 -1474.19 130209 -312.032 2525.81 2.9468e-11 312.032 -2525.81 134798
0.15437 -303.428 1470.73 -1.0439e-11 303.428 -1470.73 131081 -314.05 2529.27 3.61724e-11 314.05 -2529.27 135670
0.155379 -305.446 1467.27 7.82966e-13 305.446 -1467.27 131953 -316.068 2532.73 2.95291e-12 316.068 -2532.73 136541
0.156387 -307.464 1463.81 2.57891e-11 307.464 -1463.81 132824 -318.086 2536.19 1.12018e-11 318.086 -2536.19 137413
0.157396 -309.482 1460.35 -2.10988e-11 309.482 -1460.35 133696 -320.104 2539.65 2.84857e-11 320.104 -2539.65 138285
0.158405 -311.5 1456.9 -7.5602e-12 311.5 -1456.9 134568 -322.122 2543.1 -1.54292e-11 322.122 -2543.1 139157
0.159414 -313.518 1453.44 1.89904e-11 313.518 -1453.44 135440 -324.14 2546.56 -1.0385e-11 324.14 -2546.56 140028
0.160423 -315.536 1449.98 2.26059e-11 315.536 -1449.98 136311 -326.158 2550.02 8.44332e-12 326.158 -2550.02 140900
0.161432 -317.554 1446.52 4.00056e-11 317.554 -1446.52 137183 -328.176 2553.48 2.88161e-11 328.176 -2553.48 141772
0.162441 -319.572 1443.06 8.44638e-12 319.572 -1443.06 138055 -330.194 2556.94 -2.27051e-11 330.194 -2556.94 142644
0.16345 -321.589 1439.6 1.36064e-11 321.589 -1439.6 138927 -332.212 2560.4 -2.33235e-12 332.212 -2560.4 143515
0.164459 -323.607 1436.14 3.25505e-11 323.607 -1436.14 139798 -334.229 2563.86 1.95849e-11 334.229 -2563.86 144387
0.165468 -325.625 1432.68 -1.13643e-11 325.625 -1432.68 140670 -336.247 2567.32 3.08068e-11 336.247 -2567.32 145259
0.166477 -327.643 1429.22 7.46403e-12 327.643 -1429.22 141542 -338.265 2570.78 -3.84133e-12 338.265 -2570.78 146131
0.167486 -329.661 1425.76 -3.33619e-11 329.661 -1425.76 142414 -340.283 2574.24 -5.38181e-11 340.283 -2574.24 147002
0.168495 -331.679 1422.3 -6.19481e-11 331.679 -1422.3 143285 -342.301 2577.7 3.08423e-11 342.301 -2577.7 147874
0.169504 -333.697 1418.84 -6.40053e-12 333.697 -1418.84 144157 -344.319 2581.16 -1.45012e-11 344.319 -2581.16 148746
0.170513 -335.715 1415.38 -3.49867e-11 335.715 -1415.38 145029 -346.337 2584.62 -3.38207e-11 346.337 -2584.62 149618
0.171522 -337.733 1411.92 -5.13332e-11 337.733 -1411.92 145901 -348.355 2588.08 -6.84688e-11 348.355 -2588.08 150489
0.172531 -339.751 1408.47 1.9543e-11 339.751 -1408.47 146772 -350.373 2591.53 1.01296e-11 350.373 -2591.53 151361
0.17354 -341.769 1405.01 -3.04338e-11 341.769 -1405.01 147644 -352.391 2594.99 -2.46344e-11 352.391 -2594.99 152233
0.174549 -343.787 1401.55 -5.59311e-11 343.787 -1401.55 148516 -354.409 2598.45 -7.75842e-11 354.409 -2598.45 153105
0.175558 -345.805 1398.09 1.34007e-11 345.805 -1398.09 149388 -356.427 2601.91 8.98404e-13 356.427 -2601.91 153976
0.176567 -347.823 1394.63 -9.00769e-12 347.823 -1394.63 150259 -358.445 2605.37 -3.07767e-11 358.445 -2605.37 154848
0.177576 -349.841 1391.17 -5.58956e-11 349.841 -1391.17 151131 -360.463 2608.83 -6.24518e-11 360.463 -2608.83 155720
0.178585 -351.858 1387.71 -4.77626e-11 351.858 -1387.71 152003 -362.481 2612.29 -5.74076e-11 362.481 -2612.29 156592
0.179445 -353.874 1384.76 5.96851e-12 353.874 -1384.76 152873 -363.905 2615.24 -3.28411e-11 363.905 -2615.24 157207
0.180061 -355.885 1382.65 -3.34255e-11 355.885 -1382.65 153742 -364.357 2617.35 -3.89801e-11 364.357 -2617.35 157402
0.180677 -357.896 1380.54 -8.19705e-11 357.896 -1380.54 154611 -364.81 2619.46 4.2203e-11 364.81 -2619.46 157598
0.181292 -359.907 1378.43 -1.41799e-11 359.907 -1378.43 155480 -365.262 2621.57 -1.73849e-11 365.262 -2621.57 157793
0.181908 -361.919 1376.31 -7.48487e-11 361.919 -1376.31 156349 -365.715 2623.69 -2.82807e-11 365.715 -2623.69 157989
0.182486 -363.777 1374.33 4.15707e-11 363.777 -1374.33 157152 -366.167 2625.67 2.32739e-11 366.167 -2625.67 158184
0.182712 -364.228 1373.56 -4.47356e-11 364.228 -1373.56 157347 -366.619 2626.44 -2.47725e-11 366.619 -2626.44 158379
0.182937 -364.679 1372.79 5.69679e-11 364.679 -1372.79 157541 -367.07 2627.21 -5.06662e-11 367.07 -2627.21 158574
0.183163 -365.13 1372.01 -1.41555e-10 365.13 -1372.01 157736 -367.521 2627.99 -4.39752e-11 367.521 -2627.99 158769
0.183388 -365.581 1371.24 1.48859e-11 365.581 -1371.24 157931 -367.972 2628.76 2.97222e-11 367.972 -2628.76 158964
0.183614 -366.033 1370.47 -2.54701e-11 366.033 -1370.47 158126 -368.423 2629.53 -2.03393e-11 368.423 -2629.53 159159
0.183839 -366.484 1369.69 -7.31464e-11 366.484 -1369.69 158321 -368.874 2630.31 -3.85427e-11 368.874 -2630.31 159354
0.184065 -366.935 1368.92 -3.84492e-11 366.935 -1368.92 158516 -369.325 2631.08 -3.1125e-11 369.325 -2631.08 159548
0.184291 -367.386 1368.15 -1.51025e-11 367.386 -1368.15 158711 -369.776 2631.85 4.45874e-11 369.776 -2631.85 159743
0.184516 -367.837 1367.37 -5.65625e-12 367.837 -1367.37 158906 -370.227 2632.63 -7.37554e-11 370.227 -2632.63 159938
0.184742 -368.288 1366.6 -7.42102e-11 368.288 -1366.6 159100 -370.678 2633.4 -2.6611e-11 370.678 -2633.4 160133
0.184967 -368.739 1365.83 -2.30356e-11 368.739 -1365.83 159295 -371.13 2634.17 -7.17238e-11 371.13 -2634.17 160328
0.185193 -369.19 1365.05 -5.35079e-11 369.19 -1365.05 159490 -371.581 2634.95 6.62246e-11 371.581 -2634.95 160523
0.185418 -369.641 1364.28 -1.42378e-10 369.641 -1364.28 159685 -372.032 2635.72 4.78429e-11 372.032 -2635.72 160718
0.185644 -370.092 1363.51 6.66072e-11 370.092 -1363.51 159880 -372.483 2636.49 -4.77988e-11 372.483 -2636.49 160913
0.185869 -370.543 1362.73 1.63674e-11 370.543 -1362.73 160075 -372.934 2637.27 -6.58239e-11 372.934 -2637.27 161107
0.186095 -370.995 1361.96 -8.97793e-12 370.995 -1361.96 160270 -373.385 2638.04 -1.18449e-10 373.385 -2638.04 161302
0.18632 -371.446 1361.19 -9.27208e-11 371.446 -1361.19 160465 -373.836 2638.81 1.40161e-11 373.836 -2638.81 161497
0.186546 -371.897 1360.41 7.30555e-11 371.897 -1360.41 160659 -374.287 2639.59 -1.93897e-11 374.287 -2639.59 161692
0.186772 -372.348 1359.64 -1.08263e-10 372.348 -1359.64 160854 -374.738 2640.36 -1.39926e-10 374.738 -2640.36 161887
0.186997 -372.799 1358.87 3.59086e-11 372.799 -1358.87 161049 -375.189 2641.13 1.07497e-10 375.189 -2641.13 162082
0.187223 -373.25 1358.09 -5.46062e-11 373.25 -1358.09 161244 -375.64 2641.91 -2.05257e-10 375.64 -2641.91 162277
0.187448 -373.701 1357.32 -1.40186e-10 373.701 -1357.32 161439 -376.092 2642.68 8.35378e-11 376.092 -2642.68 162472
0.187674 -374.152 1356.55 5.45149e-11 374.152 -1356.55 161634 -376.543 2643.45 -4.32219e-11 376.543 -2643.45 162666
0.187899 -374.603 1355.77 -1.62325e-11 374.603 -1355.77 161829 -376.994 2644.23 -1.16163e-10 376.994 -2644.23 162861
0.188125 -375.054 1355 -1.37499e-11 375.054 -1355 162023 -377.445 2645 2.9106e-11 377.445 -2645 163056
0.18835 -375.505 1354.23 -9.91379e-11 375.505 -1354.23 162218 -377.896 2645.77 -7.78863e-11 377.896 -2645.77 163251
0.188576 -375.957 1353.45 7.68922e-11 375.957 -1353.45 162413 -378.347 2646.55 2.71073e-11 378.347 -2646.55 163446
0.188801 -376.408 1352.68 -1.53119e-10 376.408 -1352.68 162608 -378.798 2647.32 1.71427e-11 378.798 -2647.32 163641
0.189027 -376.859 1351.91 -3.56779e-11 376.859 -1351.91 162803 -379.249 2648.09 1.44983e-11 379.249 -2648.09 163836
0.189253 -377.31 1351.13 -5.69931e-11 377.31 -1351.13 162998 -379.7 2648.87 -3.46448e-11 379.7 -2648.87 164031
0.189478 -377.761 1350.36 -1.61792e-10 377.761 -1350.36 163193 -380.151 2649.64 -6.95038e-11 380.151 -2649.64 164225
0.189704 -378.212 1349.59 1.48607e-10 378.212 -1349.59 163388 -380.602 2650.41 1.1201e-10 380.602 -2650.41 164420
0.189929 -378.663 1348.81 2.91679e-11 378.663 -1348.81 163582 -381.054 2651.19 -1.14599e-11 381.054 -2651.19 164615
0.190155 -379.114 1348.04 5.76415e-11 379.114 -1348.04 163777 -381.505 2651.96 9.8304e-11 381.505 -2651.96 164810
0.19038 -379.565 1347.27 1.83143e-10 379.565 -1347.27 163972 -381.956 2652.73 8.25448e-13 381.956 -2652.73 165005
0.190606 -380.016 1346.49 3.18451e-11 380.016 -1346.49 164167 -382.407 2653.51 1.01432e-10 382.407 -2653.51 165200
0.190831 -380.468 1345.72 1.31355e-10 380.468 -1345.72 164362 -382.858 2654.28 -5.71856e-11 382.858 -2654.28 165395
0.191057 -380.919 1344.95 -1.74825e-13 380.919 -1344.95 164557 -383.309 2655.05 6.31887e-11 383.309 -2655.05 165590
0.191282 -381.37 1344.17 1.07752e-10 381.37 -1344.17 164752 -383.76 2655.83 1.25714e-10 383.76 -2655.83 165784
0.191508 -381.821 1343.4 -2.59712e-11 381.821 -1343.4 164947 -384.211 2656.6 -5.96352e-11 384.211 -2656.6 165979
0.191734 -382.272 1342.63 -3.48391e-11 382.272 -1342.63 165141 -384.662 2657.37 6.47693e-11 384.662 -2657.37 166174
0.191959 -382.723 1341.85 1.12266e-10 382.723 -1341.85 165336 -385.113 2658.15 1.55122e-10 385.113 -2658.15 166369
0.192185 -383.174 1341.08 -8.882e-11 383.174 -1341.08 165531 -385.565 2658.92 4.70333e-11 385.565 -2658.92 166564
0.19241 -383.625 1340.31 2.79428e-10 383.625 -1340.31 165726 -386.016 2659.69 1.10655e-10 386.016 -2659.69 166759
0.192636 -384.076 1339.53 -8.38549e-11 384.076 -1339.53 165921 -386.467 2660.47 -4.28358e-11 386.467 -2660.47 166954
0.192861 -384.527 1338.76 1.80046e-10 384.527 -1338.76 166116 -386.918 2661.24 4.75172e-11 386.918 -2661.24 167148
0.193087 -384.978 1337.99 4.92557e-11 384.978 -1337.99 166311 -387.369 2662.01 1.15169e-10 387.369 -2662.01 167343
0.193312 -385.43 1337.21 9.01765e-11 385.43 -1337.21 166506 -387.82 2662.79 1.33039e-11 387.82 -2662.79 167538
0.193538 -385.881 1336.44 -7.65862e-12 385.881 -1336.44 166700 -388.271 2663.56 6.55752e-11 388.271 -2663.56 167733
0.193763 -386.332 1335.67 5.99934e-11 386.332 -1335.67 166895 -388.722 2664.33 1.37257e-10 388.722 -2664.33 167928
0.193989 -386.783 1334.89 2.3712e-10 386.783 -1334.89 167090 -389.173 2665.11 7.56671e-11 389.173 -2665.11 168123
0.194215 -387.234 1334.12 -1.2726e-10 387.234 -1334.12 167285 -389.624 2665.88 1.03044e-10 389.624 -2665.88 168318
0.19444 -387.685 1333.35 1.16133e-10 387.685 -1333.35 167480 -390.075 2666.65 -3.94822e-12 390.075 -2666.65 168513
0.194666 -388.136 1332.57 6.20729e-12 388.136 -1332.57 167675 -390.527 2667.43 3.18457e-11 390.527 -2667.43 168707
0.194891 -388.587 1331.8 3.35842e-11 388.587 -1331.8 167870 -390.978 2668.2 1.76758e-10 390.978 -2668.2 168902
0.195117 -389.038 1331.03 1.45542e-10 389.038 -1331.03 168065 -391.429 2668.97 2.75925e-12 391.429 -2668.97 169097
