0.1 -6.99377 -3021.31
0.2 -13.9875 -6042.62
0.3 -20.9813 -9063.93
0.4 -27.9751 -12085.2
0.5 -34.9689 -15106.6
0.6 -41.9626 -18127.9
0.7 -48.9564 -21149.2
0.8 -55.9502 -24170.5
0.9 -62.944 -27191.8
1 -69.9377 -30213.1
0.0148533 -69.9377 -43046.4
0.0297066 -69.9377 -55879.6
0.0445599 -69.9377 -68712.9
0.0594132 -69.9377 -81546.1
0.0742665 -69.9377 -94379.4
0.0891198 -69.9377 -107213
0.103973 -69.9377 -120046
0.117188 -67.0288 -130207
0.124736 -54.063 -131127
0.132284 -41.0972 -132048
0.139833 -28.1314 -132968
0.147381 -15.1655 -133889
0.153361 -5.31103 -134798
0.15437 -5.31103 -135670
0.155379 -5.31103 -136541
0.156387 -5.31103 -137413
0.157396 -5.31103 -138285
0.158405 -5.31103 -139157
0.159414 -5.31103 -140028
0.160423 -5.31103 -140900
0.161432 -5.31103 -141772
0.162441 -5.31103 -142644
0.16345 -5.31103 -143515
0.164459 -5.31103 -144387
0.165468 -5.31103 -145259
0.166477 -5.31103 -146131
0.167486 -5.31103 -147002
0.168495 -5.31103 -147874
0.169504 -5.31103 -148746
0.170513 -5.31103 -149618
0.171522 -5.31103 -150489
0.172531 -5.31103 -151361
0.17354 -5.31103 -152233
0.174549 -5.31103 -153105
0.175558 -5.31103 -153976
0.176567 -5.31103 -154848
0.177576 -5.31103 -155720
0.178585 -5.31103 -156592
0.179445 -5.01536 -157207
0.180061 -4.23606 -157402
0.180677 -3.45675 -157598
0.181292 -2.67745 -157793
0.181908 -1.89815 -157989
0.182486 -1.19522 -158184
0.182712 -1.19522 -158379
0.182937 -1.19522 -158574
0.183163 -1.19522 -158769
0.183388 -1.19522 -158964
0.183614 -1.19522 -159159
0.183839 -1.19522 -159354
0.184065 -1.19522 -159548
0.184291 -1.19522 -159743
0.184516 -1.19522 -159938
0.184742 -1.19522 -160133
0.184967 -1.19522 -160328
0.185193 -1.19522 -160523
0.185418 -1.19522 -160718
0.185644 -1.19522 -160913
0.185869 -1.19522 -161107
0.186095 -1.19522 -161302
0.18632 -1.19522 -161497
0.186546 -1.19522 -161692
0.186772 -1.19522 -161887
0.186997 -1.19522 -162082
0.187223 -1.19522 -162277
0.187448 -1.19522 -162472
0.187674 -1.19522 -162666
0.187899 -1.19522 -162861
0.188125 -1.19522 -163056
0.18835 -1.19522 -163251
0.188576 -1.19522 -163446
0.188801 -1.19522 -163641
0.189027 -1.19522 -163836
0.189253 -1.19522 -164031
0.189478 -1.19522 -164225
0.189704 -1.19522 -164420
0.189929 -1.19522 -164615
0.190155 -1.19522 -164810
0.19038 -1.19522 -165005
0.190606 -1.19522 -165200
0.190831 -1.19522 -165395
0.191057 -1.19522 -165590
0.191282 -1.19522 -165784
0.191508 -1.19522 -165979
0.191734 -1.19522 -166174
0.191959 -1.19522 -166369
0.192185 -1.19522 -166564
0.19241 -1.19522 -166759
0.192636 -1.19522 -166954
0.192861 -1.19522 -167148
0.193087 -1.19522 -167343
0.193312 -1.19522 -167538
0.193538 -1.19522 -167733
0.193763 -1.19522 -167928
0.193989 -1.19522 -168123
0.194215 -1.19522 -168318
0.19444 -1.19522 -168513
0.194666 -1.19522 -168707
0.194891 -1.19522 -168902
0.195117 -1.19522 -169097
