0.1 -6.99377 -3021.31
0.2 -13.9875 -6042.62
0.3 -20.9813 -9063.93
0.4 -27.9751 -12085.2
0.5 -34.9689 -15106.6
0.6 -41.9626 -18127.9
0.7 -48.9564 -21149.2
0.8 -55.9502 -24170.5
0.9 -62.944 -27191.8
1 -69.9377 -30213.1
0.0148533 -69.9377 -17379.8
0.0297066 -69.9377 -4546.59
0.0445599 -69.9377 8286.66
0.0594132 -69.9377 21119.9
0.0742665 -69.9377 33953.2
0.0891198 -69.9377 46786.4
0.103973 -69.9377 59619.7
0.117188 -67.0288 72293.6
0.124736 -54.063 84416.7
0.132284 -41.0972 96539.8
0.139833 -28.1314 108663
0.147381 -15.1655 120786
0.153361 -5.31103 130209
0.15437 -5.31103 131081
0.155379 -5.31103 131953
0.156387 -5.31103 132824
0.157396 -5.31103 133696
0.158405 -5.31103 134568
0.159414 -5.31103 135440
0.160423 -5.31103 136311
0.161432 -5.31103 137183
0.162441 -5.31103 138055
0.16345 -5.31103 138927
0.164459 -5.31103 139798
0.165468 -5.31103 140670
0.166477 -5.31103 141542
0.167486 -5.31103 142414
0.168495 -5.31103 143285
0.169504 -5.31103 144157
0.170513 -5.31103 145029
0.171522 -5.31103 145901
0.172531 -5.31103 146772
0.17354 -5.31103 147644
0.174549 -5.31103 148516
0.175558 -5.31103 149388
0.176567 -5.31103 150259
0.177576 -5.31103 151131
0.178585 -5.31103 152003
0.179445 -5.01536 152873
0.180061 -4.23606 153742
0.180677 -3.45675 154611
0.181292 -2.67745 155480
0.181908 -1.89815 156349
0.182486 -1.19522 157152
0.182712 -1.19522 157347
0.182937 -1.19522 157541
0.183163 -1.19522 157736
0.183388 -1.19522 157931
0.183614 -1.19522 158126
0.183839 -1.19522 158321
0.184065 -1.19522 158516
0.184291 -1.19522 158711
0.184516 -1.19522 158906
0.184742 -1.19522 159100
0.184967 -1.19522 159295
0.185193 -1.19522 159490
0.185418 -1.19522 159685
0.185644 -1.19522 159880
0.185869 -1.19522 160075
0.186095 -1.19522 160270
0.18632 -1.19522 160465
0.186546 -1.19522 160659
0.186772 -1.19522 160854
0.186997 -1.19522 161049
0.187223 -1.19522 161244
0.187448 -1.19522 161439
0.187674 -1.19522 161634
0.187899 -1.19522 161829
0.188125 -1.19522 162023
0.18835 -1.19522 162218
0.188576 -1.19522 162413
0.188801 -1.19522 162608
0.189027 -1.19522 162803
0.189253 -1.19522 162998
0.189478 -1.19522 163193
0.189704 -1.19522 163388
0.189929 -1.19522 163582
0.190155 -1.19522 163777
0.19038 -1.19522 163972
0.190606 -1.19522 164167
0.190831 -1.19522 164362
0.191057 -1.19522 164557
0.191282 -1.19522 164752
0.191508 -1.19522 164947
0.191734 -1.19522 165141
0.191959 -1.19522 165336
0.192185 -1.19522 165531
0.19241 -1.19522 165726
0.192636 -1.19522 165921
0.192861 -1.19522 166116
0.193087 -1.19522 166311
0.193312 -1.19522 166506
0.193538 -1.19522 166700
0.193763 -1.19522 166895
0.193989 -1.19522 167090
0.194215 -1.19522 167285
0.19444 -1.19522 167480
0.194666 -1.19522 167675
0.194891 -1.19522 167870
0.195117 -1.19522 168065
