0.1 -200 0 -200 0
0.2 -400 0 -400 0
0.3 -600 0 -600 0
0.4 -800 0 -800 0
0.5 -1000 0 -1000 0
0.6 -1200 0 -1200 0
0.7 -1400 0 -1400 0
0.8 -1600 0 -1600 0
0.9 -1800 0 -1800 0
1 -2000 0 -2000 0
0.0148533 -1949.07 0 -2050.93 0
0.0297066 -1898.15 0 -2101.85 0
0.0445599 -1847.22 0 -2152.78 0
0.0594132 -1796.3 0 -2203.7 0
0.0742665 -1745.37 0 -2254.63 0
0.0891198 -1694.45 0 -2305.55 0
0.103973 -1643.52 0 -2356.48 0
0.117188 -1598.21 0 -2401.79 0
0.124736 -1572.33 0 -2427.67 0
0.132284 -1546.45 0 -2453.55 0
0.139833 -1520.57 0 -2479.43 0
0.147381 -1494.69 0 -2505.31 0
0.153361 -1474.19 0 -2525.81 0
0.15437 -1470.73 0 -2529.27 0
0.155379 -1467.27 0 -2532.73 0
0.156387 -1463.81 0 -2536.19 0
0.157396 -1460.35 0 -2539.65 0
0.158405 -1456.9 0 -2543.1 0
0.159414 -1453.44 0 -2546.56 0
0.160423 -1449.98 0 -2550.02 0
0.161432 -1446.52 0 -2553.48 0
0.162441 -1443.06 0 -2556.94 0
0.16345 -1439.6 0 -2560.4 0
0.164459 -1436.14 0 -2563.86 0
0.165468 -1432.68 0 -2567.32 0
0.166477 -1429.22 0 -2570.78 0
0.167486 -1425.76 0 -2574.24 0
0.168495 -1422.3 0 -2577.7 0
0.169504 -1418.84 0 -2581.16 0
0.170513 -1415.38 0 -2584.62 0
0.171522 -1411.92 0 -2588.08 0
0.172531 -1408.47 0 -2591.53 0
0.17354 -1405.01 0 -2594.99 0
0.174549 -1401.55 0 -2598.45 0
0.175558 -1398.09 0 -2601.91 0
0.176567 -1394.63 0 -2605.37 0
0.177576 -1391.17 0 -2608.83 0
0.178585 -1387.71 0 -2612.29 0
0.179445 -1384.76 0 -2615.24 0
0.180061 -1382.65 0 -2617.35 0
0.180677 -1380.54 0 -2619.46 0
0.181292 -1378.43 0 -2621.57 0
0.181908 -1376.31 0 -2623.69 0
0.182486 -1374.33 0 -2625.67 0
0.182712 -1373.56 0 -2626.44 0
0.182937 -1372.79 0 -2627.21 0
0.183163 -1372.01 0 -2627.99 0
0.183388 -1371.24 0 -2628.76 0
0.183614 -1370.47 0 -2629.53 0
0.183839 -1369.69 0 -2630.31 0
0.184065 -1368.92 0 -2631.08 0
0.184291 -1368.15 0 -2631.85 0
0.184516 -1367.37 0 -2632.63 0
0.184742 -1366.6 0 -2633.4 0
0.184967 -1365.83 0 -2634.17 0
0.185193 -1365.05 0 -2634.95 0
0.185418 -1364.28 0 -2635.72 0
0.185644 -1363.51 0 -2636.49 0
0.185869 -1362.73 0 -2637.27 0
0.186095 -1361.96 0 -2638.04 0
0.18632 -1361.19 0 -2638.81 0
0.186546 -1360.41 0 -2639.59 0
0.186772 -1359.64 0 -2640.36 0
0.186997 -1358.87 0 -2641.13 0
0.187223 -1358.09 0 -2641.91 0
0.187448 -1357.32 0 -2642.68 0
0.187674 -1356.55 0 -2643.45 0
0.187899 -1355.77 0 -2644.23 0
0.188125 -1355 0 -2645 0
0.18835 -1354.23 0 -2645.77 0
0.188576 -1353.45 0 -2646.55 0
0.188801 -1352.68 0 -2647.32 0
0.189027 -1351.91 0 -2648.09 0
0.189253 -1351.13 0 -2648.87 0
0.189478 -1350.36 0 -2649.64 0
0.189704 -1349.59 0 -2650.41 0
0.189929 -1348.81 0 -2651.19 0
0.190155 -1348.04 0 -2651.96 0
0.19038 -1347.27 0 -2652.73 0
0.190606 -1346.49 0 -2653.51 0
0.190831 -1345.72 0 -2654.28 0
0.191057 -1344.95 0 -2655.05 0
0.191282 -1344.17 0 -2655.83 0
0.191508 -1343.4 0 -2656.6 0
0.191734 -1342.63 0 -2657.37 0
0.191959 -1341.85 0 -2658.15 0
0.192185 -1341.08 0 -2658.92 0
0.19241 -1340.31 0 -2659.69 0
0.192636 -1339.53 0 -2660.47 0
0.192861 -1338.76 0 -2661.24 0
0.193087 -1337.99 0 -2662.01 0
0.193312 -1337.21 0 -2662.79 0
0.193538 -1336.44 0 -2663.56 0
0.193763 -1335.67 0 -2664.33 0
0.193989 -1334.89 0 -2665.11 0
0.194215 -1334.12 0 -2665.88 0
0.19444 -1333.35 0 -2666.65 0
0.194666 -1332.57 0 -2667.43 0
0.194891 -1331.8 0 -2668.2 0
0.195117 -1331.03 0 -2668.97 0
