0.1 -200 -3021.31 -200 3021.31
0.2 -400 -6042.62 -400 6042.62
0.3 -600 -9063.93 -600 9063.93
0.4 -800 -12085.2 -800 12085.2
0.5 -1000 -15106.6 -1000 15106.6
0.6 -1200 -18127.9 -1200 18127.9
0.7 -1400 -21149.2 -1400 21149.2
0.8 -1600 -24170.5 -1600 24170.5
0.9 -1800 -27191.8 -1800 27191.8
1 -2000 -30213.1 -2000 30213.1
0.0148533 -1949.07 -17379.8 -2050.93 43046.4
0.0297066 -1898.15 -4546.59 -2101.85 55879.6
0.0445599 -1847.22 8286.66 -2152.78 68712.9
0.0594132 -1796.3 21119.9 -2203.7 81546.1
0.0742665 -1745.37 33953.2 -2254.63 94379.4
0.0891198 -1694.45 46786.4 -2305.55 107213
0.103973 -1643.52 59619.7 -2356.48 120046
0.117188 -1598.21 72293.6 -2401.79 130207
0.124736 -1572.33 84416.7 -2427.67 131127
0.132284 -1546.45 96539.8 -2453.55 132048
0.139833 -1520.57 108663 -2479.43 132968
0.147381 -1494.69 120786 -2505.31 133889
0.153361 -1474.19 130209 -2525.81 134798
0.15437 -1470.73 131081 -2529.27 135670
0.155379 -1467.27 131953 -2532.73 136541
0.156387 -1463.81 132824 -2536.19 137413
0.157396 -1460.35 133696 -2539.65 138285
0.158405 -1456.9 134568 -2543.1 139157
0.159414 -1453.44 135440 -2546.56 140028
0.160423 -1449.98 136311 -2550.02 140900
0.161432 -1446.52 137183 -2553.48 141772
0.162441 -1443.06 138055 -2556.94 142644
0.16345 -1439.6 138927 -2560.4 143515
0.164459 -1436.14 139798 -2563.86 144387
0.165468 -1432.68 140670 -2567.32 145259
0.166477 -1429.22 141542 -2570.78 146131
0.167486 -1425.76 142414 -2574.24 147002
0.168495 -1422.3 143285 -2577.7 147874
0.169504 -1418.84 144157 -2581.16 148746
0.170513 -1415.38 145029 -2584.62 149618
0.171522 -1411.92 145901 -2588.08 150489
0.172531 -1408.47 146772 -2591.53 151361
0.17354 -1405.01 147644 -2594.99 152233
0.174549 -1401.55 148516 -2598.45 153105
0.175558 -1398.09 149388 -2601.91 153976
0.176567 -1394.63 150259 -2605.37 154848
0.177576 -1391.17 151131 -2608.83 155720
0.178585 -1387.71 152003 -2612.29 156592
0.179445 -1384.76 152873 -2615.24 157207
0.180061 -1382.65 153742 -2617.35 157402
0.180677 -1380.54 154611 -2619.46 157598
0.181292 -1378.43 155480 -2621.57 157793
0.181908 -1376.31 156349 -2623.69 157989
0.182486 -1374.33 157152 -2625.67 158184
0.182712 -1373.56 157347 -2626.44 158379
0.182937 -1372.79 157541 -2627.21 158574
0.183163 -1372.01 157736 -2627.99 158769
0.183388 -1371.24 157931 -2628.76 158964
0.183614 -1370.47 158126 -2629.53 159159
0.183839 -1369.69 158321 -2630.31 159354
0.184065 -1368.92 158516 -2631.08 159548
0.184291 -1368.15 158711 -2631.85 159743
0.184516 -1367.37 158906 -2632.63 159938
0.184742 -1366.6 159100 -2633.4 160133
0.184967 -1365.83 159295 -2634.17 160328
0.185193 -1365.05 159490 -2634.95 160523
0.185418 -1364.28 159685 -2635.72 160718
0.185644 -1363.51 159880 -2636.49 160913
0.185869 -1362.73 160075 -2637.27 161107
0.186095 -1361.96 160270 -2638.04 161302
0.18632 -1361.19 160465 -2638.81 161497
0.186546 -1360.41 160659 -2639.59 161692
0.186772 -1359.64 160854 -2640.36 161887
0.186997 -1358.87 161049 -2641.13 162082
0.187223 -1358.09 161244 -2641.91 162277
0.187448 -1357.32 161439 -2642.68 162472
0.187674 -1356.55 161634 -2643.45 162666
0.187899 -1355.77 161829 -2644.23 162861
0.188125 -1355 162023 -2645 163056
0.18835 -1354.23 162218 -2645.77 163251
0.188576 -1353.45 162413 -2646.55 163446
0.188801 -1352.68 162608 -2647.32 163641
0.189027 -1351.91 162803 -2648.09 163836
0.189253 -1351.13 162998 -2648.87 164031
0.189478 -1350.36 163193 -2649.64 164225
0.189704 -1349.59 163388 -2650.41 164420
0.189929 -1348.81 163582 -2651.19 164615
0.190155 -1348.04 163777 -2651.96 164810
0.19038 -1347.27 163972 -2652.73 165005
0.190606 -1346.49 164167 -2653.51 165200
0.190831 -1345.72 164362 -2654.28 165395
0.191057 -1344.95 164557 -2655.05 165590
0.191282 -1344.17 164752 -2655.83 165784
0.191508 -1343.4 164947 -2656.6 165979
0.191734 -1342.63 165141 -2657.37 166174
0.191959 -1341.85 165336 -2658.15 166369
0.192185 -1341.08 165531 -2658.92 166564
0.19241 -1340.31 165726 -2659.69 166759
0.192636 -1339.53 165921 -2660.47 166954
0.192861 -1338.76 166116 -2661.24 167148
0.193087 -1337.99 166311 -2662.01 167343
0.193312 -1337.21 166506 -2662.79 167538
0.193538 -1336.44 166700 -2663.56 167733
0.193763 -1335.67 166895 -2664.33 167928
0.193989 -1334.89 167090 -2665.11 168123
0.194215 -1334.12 167285 -2665.88 168318
0.19444 -1333.35 167480 -2666.65 168513
0.194666 -1332.57 167675 -2667.43 168707
0.194891 -1331.8 167870 -2668.2 168902
0.195117 -1331.03 168065 -2668.97 169097
