   0.0000000e+00
  -1.2591160e-04
  -2.6340071e-04
  -3.6938623e-04
  -4.5203352e-04
  -5.3879512e-04
  -6.2482367e-04
  -7.0981751e-04
  -7.9489351e-04
  -8.8193494e-04
  -9.7191790e-04
  -1.0650361e-03
  -1.1615310e-03
  -1.2614171e-03
  -1.3646750e-03
  -1.4715066e-03
  -1.5812182e-03
  -1.6911724e-03
  -1.7977566e-03
  -1.8983505e-03
  -1.9917150e-03
  -2.0772565e-03
  -2.1547363e-03
  -2.2243042e-03
  -2.2874659e-03
  -2.3474790e-03
  -2.4073105e-03
  -2.4684268e-03
  -2.5311534e-03
  -2.5941797e-03
  -2.6555572e-03
  -2.7152959e-03
  -2.7743065e-03
  -2.8313865e-03
  -2.8847357e-03
  -2.9354110e-03
  -2.9862047e-03
  -3.0382600e-03
  -3.0913606e-03
  -3.1459902e-03
  -3.2020990e-03
  -3.2573813e-03
  -3.3102535e-03
  -3.3635326e-03
  -3.4223068e-03
  -3.4888098e-03
  -3.5607852e-03
  -3.6331757e-03
  -3.6994751e-03
  -3.7534448e-03
  -3.7914797e-03
  -3.8147482e-03
  -3.8342908e-03
  -3.8702667e-03
  -3.9342127e-03
  -4.0171471e-03
  -4.1048753e-03
  -4.1933151e-03
  -4.2821444e-03
  -4.3673119e-03
  -4.4436499e-03
  -4.5096852e-03
  -4.5703553e-03
  -4.6299638e-03
  -4.6824862e-03
  -4.7181618e-03
  -4.7365643e-03
  -4.7477992e-03
  -4.7671790e-03
  -4.8096955e-03
  -4.8820004e-03
  -4.9801506e-03
  -5.0963285e-03
  -5.2209724e-03
  -5.3405256e-03
  -5.4418622e-03
  -5.5208013e-03
  -5.5848915e-03
  -5.6450523e-03
  -5.7035138e-03
  -5.7544814e-03
  -5.7935738e-03
  -5.8203563e-03
  -5.8394136e-03
  -5.8595090e-03
  -5.8840834e-03
  -5.9099985e-03
  -5.9379398e-03
  -5.9755284e-03
  -6.0282629e-03
  -6.0862414e-03
  -6.1248925e-03
  -6.1348553e-03
  -6.1446592e-03
  -6.1874081e-03
  -6.2542426e-03
  -6.3100062e-03
  -6.3482829e-03
  -6.4054708e-03
  -6.5089592e-03
  -6.6228175e-03
  -6.6733664e-03
  -6.6315496e-03
  -6.5406521e-03
  -6.4550968e-03
  -6.3768086e-03
  -6.2699826e-03
  -6.1235799e-03
  -5.9720255e-03
  -5.8533443e-03
  -5.7665006e-03
  -5.6893820e-03
  -5.6332144e-03
  -5.6427440e-03
  -5.7375319e-03
  -5.8920014e-03
  -6.0781442e-03
  -6.2956328e-03
  -6.5493114e-03
  -6.8126137e-03
  -7.0401932e-03
  -7.2163195e-03
  -7.3592946e-03
  -7.4791728e-03
  -7.5563956e-03
  -7.5696429e-03
  -7.5318612e-03
  -7.4805863e-03
  -7.4339575e-03
  -7.3713898e-03
  -7.2645891e-03
  -7.1142449e-03
  -6.9382648e-03
  -6.7396336e-03
  -6.5265308e-03
  -6.3563621e-03
  -6.3063531e-03
  -6.4002600e-03
  -6.5937303e-03
  -6.8222079e-03
  -7.0365856e-03
  -7.1961546e-03
  -7.2798093e-03
  -7.3160000e-03
  -7.3544206e-03
  -7.3995759e-03
  -7.4003788e-03
  -7.3153316e-03
  -7.1635047e-03
  -7.0051164e-03
  -6.8974882e-03
  -6.8590789e-03
  -6.8580123e-03
  -6.8592962e-03
  -6.8852341e-03
  -6.9854977e-03
  -7.1520683e-03
  -7.3139201e-03
  -7.4120684e-03
  -7.4488594e-03
  -7.4612729e-03
  -7.4630905e-03
  -7.4393349e-03
  -7.4055776e-03
  -7.4252358e-03
  -7.5376633e-03
  -7.7420186e-03
  -8.0631603e-03
  -8.5371321e-03
  -9.1435275e-03
  -9.8065216e-03
  -1.0438420e-02
  -1.0977469e-02
  -1.1395127e-02
  -1.1666454e-02
  -1.1773925e-02
  -1.1755445e-02
  -1.1679719e-02
  -1.1573078e-02
  -1.1444551e-02
  -1.1349084e-02
  -1.1347212e-02
  -1.1420984e-02
  -1.1475641e-02
  -1.1433549e-02
  -1.1318295e-02
  -1.1221070e-02
  -1.1189858e-02
  -1.1195399e-02
  -1.1189923e-02
  -1.1149900e-02
  -1.1099731e-02
  -1.1126520e-02
  -1.1308853e-02
  -1.1630968e-02
  -1.2017667e-02
  -1.2399959e-02
  -1.2683759e-02
  -1.2718074e-02
  -1.2405380e-02
  -1.1852903e-02
  -1.1331130e-02
  -1.1024197e-02
  -1.0871798e-02
  -1.0735414e-02
  -1.0632916e-02
  -1.0711879e-02
  -1.1066713e-02
  -1.1635492e-02
  -1.2239925e-02
  -1.2676563e-02
  -1.2788575e-02
  -1.2543111e-02
  -1.2037827e-02
  -1.1396942e-02
  -1.0733325e-02
  -1.0214095e-02
  -1.0038847e-02
  -1.0324972e-02
  -1.1066726e-02
  -1.2172161e-02
  -1.3470159e-02
  -1.4686864e-02
  -1.5503301e-02
  -1.5730206e-02
  -1.5411624e-02
  -1.4713498e-02
  -1.3776132e-02
  -1.2701403e-02
  -1.1609761e-02
  -1.0661563e-02
  -9.9972272e-03
  -9.6632497e-03
  -9.6357748e-03
  -9.8927100e-03
  -1.0402153e-02
  -1.1069390e-02
  -1.1773204e-02
  -1.2472276e-02
  -1.3245118e-02
  -1.4145482e-02
  -1.4974150e-02
  -1.5287412e-02
  -1.4744983e-02
  -1.3416753e-02
  -1.1663890e-02
  -9.8416970e-03
  -8.2259115e-03
  -7.0532732e-03
  -6.4899526e-03
  -6.5205171e-03
  -6.7958718e-03
  -6.7446253e-03
  -6.1272190e-03
  -5.4197635e-03
  -5.3611953e-03
  -6.1426747e-03
  -7.3036072e-03
  -8.3226430e-03
  -8.9664962e-03
  -9.1443679e-03
  -8.7305561e-03
  -7.5719166e-03
  -5.6706503e-03
  -3.3840325e-03
  -1.2177295e-03
   6.9957374e-04
   2.7051056e-03
   5.0980540e-03
   7.7391660e-03
   1.0179261e-02
   1.2026006e-02
   1.3054793e-02
   1.3008276e-02
   1.1574383e-02
   8.6999427e-03
   4.8388910e-03
   8.9511401e-04
  -2.1578610e-03
  -3.6945117e-03
  -3.5660620e-03
  -2.1178460e-03
  -6.0725788e-05
   1.9430697e-03
   3.5138592e-03
   4.5177165e-03
   5.0840392e-03
   5.4902021e-03
   5.8011085e-03
   5.7093092e-03
   4.8476336e-03
   3.1463540e-03
   7.8614404e-04
  -1.9870964e-03
  -4.7946644e-03
  -7.0511312e-03
  -8.2494202e-03
  -8.3593239e-03
  -7.9917765e-03
  -8.2224947e-03
  -9.8410344e-03
  -1.2445759e-02
  -1.4617182e-02
  -1.5225789e-02
  -1.4272206e-02
  -1.2440292e-02
  -1.0435756e-02
  -8.7863220e-03
  -7.5801089e-03
  -6.3515536e-03
  -4.6472574e-03
  -2.5420976e-03
  -3.9580203e-04
   1.5912821e-03
   3.4532177e-03
   5.2844062e-03
   7.0035548e-03
   8.2325712e-03
   8.4785010e-03
   7.5537815e-03
   5.8605117e-03
   4.1552468e-03
   3.0507536e-03
   2.9355857e-03
   4.1524269e-03
   6.6880078e-03
   9.7561711e-03
   1.2256635e-02
   1.3663188e-02
   1.4186361e-02
   1.4271475e-02
   1.4169395e-02
   1.3834554e-02
   1.3198824e-02
   1.2573834e-02
   1.2478699e-02
   1.2941773e-02
   1.3227935e-02
   1.2504273e-02
   1.0878074e-02
   9.6242630e-03
   1.0142243e-02
   1.2558091e-02
   1.5406272e-02
   1.6853583e-02
   1.6142718e-02
   1.3674721e-02
   1.0054853e-02
   5.5794989e-03
   4.9750446e-04
  -4.6299128e-03
  -8.8703883e-03
  -1.1351497e-02
  -1.1950639e-02
  -1.1353369e-02
  -1.0397037e-02
  -9.6657943e-03
  -9.4995639e-03
  -9.9619484e-03
  -1.0748387e-02
  -1.1170762e-02
  -1.0537547e-02
  -8.9335703e-03
  -7.3930471e-03
  -6.8039659e-03
  -6.7506391e-03
  -5.8610175e-03
  -3.1856686e-03
   1.0483985e-03
   5.7650342e-03
   9.6381964e-03
   1.1547938e-02
   1.1131477e-02
   8.9707706e-03
   5.8383174e-03
   2.0738035e-03
  -1.9226875e-03
  -5.1970105e-03
  -6.6694299e-03
  -5.7419285e-03
  -2.5337372e-03
   2.1101991e-03
   6.8682502e-03
   1.0461457e-02
   1.2242291e-02
   1.2511120e-02
   1.2119601e-02
   1.1575950e-02
   1.0672648e-02
   8.9965821e-03
   6.5290066e-03
   3.6746351e-03
   9.1374301e-04
  -1.4585259e-03
  -3.4382918e-03
  -5.2867877e-03
  -7.1667613e-03
  -8.5930863e-03
  -8.4573576e-03
  -6.0468370e-03
  -2.1408261e-03
   1.2895371e-03
   2.6030020e-03
   1.4825543e-03
  -1.2083360e-03
  -4.1357945e-03
  -6.4581992e-03
  -8.3165100e-03
  -1.0333350e-02
  -1.2879175e-02
  -1.5862767e-02
  -1.8966535e-02
  -2.1883193e-02
  -2.4295661e-02
  -2.5856886e-02
  -2.6442383e-02
  -2.6367938e-02
  -2.6073214e-02
  -2.5519803e-02
  -2.4299692e-02
  -2.2509928e-02
  -2.0991147e-02
  -2.0329084e-02
  -2.0041058e-02
  -1.9210306e-02
  -1.7791535e-02
  -1.7070863e-02
  -1.8777145e-02
  -2.3542507e-02
  -3.0147458e-02
  -3.6450383e-02
  -4.0897599e-02
  -4.2970717e-02
  -4.2930116e-02
  -4.1579978e-02
  -3.9605973e-02
  -3.6970423e-02
  -3.3287781e-02
  -2.8605807e-02
  -2.3717567e-02
  -1.9835397e-02
  -1.7796945e-02
  -1.7358434e-02
  -1.7492767e-02
  -1.7724295e-02
  -1.8820590e-02
  -2.1727187e-02
  -2.6135838e-02
  -3.0370454e-02
  -3.2498055e-02
  -3.1765321e-02
  -2.9180035e-02
  -2.6423845e-02
  -2.4434281e-02
  -2.3319853e-02
  -2.2951101e-02
  -2.3180426e-02
  -2.3880244e-02
  -2.5074084e-02
  -2.6933057e-02
  -2.9454269e-02
  -3.2232206e-02
  -3.4765935e-02
  -3.6861706e-02
  -3.8567580e-02
  -3.9961657e-02
  -4.1106822e-02
  -4.1898496e-02
  -4.1977710e-02
  -4.1239374e-02
  -4.0417963e-02
  -4.0607963e-02
  -4.2088039e-02
  -4.4011023e-02
  -4.5299669e-02
  -4.5591456e-02
  -4.5263694e-02
  -4.4881646e-02
  -4.4863363e-02
  -4.5327837e-02
  -4.5930230e-02
  -4.6001014e-02
  -4.5139817e-02
  -4.3786731e-02
  -4.2971936e-02
  -4.3334354e-02
  -4.4654115e-02
  -4.6237270e-02
  -4.7304900e-02
  -4.7201193e-02
  -4.5677700e-02
  -4.3105121e-02
  -4.0424808e-02
  -3.8654268e-02
  -3.8134762e-02
  -3.8417128e-02
  -3.8903018e-02
  -3.9164150e-02
  -3.8751764e-02
  -3.7363553e-02
  -3.5204966e-02
  -3.2723816e-02
  -3.0128119e-02
  -2.7564911e-02
  -2.5525152e-02
  -2.4552528e-02
  -2.4532875e-02
  -2.4481407e-02
  -2.3257989e-02
  -2.0686015e-02
  -1.7829927e-02
  -1.6045154e-02
  -1.5828922e-02
  -1.6604896e-02
  -1.7384293e-02
  -1.7427492e-02
  -1.6641233e-02
  -1.5761833e-02
  -1.5959632e-02
  -1.7985375e-02
  -2.1715453e-02
  -2.6441134e-02
  -3.1322058e-02
  -3.5454739e-02
  -3.7963286e-02
  -3.8653378e-02
  -3.8302535e-02
  -3.7809761e-02
  -3.7543742e-02
  -3.7725902e-02
  -3.8734027e-02
  -4.0709715e-02
  -4.3067102e-02
  -4.4691944e-02
  -4.4858454e-02
  -4.3790307e-02
  -4.2278756e-02
  -4.1177156e-02
  -4.1367120e-02
  -4.3504302e-02
  -4.7283322e-02
  -5.1493235e-02
  -5.5028764e-02
  -5.7261363e-02
  -5.7788397e-02
  -5.6661473e-02
  -5.4453760e-02
  -5.1584200e-02
  -4.7833290e-02
  -4.2606333e-02
  -3.5713803e-02
  -2.7886526e-02
  -2.0181875e-02
  -1.3027491e-02
  -6.2165305e-03
   4.0237464e-04
   6.5774263e-03
   1.1934542e-02
   1.6420976e-02
   2.0418978e-02
   2.4541253e-02
   2.9334968e-02
   3.5011966e-02
   4.1472955e-02
   4.8610147e-02
   5.6373388e-02
   6.4528932e-02
   7.2547086e-02
   7.9816934e-02
   8.6089840e-02
   9.1701259e-02
   9.7071547e-02
   1.0208977e-01
   1.0641397e-01
   1.1024439e-01
   1.1437311e-01
   1.1947297e-01
   1.2554197e-01
   1.3204328e-01
   1.3847386e-01
   1.4472337e-01
   1.5094543e-01
   1.5720328e-01
   1.6326738e-01
   1.6878860e-01
   1.7365390e-01
   1.7807755e-01
   1.8233519e-01
   1.8645163e-01
   1.9012517e-01
   1.9289349e-01
   1.9433032e-01
   1.9422931e-01
   1.9284077e-01
   1.9081605e-01
   1.8873718e-01
   1.8687716e-01
   1.8548412e-01
   1.8502618e-01
   1.8583036e-01
   1.8740217e-01
   1.8856050e-01
   1.8856828e-01
   1.8775771e-01
   1.8693643e-01
   1.8669675e-01
   1.8741576e-01
   1.8933689e-01
   1.9235831e-01
   1.9608141e-01
   2.0010591e-01
   2.0403266e-01
   2.0750365e-01
   2.1053437e-01
   2.1346987e-01
   2.1654352e-01
   2.1977428e-01
   2.2321960e-01
   2.2707178e-01
   2.3142301e-01
   2.3599508e-01
   2.4029560e-01
   2.4414559e-01
   2.4788285e-01
   2.5190093e-01
   2.5610686e-01
   2.5996058e-01
   2.6297930e-01
   2.6505220e-01
   2.6628556e-01
   2.6682716e-01
   2.6692584e-01
   2.6688206e-01
   2.6683307e-01
   2.6665711e-01
   2.6606602e-01
   2.6481834e-01
   2.6286150e-01
   2.6029539e-01
   2.5733024e-01
   2.5421904e-01
   2.5098626e-01
   2.4726746e-01
   2.4259620e-01
   2.3675217e-01
   2.2972848e-01
   2.2148283e-01
   2.1195788e-01
   2.0137804e-01
   1.9027629e-01
   1.7914814e-01
   1.6813558e-01
   1.5700552e-01
   1.4544598e-01
   1.3339692e-01
   1.2109452e-01
   1.0891803e-01
   9.7212740e-02
   8.6189169e-02
   7.5956481e-02
   6.6492087e-02
   5.7579751e-02
   4.8957153e-02
   4.0508978e-02
   3.2244200e-02
   2.4162844e-02
   1.6286567e-02
   8.8337874e-03
   2.2379112e-03
  -3.1173163e-03
  -6.9810387e-03
  -8.7802908e-03
  -7.3911973e-03
  -1.6114984e-03
   9.1729534e-03
   2.4209991e-02
   4.1295651e-02
   5.8220084e-02
   7.3813373e-02
   8.7391124e-02
   9.8402727e-02
   1.0677483e-01
   1.1278762e-01
   1.1661394e-01
   1.1813700e-01
   1.1705642e-01
   1.1334384e-01
   1.0775503e-01
   1.0151418e-01
   9.5489588e-02
   9.0009845e-02
   8.4948424e-02
   7.9578136e-02
   7.2975908e-02
   6.4893817e-02
   5.5893657e-02
   4.6820486e-02
   3.8721865e-02
   3.3037105e-02
   3.0988721e-02
   3.2476364e-02
   3.6130599e-02
   4.0760070e-02
   4.6140488e-02
   5.2240223e-02
   5.8540622e-02
   6.4511160e-02
   7.0200028e-02
   7.6026505e-02
   8.2316579e-02
   8.9093573e-02
   9.5962412e-02
   1.0223309e-01
   1.0736140e-01
   1.1107056e-01
   1.1310371e-01
   1.1323013e-01
   1.1130119e-01
   1.0720153e-01
   1.0113437e-01
   9.3959799e-02
   8.6902386e-02
   8.0656727e-02
   7.4752898e-02
   6.8007836e-02
   5.9630169e-02
   4.9734553e-02
   3.8991058e-02
   2.8110002e-02
   1.7498206e-02
   7.0499674e-03
  -3.7377462e-03
  -1.5333804e-02
  -2.7854062e-02
  -4.1038677e-02
  -5.4446347e-02
  -6.7762441e-02
  -8.0991398e-02
  -9.4345236e-02
  -1.0788892e-01
  -1.2135653e-01
  -1.3439539e-01
  -1.4686067e-01
  -1.5888638e-01
  -1.7089149e-01
  -1.8345219e-01
  -1.9695119e-01
  -2.1135973e-01
  -2.2641700e-01
  -2.4194149e-01
  -2.5778454e-01
  -2.7355819e-01
  -2.8880232e-01
  -3.0321026e-01
  -3.1622370e-01
  -3.2689178e-01
  -3.3444214e-01
  -3.3846298e-01
  -3.3868370e-01
  -3.3522965e-01
  -3.2904479e-01
  -3.2160587e-01
  -3.1404471e-01
  -3.0669003e-01
  -2.9936753e-01
  -2.9184591e-01
  -2.8402989e-01
  -2.7595572e-01
  -2.6765440e-01
  -2.5894297e-01
  -2.4939468e-01
  -2.3869052e-01
  -2.2698839e-01
  -2.1475922e-01
  -2.0232770e-01
  -1.8965004e-01
  -1.7639869e-01
  -1.6229583e-01
  -1.4736104e-01
  -1.3170198e-01
  -1.1517419e-01
  -9.7420220e-02
  -7.8202749e-02
  -5.7654747e-02
  -3.6264680e-02
  -1.4584555e-02
   7.0384259e-03
   2.8423122e-02
   4.9423389e-02
   6.9813744e-02
   8.9217213e-02
   1.0736306e-01
   1.2428168e-01
   1.3995569e-01
   1.5407039e-01
   1.6631643e-01
   1.7665141e-01
   1.8506432e-01
   1.9142682e-01
   1.9581285e-01
   1.9857776e-01
   2.0006699e-01
   2.0052482e-01
   2.0018517e-01
   1.9923620e-01
   1.9763127e-01
   1.9510305e-01
   1.9148696e-01
   1.8686723e-01
   1.8139869e-01
   1.7513781e-01
   1.6801454e-01
   1.5985510e-01
   1.5039620e-01
   1.3941440e-01
   1.2686733e-01
   1.1282903e-01
   9.7471569e-02
   8.1092205e-02
   6.4081027e-02
   4.6905360e-02
   2.9898131e-02
   1.3043128e-02
  -3.8783613e-03
  -2.1061312e-02
  -3.8700428e-02
  -5.7017513e-02
  -7.6037803e-02
  -9.5490518e-02
  -1.1512796e-01
  -1.3498901e-01
  -1.5517328e-01
  -1.7554318e-01
  -1.9582808e-01
  -2.1591209e-01
  -2.3594046e-01
  -2.5597535e-01
  -2.7530331e-01
  -2.9237241e-01
  -3.0589849e-01
  -3.1567207e-01
  -3.2175385e-01
  -3.2320635e-01
  -3.1793896e-01
  -3.0433225e-01
  -2.8374969e-01
  -2.6065104e-01
  -2.3927522e-01
  -2.2077871e-01
  -2.0377396e-01
  -1.8653622e-01
  -1.6817759e-01
  -1.4868073e-01
  -1.2866244e-01
  -1.0883288e-01
  -8.9244270e-02
  -6.9191747e-02
  -4.8086807e-02
  -2.6133793e-02
  -3.9904650e-03
   1.7867883e-02
   3.9322156e-02
   6.0311068e-02
   8.0577695e-02
   9.9902364e-02
   1.1842342e-01
   1.3645261e-01
   1.5407716e-01
   1.7106379e-01
   1.8695819e-01
   2.0117580e-01
   2.1311261e-01
   2.2232937e-01
   2.2877280e-01
   2.3270171e-01
   2.3430350e-01
   2.3370538e-01
   2.3134704e-01
   2.2804135e-01
   2.2476648e-01
   2.2223368e-01
   2.2031778e-01
   2.1817355e-01
   2.1516287e-01
   2.1138550e-01
   2.0716715e-01
   2.0241410e-01
   1.9663645e-01
   1.8948459e-01
   1.8118997e-01
   1.7221308e-01
   1.6253512e-01
   1.5169137e-01
   1.3947032e-01
   1.2624769e-01
   1.1247756e-01
   9.8223362e-02
   8.3449453e-02
   6.8341709e-02
   5.3149649e-02
   3.8144911e-02
   2.3923060e-02
   1.1408075e-02
   1.1497822e-03
  -7.2912078e-03
  -1.4860702e-02
  -2.2086405e-02
  -2.8962822e-02
  -3.5373265e-02
  -4.1201410e-02
  -4.6281543e-02
  -5.0517151e-02
  -5.3935345e-02
  -5.6568994e-02
  -5.8354492e-02
  -5.9172391e-02
  -5.8969121e-02
  -5.7823760e-02
  -5.5926729e-02
  -5.3566051e-02
  -5.1166956e-02
  -4.9192890e-02
  -4.7893573e-02
  -4.7258372e-02
  -4.7193527e-02
  -4.7588121e-02
  -4.8225928e-02
  -4.8733481e-02
  -4.8629645e-02
  -4.7396160e-02
  -4.4593521e-02
  -3.9993500e-02
  -3.3571089e-02
  -2.5490101e-02
  -1.6087952e-02
  -5.7306276e-03
   5.1374300e-03
   1.5831237e-02
   2.5583702e-02
   3.3759846e-02
   4.0001410e-02
   4.4456109e-02
   4.7645136e-02
   5.0007264e-02
   5.1792598e-02
   5.3177694e-02
   5.4207997e-02
   5.4663293e-02
   5.4092587e-02
   5.2245354e-02
   4.9534910e-02
   4.6790011e-02
   4.4521272e-02
   4.2623140e-02
   4.0631175e-02
   3.8033946e-02
   3.4545085e-02
   3.0315651e-02
   2.5745140e-02
   2.0946240e-02
   1.5573745e-02
   9.2647618e-03
   2.0277777e-03
  -5.7537596e-03
  -1.3488675e-02
  -2.0711483e-02
  -2.7390254e-02
  -3.3814750e-02
  -4.0099551e-02
  -4.5744102e-02
  -4.9731158e-02
  -5.0998154e-02
  -4.9015233e-02
  -4.4447613e-02
  -3.9034504e-02
  -3.4607582e-02
  -3.2537153e-02
  -3.3449738e-02
  -3.6872439e-02
  -4.1763377e-02
  -4.7319540e-02
  -5.2775200e-02
  -5.7154344e-02
  -5.9829058e-02
  -6.0870205e-02
  -6.0724779e-02
  -5.9894890e-02
  -5.8942913e-02
  -5.8588111e-02
  -5.9426251e-02
  -6.1320667e-02
  -6.3499937e-02
  -6.5560167e-02
  -6.7934442e-02
  -7.1208549e-02
  -7.5445164e-02
  -8.0351876e-02
  -8.5705978e-02
  -9.1448433e-02
  -9.7642565e-02
  -1.0438915e-01
  -1.1160479e-01
  -1.1894076e-01
  -1.2609328e-01
  -1.3308575e-01
  -1.4003467e-01
  -1.4679177e-01
  -1.5301038e-01
  -1.5843926e-01
  -1.6309372e-01
  -1.6712257e-01
  -1.7040714e-01
  -1.7239032e-01
  -1.7244402e-01
  -1.7037123e-01
  -1.6636224e-01
  -1.6053974e-01
  -1.5289333e-01
  -1.4359061e-01
  -1.3323140e-01
  -1.2281322e-01
  -1.1331337e-01
  -1.0533507e-01
  -9.8967543e-02
  -9.3762916e-02
  -8.9153935e-02
  -8.4908896e-02
  -8.0981391e-02
  -7.7259286e-02
  -7.3729302e-02
  -7.0575605e-02
  -6.7907359e-02
  -6.5642127e-02
  -6.3774641e-02
  -6.2511682e-02
  -6.2017507e-02
  -6.2276881e-02
  -6.3375062e-02
  -6.5634986e-02
  -6.9252041e-02
  -7.3927907e-02
  -7.8984422e-02
  -8.3755629e-02
  -8.7754368e-02
  -9.0619533e-02
  -9.2203240e-02
  -9.2640579e-02
  -9.2290949e-02
  -9.1834113e-02
  -9.2097873e-02
  -9.3463151e-02
  -9.5804239e-02
  -9.8985482e-02
  -1.0307489e-01
  -1.0808236e-01
  -1.1350178e-01
  -1.1830103e-01
  -1.2152307e-01
  -1.2264274e-01
  -1.2140038e-01
  -1.1773185e-01
  -1.1194774e-01
  -1.0484089e-01
  -9.7454646e-02
  -9.0613471e-02
  -8.4793688e-02
  -8.0274376e-02
  -7.7129049e-02
  -7.5333905e-02
  -7.4857308e-02
  -7.5405732e-02
  -7.6428073e-02
  -7.7490408e-02
  -7.8386049e-02
  -7.8934371e-02
  -7.8887796e-02
  -7.8117378e-02
  -7.6781752e-02
  -7.5132448e-02
  -7.3105351e-02
  -7.0203921e-02
  -6.5925121e-02
  -6.0252684e-02
  -5.3614846e-02
  -4.6550714e-02
  -3.9521211e-02
  -3.2817793e-02
  -2.6564752e-02
  -2.0858814e-02
  -1.5820499e-02
  -1.1390786e-02
  -7.2659190e-03
  -3.2617222e-03
   4.1882791e-04
   3.3820684e-03
   5.3503885e-03
   6.2846438e-03
   6.4179632e-03
   6.1746477e-03
   5.8449562e-03
   5.4896405e-03
   5.3486151e-03
   5.9098459e-03
   7.2897647e-03
   8.8746413e-03
   9.8560067e-03
   9.9705936e-03
   9.3951918e-03
   8.1386142e-03
   5.9876073e-03
   2.9072477e-03
  -7.6389217e-04
  -4.4739287e-03
  -7.7441781e-03
  -1.0363173e-02
  -1.2436433e-02
  -1.4306899e-02
  -1.6342042e-02
  -1.8712197e-02
  -2.1501722e-02
  -2.5040091e-02
  -2.9720077e-02
  -3.5348000e-02
  -4.1013864e-02
  -4.5757344e-02
  -4.9257219e-02
  -5.1733251e-02
  -5.3301691e-02
  -5.3817357e-02
  -5.3269647e-02
  -5.1999237e-02
  -5.0544498e-02
  -4.9270897e-02
  -4.8065526e-02
  -4.6541674e-02
  -4.4572879e-02
  -4.2364010e-02
  -4.0003202e-02
  -3.7291583e-02
  -3.4073692e-02
  -3.0440163e-02
  -2.6588809e-02
  -2.2763110e-02
  -1.9227184e-02
  -1.6085561e-02
  -1.3294027e-02
  -1.0829831e-02
  -8.6148926e-03
  -6.3435023e-03
  -3.6301912e-03
  -4.1851739e-04
   2.9741142e-03
   6.3415781e-03
   9.8216732e-03
   1.3546170e-02
   1.7401237e-02
   2.1253374e-02
   2.5123900e-02
   2.9006389e-02
   3.2741296e-02
   3.6213757e-02
   3.9536325e-02
   4.2930482e-02
   4.6487811e-02
   5.0098840e-02
   5.3520946e-02
   5.6444669e-02
   5.8601101e-02
   5.9865909e-02
   6.0245520e-02
   5.9752340e-02
   5.8288357e-02
   5.5794935e-02
   5.2444307e-02
   4.8490921e-02
   4.4135939e-02
   3.9554872e-02
   3.4849023e-02
   3.0070268e-02
   2.5393424e-02
   2.1212858e-02
   1.7971639e-02
   1.5808799e-02
   1.4498521e-02
   1.3771909e-02
   1.3466603e-02
   1.3409874e-02
   1.3422394e-02
   1.3458257e-02
   1.3600474e-02
   1.3883122e-02
   1.4295282e-02
   1.4923116e-02
   1.5835436e-02
   1.6919662e-02
   1.8003412e-02
   1.9013623e-02
   1.9892668e-02
   2.0503174e-02
   2.0807592e-02
   2.1006375e-02
   2.1296427e-02
   2.1680790e-02
   2.2119775e-02
   2.2617984e-02
   2.3159510e-02
   2.3781040e-02
   2.4663952e-02
   2.6007486e-02
   2.7860970e-02
   3.0186435e-02
   3.2995350e-02
   3.6177260e-02
   3.9277578e-02
   4.1788053e-02
   4.3559881e-02
   4.4701135e-02
   4.5274147e-02
   4.5236960e-02
   4.4555060e-02
   4.3323432e-02
   4.1796059e-02
   4.0318744e-02
   3.9120075e-02
   3.8090775e-02
   3.7044293e-02
   3.6156503e-02
   3.5799766e-02
   3.6126025e-02
   3.7018529e-02
   3.8207832e-02
   3.9304691e-02
   3.9875734e-02
   3.9670477e-02
   3.8763070e-02
   3.7367430e-02
   3.5633371e-02
   3.3733851e-02
   3.1909610e-02
   3.0295696e-02
   2.8957160e-02
   2.8061971e-02
   2.7701322e-02
   2.7663720e-02
   2.7632432e-02
   2.7433900e-02
   2.6934993e-02
   2.5879849e-02
   2.4067918e-02
   2.1670388e-02
   1.9091550e-02
   1.6531731e-02
   1.4030149e-02
   1.1796836e-02
   1.0112126e-02
   9.0096583e-03
   8.2219153e-03
   7.3285333e-03
   6.0159872e-03
   4.3019178e-03
   2.4162494e-03
   5.2303709e-04
  -1.3310186e-03
  -3.1930915e-03
  -5.2547145e-03
  -7.7377334e-03
  -1.0639004e-02
  -1.3725416e-02
  -1.6834117e-02
  -2.0041595e-02
  -2.3502087e-02
  -2.7255778e-02
  -3.1172352e-02
  -3.4965994e-02
  -3.8342756e-02
  -4.1201220e-02
  -4.3643503e-02
  -4.5789068e-02
  -4.7688546e-02
  -4.9542413e-02
  -5.1781869e-02
  -5.4673019e-02
  -5.7999484e-02
  -6.1214994e-02
  -6.3801246e-02
  -6.5558555e-02
  -6.6652373e-02
  -6.7363556e-02
  -6.7826419e-02
  -6.8027029e-02
  -6.7954896e-02
  -6.7716071e-02
  -6.7492652e-02
  -6.7351732e-02
  -6.7180452e-02
  -6.6893183e-02
  -6.6526381e-02
  -6.5979223e-02
  -6.4902941e-02
  -6.3017202e-02
  -6.0316977e-02
  -5.6880097e-02
  -5.2727679e-02
  -4.7996181e-02
  -4.3002891e-02
  -3.7967467e-02
  -3.2835537e-02
  -2.7481190e-02
  -2.1901753e-02
  -1.6209868e-02
  -1.0641393e-02
  -5.5244924e-03
  -1.0678781e-03
   2.7643518e-03
   6.0606320e-03
   8.7783895e-03
   1.0827497e-02
   1.2231453e-02
   1.3177446e-02
   1.3921066e-02
   1.4703696e-02
   1.5706746e-02
   1.6944268e-02
   1.8276939e-02
   1.9497124e-02
   2.0333123e-02
   2.0608523e-02
   2.0442381e-02
   2.0107948e-02
   1.9772925e-02
   1.9474801e-02
   1.9207660e-02
   1.8963634e-02
   1.8737601e-02
   1.8503803e-02
   1.8239609e-02
   1.7957103e-02
   1.7646577e-02
   1.7266624e-02
   1.6821126e-02
   1.6365652e-02
   1.5936910e-02
   1.5573969e-02
   1.5386259e-02
   1.5434377e-02
   1.5560000e-02
   1.5489849e-02
   1.5149021e-02
   1.4769384e-02
   1.4592587e-02
   1.4574900e-02
   1.4495380e-02
   1.4240016e-02
   1.3875958e-02
   1.3496792e-02
   1.3095208e-02
   1.2611071e-02
   1.2022613e-02
   1.1394962e-02
   1.0895279e-02
   1.0694160e-02
   1.0837476e-02
   1.1243387e-02
   1.1794952e-02
   1.2495020e-02
   1.3508315e-02
   1.4953921e-02
   1.6728864e-02
   1.8572438e-02
   2.0267650e-02
   2.1788095e-02
   2.3223160e-02
   2.4606238e-02
   2.5933935e-02
   2.7314882e-02
   2.8962094e-02
   3.1018868e-02
   3.3481754e-02
   3.6278897e-02
   3.9242733e-02
   4.2021303e-02
   4.4263945e-02
   4.5845859e-02
   4.6775045e-02
   4.7099317e-02
   4.6917176e-02
   4.6292264e-02
   4.5281767e-02
   4.4029457e-02
   4.2687481e-02
   4.1340803e-02
   4.0020083e-02
   3.8758502e-02
   3.7639051e-02
   3.6690081e-02
   3.5743257e-02
   3.4520965e-02
   3.2881505e-02
   3.0871677e-02
   2.8543967e-02
   2.5898438e-02
   2.2985977e-02
   1.9891057e-02
   1.6668357e-02
   1.3403093e-02
   1.0262132e-02
   7.4155205e-03
   4.9364942e-03
   2.8296447e-03
   1.1088456e-03
  -2.7660843e-04
  -1.5179119e-03
  -2.7828648e-03
  -4.0967941e-03
  -5.4996462e-03
  -7.1611659e-03
  -9.2302200e-03
  -1.1635168e-02
  -1.4109425e-02
  -1.6424472e-02
  -1.8581458e-02
  -2.0704030e-02
  -2.2745957e-02
  -2.4473861e-02
  -2.5738400e-02
  -2.6623119e-02
  -2.7369862e-02
  -2.8198434e-02
  -2.9133543e-02
  -3.0044700e-02
  -3.0861810e-02
  -3.1621432e-02
  -3.2342112e-02
  -3.3014344e-02
  -3.3642694e-02
  -3.4196805e-02
  -3.4587660e-02
  -3.4749178e-02
  -3.4757064e-02
  -3.4823557e-02
  -3.5116548e-02
  -3.5590099e-02
  -3.6024560e-02
  -3.6257370e-02
  -3.6316517e-02
  -3.6281965e-02
  -3.6134856e-02
  -3.5812273e-02
  -3.5272414e-02
  -3.4429227e-02
  -3.3157206e-02
  -3.1444432e-02
  -2.9435442e-02
  -2.7275648e-02
  -2.4982097e-02
  -2.2482518e-02
  -1.9756942e-02
  -1.6849148e-02
  -1.3717803e-02
  -1.0254962e-02
  -6.5012534e-03
  -2.7380565e-03
   7.0743137e-04
   3.7443891e-03
   6.4933179e-03
   9.0404329e-03
   1.1373109e-02
   1.3443860e-02
   1.5141919e-02
   1.6260495e-02
   1.6591367e-02
   1.6050964e-02
   1.4725055e-02
   1.2841348e-02
   1.0665370e-02
   8.4216907e-03
   6.4261037e-03
   5.1693225e-03
   5.0025366e-03
   5.8346342e-03
   7.2492583e-03
   8.6904724e-03
   9.5420034e-03
   9.3556390e-03
   8.0707129e-03
   5.9394070e-03
   3.3333805e-03
   5.7025667e-04
  -2.2330857e-03
  -5.1183907e-03
  -8.0780529e-03
  -1.0918215e-02
  -1.3374379e-02
  -1.5410736e-02
  -1.7274793e-02
  -1.9195128e-02
  -2.1193292e-02
  -2.3158777e-02
  -2.4976058e-02
  -2.6630561e-02
  -2.8189779e-02
  -2.9672205e-02
  -3.1076369e-02
  -3.2576568e-02
  -3.4479186e-02
  -3.6900608e-02
  -3.9631727e-02
  -4.2269903e-02
  -4.4403995e-02
  -4.5817584e-02
  -4.6481223e-02
  -4.6253286e-02
  -4.4902245e-02
  -4.2596927e-02
  -3.9936006e-02
  -3.7379032e-02
  -3.5031323e-02
  -3.2855408e-02
  -3.0777805e-02
  -2.8714951e-02
  -2.6644293e-02
  -2.4592477e-02
  -2.2516375e-02
  -2.0290427e-02
  -1.7879408e-02
  -1.5444287e-02
  -1.3174868e-02
  -1.1083212e-02
  -9.0565690e-03
  -7.0454504e-03
  -5.1462197e-03
  -3.5469150e-03
  -2.4105540e-03
  -1.7777617e-03
  -1.5984647e-03
  -1.8665093e-03
  -2.6235838e-03
  -3.8180936e-03
  -5.2688650e-03
  -6.7702708e-03
  -8.1966276e-03
  -9.5216594e-03
  -1.0689466e-02
  -1.1463332e-02
  -1.1545400e-02
  -1.0902963e-02
  -9.8944537e-03
  -9.0384919e-03
  -8.6580363e-03
  -8.7875551e-03
  -9.4133634e-03
  -1.0597261e-02
  -1.2318323e-02
  -1.4401116e-02
  -1.6640503e-02
  -1.8879999e-02
  -2.0962770e-02
  -2.2674745e-02
  -2.3799831e-02
  -2.4278869e-02
  -2.4298100e-02
  -2.4204257e-02
  -2.4303920e-02
  -2.4705332e-02
  -2.5382143e-02
  -2.6367948e-02
  -2.7793878e-02
  -2.9729030e-02
  -3.2061757e-02
  -3.4594984e-02
  -3.7219284e-02
  -3.9937564e-02
  -4.2792043e-02
  -4.5836197e-02
  -4.9162444e-02
  -5.2888123e-02
  -5.7052193e-02
  -6.1601713e-02
  -6.6450242e-02
  -7.1368014e-02
  -7.5866297e-02
  -7.9358065e-02
  -8.1511836e-02
  -8.2453181e-02
  -8.2521777e-02
  -8.1949618e-02
  -8.0982752e-02
  -8.0012648e-02
  -7.9232890e-02
  -7.8410300e-02
  -7.7237993e-02
  -7.5710639e-02
  -7.4088732e-02
  -7.2644087e-02
  -7.1428616e-02
  -7.0265091e-02
  -6.8963002e-02
  -6.7499029e-02
  -6.5992726e-02
  -6.4564861e-02
  -6.3210472e-02
  -6.1725876e-02
  -5.9826035e-02
  -5.7368583e-02
  -5.4333153e-02
  -5.0709141e-02
  -4.6531233e-02
  -4.1870353e-02
  -3.6802691e-02
  -3.1508577e-02
  -2.6345500e-02
  -2.1714827e-02
  -1.7884866e-02
  -1.5013513e-02
  -1.3200988e-02
  -1.2441285e-02
  -1.2619083e-02
  -1.3498995e-02
  -1.4753177e-02
  -1.6094331e-02
  -1.7292238e-02
  -1.8201733e-02
  -1.8979045e-02
  -2.0056407e-02
  -2.1697835e-02
  -2.3773197e-02
  -2.6045539e-02
  -2.8384648e-02
  -3.0672676e-02
  -3.2827386e-02
  -3.4935229e-02
  -3.7115761e-02
  -3.9313049e-02
  -4.1399413e-02
  -4.3344601e-02
  -4.5136616e-02
  -4.6681127e-02
  -4.7915539e-02
  -4.8948326e-02
  -4.9992956e-02
  -5.1222409e-02
  -5.2703694e-02
  -5.4361996e-02
  -5.5976651e-02
  -5.7217214e-02
  -5.7742510e-02
  -5.7386621e-02
  -5.6246355e-02
  -5.4575283e-02
  -5.2630053e-02
  -5.0647720e-02
  -4.8903610e-02
  -4.7636675e-02
  -4.6958577e-02
  -4.6881986e-02
  -4.7297653e-02
  -4.7954140e-02
  -4.8611187e-02
  -4.9171267e-02
  -4.9574394e-02
  -4.9643912e-02
  -4.9148940e-02
  -4.7991320e-02
  -4.6274676e-02
  -4.4192099e-02
  -4.1876478e-02
  -3.9386915e-02
  -3.6785348e-02
  -3.4166394e-02
  -3.1663257e-02
  -2.9452056e-02
  -2.7662241e-02
  -2.6285204e-02
  -2.5245111e-02
  -2.4484969e-02
  -2.3918113e-02
  -2.3359526e-02
  -2.2613397e-02
  -2.1713720e-02
  -2.0974492e-02
  -2.0650523e-02
  -2.0630703e-02
  -2.0591043e-02
  -2.0345554e-02
  -1.9931155e-02
  -1.9476793e-02
  -1.9119502e-02
  -1.8958055e-02
  -1.8971610e-02
  -1.9058879e-02
  -1.9248881e-02
  -1.9760157e-02
  -2.0736137e-02
  -2.2036788e-02
  -2.3363196e-02
  -2.4469960e-02
  -2.5253767e-02
  -2.5701775e-02
  -2.5782656e-02
  -2.5415890e-02
  -2.4516507e-02
  -2.3086255e-02
  -2.1270795e-02
  -1.9332388e-02
  -1.7610899e-02
  -1.6363945e-02
  -1.5593883e-02
  -1.5150150e-02
  -1.4901446e-02
  -1.4779773e-02
  -1.4808266e-02
  -1.5073632e-02
  -1.5586348e-02
  -1.6233464e-02
  -1.6908309e-02
  -1.7603725e-02
  -1.8378085e-02
  -1.9232639e-02
  -1.9981294e-02
  -2.0307893e-02
  -1.9989430e-02
  -1.9003888e-02
  -1.7480388e-02
  -1.5674038e-02
  -1.3940314e-02
  -1.2614714e-02
  -1.1885494e-02
  -1.1736637e-02
  -1.1966134e-02
  -1.2301726e-02
  -1.2519738e-02
  -1.2456709e-02
  -1.1990629e-02
  -1.1068891e-02
  -9.7855493e-03
  -8.4330127e-03
  -7.3616455e-03
  -6.7142112e-03
  -6.3588241e-03
  -6.0498729e-03
  -5.5615301e-03
  -4.7837344e-03
  -3.8198480e-03
  -2.9113218e-03
  -2.1655828e-03
  -1.4450162e-03
  -6.1571558e-04
   2.5171650e-04
   1.0007051e-03
   1.5867864e-03
   2.1570981e-03
   2.9868671e-03
   4.3044875e-03
   6.1526964e-03
   8.4341688e-03
   1.1045159e-02
   1.3831101e-02
   1.6416321e-02
   1.8337675e-02
   1.9415068e-02
   1.9772839e-02
   1.9533463e-02
   1.8689160e-02
   1.7257979e-02
   1.5428966e-02
   1.3457576e-02
   1.1485883e-02
   9.5378847e-03
   7.6164466e-03
   5.7994506e-03
   4.2712120e-03
   3.2550407e-03
   2.9257936e-03
   3.3063441e-03
   4.2154589e-03
   5.4093040e-03
   6.7190984e-03
   7.9788667e-03
   9.0372701e-03
   9.9403762e-03
   1.0853719e-02
   1.1770643e-02
   1.2527205e-02
   1.3065689e-02
   1.3470136e-02
   1.3807007e-02
   1.4124477e-02
   1.4510147e-02
   1.5004902e-02
   1.5634834e-02
   1.6533704e-02
   1.7813416e-02
   1.9371073e-02
   2.0936165e-02
   2.2319826e-02
   2.3561331e-02
   2.4796559e-02
   2.6119379e-02
   2.7563332e-02
   2.9102713e-02
   3.0649556e-02
   3.2061009e-02
   3.3206329e-02
   3.4031365e-02
   3.4557049e-02
   3.4844719e-02
   3.4943844e-02
   3.4853969e-02
   3.4550701e-02
   3.4097318e-02
   3.3669436e-02
   3.3345095e-02
   3.3030638e-02
   3.2695686e-02
   3.2413906e-02
   3.2151738e-02
   3.1760488e-02
   3.1148920e-02
   3.0330104e-02
   2.9365052e-02
   2.8372253e-02
   2.7550293e-02
   2.7101212e-02
   2.7152600e-02
   2.7751018e-02
   2.8845466e-02
   3.0288602e-02
   3.1904815e-02
   3.3520387e-02
   3.4961272e-02
   3.6160829e-02
   3.7172468e-02
   3.7955314e-02
   3.8341945e-02
   3.8225976e-02
   3.7619576e-02
   3.6568344e-02
   3.5092890e-02
   3.3264573e-02
   3.1262934e-02
   2.9255717e-02
   2.7341420e-02
   2.5617460e-02
   2.4133725e-02
   2.2819307e-02
   2.1555223e-02
   2.0310047e-02
   1.9187361e-02
   1.8324051e-02
   1.7753583e-02
   1.7394502e-02
   1.7163660e-02
   1.7052767e-02
   1.7074072e-02
   1.7155217e-02
   1.7128479e-02
   1.6864212e-02
   1.6387321e-02
   1.5837679e-02
   1.5337061e-02
   1.4940925e-02
   1.4734609e-02
   1.4851973e-02
   1.5371617e-02
   1.6286020e-02
   1.7533496e-02
   1.9029067e-02
   2.0726634e-02
   2.2640197e-02
   2.4680902e-02
   2.6537889e-02
   2.7921383e-02
   2.8776982e-02
   2.9120569e-02
   2.8915765e-02
   2.8185411e-02
   2.7049864e-02
   2.5659765e-02
   2.4150948e-02
   2.2597618e-02
   2.0980128e-02
   1.9269433e-02
   1.7566964e-02
   1.6081034e-02
   1.4943098e-02
   1.4086575e-02
   1.3342538e-02
   1.2655622e-02
   1.2119573e-02
   1.1784655e-02
   1.1553577e-02
   1.1299546e-02
   1.0991438e-02
   1.0668741e-02
   1.0346209e-02
   1.0003404e-02
   9.6695235e-03
   9.4356651e-03
   9.3795361e-03
   9.5696272e-03
   1.0030014e-02
   1.0618830e-02
   1.1143913e-02
   1.1547051e-02
   1.1812277e-02
   1.1890401e-02
   1.1774517e-02
   1.1506046e-02
   1.1151655e-02
   1.0801810e-02
   1.0536792e-02
   1.0399152e-02
   1.0388955e-02
   1.0471191e-02
   1.0604780e-02
   1.0779163e-02
   1.0987546e-02
   1.1180776e-02
   1.1352774e-02
   1.1604867e-02
   1.1996516e-02
   1.2388785e-02
   1.2544836e-02
   1.2367927e-02
   1.1946677e-02
   1.1423071e-02
   1.0880328e-02
   1.0232578e-02
   9.2303986e-03
   7.7243551e-03
   5.8306058e-03
   3.7622727e-03
   1.6668396e-03
  -3.8099058e-04
  -2.3483517e-03
  -4.1878273e-03
  -5.8251089e-03
  -7.1959657e-03
  -8.2642673e-03
  -9.0378447e-03
  -9.5596536e-03
  -9.8804563e-03
  -1.0060210e-02
  -1.0184730e-02
  -1.0371167e-02
  -1.0699962e-02
  -1.1121144e-02
  -1.1520096e-02
  -1.1867891e-02
  -1.2226650e-02
  -1.2645932e-02
  -1.3143096e-02
  -1.3756890e-02
  -1.4505011e-02
  -1.5316786e-02
  -1.6094697e-02
  -1.6775596e-02
  -1.7284697e-02
  -1.7554462e-02
  -1.7625632e-02
  -1.7633359e-02
  -1.7686474e-02
  -1.7794705e-02
  -1.7935425e-02
  -1.8156000e-02
  -1.8532901e-02
  -1.9040678e-02
  -1.9501370e-02
  -1.9660048e-02
  -1.9336257e-02
  -1.8475601e-02
  -1.7014747e-02
  -1.4839147e-02
  -1.1942967e-02
  -8.5275496e-03
  -4.9838759e-03
  -1.7726485e-03
   8.7306439e-04
   3.0586613e-03
   4.9445847e-03
   6.5613316e-03
   7.9036314e-03
   9.0016279e-03
   9.8966114e-03
   1.0581533e-02
   1.0969750e-02
   1.1007973e-02
   1.0791636e-02
   1.0479192e-02
   1.0173847e-02
   9.9500781e-03
   9.8926135e-03
   1.0024631e-02
   1.0256624e-02
   1.0464942e-02
   1.0554597e-02
   1.0440452e-02
   1.0046803e-02
   9.3330668e-03
   8.3334180e-03
   7.1666436e-03
   5.9313512e-03
   4.6163771e-03
   3.1884899e-03
   1.6931786e-03
   2.2219610e-04
  -1.1263650e-03
  -2.2691907e-03
  -3.1770891e-03
  -3.8439336e-03
  -4.2327366e-03
  -4.3130947e-03
  -4.0908634e-03
  -3.5992629e-03
  -2.9449948e-03
  -2.2518643e-03
  -1.4837364e-03
  -5.0946608e-04
   6.5732797e-04
   1.9027197e-03
   3.2074007e-03
   4.5885947e-03
   5.9755546e-03
   7.2785262e-03
   8.4415384e-03
   9.3595582e-03
   9.8948804e-03
   1.0039477e-02
   9.9532721e-03
   9.8380476e-03
   9.8361626e-03
   9.9724311e-03
   1.0176033e-02
   1.0435019e-02
   1.0870609e-02
   1.1606484e-02
   1.2657083e-02
   1.3919986e-02
   1.5157020e-02
   1.6082267e-02
   1.6536981e-02
   1.6489715e-02
   1.5953323e-02
   1.4984127e-02
   1.3677987e-02
   1.2176799e-02
   1.0682123e-02
   9.3554480e-03
   8.2374563e-03
   7.3199491e-03
   6.5886945e-03
   5.9857302e-03
   5.4364977e-03
   4.9259427e-03
   4.4904236e-03
   4.1259595e-03
   3.7687141e-03
   3.3922429e-03
   3.0549101e-03
   2.7904219e-03
   2.5623039e-03
   2.4207549e-03
   2.4896118e-03
   2.7211162e-03
   2.9257239e-03
   3.0368844e-03
   3.1525615e-03
   3.3897823e-03
   3.8170634e-03
   4.4611856e-03
   5.2685167e-03
   6.0940356e-03
   6.8098835e-03
   7.3763791e-03
   7.7675988e-03
   7.9351298e-03
   7.9359530e-03
   7.9566672e-03
   8.1181891e-03
   8.4129455e-03
   8.8188468e-03
   9.2896076e-03
   9.6737007e-03
   9.8338523e-03
   9.8189453e-03
   9.7733326e-03
   9.7854600e-03
   9.9364695e-03
   1.0380366e-02
   1.1264691e-02
   1.2589700e-02
   1.4222580e-02
   1.6061869e-02
   1.8079195e-02
   2.0126566e-02
   2.1883172e-02
   2.3125199e-02
   2.3895215e-02
   2.4412978e-02
   2.4954535e-02
   2.5722712e-02
   2.6742192e-02
   2.7894438e-02
   2.9069325e-02
   3.0303094e-02
   3.1674532e-02
   3.3081725e-02
   3.4340135e-02
   3.5369967e-02
   3.6101069e-02
   3.6441151e-02
   3.6376977e-02
   3.5940249e-02
   3.5175039e-02
   3.4160177e-02
   3.2992878e-02
   3.1808470e-02
   3.0766126e-02
   2.9929684e-02
   2.9238069e-02
   2.8618315e-02
   2.8042262e-02
   2.7490260e-02
   2.6957283e-02
   2.6501028e-02
   2.6202688e-02
   2.6056219e-02
   2.5957386e-02
   2.5814190e-02
   2.5658726e-02
   2.5643625e-02
   2.5882511e-02
   2.6311268e-02
   2.6767986e-02
   2.7186825e-02
   2.7670215e-02
   2.8356084e-02
   2.9165824e-02
   2.9774147e-02
   2.9957357e-02
   2.9803366e-02
   2.9459497e-02
   2.8885325e-02
   2.7965532e-02
   2.6701946e-02
   2.5202080e-02
   2.3545514e-02
   2.1696722e-02
   1.9578272e-02
   1.7218592e-02
   1.4761079e-02
   1.2371380e-02
   1.0113275e-02
   7.8874471e-03
   5.6308626e-03
   3.4639440e-03
   1.4843816e-03
  -3.7920448e-04
  -2.2047940e-03
  -3.9165188e-03
  -5.3911776e-03
  -6.6367901e-03
  -7.7088514e-03
  -8.5527371e-03
  -9.0968899e-03
  -9.3572812e-03
  -9.3059700e-03
  -8.8399631e-03
  -7.9704660e-03
  -6.8506349e-03
  -5.6181236e-03
  -4.3405060e-03
  -3.0925416e-03
  -1.9704861e-03
  -1.0071441e-03
  -1.3047095e-04
   7.7852120e-04
   1.7814220e-03
   2.8198154e-03
   3.7274146e-03
   4.2994070e-03
   4.4076760e-03
   4.0711246e-03
   3.4073334e-03
   2.5727525e-03
   1.7020341e-03
   8.4742615e-04
   9.1972762e-05
  -3.4915056e-04
  -3.0520691e-04
   1.5798621e-04
   7.8953194e-04
   1.3093141e-03
   1.5145254e-03
   1.3515335e-03
   9.2431021e-04
   3.8048795e-04
  -2.6746500e-04
  -1.1841580e-03
  -2.5297344e-03
  -4.3234586e-03
  -6.5049352e-03
  -8.9930872e-03
  -1.1628796e-02
  -1.4134704e-02
  -1.6225223e-02
  -1.7739833e-02
  -1.8667954e-02
  -1.9118993e-02
  -1.9208478e-02
  -1.8968456e-02
  -1.8461970e-02
  -1.7889115e-02
  -1.7467940e-02
  -1.7269211e-02
  -1.7231453e-02
  -1.7267628e-02
  -1.7287281e-02
  -1.7199208e-02
  -1.6969746e-02
  -1.6620007e-02
  -1.6131479e-02
  -1.5422554e-02
  -1.4487965e-02
  -1.3537062e-02
  -1.2881472e-02
  -1.2681936e-02
  -1.2910114e-02
  -1.3471710e-02
  -1.4248716e-02
  -1.5121389e-02
  -1.6008274e-02
  -1.6881899e-02
  -1.7755896e-02
  -1.8614305e-02
  -1.9417377e-02
  -2.0179805e-02
  -2.0877166e-02
  -2.1354904e-02
  -2.1507568e-02
  -2.1435780e-02
  -2.1305031e-02
  -2.1176409e-02
  -2.1065069e-02
  -2.1009917e-02
  -2.1020692e-02
  -2.1078014e-02
  -2.1172590e-02
  -2.1236825e-02
  -2.1090246e-02
  -2.0579850e-02
  -1.9714448e-02
  -1.8604292e-02
  -1.7386535e-02
  -1.6195206e-02
  -1.5105649e-02
  -1.4120227e-02
  -1.3192471e-02
  -1.2267707e-02
  -1.1347502e-02
  -1.0485757e-02
  -9.7517556e-03
  -9.2157625e-03
  -8.8414340e-03
  -8.4538132e-03
  -7.9260362e-03
  -7.2445845e-03
  -6.3825430e-03
  -5.2863883e-03
  -4.0020043e-03
  -2.7154130e-03
  -1.6332375e-03
  -8.3980228e-04
  -2.6142675e-04
   2.4468832e-04
   7.7852890e-04
   1.3595261e-03
   1.9753563e-03
   2.6434344e-03
   3.3688717e-03
   4.0497274e-03
   4.5070463e-03
   4.6448833e-03
   4.5205937e-03
   4.2371404e-03
   3.8918147e-03
   3.6361911e-03
   3.6139086e-03
   3.8629421e-03
   4.3722300e-03
   5.1397619e-03
   6.1202248e-03
   7.1977773e-03
   8.2463167e-03
   9.1677381e-03
   9.9022913e-03
   1.0455192e-02
   1.0897066e-02
   1.1301647e-02
   1.1648175e-02
   1.1850052e-02
   1.1896196e-02
   1.1847895e-02
   1.1732488e-02
   1.1566715e-02
   1.1457940e-02
   1.1590830e-02
   1.2088819e-02
   1.2910870e-02
   1.3879880e-02
   1.4787197e-02
   1.5474812e-02
   1.5860509e-02
   1.5922613e-02
   1.5671622e-02
   1.5170695e-02
   1.4557261e-02
   1.3957765e-02
   1.3413744e-02
   1.2941729e-02
   1.2560536e-02
   1.2243082e-02
   1.1959357e-02
   1.1691300e-02
   1.1351529e-02
   1.0837307e-02
   1.0186860e-02
   9.5808619e-03
   9.1874535e-03
   9.0626751e-03
   9.1551853e-03
   9.3382637e-03
   9.4955891e-03
   9.6042494e-03
   9.7019010e-03
   9.8151259e-03
   9.9441801e-03
   1.0090722e-02
   1.0285587e-02
   1.0589294e-02
   1.1064891e-02
   1.1740488e-02
   1.2579015e-02
   1.3440802e-02
   1.4149255e-02
   1.4668533e-02
   1.5116361e-02
   1.5620172e-02
   1.6250305e-02
   1.7035834e-02
   1.7978837e-02
   1.9050028e-02
   2.0237499e-02
   2.1595946e-02
   2.3147321e-02
   2.4806214e-02
   2.6493002e-02
   2.8190836e-02
   2.9835066e-02
   3.1315073e-02
   3.2591364e-02
   3.3664858e-02
   3.4514033e-02
   3.5141253e-02
   3.5564110e-02
   3.5728572e-02
   3.5556333e-02
   3.5094639e-02
   3.4500273e-02
   3.3886361e-02
   3.3250953e-02
   3.2522148e-02
   3.1633438e-02
   3.0601782e-02
   2.9581431e-02
   2.8776133e-02
   2.8262973e-02
   2.7932082e-02
   2.7583669e-02
   2.7086593e-02
   2.6449704e-02
   2.5746518e-02
   2.5003249e-02
   2.4206919e-02
   2.3421406e-02
   2.2755108e-02
   2.2180298e-02
   2.1520995e-02
   2.0634556e-02
   1.9523532e-02
   1.8240448e-02
   1.6752207e-02
   1.4973605e-02
   1.2907543e-02
   1.0745821e-02
   8.8290503e-03
   7.4466300e-03
   6.6699639e-03
   6.3849596e-03
   6.4644378e-03
   6.8739913e-03
   7.5668177e-03
   8.3591346e-03
   9.0147295e-03
   9.4119232e-03
   9.6010580e-03
   9.7007590e-03
   9.7111081e-03
   9.5346760e-03
   9.2097023e-03
   8.9391038e-03
   8.9117270e-03
   9.2146573e-03
   9.8682775e-03
   1.0879357e-02
   1.2203322e-02
   1.3661603e-02
   1.4992251e-02
   1.5993095e-02
   1.6575723e-02
   1.6741405e-02
   1.6572791e-02
   1.6221787e-02
   1.5895464e-02
   1.5816182e-02
   1.6068349e-02
   1.6519531e-02
   1.6990695e-02
   1.7445471e-02
   1.7967095e-02
   1.8586305e-02
   1.9222243e-02
   1.9828425e-02
   2.0463171e-02
   2.1148471e-02
   2.1802244e-02
   2.2348428e-02
   2.2794353e-02
   2.3210192e-02
   2.3666263e-02
   2.4177247e-02
   2.4700827e-02
   2.5179767e-02
   2.5587543e-02
   2.5941864e-02
   2.6242678e-02
   2.6435019e-02
   2.6519964e-02
   2.6609160e-02
   2.6804322e-02
   2.7127767e-02
   2.7566770e-02
   2.8115711e-02
   2.8785368e-02
   2.9541332e-02
   3.0207659e-02
   3.0538234e-02
   3.0374503e-02
   2.9664653e-02
   2.8493661e-02
   2.7110993e-02
   2.5797147e-02
   2.4727025e-02
   2.3960563e-02
   2.3543385e-02
   2.3533063e-02
   2.3872432e-02
   2.4349638e-02
   2.4696031e-02
   2.4695149e-02
   2.4257432e-02
   2.3400350e-02
   2.2184055e-02
   2.0725077e-02
   1.9209672e-02
   1.7799561e-02
   1.6542221e-02
   1.5413460e-02
   1.4402785e-02
   1.3526921e-02
   1.2822884e-02
   1.2345308e-02
   1.2127584e-02
   1.2150638e-02
   1.2359064e-02
   1.2671295e-02
   1.2976764e-02
   1.3183810e-02
   1.3259100e-02
   1.3193751e-02
   1.2982198e-02
   1.2678285e-02
   1.2414806e-02
   1.2268088e-02
   1.2196136e-02
   1.2176601e-02
   1.2252828e-02
   1.2458324e-02
   1.2783400e-02
   1.3179778e-02
