-3.11112 0
-6.22224 0
-9.33336 0
-12.4445 0
-15.5556 0
-18.6667 0
-21.7778 0
-24.889 0
-28.0001 0
-31.1112 0
-34.2223 0
-37.3334 0
-40.4446 0
-43.5557 0
-46.6668 0
-49.7779 0
-52.889 0
-56.0002 0
-59.1113 0
-60.0067 0
-60.016 0
-60.0253 0
-60.0347 0
-60.044 0
-60.0533 0
-60.0627 0
-60.072 0
-60.0813 0
-60.0907 0
-60.1 0
-60.1093 0
-60.1187 0
-60.128 0
-60.1373 0
-60.1467 0
-60.156 0
-60.1653 0
-60.1747 0
-60.184 0
-60.1933 0
-60.2027 0
-60.212 0
-60.2213 0
-60.2307 0
-60.24 0
-60.2493 0
-60.2587 0
-60.268 0
-60.2773 0
-60.2867 0
-60.296 0
-60.3053 0
-60.3147 0
-60.324 0
-60.3333 0
-60.3427 0
-60.352 0
-60.3613 0
-60.3707 0
-60.38 0
-60.3893 0
-60.3987 0
-60.408 0
-60.4173 0
-60.4267 0
-60.436 0
-60.4453 0
-60.4547 0
-60.464 0
-60.4733 0
-60.4827 0
-60.492 0
-60.5013 0
-60.5107 0
-60.52 0
-60.5293 0
-60.5387 0
-60.548 0
-60.5573 0
-60.5667 0
-60.576 0
-60.5853 0
-60.5947 0
-60.604 0
-60.6133 0
-60.6227 0
-60.632 0
-60.6413 0
-60.6507 0
-60.66 0
-60.6693 0
-60.6787 0
-60.688 0
-60.6973 0
-60.7067 0
-60.716 0
-60.7253 0
-60.7347 0
-60.744 0
-60.7533 0
-53.6514 0
-46.5495 0
-39.4475 0
-32.3456 0
-25.2437 0
-18.1417 0
-11.0398 0
-3.93785 0
3.16409 0
10.266 0
17.368 0
24.4699 0
31.5718 0
38.6738 0
45.7757 0
52.8776 0
59.2489 0
59.2702 0
59.2915 0
59.3128 0
59.3341 0
59.3554 0
59.3767 0
59.398 0
59.4193 0
59.4406 0
59.4619 0
59.4832 0
59.5045 0
59.5258 0
59.5471 0
59.5684 0
59.5898 0
59.6111 0
59.6324 0
59.6537 0
59.675 0
59.6963 0
59.7176 0
59.7389 0
59.7602 0
59.7815 0
59.8028 0
59.8241 0
59.8454 0
59.8667 0
59.888 0
59.9093 0
59.9306 0
59.952 0
59.9733 0
59.9946 0
60.0159 0
60.0372 0
60.0585 0
60.0798 0
60.1011 0
60.1224 0
60.1437 0
60.165 0
60.1863 0
60.2076 0
60.2289 0
60.2502 0
60.2715 0
60.2928 0
60.3142 0
60.3355 0
60.3568 0
60.3781 0
60.3994 0
60.4207 0
60.442 0
60.4633 0
60.4846 0
60.5059 0
60.5272 0
60.5485 0
60.5698 0
60.5911 0
60.6124 0
60.6337 0
60.655 0
60.6764 0
60.6977 0
60.719 0
60.7403 0
60.7616 0
60.7829 0
60.8042 0
60.8255 0
60.8468 0
60.8681 0
60.8894 0
60.9107 0
60.932 0
60.9533 0
60.9746 0
60.9959 0
61.0172 0
51.5273 0.00085754
42.0373 0.00085754
32.5473 0.00085754
23.0573 0.00085754
13.5673 0.00085754
4.07731 0.00085754
-5.41268 0.00085754
-14.9027 0.00085754
-24.3927 0.00085754
-33.8826 0.00085754
-43.3726 0.00085754
-52.8626 0.00085754
-58.9929 0.00085754
-59.0213 0.00085754
-59.0498 0.00085754
-59.0783 0.00085754
-59.1067 0.00085754
-59.1352 0.00085754
-59.1637 0.00085754
-59.1922 0.00085754
-59.2206 0.00085754
-59.2491 0.00085754
-59.2776 0.00085754
-59.306 0.00085754
-59.3345 0.00085754
-59.363 0.00085754
-59.3914 0.00085754
-59.4199 0.00085754
-59.4484 0.00085754
-59.4769 0.00085754
-59.5053 0.00085754
-59.5338 0.00085754
-59.5623 0.00085754
-59.5907 0.00085754
-59.6192 0.00085754
-59.6477 0.00085754
-59.6761 0.00085754
-59.7046 0.00085754
-59.7331 0.00085754
-59.7616 0.00085754
-59.79 0.00085754
-59.8185 0.00085754
-59.847 0.00085754
-59.8754 0.00085754
-59.9039 0.00085754
-59.9324 0.00085754
-59.9608 0.00085754
-59.9893 0.00085754
-60.0178 0.00085754
-60.0463 0.00085754
-60.0747 0.00085754
-60.1032 0.00085754
-60.1317 0.00085754
-60.1601 0.00085754
-60.1886 0.00085754
-60.2171 0.00085754
-60.2455 0.00085754
-60.274 0.00085754
-60.3025 0.00085754
-60.331 0.00085754
-60.3594 0.00085754
-60.3879 0.00085754
-60.4164 0.00085754
-60.4448 0.00085754
-60.4733 0.00085754
-60.5018 0.00085754
-60.5302 0.00085754
-60.5587 0.00085754
-60.5872 0.00085754
-60.6157 0.00085754
-60.6441 0.00085754
-60.6726 0.00085754
-60.7011 0.00085754
-60.7295 0.00085754
-60.758 0.00085754
-60.7865 0.00085754
-60.8149 0.00085754
-60.8434 0.00085754
-60.8719 0.00085754
-60.9004 0.00085754
-60.9288 0.00085754
-60.9573 0.00085754
-60.9858 0.00085754
-61.0142 0.00085754
-61.0427 0.00085754
-61.0712 0.00085754
-61.0996 0.00085754
-61.1281 0.00085754
-61.1566 0.00085754
-61.1851 0.00085754
-61.2135 0.00085754
-61.242 0.00085754
-61.2705 0.00085754
-61.2989 0.00085754
-61.3274 0.00085754
-61.3559 0.00085754
-61.3843 0.00085754
-61.4128 0.00085754
-61.4413 0.00085754
-61.4698 0.00085754
-53.7168 0.00617187
-45.9639 0.00617187
-38.211 0.00617187
-30.4581 0.00617187
-22.7052 0.00617187
-14.9523 0.00617187
-7.19937 0.00617187
0.553536 0.00617187
8.30645 0.00617187
16.0594 0.00617187
23.8123 0.00617187
31.5652 0.00617187
39.3181 0.00617187
47.071 0.00617187
54.8239 0.00617187
58.5424 0.00617187
58.5656 0.00617187
58.5889 0.00617187
58.6122 0.00617187
58.6354 0.00617187
58.6587 0.00617187
58.6819 0.00617187
58.7052 0.00617187
58.7285 0.00617187
58.7517 0.00617187
58.775 0.00617187
58.7982 0.00617187
58.8215 0.00617187
58.8448 0.00617187
58.868 0.00617187
58.8913 0.00617187
58.9145 0.00617187
58.9378 0.00617187
58.961 0.00617187
58.9843 0.00617187
59.0076 0.00617187
59.0308 0.00617187
59.0541 0.00617187
59.0773 0.00617187
59.1006 0.00617187
59.1239 0.00617187
59.1471 0.00617187
59.1704 0.00617187
59.1936 0.00617187
59.2169 0.00617187
59.2401 0.00617187
59.2634 0.00617187
59.2867 0.00617187
59.3099 0.00617187
59.3332 0.00617187
59.3564 0.00617187
59.3797 0.00617187
59.403 0.00617187
59.4262 0.00617187
59.4495 0.00617187
59.4727 0.00617187
59.496 0.00617187
59.5193 0.00617187
59.5425 0.00617187
59.5658 0.00617187
59.589 0.00617187
59.6123 0.00617187
59.6355 0.00617187
59.6588 0.00617187
59.6821 0.00617187
59.7053 0.00617187
59.7286 0.00617187
59.7518 0.00617187
59.7751 0.00617187
59.7984 0.00617187
59.8216 0.00617187
59.8449 0.00617187
59.8681 0.00617187
59.8914 0.00617187
59.9147 0.00617187
59.9379 0.00617187
59.9612 0.00617187
59.9844 0.00617187
60.0077 0.00617187
60.0309 0.00617187
60.0542 0.00617187
60.0775 0.00617187
60.1007 0.00617187
60.124 0.00617187
60.1472 0.00617187
60.1705 0.00617187
60.1938 0.00617187
60.217 0.00617187
60.2403 0.00617187
60.2635 0.00617187
60.2868 0.00617187
60.3101 0.00617187
60.3333 0.00617187
60.3566 0.00617187
60.3798 0.00617187
60.4031 0.00617187
60.4263 0.00617187
60.4496 0.00617187
60.4729 0.00617187
60.4961 0.00617187
51.7191 0.00617187
42.942 0.00617187
34.165 0.00617187
25.3879 0.00617187
16.6109 0.00617187
7.83383 0.00617187
-0.94322 0.00617187
-9.72027 0.00617187
-18.4973 0.00617187
-27.2744 0.00617187
-36.0514 0.00617187
-44.8285 0.00617187
-53.6055 0.00617187
-59.5125 0.00617187
-59.5388 0.00617187
-59.5652 0.00617187
-59.5915 0.00617187
-59.6178 0.00617187
-59.6442 0.00617187
-59.6705 0.00617187
-59.6968 0.00617187
-59.7232 0.00617187
-59.7495 0.00617187
-59.7758 0.00617187
-59.8022 0.00617187
-59.8285 0.00617187
-59.8548 0.00617187
-59.8812 0.00617187
-59.9075 0.00617187
-59.9338 0.00617187
-59.9601 0.00617187
-59.9865 0.00617187
-60.0128 0.00617187
-60.0391 0.00617187
-60.0655 0.00617187
-60.0918 0.00617187
-60.1181 0.00617187
-60.1445 0.00617187
-60.1708 0.00617187
-60.1971 0.00617187
-60.2235 0.00617187
-60.2498 0.00617187
-60.2761 0.00617187
-60.3024 0.00617187
-60.3288 0.00617187
-60.3551 0.00617187
-60.3814 0.00617187
-60.4078 0.00617187
-60.4341 0.00617187
-60.4604 0.00617187
-60.4868 0.00617187
-60.5131 0.00617187
-60.5394 0.00617187
-60.5658 0.00617187
-60.5921 0.00617187
-60.6184 0.00617187
-60.6448 0.00617187
-60.6711 0.00617187
-60.6974 0.00617187
-60.7237 0.00617187
-60.7501 0.00617187
-60.7764 0.00617187
-60.8027 0.00617187
-60.8291 0.00617187
-60.8554 0.00617187
-60.8817 0.00617187
-60.9081 0.00617187
-60.9344 0.00617187
-60.9607 0.00617187
-60.9871 0.00617187
-61.0134 0.00617187
-61.0397 0.00617187
-61.0661 0.00617187
-61.0924 0.00617187
-61.1187 0.00617187
-61.145 0.00617187
-61.1714 0.00617187
-61.1977 0.00617187
-61.224 0.00617187
-61.2504 0.00617187
-61.2767 0.00617187
-61.303 0.00617187
-61.3294 0.00617187
-61.3557 0.00617187
-61.382 0.00617187
-61.4084 0.00617187
-61.4347 0.00617187
-61.461 0.00617187
-61.4874 0.00617187
-61.5137 0.00617187
-61.54 0.00617187
-61.5663 0.00617187
-61.5927 0.00617187
-61.619 0.00617187
-61.6453 0.00617187
-61.6717 0.00617187
-61.698 0.00617187
-61.7243 0.00617187
-61.7507 0.00617187
-61.777 0.00617187
-52.6098 0.0190437
-43.4425 0.0190437
-34.2753 0.0190437
-25.108 0.0190437
-15.9408 0.0190437
-6.77356 0.0190437
2.39368 0.0190437
11.5609 0.0190437
20.7282 0.0190437
29.8954 0.0190437
39.0626 0.0190437
48.2299 0.0190437
57.3971 0.0190437
58.248 0.0190437
58.2755 0.0190437
58.303 0.0190437
58.3305 0.0190437
58.358 0.0190437
58.3855 0.0190437
58.413 0.0190437
58.4405 0.0190437
58.468 0.0190437
58.4955 0.0190437
58.523 0.0190437
58.5505 0.0190437
58.5781 0.0190437
58.6056 0.0190437
58.6331 0.0190437
58.6606 0.0190437
58.6881 0.0190437
58.7156 0.0190437
58.7431 0.0190437
58.7706 0.0190437
58.7981 0.0190437
58.8256 0.0190437
58.8531 0.0190437
58.8806 0.0190437
58.9081 0.0190437
58.9356 0.0190437
58.9631 0.0190437
58.9906 0.0190437
59.0181 0.0190437
59.0456 0.0190437
59.0731 0.0190437
59.1006 0.0190437
59.1281 0.0190437
59.1556 0.0190437
59.1831 0.0190437
59.2106 0.0190437
59.2381 0.0190437
59.2656 0.0190437
59.2931 0.0190437
59.3206 0.0190437
59.3481 0.0190437
59.3756 0.0190437
59.4031 0.0190437
59.4306 0.0190437
59.4581 0.0190437
59.4856 0.0190437
59.5131 0.0190437
59.5406 0.0190437
59.5681 0.0190437
59.5956 0.0190437
59.6231 0.0190437
59.6506 0.0190437
59.6781 0.0190437
59.7056 0.0190437
59.7331 0.0190437
59.7606 0.0190437
59.7881 0.0190437
59.8156 0.0190437
59.8431 0.0190437
59.8706 0.0190437
59.8981 0.0190437
59.9256 0.0190437
59.9531 0.0190437
59.9806 0.0190437
60.0081 0.0190437
60.0356 0.0190437
60.0631 0.0190437
60.0906 0.0190437
60.1181 0.0190437
60.1456 0.0190437
60.1732 0.0190437
60.2007 0.0190437
60.2282 0.0190437
60.2557 0.0190437
60.2832 0.0190437
60.3107 0.0190437
60.3382 0.0190437
60.3657 0.0190437
60.3932 0.0190437
60.4207 0.0190437
60.4482 0.0190437
60.4757 0.0190437
60.5032 0.0190437
60.5307 0.0190437
60.5582 0.0190437
60.5857 0.0190437
60.6132 0.0190437
52.7966 0.0190437
44.9801 0.0190437
37.1635 0.0190437
29.347 0.0190437
21.5304 0.0190437
13.7139 0.0190437
5.89732 0.0190437
-1.91923 0.0190437
-9.73578 0.0190437
-17.5523 0.0190437
-25.3689 0.0190437
-33.1854 0.0190437
-41.002 0.0190437
-48.8185 0.0190437
-56.6351 0.0190437
-59.402 0.0190437
-59.4255 0.0190437
-59.4489 0.0190437
-59.4724 0.0190437
-59.4958 0.0190437
-59.5193 0.0190437
-59.5427 0.0190437
-59.5662 0.0190437
-59.5896 0.0190437
-59.6131 0.0190437
-59.6365 0.0190437
-59.66 0.0190437
-59.6834 0.0190437
-59.7069 0.0190437
-59.7303 0.0190437
-59.7538 0.0190437
-59.7772 0.0190437
-59.8007 0.0190437
-59.8241 0.0190437
-59.8476 0.0190437
-59.871 0.0190437
-59.8945 0.0190437
-59.9179 0.0190437
-59.9414 0.0190437
-59.9648 0.0190437
-59.9883 0.0190437
-60.0117 0.0190437
-60.0352 0.0190437
-60.0586 0.0190437
-60.0821 0.0190437
-60.1055 0.0190437
-60.129 0.0190437
-60.1524 0.0190437
-60.1759 0.0190437
-60.1993 0.0190437
-60.2228 0.0190437
-60.2462 0.0190437
-60.2697 0.0190437
-60.2931 0.0190437
-60.3166 0.0190437
-60.34 0.0190437
-60.3635 0.0190437
-60.3869 0.0190437
-60.4104 0.0190437
-60.4338 0.0190437
-60.4573 0.0190437
-60.4807 0.0190437
-60.5041 0.0190437
-60.5276 0.0190437
-60.551 0.0190437
-60.5745 0.0190437
-60.5979 0.0190437
-60.6214 0.0190437
-60.6448 0.0190437
-60.6683 0.0190437
-60.6917 0.0190437
-60.7152 0.0190437
-60.7386 0.0190437
-60.7621 0.0190437
-60.7855 0.0190437
-60.809 0.0190437
-60.8324 0.0190437
-60.8559 0.0190437
-60.8793 0.0190437
-60.9028 0.0190437
-60.9262 0.0190437
-60.9497 0.0190437
-60.9731 0.0190437
-60.9966 0.0190437
-61.02 0.0190437
-61.0435 0.0190437
-61.0669 0.0190437
-61.0904 0.0190437
-61.1138 0.0190437
-61.1373 0.0190437
-61.1607 0.0190437
-61.1842 0.0190437
-61.2076 0.0190437
-61.2311 0.0190437
-61.2545 0.0190437
-61.278 0.0190437
-61.3014 0.0190437
-61.3249 0.0190437
-61.3483 0.0190437
-61.3718 0.0190437
-45.6243 0.0321473
-29.8767 0.0321473
-14.1292 0.0321473
1.6183 0.0321473
17.3658 0.0321473
33.1133 0.0321473
48.8609 0.0321473
58.6462 0.0321473
58.6934 0.0321473
58.7406 0.0321473
58.7879 0.0321473
58.8351 0.0321473
58.8824 0.0321473
58.9296 0.0321473
58.9769 0.0321473
59.0241 0.0321473
59.0713 0.0321473
59.1186 0.0321473
59.1658 0.0321473
59.2131 0.0321473
59.2603 0.0321473
59.3075 0.0321473
59.3548 0.0321473
59.402 0.0321473
59.4493 0.0321473
59.4965 0.0321473
59.5438 0.0321473
59.591 0.0321473
59.6382 0.0321473
59.6855 0.0321473
59.7327 0.0321473
59.78 0.0321473
59.8272 0.0321473
59.8745 0.0321473
59.9217 0.0321473
59.9689 0.0321473
60.0162 0.0321473
60.0634 0.0321473
60.1107 0.0321473
60.1579 0.0321473
60.2052 0.0321473
60.2524 0.0321473
60.2996 0.0321473
60.3469 0.0321473
60.3941 0.0321473
60.4414 0.0321473
60.4886 0.0321473
60.5359 0.0321473
60.5831 0.0321473
60.6303 0.0321473
60.6776 0.0321473
60.7248 0.0321473
60.7721 0.0321473
60.8193 0.0321473
60.8666 0.0321473
60.9138 0.0321473
60.961 0.0321473
61.0083 0.0321473
61.0555 0.0321473
61.1028 0.0321473
61.15 0.0321473
61.1973 0.0321473
61.2445 0.0321473
61.2917 0.0321473
61.339 0.0321473
61.3862 0.0321473
61.4335 0.0321473
61.4807 0.0321473
61.528 0.0321473
61.5752 0.0321473
61.6224 0.0321473
61.6697 0.0321473
61.7169 0.0321473
61.7642 0.0321473
61.8114 0.0321473
61.8586 0.0321473
61.9059 0.0321473
61.9531 0.0321473
62.0004 0.0321473
62.0476 0.0321473
62.0949 0.0321473
62.1421 0.0321473
62.1893 0.0321473
62.2366 0.0321473
62.2838 0.0321473
62.3311 0.0321473
62.3783 0.0321473
62.4256 0.0321473
62.4728 0.0321473
62.52 0.0321473
62.5673 0.0321473
62.6145 0.0321473
62.6618 0.0321473
62.709 0.0321473
62.7563 0.0321473
62.8035 0.0321473
62.8507 0.0321473
62.898 0.0321473
62.9452 0.0321473
62.9925 0.0321473
48.0879 0.0446641
33.1834 0.0446641
18.2789 0.0446641
3.37432 0.0446641
-11.5302 0.0446641
-26.4348 0.0446641
-41.3393 0.0446641
-56.2438 0.0446641
-57.05 0.0446641
-57.0947 0.0446641
-57.1394 0.0446641
-57.1841 0.0446641
-57.2288 0.0446641
-57.2735 0.0446641
-57.3182 0.0446641
-57.3629 0.0446641
-57.4077 0.0446641
-57.4524 0.0446641
-57.4971 0.0446641
-57.5418 0.0446641
-57.5865 0.0446641
-57.6312 0.0446641
-57.6759 0.0446641
-57.7207 0.0446641
-57.7654 0.0446641
-57.8101 0.0446641
-57.8548 0.0446641
-57.8995 0.0446641
-57.9442 0.0446641
-57.9889 0.0446641
-58.0337 0.0446641
-58.0784 0.0446641
-58.1231 0.0446641
-58.1678 0.0446641
-58.2125 0.0446641
-58.2572 0.0446641
-58.3019 0.0446641
-58.3466 0.0446641
-58.3914 0.0446641
-58.4361 0.0446641
-58.4808 0.0446641
-58.5255 0.0446641
-58.5702 0.0446641
-58.6149 0.0446641
-58.6596 0.0446641
-58.7044 0.0446641
-58.7491 0.0446641
-58.7938 0.0446641
-58.8385 0.0446641
-58.8832 0.0446641
-58.9279 0.0446641
-58.9726 0.0446641
-59.0174 0.0446641
-59.0621 0.0446641
-59.1068 0.0446641
-59.1515 0.0446641
-59.1962 0.0446641
-59.2409 0.0446641
-59.2856 0.0446641
-59.3303 0.0446641
-59.3751 0.0446641
-59.4198 0.0446641
-59.4645 0.0446641
-59.5092 0.0446641
-59.5539 0.0446641
-59.5986 0.0446641
-59.6433 0.0446641
-59.6881 0.0446641
-59.7328 0.0446641
-59.7775 0.0446641
-59.8222 0.0446641
-59.8669 0.0446641
-59.9116 0.0446641
-59.9563 0.0446641
-60.0011 0.0446641
-60.0458 0.0446641
-60.0905 0.0446641
-60.1352 0.0446641
-60.1799 0.0446641
-60.2246 0.0446641
-60.2693 0.0446641
-60.314 0.0446641
-60.3588 0.0446641
-60.4035 0.0446641
-60.4482 0.0446641
-60.4929 0.0446641
-60.5376 0.0446641
-60.5823 0.0446641
-60.627 0.0446641
-60.6718 0.0446641
-60.7165 0.0446641
-60.7612 0.0446641
-60.8059 0.0446641
-60.8506 0.0446641
-60.8953 0.0446641
-60.94 0.0446641
-60.9848 0.0446641
-61.0295 0.0446641
-61.0742 0.0446641
-61.1189 0.0446641
-45.9232 0.0446641
-30.7276 0.0446641
-15.5319 0.0446641
-0.336214 0.0446641
14.8595 0.0446641
30.0551 0.0446641
45.2508 0.0446641
58.8858 0.0446641
58.9314 0.0446641
58.977 0.0446641
59.0226 0.0446641
59.0682 0.0446641
59.1137 0.0446641
59.1593 0.0446641
59.2049 0.0446641
59.2505 0.0446641
59.2961 0.0446641
59.3417 0.0446641
59.3873 0.0446641
59.4328 0.0446641
59.4784 0.0446641
59.524 0.0446641
59.5696 0.0446641
59.6152 0.0446641
59.6608 0.0446641
59.7064 0.0446641
59.752 0.0446641
59.7975 0.0446641
59.8431 0.0446641
59.8887 0.0446641
59.9343 0.0446641
59.9799 0.0446641
60.0255 0.0446641
60.0711 0.0446641
60.1167 0.0446641
60.1622 0.0446641
60.2078 0.0446641
60.2534 0.0446641
60.299 0.0446641
60.3446 0.0446641
60.3902 0.0446641
60.4358 0.0446641
60.4813 0.0446641
60.5269 0.0446641
60.5725 0.0446641
60.6181 0.0446641
60.6637 0.0446641
60.7093 0.0446641
60.7549 0.0446641
60.8005 0.0446641
60.846 0.0446641
60.8916 0.0446641
60.9372 0.0446641
60.9828 0.0446641
61.0284 0.0446641
61.074 0.0446641
61.1196 0.0446641
61.1652 0.0446641
61.2107 0.0446641
61.2563 0.0446641
61.3019 0.0446641
61.3475 0.0446641
61.3931 0.0446641
61.4387 0.0446641
61.4843 0.0446641
61.5299 0.0446641
61.5754 0.0446641
61.621 0.0446641
61.6666 0.0446641
61.7122 0.0446641
61.7578 0.0446641
61.8034 0.0446641
61.849 0.0446641
61.8945 0.0446641
61.9401 0.0446641
61.9857 0.0446641
62.0313 0.0446641
62.0769 0.0446641
62.1225 0.0446641
62.1681 0.0446641
62.2137 0.0446641
62.2592 0.0446641
62.3048 0.0446641
62.3504 0.0446641
62.396 0.0446641
62.4416 0.0446641
62.4872 0.0446641
62.5328 0.0446641
62.5784 0.0446641
62.6239 0.0446641
62.6695 0.0446641
62.7151 0.0446641
62.7607 0.0446641
62.8063 0.0446641
62.8519 0.0446641
62.8975 0.0446641
62.943 0.0446641
62.9886 0.0446641
63.0342 0.0446641
63.0798 0.0446641
46.5248 0.0982942
29.9698 0.0982942
13.4148 0.0982942
-3.14025 0.0982942
-19.6953 0.0982942
-36.2503 0.0982942
-52.8053 0.0982942
-56.9575 0.0982942
-57.0072 0.0982942
-57.0568 0.0982942
-57.1065 0.0982942
-57.1562 0.0982942
-57.2058 0.0982942
-57.2555 0.0982942
-57.3052 0.0982942
-57.3548 0.0982942
-57.4045 0.0982942
-57.4542 0.0982942
-57.5038 0.0982942
-57.5535 0.0982942
-57.6032 0.0982942
-57.6528 0.0982942
-57.7025 0.0982942
-57.7522 0.0982942
-57.8018 0.0982942
-57.8515 0.0982942
-57.9011 0.0982942
-57.9508 0.0982942
-58.0005 0.0982942
-58.0501 0.0982942
-58.0998 0.0982942
-58.1495 0.0982942
-58.1991 0.0982942
-58.2488 0.0982942
-58.2985 0.0982942
-58.3481 0.0982942
-58.3978 0.0982942
-58.4475 0.0982942
-58.4971 0.0982942
-58.5468 0.0982942
-58.5965 0.0982942
-58.6461 0.0982942
-58.6958 0.0982942
-58.7455 0.0982942
-58.7951 0.0982942
-58.8448 0.0982942
-58.8944 0.0982942
-58.9441 0.0982942
-58.9938 0.0982942
-59.0434 0.0982942
-59.0931 0.0982942
-59.1428 0.0982942
-59.1924 0.0982942
-59.2421 0.0982942
-59.2918 0.0982942
-59.3414 0.0982942
-59.3911 0.0982942
-59.4408 0.0982942
-59.4904 0.0982942
-59.5401 0.0982942
-59.5898 0.0982942
-59.6394 0.0982942
-59.6891 0.0982942
-59.7388 0.0982942
-59.7884 0.0982942
-59.8381 0.0982942
-59.8877 0.0982942
-59.9374 0.0982942
-59.9871 0.0982942
-60.0367 0.0982942
-60.0864 0.0982942
-60.1361 0.0982942
-60.1857 0.0982942
-60.2354 0.0982942
-60.2851 0.0982942
-60.3347 0.0982942
-60.3844 0.0982942
-60.4341 0.0982942
-60.4837 0.0982942
-60.5334 0.0982942
-60.5831 0.0982942
-60.6327 0.0982942
-60.6824 0.0982942
-60.7321 0.0982942
-60.7817 0.0982942
-60.8314 0.0982942
-60.881 0.0982942
-60.9307 0.0982942
-60.9804 0.0982942
-61.03 0.0982942
-61.0797 0.0982942
-61.1294 0.0982942
-61.179 0.0982942
-61.2287 0.0982942
-61.2784 0.0982942
-61.328 0.0982942
-61.3777 0.0982942
-61.4274 0.0982942
-61.477 0.0982942
-61.5267 0.0982942
-44.5815 0.0982942
-27.6364 0.0982942
-10.6912 0.0982942
6.25399 0.0982942
23.1992 0.0982942
40.1443 0.0982942
57.0895 0.0982942
58.52 0.0982942
58.5708 0.0982942
58.6217 0.0982942
58.6725 0.0982942
58.7233 0.0982942
58.7742 0.0982942
58.825 0.0982942
58.8758 0.0982942
58.9267 0.0982942
58.9775 0.0982942
59.0283 0.0982942
59.0792 0.0982942
59.13 0.0982942
59.1809 0.0982942
59.2317 0.0982942
59.2825 0.0982942
59.3334 0.0982942
59.3842 0.0982942
59.435 0.0982942
59.4859 0.0982942
59.5367 0.0982942
59.5875 0.0982942
59.6384 0.0982942
59.6892 0.0982942
59.74 0.0982942
59.7909 0.0982942
59.8417 0.0982942
59.8925 0.0982942
59.9434 0.0982942
59.9942 0.0982942
60.0451 0.0982942
60.0959 0.0982942
60.1467 0.0982942
60.1976 0.0982942
60.2484 0.0982942
60.2992 0.0982942
60.3501 0.0982942
60.4009 0.0982942
60.4517 0.0982942
60.5026 0.0982942
60.5534 0.0982942
60.6042 0.0982942
60.6551 0.0982942
60.7059 0.0982942
60.7568 0.0982942
60.8076 0.0982942
60.8584 0.0982942
60.9093 0.0982942
60.9601 0.0982942
61.0109 0.0982942
61.0618 0.0982942
61.1126 0.0982942
61.1634 0.0982942
61.2143 0.0982942
61.2651 0.0982942
61.3159 0.0982942
61.3668 0.0982942
61.4176 0.0982942
61.4684 0.0982942
61.5193 0.0982942
61.5701 0.0982942
61.621 0.0982942
61.6718 0.0982942
61.7226 0.0982942
61.7735 0.0982942
61.8243 0.0982942
61.8751 0.0982942
61.926 0.0982942
61.9768 0.0982942
62.0276 0.0982942
62.0785 0.0982942
62.1293 0.0982942
62.1801 0.0982942
62.231 0.0982942
62.2818 0.0982942
62.3327 0.0982942
62.3835 0.0982942
62.4343 0.0982942
62.4852 0.0982942
62.536 0.0982942
62.5868 0.0982942
62.6377 0.0982942
62.6885 0.0982942
62.7393 0.0982942
62.7902 0.0982942
62.841 0.0982942
62.8918 0.0982942
62.9427 0.0982942
62.9935 0.0982942
63.0443 0.0982942
63.0952 0.0982942
63.146 0.0982942
63.1969 0.0982942
43.9549 0.165746
24.7129 0.165746
5.47092 0.165746
-13.7711 0.165746
-33.013 0.165746
-52.255 0.165746
-56.8472 0.165746
-56.905 0.165746
-56.9627 0.165746
-57.0204 0.165746
-57.0781 0.165746
-57.1359 0.165746
-57.1936 0.165746
-57.2513 0.165746
-57.309 0.165746
-57.3668 0.165746
-57.4245 0.165746
-57.4822 0.165746
-57.5399 0.165746
-57.5977 0.165746
-57.6554 0.165746
-57.7131 0.165746
-57.7708 0.165746
-57.8286 0.165746
-57.8863 0.165746
-57.944 0.165746
-58.0017 0.165746
-58.0595 0.165746
-58.1172 0.165746
-58.1749 0.165746
-58.2326 0.165746
-58.2904 0.165746
-58.3481 0.165746
-58.4058 0.165746
-58.4636 0.165746
-58.5213 0.165746
-58.579 0.165746
-58.6367 0.165746
-58.6945 0.165746
-58.7522 0.165746
-58.8099 0.165746
-58.8676 0.165746
-58.9254 0.165746
-58.9831 0.165746
-59.0408 0.165746
-59.0985 0.165746
-59.1563 0.165746
-59.214 0.165746
-59.2717 0.165746
-59.3294 0.165746
-59.3872 0.165746
-59.4449 0.165746
-59.5026 0.165746
-59.5603 0.165746
-59.6181 0.165746
-59.6758 0.165746
-59.7335 0.165746
-59.7912 0.165746
-59.849 0.165746
-59.9067 0.165746
-59.9644 0.165746
-60.0222 0.165746
-60.0799 0.165746
-60.1376 0.165746
-60.1953 0.165746
-60.2531 0.165746
-60.3108 0.165746
-60.3685 0.165746
-60.4262 0.165746
-60.484 0.165746
-60.5417 0.165746
-60.5994 0.165746
-60.6571 0.165746
-60.7149 0.165746
-60.7726 0.165746
-60.8303 0.165746
-60.888 0.165746
-60.9458 0.165746
-61.0035 0.165746
-61.0612 0.165746
-61.1189 0.165746
-61.1767 0.165746
-61.2344 0.165746
-61.2921 0.165746
-61.3498 0.165746
-61.4076 0.165746
-61.4653 0.165746
-61.523 0.165746
-61.5808 0.165746
-61.6385 0.165746
-61.6962 0.165746
-61.7539 0.165746
-61.8117 0.165746
-61.8694 0.165746
-61.9271 0.165746
-61.9848 0.165746
-62.0426 0.165746
-62.1003 0.165746
-62.158 0.165746
-62.2157 0.165746
-45.9103 0.205158
-29.6048 0.205158
-13.2993 0.205158
3.00611 0.205158
19.3116 0.205158
35.617 0.205158
51.9225 0.205158
57.8156 0.205158
57.8645 0.205158
57.9134 0.205158
57.9623 0.205158
58.0113 0.205158
58.0602 0.205158
58.1091 0.205158
58.158 0.205158
58.2069 0.205158
58.2558 0.205158
58.3048 0.205158
58.3537 0.205158
58.4026 0.205158
58.4515 0.205158
58.5004 0.205158
58.5493 0.205158
58.5983 0.205158
58.6472 0.205158
58.6961 0.205158
58.745 0.205158
58.7939 0.205158
58.8428 0.205158
58.8918 0.205158
58.9407 0.205158
58.9896 0.205158
59.0385 0.205158
59.0874 0.205158
59.1363 0.205158
59.1853 0.205158
59.2342 0.205158
59.2831 0.205158
59.332 0.205158
59.3809 0.205158
59.4298 0.205158
59.4788 0.205158
59.5277 0.205158
59.5766 0.205158
59.6255 0.205158
59.6744 0.205158
59.7233 0.205158
59.7722 0.205158
59.8212 0.205158
59.8701 0.205158
59.919 0.205158
59.9679 0.205158
60.0168 0.205158
60.0657 0.205158
60.1147 0.205158
60.1636 0.205158
60.2125 0.205158
60.2614 0.205158
60.3103 0.205158
60.3592 0.205158
60.4082 0.205158
60.4571 0.205158
60.506 0.205158
60.5549 0.205158
60.6038 0.205158
60.6527 0.205158
60.7017 0.205158
60.7506 0.205158
60.7995 0.205158
60.8484 0.205158
60.8973 0.205158
60.9462 0.205158
60.9952 0.205158
61.0441 0.205158
61.093 0.205158
61.1419 0.205158
61.1908 0.205158
61.2397 0.205158
61.2887 0.205158
61.3376 0.205158
61.3865 0.205158
61.4354 0.205158
61.4843 0.205158
61.5332 0.205158
61.5822 0.205158
61.6311 0.205158
61.68 0.205158
61.7289 0.205158
61.7778 0.205158
61.8267 0.205158
61.8757 0.205158
61.9246 0.205158
61.9735 0.205158
62.0224 0.205158
62.0713 0.205158
62.1202 0.205158
62.1692 0.205158
62.2181 0.205158
62.267 0.205158
62.3159 0.205158
44.4976 0.205158
26.6792 0.205158
8.86091 0.205158
-8.95742 0.205158
-26.7757 0.205158
-44.5941 0.205158
-57.6983 0.205158
-57.7517 0.205158
-57.8052 0.205158
-57.8586 0.205158
-57.9121 0.205158
-57.9656 0.205158
-58.019 0.205158
-58.0725 0.205158
-58.1259 0.205158
-58.1794 0.205158
-58.2328 0.205158
-58.2863 0.205158
-58.3397 0.205158
-58.3932 0.205158
-58.4467 0.205158
-58.5001 0.205158
-58.5536 0.205158
-58.607 0.205158
-58.6605 0.205158
-58.7139 0.205158
-58.7674 0.205158
-58.8208 0.205158
-58.8743 0.205158
-58.9277 0.205158
-58.9812 0.205158
-59.0347 0.205158
-59.0881 0.205158
-59.1416 0.205158
-59.195 0.205158
-59.2485 0.205158
-59.3019 0.205158
-59.3554 0.205158
-59.4088 0.205158
-59.4623 0.205158
-59.5158 0.205158
-59.5692 0.205158
-59.6227 0.205158
-59.6761 0.205158
-59.7296 0.205158
-59.783 0.205158
-59.8365 0.205158
-59.8899 0.205158
-59.9434 0.205158
-59.9968 0.205158
-60.0503 0.205158
-60.1038 0.205158
-60.1572 0.205158
-60.2107 0.205158
-60.2641 0.205158
-60.3176 0.205158
-60.371 0.205158
-60.4245 0.205158
-60.4779 0.205158
-60.5314 0.205158
-60.5849 0.205158
-60.6383 0.205158
-60.6918 0.205158
-60.7452 0.205158
-60.7987 0.205158
-60.8521 0.205158
-60.9056 0.205158
-60.959 0.205158
-61.0125 0.205158
-61.0659 0.205158
-61.1194 0.205158
-61.1729 0.205158
-61.2263 0.205158
-61.2798 0.205158
-61.3332 0.205158
-61.3867 0.205158
-61.4401 0.205158
-61.4936 0.205158
-61.547 0.205158
-61.6005 0.205158
-61.654 0.205158
-61.7074 0.205158
-61.7609 0.205158
-61.8143 0.205158
-61.8678 0.205158
-61.9212 0.205158
-61.9747 0.205158
-62.0281 0.205158
-62.0816 0.205158
-62.135 0.205158
-62.1885 0.205158
-62.242 0.205158
-62.2954 0.205158
-62.3489 0.205158
-62.4023 0.205158
-62.4558 0.205158
-62.5092 0.205158
-62.5627 0.205158
-62.6161 0.205158
-62.6696 0.205158
-44.0701 0.27041
-25.4706 0.27041
-6.87109 0.27041
11.7284 0.27041
30.3279 0.27041
48.9274 0.27041
57.361 0.27041
57.4168 0.27041
57.4726 0.27041
57.5284 0.27041
57.5842 0.27041
57.64 0.27041
57.6958 0.27041
57.7516 0.27041
57.8074 0.27041
57.8632 0.27041
57.919 0.27041
57.9748 0.27041
58.0306 0.27041
58.0864 0.27041
58.1422 0.27041
58.198 0.27041
58.2538 0.27041
58.3096 0.27041
58.3654 0.27041
58.4212 0.27041
58.477 0.27041
58.5328 0.27041
58.5886 0.27041
58.6444 0.27041
58.7002 0.27041
58.756 0.27041
58.8118 0.27041
58.8676 0.27041
58.9234 0.27041
58.9791 0.27041
59.0349 0.27041
59.0907 0.27041
59.1465 0.27041
59.2023 0.27041
59.2581 0.27041
59.3139 0.27041
59.3697 0.27041
59.4255 0.27041
59.4813 0.27041
59.5371 0.27041
59.5929 0.27041
59.6487 0.27041
59.7045 0.27041
59.7603 0.27041
59.8161 0.27041
59.8719 0.27041
59.9277 0.27041
59.9835 0.27041
60.0393 0.27041
60.0951 0.27041
60.1509 0.27041
60.2067 0.27041
60.2625 0.27041
60.3183 0.27041
60.3741 0.27041
60.4299 0.27041
60.4857 0.27041
60.5415 0.27041
60.5973 0.27041
60.6531 0.27041
60.7089 0.27041
60.7647 0.27041
60.8205 0.27041
60.8763 0.27041
60.9321 0.27041
60.9879 0.27041
61.0437 0.27041
61.0995 0.27041
61.1553 0.27041
61.2111 0.27041
61.2669 0.27041
61.3227 0.27041
61.3785 0.27041
61.4343 0.27041
61.4901 0.27041
61.5459 0.27041
61.6017 0.27041
61.6575 0.27041
61.7133 0.27041
61.7691 0.27041
61.8249 0.27041
61.8807 0.27041
61.9365 0.27041
61.9923 0.27041
62.0481 0.27041
62.1039 0.27041
62.1597 0.27041
62.2155 0.27041
62.2713 0.27041
62.3271 0.27041
62.3829 0.27041
62.4387 0.27041
62.4945 0.27041
62.5503 0.27041
45.5787 0.27041
28.6071 0.27041
11.6356 0.27041
-5.336 0.27041
-22.3076 0.27041
-39.2791 0.27041
-56.2507 0.27041
-57.4971 0.27041
-57.548 0.27041
-57.5989 0.27041
-57.6498 0.27041
-57.7007 0.27041
-57.7516 0.27041
-57.8026 0.27041
-57.8535 0.27041
-57.9044 0.27041
-57.9553 0.27041
-58.0062 0.27041
-58.0571 0.27041
-58.108 0.27041
-58.159 0.27041
-58.2099 0.27041
-58.2608 0.27041
-58.3117 0.27041
-58.3626 0.27041
-58.4135 0.27041
-58.4644 0.27041
-58.5154 0.27041
-58.5663 0.27041
-58.6172 0.27041
-58.6681 0.27041
-58.719 0.27041
-58.7699 0.27041
-58.8208 0.27041
-58.8718 0.27041
-58.9227 0.27041
-58.9736 0.27041
-59.0245 0.27041
-59.0754 0.27041
-59.1263 0.27041
-59.1772 0.27041
-59.2282 0.27041
-59.2791 0.27041
-59.33 0.27041
-59.3809 0.27041
-59.4318 0.27041
-59.4827 0.27041
-59.5337 0.27041
-59.5846 0.27041
-59.6355 0.27041
-59.6864 0.27041
-59.7373 0.27041
-59.7882 0.27041
-59.8391 0.27041
-59.8901 0.27041
-59.941 0.27041
-59.9919 0.27041
-60.0428 0.27041
-60.0937 0.27041
-60.1446 0.27041
-60.1955 0.27041
-60.2465 0.27041
-60.2974 0.27041
-60.3483 0.27041
-60.3992 0.27041
-60.4501 0.27041
-60.501 0.27041
-60.5519 0.27041
-60.6029 0.27041
-60.6538 0.27041
-60.7047 0.27041
-60.7556 0.27041
-60.8065 0.27041
-60.8574 0.27041
-60.9083 0.27041
-60.9593 0.27041
-61.0102 0.27041
-61.0611 0.27041
-61.112 0.27041
-61.1629 0.27041
-61.2138 0.27041
-61.2648 0.27041
-61.3157 0.27041
-61.3666 0.27041
-61.4175 0.27041
-61.4684 0.27041
-61.5193 0.27041
-61.5702 0.27041
-61.6212 0.27041
-61.6721 0.27041
-61.723 0.27041
-61.7739 0.27041
-61.8248 0.27041
-61.8757 0.27041
-61.9266 0.27041
-61.9776 0.27041
-62.0285 0.27041
-62.0794 0.27041
-62.1303 0.27041
-62.1812 0.27041
-43.5082 0.341623
-24.8351 0.341623
-6.16206 0.341623
12.511 0.341623
31.184 0.341623
49.8571 0.341623
57.8509 0.341623
57.9069 0.341623
57.963 0.341623
58.019 0.341623
58.075 0.341623
58.131 0.341623
58.187 0.341623
58.2431 0.341623
58.2991 0.341623
58.3551 0.341623
58.4111 0.341623
58.4671 0.341623
58.5231 0.341623
58.5792 0.341623
58.6352 0.341623
58.6912 0.341623
58.7472 0.341623
58.8032 0.341623
58.8593 0.341623
58.9153 0.341623
58.9713 0.341623
59.0273 0.341623
59.0833 0.341623
59.1394 0.341623
59.1954 0.341623
59.2514 0.341623
59.3074 0.341623
59.3634 0.341623
59.4195 0.341623
59.4755 0.341623
59.5315 0.341623
59.5875 0.341623
59.6435 0.341623
59.6996 0.341623
59.7556 0.341623
59.8116 0.341623
59.8676 0.341623
59.9236 0.341623
59.9796 0.341623
60.0357 0.341623
60.0917 0.341623
60.1477 0.341623
60.2037 0.341623
60.2597 0.341623
60.3158 0.341623
60.3718 0.341623
60.4278 0.341623
60.4838 0.341623
60.5398 0.341623
60.5959 0.341623
60.6519 0.341623
60.7079 0.341623
60.7639 0.341623
60.8199 0.341623
60.876 0.341623
60.932 0.341623
60.988 0.341623
61.044 0.341623
61.1 0.341623
61.156 0.341623
61.2121 0.341623
61.2681 0.341623
61.3241 0.341623
61.3801 0.341623
61.4361 0.341623
61.4922 0.341623
61.5482 0.341623
61.6042 0.341623
61.6602 0.341623
61.7162 0.341623
61.7723 0.341623
61.8283 0.341623
61.8843 0.341623
61.9403 0.341623
61.9963 0.341623
62.0524 0.341623
62.1084 0.341623
62.1644 0.341623
62.2204 0.341623
62.2764 0.341623
62.3325 0.341623
62.3885 0.341623
62.4445 0.341623
62.5005 0.341623
62.5565 0.341623
62.6125 0.341623
62.6686 0.341623
62.7246 0.341623
62.7806 0.341623
62.8366 0.341623
62.8926 0.341623
62.9487 0.341623
63.0047 0.341623
63.0607 0.341623
44.9039 0.341623
26.747 0.341623
8.59018 0.341623
-9.56666 0.341623
-27.7235 0.341623
-45.8803 0.341623
-56.9606 0.341623
-57.0151 0.341623
-57.0695 0.341623
-57.124 0.341623
-57.1785 0.341623
-57.2329 0.341623
-57.2874 0.341623
-57.3419 0.341623
-57.3964 0.341623
-57.4508 0.341623
-57.5053 0.341623
-57.5598 0.341623
-57.6142 0.341623
-57.6687 0.341623
-57.7232 0.341623
-57.7777 0.341623
-57.8321 0.341623
-57.8866 0.341623
-57.9411 0.341623
-57.9955 0.341623
-58.05 0.341623
-58.1045 0.341623
-58.1589 0.341623
-58.2134 0.341623
-58.2679 0.341623
-58.3224 0.341623
-58.3768 0.341623
-58.4313 0.341623
-58.4858 0.341623
-58.5402 0.341623
-58.5947 0.341623
-58.6492 0.341623
-58.7037 0.341623
-58.7581 0.341623
-58.8126 0.341623
-58.8671 0.341623
-58.9215 0.341623
-58.976 0.341623
-59.0305 0.341623
-59.0849 0.341623
-59.1394 0.341623
-59.1939 0.341623
-59.2484 0.341623
-59.3028 0.341623
-59.3573 0.341623
-59.4118 0.341623
-59.4662 0.341623
-59.5207 0.341623
-59.5752 0.341623
-59.6296 0.341623
-59.6841 0.341623
-59.7386 0.341623
-59.7931 0.341623
-59.8475 0.341623
-59.902 0.341623
-59.9565 0.341623
-60.0109 0.341623
-60.0654 0.341623
-60.1199 0.341623
-60.1744 0.341623
-60.2288 0.341623
-60.2833 0.341623
-60.3378 0.341623
-60.3922 0.341623
-60.4467 0.341623
-60.5012 0.341623
-60.5556 0.341623
-60.6101 0.341623
-60.6646 0.341623
-60.7191 0.341623
-60.7735 0.341623
-60.828 0.341623
-60.8825 0.341623
-60.9369 0.341623
-60.9914 0.341623
-61.0459 0.341623
-61.1004 0.341623
-61.1548 0.341623
-61.2093 0.341623
-61.2638 0.341623
-61.3182 0.341623
-61.3727 0.341623
-61.4272 0.341623
-61.4816 0.341623
-61.5361 0.341623
-61.5906 0.341623
-61.6451 0.341623
-61.6995 0.341623
-61.754 0.341623
-61.8085 0.341623
-61.8629 0.341623
-61.9174 0.341623
-61.9719 0.341623
-62.0264 0.341623
-40.5277 0.424146
-19.029 0.424146
2.46966 0.424146
23.9683 0.424146
45.467 0.424146
58.0006 0.424146
58.0651 0.424146
58.1296 0.424146
58.1941 0.424146
58.2586 0.424146
58.3231 0.424146
58.3876 0.424146
58.4521 0.424146
58.5166 0.424146
58.5811 0.424146
58.6456 0.424146
58.7101 0.424146
58.7746 0.424146
58.8391 0.424146
58.9036 0.424146
58.9681 0.424146
59.0326 0.424146
59.0971 0.424146
59.1616 0.424146
59.226 0.424146
59.2905 0.424146
59.355 0.424146
59.4195 0.424146
59.484 0.424146
59.5485 0.424146
59.613 0.424146
59.6775 0.424146
59.742 0.424146
59.8065 0.424146
59.871 0.424146
59.9355 0.424146
60 0.424146
60.0645 0.424146
60.129 0.424146
60.1935 0.424146
60.258 0.424146
60.3225 0.424146
60.387 0.424146
60.4515 0.424146
60.516 0.424146
60.5805 0.424146
60.645 0.424146
60.7095 0.424146
60.774 0.424146
60.8384 0.424146
60.9029 0.424146
60.9674 0.424146
61.0319 0.424146
61.0964 0.424146
61.1609 0.424146
61.2254 0.424146
61.2899 0.424146
61.3544 0.424146
61.4189 0.424146
61.4834 0.424146
61.5479 0.424146
61.6124 0.424146
61.6769 0.424146
61.7414 0.424146
61.8059 0.424146
61.8704 0.424146
61.9349 0.424146
61.9994 0.424146
62.0639 0.424146
62.1284 0.424146
62.1929 0.424146
62.2574 0.424146
62.3219 0.424146
62.3864 0.424146
62.4508 0.424146
62.5153 0.424146
62.5798 0.424146
62.6443 0.424146
62.7088 0.424146
62.7733 0.424146
62.8378 0.424146
62.9023 0.424146
62.9668 0.424146
63.0313 0.424146
63.0958 0.424146
63.1603 0.424146
63.2248 0.424146
63.2893 0.424146
63.3538 0.424146
63.4183 0.424146
63.4828 0.424146
63.5473 0.424146
63.6118 0.424146
63.6763 0.424146
63.7408 0.424146
63.8053 0.424146
63.8698 0.424146
63.9343 0.424146
63.9988 0.424146
64.0632 0.424146
42.7877 0.479399
21.5121 0.479399
0.236516 0.479399
-21.0391 0.479399
-42.3146 0.479399
-55.9597 0.479399
-56.0235 0.479399
-56.0874 0.479399
-56.1512 0.479399
-56.215 0.479399
-56.2788 0.479399
-56.3427 0.479399
-56.4065 0.479399
-56.4703 0.479399
-56.5342 0.479399
-56.598 0.479399
-56.6618 0.479399
-56.7256 0.479399
-56.7895 0.479399
-56.8533 0.479399
-56.9171 0.479399
-56.9809 0.479399
-57.0448 0.479399
-57.1086 0.479399
-57.1724 0.479399
-57.2362 0.479399
-57.3001 0.479399
-57.3639 0.479399
-57.4277 0.479399
-57.4916 0.479399
-57.5554 0.479399
-57.6192 0.479399
-57.683 0.479399
-57.7469 0.479399
-57.8107 0.479399
-57.8745 0.479399
-57.9383 0.479399
-58.0022 0.479399
-58.066 0.479399
-58.1298 0.479399
-58.1936 0.479399
-58.2575 0.479399
-58.3213 0.479399
-58.3851 0.479399
-58.449 0.479399
-58.5128 0.479399
-58.5766 0.479399
-58.6404 0.479399
-58.7043 0.479399
-58.7681 0.479399
-58.8319 0.479399
-58.8957 0.479399
-58.9596 0.479399
-59.0234 0.479399
-59.0872 0.479399
-59.151 0.479399
-59.2149 0.479399
-59.2787 0.479399
-59.3425 0.479399
-59.4064 0.479399
-59.4702 0.479399
-59.534 0.479399
-59.5978 0.479399
-59.6617 0.479399
-59.7255 0.479399
-59.7893 0.479399
-59.8531 0.479399
-59.917 0.479399
-59.9808 0.479399
-60.0446 0.479399
-60.1084 0.479399
-60.1723 0.479399
-60.2361 0.479399
-60.2999 0.479399
-60.3638 0.479399
-60.4276 0.479399
-60.4914 0.479399
-60.5552 0.479399
-60.6191 0.479399
-60.6829 0.479399
-60.7467 0.479399
-60.8105 0.479399
-60.8744 0.479399
-60.9382 0.479399
-61.002 0.479399
-61.0658 0.479399
-61.1297 0.479399
-61.1935 0.479399
-61.2573 0.479399
-61.3212 0.479399
-61.385 0.479399
-61.4488 0.479399
-61.5126 0.479399
-61.5765 0.479399
-61.6403 0.479399
-61.7041 0.479399
-61.7679 0.479399
-61.8318 0.479399
-61.8956 0.479399
-61.9594 0.479399
-42.5252 0.479399
-23.0909 0.479399
-3.65664 0.479399
15.7776 0.479399
35.2119 0.479399
54.6462 0.479399
58.0887 0.479399
58.147 0.479399
58.2053 0.479399
58.2636 0.479399
58.3219 0.479399
58.3802 0.479399
58.4385 0.479399
58.4968 0.479399
58.5551 0.479399
58.6134 0.479399
58.6717 0.479399
58.73 0.479399
58.7883 0.479399
58.8466 0.479399
58.9049 0.479399
58.9632 0.479399
59.0215 0.479399
59.0798 0.479399
59.1381 0.479399
59.1964 0.479399
59.2548 0.479399
59.3131 0.479399
59.3714 0.479399
59.4297 0.479399
59.488 0.479399
59.5463 0.479399
59.6046 0.479399
59.6629 0.479399
59.7212 0.479399
59.7795 0.479399
59.8378 0.479399
59.8961 0.479399
59.9544 0.479399
60.0127 0.479399
60.071 0.479399
60.1293 0.479399
60.1876 0.479399
60.2459 0.479399
60.3042 0.479399
60.3625 0.479399
60.4208 0.479399
60.4791 0.479399
60.5374 0.479399
60.5957 0.479399
60.654 0.479399
60.7123 0.479399
60.7706 0.479399
60.8289 0.479399
60.8872 0.479399
60.9455 0.479399
61.0038 0.479399
61.0621 0.479399
61.1204 0.479399
61.1787 0.479399
61.237 0.479399
61.2953 0.479399
61.3537 0.479399
61.412 0.479399
61.4703 0.479399
61.5286 0.479399
61.5869 0.479399
61.6452 0.479399
61.7035 0.479399
61.7618 0.479399
61.8201 0.479399
61.8784 0.479399
61.9367 0.479399
61.995 0.479399
62.0533 0.479399
62.1116 0.479399
62.1699 0.479399
62.2282 0.479399
62.2865 0.479399
62.3448 0.479399
62.4031 0.479399
62.4614 0.479399
62.5197 0.479399
62.578 0.479399
62.6363 0.479399
62.6946 0.479399
62.7529 0.479399
62.8112 0.479399
62.8695 0.479399
62.9278 0.479399
62.9861 0.479399
63.0444 0.479399
63.1027 0.479399
63.161 0.479399
63.2193 0.479399
63.2776 0.479399
63.3359 0.479399
63.3942 0.479399
63.4526 0.479399
63.5109 0.479399
41.0439 0.575128
18.5769 0.575128
-3.89005 0.575128
-26.357 0.575128
-48.824 0.575128
-56.5336 0.575128
-56.601 0.575128
-56.6684 0.575128
-56.7358 0.575128
-56.8032 0.575128
-56.8706 0.575128
-56.938 0.575128
-57.0054 0.575128
-57.0728 0.575128
-57.1402 0.575128
-57.2076 0.575128
-57.275 0.575128
-57.3424 0.575128
-57.4098 0.575128
-57.4772 0.575128
-57.5446 0.575128
-57.612 0.575128
-57.6794 0.575128
-57.7468 0.575128
-57.8142 0.575128
-57.8816 0.575128
-57.949 0.575128
-58.0164 0.575128
-58.0838 0.575128
-58.1512 0.575128
-58.2186 0.575128
-58.286 0.575128
-58.3534 0.575128
-58.4208 0.575128
-58.4882 0.575128
-58.5556 0.575128
-58.623 0.575128
-58.6904 0.575128
-58.7578 0.575128
-58.8252 0.575128
-58.8926 0.575128
-58.96 0.575128
-59.0274 0.575128
-59.0948 0.575128
-59.1622 0.575128
-59.2296 0.575128
-59.297 0.575128
-59.3644 0.575128
-59.4318 0.575128
-59.4992 0.575128
-59.5666 0.575128
-59.634 0.575128
-59.7014 0.575128
-59.7688 0.575128
-59.8362 0.575128
-59.9036 0.575128
-59.971 0.575128
-60.0384 0.575128
-60.1058 0.575128
-60.1732 0.575128
-60.2406 0.575128
-60.308 0.575128
-60.3754 0.575128
-60.4428 0.575128
-60.5102 0.575128
-60.5776 0.575128
-60.645 0.575128
-60.7124 0.575128
-60.7798 0.575128
-60.8472 0.575128
-60.9146 0.575128
-60.982 0.575128
-61.0494 0.575128
-61.1168 0.575128
-61.1842 0.575128
-61.2516 0.575128
-61.319 0.575128
-61.3864 0.575128
-61.4538 0.575128
-61.5212 0.575128
-61.5886 0.575128
-61.656 0.575128
-61.7234 0.575128
-61.7908 0.575128
-61.8582 0.575128
-61.9256 0.575128
-61.993 0.575128
-62.0604 0.575128
-62.1278 0.575128
-62.1952 0.575128
-62.2626 0.575128
-62.33 0.575128
-62.3974 0.575128
-62.4648 0.575128
-62.5322 0.575128
-62.5996 0.575128
-62.667 0.575128
-62.7344 0.575128
-62.8018 0.575128
-62.8692 0.575128
-43.3937 0.648561
-23.9182 0.648561
-4.44275 0.648561
15.0327 0.648561
34.5082 0.648561
53.9837 0.648561
57.1797 0.648561
57.2382 0.648561
57.2966 0.648561
57.355 0.648561
57.4135 0.648561
57.4719 0.648561
57.5303 0.648561
57.5887 0.648561
57.6472 0.648561
57.7056 0.648561
57.764 0.648561
57.8224 0.648561
57.8809 0.648561
57.9393 0.648561
57.9977 0.648561
58.0561 0.648561
58.1146 0.648561
58.173 0.648561
58.2314 0.648561
58.2899 0.648561
58.3483 0.648561
58.4067 0.648561
58.4651 0.648561
58.5236 0.648561
58.582 0.648561
58.6404 0.648561
58.6988 0.648561
58.7573 0.648561
58.8157 0.648561
58.8741 0.648561
58.9325 0.648561
58.991 0.648561
59.0494 0.648561
59.1078 0.648561
59.1663 0.648561
59.2247 0.648561
59.2831 0.648561
59.3415 0.648561
59.4 0.648561
59.4584 0.648561
59.5168 0.648561
59.5752 0.648561
59.6337 0.648561
59.6921 0.648561
59.7505 0.648561
59.8089 0.648561
59.8674 0.648561
59.9258 0.648561
59.9842 0.648561
60.0426 0.648561
60.1011 0.648561
60.1595 0.648561
60.2179 0.648561
60.2764 0.648561
60.3348 0.648561
60.3932 0.648561
60.4516 0.648561
60.5101 0.648561
60.5685 0.648561
60.6269 0.648561
60.6853 0.648561
60.7438 0.648561
60.8022 0.648561
60.8606 0.648561
60.919 0.648561
60.9775 0.648561
61.0359 0.648561
61.0943 0.648561
61.1528 0.648561
61.2112 0.648561
61.2696 0.648561
61.328 0.648561
61.3865 0.648561
61.4449 0.648561
61.5033 0.648561
61.5617 0.648561
61.6202 0.648561
61.6786 0.648561
61.737 0.648561
61.7954 0.648561
61.8539 0.648561
61.9123 0.648561
61.9707 0.648561
62.0291 0.648561
62.0876 0.648561
62.146 0.648561
62.2044 0.648561
62.2629 0.648561
62.3213 0.648561
62.3797 0.648561
62.4381 0.648561
62.4966 0.648561
62.555 0.648561
62.6134 0.648561
44.6729 0.648561
26.7323 0.648561
8.79174 0.648561
-9.14881 0.648561
-27.0894 0.648561
-45.0299 0.648561
-57.4033 0.648561
-57.4572 0.648561
-57.511 0.648561
-57.5648 0.648561
-57.6186 0.648561
-57.6724 0.648561
-57.7263 0.648561
-57.7801 0.648561
-57.8339 0.648561
-57.8877 0.648561
-57.9416 0.648561
-57.9954 0.648561
-58.0492 0.648561
-58.103 0.648561
-58.1568 0.648561
-58.2107 0.648561
-58.2645 0.648561
-58.3183 0.648561
-58.3721 0.648561
-58.426 0.648561
-58.4798 0.648561
-58.5336 0.648561
-58.5874 0.648561
-58.6412 0.648561
-58.6951 0.648561
-58.7489 0.648561
-58.8027 0.648561
-58.8565 0.648561
-58.9103 0.648561
-58.9642 0.648561
-59.018 0.648561
-59.0718 0.648561
-59.1256 0.648561
-59.1795 0.648561
-59.2333 0.648561
-59.2871 0.648561
-59.3409 0.648561
-59.3947 0.648561
-59.4486 0.648561
-59.5024 0.648561
-59.5562 0.648561
-59.61 0.648561
-59.6638 0.648561
-59.7177 0.648561
-59.7715 0.648561
-59.8253 0.648561
-59.8791 0.648561
-59.933 0.648561
-59.9868 0.648561
-60.0406 0.648561
-60.0944 0.648561
-60.1482 0.648561
-60.2021 0.648561
-60.2559 0.648561
-60.3097 0.648561
-60.3635 0.648561
-60.4174 0.648561
-60.4712 0.648561
-60.525 0.648561
-60.5788 0.648561
-60.6326 0.648561
-60.6865 0.648561
-60.7403 0.648561
-60.7941 0.648561
-60.8479 0.648561
-60.9017 0.648561
-60.9556 0.648561
-61.0094 0.648561
-61.0632 0.648561
-61.117 0.648561
-61.1709 0.648561
-61.2247 0.648561
-61.2785 0.648561
-61.3323 0.648561
-61.3861 0.648561
-61.44 0.648561
-61.4938 0.648561
-61.5476 0.648561
-61.6014 0.648561
-61.6553 0.648561
-61.7091 0.648561
-61.7629 0.648561
-61.8167 0.648561
-61.8705 0.648561
-61.9244 0.648561
-61.9782 0.648561
-62.032 0.648561
-62.0858 0.648561
-62.1396 0.648561
-62.1935 0.648561
-62.2473 0.648561
-62.3011 0.648561
-62.3549 0.648561
-62.4088 0.648561
-45.4279 0.728952
-28.4471 0.728952
-11.4663 0.728952
5.51447 0.728952
22.4953 0.728952
39.4761 0.728952
56.4569 0.728952
57.6388 0.728952
57.6897 0.728952
57.7407 0.728952
57.7916 0.728952
57.8426 0.728952
57.8935 0.728952
57.9444 0.728952
57.9954 0.728952
58.0463 0.728952
58.0973 0.728952
58.1482 0.728952
58.1992 0.728952
58.2501 0.728952
58.301 0.728952
58.352 0.728952
58.4029 0.728952
58.4539 0.728952
58.5048 0.728952
58.5557 0.728952
58.6067 0.728952
58.6576 0.728952
58.7086 0.728952
58.7595 0.728952
58.8105 0.728952
58.8614 0.728952
58.9123 0.728952
58.9633 0.728952
59.0142 0.728952
59.0652 0.728952
59.1161 0.728952
59.1671 0.728952
59.218 0.728952
59.2689 0.728952
59.3199 0.728952
59.3708 0.728952
59.4218 0.728952
59.4727 0.728952
59.5237 0.728952
59.5746 0.728952
59.6255 0.728952
59.6765 0.728952
59.7274 0.728952
59.7784 0.728952
59.8293 0.728952
59.8803 0.728952
59.9312 0.728952
59.9821 0.728952
60.0331 0.728952
60.084 0.728952
60.135 0.728952
60.1859 0.728952
60.2368 0.728952
60.2878 0.728952
60.3387 0.728952
60.3897 0.728952
60.4406 0.728952
60.4916 0.728952
60.5425 0.728952
60.5934 0.728952
60.6444 0.728952
60.6953 0.728952
60.7463 0.728952
60.7972 0.728952
60.8482 0.728952
60.8991 0.728952
60.95 0.728952
61.001 0.728952
61.0519 0.728952
61.1029 0.728952
61.1538 0.728952
61.2048 0.728952
61.2557 0.728952
61.3066 0.728952
61.3576 0.728952
61.4085 0.728952
61.4595 0.728952
61.5104 0.728952
61.5614 0.728952
61.6123 0.728952
61.6632 0.728952
61.7142 0.728952
61.7651 0.728952
61.8161 0.728952
61.867 0.728952
61.9179 0.728952
61.9689 0.728952
62.0198 0.728952
62.0708 0.728952
62.1217 0.728952
62.1727 0.728952
62.2236 0.728952
62.2745 0.728952
62.3255 0.728952
47.9362 0.728952
33.547 0.728952
19.1578 0.728952
4.76851 0.728952
-9.62073 0.728952
-24.01 0.728952
-38.3992 0.728952
-52.7885 0.728952
-57.703 0.728952
-57.7462 0.728952
-57.7894 0.728952
-57.8325 0.728952
-57.8757 0.728952
-57.9189 0.728952
-57.962 0.728952
-58.0052 0.728952
-58.0484 0.728952
-58.0915 0.728952
-58.1347 0.728952
-58.1779 0.728952
-58.221 0.728952
-58.2642 0.728952
-58.3074 0.728952
-58.3505 0.728952
-58.3937 0.728952
-58.4369 0.728952
-58.48 0.728952
-58.5232 0.728952
-58.5664 0.728952
-58.6095 0.728952
-58.6527 0.728952
-58.6959 0.728952
-58.739 0.728952
-58.7822 0.728952
-58.8254 0.728952
-58.8686 0.728952
-58.9117 0.728952
-58.9549 0.728952
-58.9981 0.728952
-59.0412 0.728952
-59.0844 0.728952
-59.1276 0.728952
-59.1707 0.728952
-59.2139 0.728952
-59.2571 0.728952
-59.3002 0.728952
-59.3434 0.728952
-59.3866 0.728952
-59.4297 0.728952
-59.4729 0.728952
-59.5161 0.728952
-59.5592 0.728952
-59.6024 0.728952
-59.6456 0.728952
-59.6887 0.728952
-59.7319 0.728952
-59.7751 0.728952
-59.8182 0.728952
-59.8614 0.728952
-59.9046 0.728952
-59.9477 0.728952
-59.9909 0.728952
-60.0341 0.728952
-60.0772 0.728952
-60.1204 0.728952
-60.1636 0.728952
-60.2068 0.728952
-60.2499 0.728952
-60.2931 0.728952
-60.3363 0.728952
-60.3794 0.728952
-60.4226 0.728952
-60.4658 0.728952
-60.5089 0.728952
-60.5521 0.728952
-60.5953 0.728952
-60.6384 0.728952
-60.6816 0.728952
-60.7248 0.728952
-60.7679 0.728952
-60.8111 0.728952
-60.8543 0.728952
-60.8974 0.728952
-60.9406 0.728952
-60.9838 0.728952
-61.0269 0.728952
-61.0701 0.728952
-61.1133 0.728952
-61.1564 0.728952
-61.1996 0.728952
-61.2428 0.728952
-61.2859 0.728952
-61.3291 0.728952
-61.3723 0.728952
-61.4154 0.728952
-61.4586 0.728952
-61.5018 0.728952
-61.545 0.728952
-61.5881 0.728952
-61.6313 0.728952
-48.9935 0.778617
-36.3556 0.778617
-23.7178 0.778617
-11.0799 0.778617
1.55789 0.778617
14.1957 0.778617
26.8336 0.778617
39.4714 0.778617
52.1092 0.778617
58.3878 0.778617
58.4258 0.778617
58.4637 0.778617
58.5016 0.778617
58.5395 0.778617
58.5774 0.778617
58.6153 0.778617
58.6532 0.778617
58.6912 0.778617
58.7291 0.778617
58.767 0.778617
58.8049 0.778617
58.8428 0.778617
58.8807 0.778617
58.9186 0.778617
58.9566 0.778617
58.9945 0.778617
59.0324 0.778617
59.0703 0.778617
59.1082 0.778617
59.1461 0.778617
59.184 0.778617
59.2219 0.778617
59.2599 0.778617
59.2978 0.778617
59.3357 0.778617
59.3736 0.778617
59.4115 0.778617
59.4494 0.778617
59.4873 0.778617
59.5253 0.778617
59.5632 0.778617
59.6011 0.778617
59.639 0.778617
59.6769 0.778617
59.7148 0.778617
59.7527 0.778617
59.7906 0.778617
59.8286 0.778617
59.8665 0.778617
59.9044 0.778617
59.9423 0.778617
59.9802 0.778617
60.0181 0.778617
60.056 0.778617
60.094 0.778617
60.1319 0.778617
60.1698 0.778617
60.2077 0.778617
60.2456 0.778617
60.2835 0.778617
60.3214 0.778617
60.3594 0.778617
60.3973 0.778617
60.4352 0.778617
60.4731 0.778617
60.511 0.778617
60.5489 0.778617
60.5868 0.778617
60.6247 0.778617
60.6627 0.778617
60.7006 0.778617
60.7385 0.778617
60.7764 0.778617
60.8143 0.778617
60.8522 0.778617
60.8901 0.778617
60.9281 0.778617
60.966 0.778617
61.0039 0.778617
61.0418 0.778617
61.0797 0.778617
61.1176 0.778617
61.1555 0.778617
61.1934 0.778617
61.2314 0.778617
61.2693 0.778617
61.3072 0.778617
61.3451 0.778617
61.383 0.778617
61.4209 0.778617
61.4588 0.778617
61.4968 0.778617
61.5347 0.778617
61.5726 0.778617
61.6105 0.778617
61.6484 0.778617
61.6863 0.778617
61.7242 0.778617
61.7622 0.778617
61.8001 0.778617
46.7549 0.778617
31.7098 0.778617
16.6646 0.778617
1.61947 0.778617
-13.4257 0.778617
-28.4708 0.778617
-43.516 0.778617
-58.201 0.778617
-58.2462 0.778617
-58.2913 0.778617
-58.3364 0.778617
-58.3816 0.778617
-58.4267 0.778617
-58.4718 0.778617
-58.517 0.778617
-58.5621 0.778617
-58.6072 0.778617
-58.6524 0.778617
-58.6975 0.778617
-58.7426 0.778617
-58.7878 0.778617
-58.8329 0.778617
-58.8781 0.778617
-58.9232 0.778617
-58.9683 0.778617
-59.0135 0.778617
-59.0586 0.778617
-59.1037 0.778617
-59.1489 0.778617
-59.194 0.778617
-59.2391 0.778617
-59.2843 0.778617
-59.3294 0.778617
-59.3745 0.778617
-59.4197 0.778617
-59.4648 0.778617
-59.5099 0.778617
-59.5551 0.778617
-59.6002 0.778617
-59.6454 0.778617
-59.6905 0.778617
-59.7356 0.778617
-59.7808 0.778617
-59.8259 0.778617
-59.871 0.778617
-59.9162 0.778617
-59.9613 0.778617
-60.0064 0.778617
-60.0516 0.778617
-60.0967 0.778617
-60.1418 0.778617
-60.187 0.778617
-60.2321 0.778617
-60.2772 0.778617
-60.3224 0.778617
-60.3675 0.778617
-60.4127 0.778617
-60.4578 0.778617
-60.5029 0.778617
-60.5481 0.778617
-60.5932 0.778617
-60.6383 0.778617
-60.6835 0.778617
-60.7286 0.778617
-60.7737 0.778617
-60.8189 0.778617
-60.864 0.778617
-60.9091 0.778617
-60.9543 0.778617
-60.9994 0.778617
-61.0446 0.778617
-61.0897 0.778617
-61.1348 0.778617
-61.18 0.778617
-61.2251 0.778617
-61.2702 0.778617
-61.3154 0.778617
-61.3605 0.778617
-61.4056 0.778617
-61.4508 0.778617
-61.4959 0.778617
-61.541 0.778617
-61.5862 0.778617
-61.6313 0.778617
-61.6764 0.778617
-61.7216 0.778617
-61.7667 0.778617
-61.8119 0.778617
-61.857 0.778617
-61.9021 0.778617
-61.9473 0.778617
-61.9924 0.778617
-62.0375 0.778617
-62.0827 0.778617
-62.1278 0.778617
-62.1729 0.778617
-62.2181 0.778617
-62.2632 0.778617
-62.3083 0.778617
-62.3535 0.778617
-44.0415 0.833358
-25.7295 0.833358
-7.41748 0.833358
10.8945 0.833358
29.2065 0.833358
47.5185 0.833358
57.6711 0.833358
57.726 0.833358
57.7809 0.833358
57.8359 0.833358
57.8908 0.833358
57.9458 0.833358
58.0007 0.833358
58.0556 0.833358
58.1106 0.833358
58.1655 0.833358
58.2204 0.833358
58.2754 0.833358
58.3303 0.833358
58.3852 0.833358
58.4402 0.833358
58.4951 0.833358
58.55 0.833358
58.605 0.833358
58.6599 0.833358
58.7149 0.833358
58.7698 0.833358
58.8247 0.833358
58.8797 0.833358
58.9346 0.833358
58.9895 0.833358
59.0445 0.833358
59.0994 0.833358
59.1543 0.833358
59.2093 0.833358
59.2642 0.833358
59.3192 0.833358
59.3741 0.833358
59.429 0.833358
59.484 0.833358
59.5389 0.833358
59.5938 0.833358
59.6488 0.833358
59.7037 0.833358
59.7586 0.833358
59.8136 0.833358
59.8685 0.833358
59.9234 0.833358
59.9784 0.833358
60.0333 0.833358
60.0883 0.833358
60.1432 0.833358
60.1981 0.833358
60.2531 0.833358
60.308 0.833358
60.3629 0.833358
60.4179 0.833358
60.4728 0.833358
60.5277 0.833358
60.5827 0.833358
60.6376 0.833358
60.6926 0.833358
60.7475 0.833358
60.8024 0.833358
60.8574 0.833358
60.9123 0.833358
60.9672 0.833358
61.0222 0.833358
61.0771 0.833358
61.132 0.833358
61.187 0.833358
61.2419 0.833358
61.2968 0.833358
61.3518 0.833358
61.4067 0.833358
61.4617 0.833358
61.5166 0.833358
61.5715 0.833358
61.6265 0.833358
61.6814 0.833358
61.7363 0.833358
61.7913 0.833358
61.8462 0.833358
61.9011 0.833358
61.9561 0.833358
62.011 0.833358
62.066 0.833358
62.1209 0.833358
62.1758 0.833358
62.2308 0.833358
62.2857 0.833358
62.3406 0.833358
62.3956 0.833358
62.4505 0.833358
62.5054 0.833358
62.5604 0.833358
62.6153 0.833358
62.6702 0.833358
62.7252 0.833358
62.7801 0.833358
40.6746 0.833358
18.569 0.833358
-3.53656 0.833358
-25.6421 0.833358
-47.7477 0.833358
-57.2578 0.833358
-57.3241 0.833358
-57.3904 0.833358
-57.4567 0.833358
-57.523 0.833358
-57.5894 0.833358
-57.6557 0.833358
-57.722 0.833358
-57.7883 0.833358
-57.8546 0.833358
-57.9209 0.833358
-57.9873 0.833358
-58.0536 0.833358
-58.1199 0.833358
-58.1862 0.833358
-58.2525 0.833358
-58.3188 0.833358
-58.3852 0.833358
-58.4515 0.833358
-58.5178 0.833358
-58.5841 0.833358
-58.6504 0.833358
-58.7167 0.833358
-58.7831 0.833358
-58.8494 0.833358
-58.9157 0.833358
-58.982 0.833358
-59.0483 0.833358
-59.1146 0.833358
-59.181 0.833358
-59.2473 0.833358
-59.3136 0.833358
-59.3799 0.833358
-59.4462 0.833358
-59.5125 0.833358
-59.5789 0.833358
-59.6452 0.833358
-59.7115 0.833358
-59.7778 0.833358
-59.8441 0.833358
-59.9104 0.833358
-59.9768 0.833358
-60.0431 0.833358
-60.1094 0.833358
-60.1757 0.833358
-60.242 0.833358
-60.3083 0.833358
-60.3747 0.833358
-60.441 0.833358
-60.5073 0.833358
-60.5736 0.833358
-60.6399 0.833358
-60.7062 0.833358
-60.7726 0.833358
-60.8389 0.833358
-60.9052 0.833358
-60.9715 0.833358
-61.0378 0.833358
-61.1041 0.833358
-61.1705 0.833358
-61.2368 0.833358
-61.3031 0.833358
-61.3694 0.833358
-61.4357 0.833358
-61.502 0.833358
-61.5684 0.833358
-61.6347 0.833358
-61.701 0.833358
-61.7673 0.833358
-61.8336 0.833358
-61.8999 0.833358
-61.9663 0.833358
-62.0326 0.833358
-62.0989 0.833358
-62.1652 0.833358
-62.2315 0.833358
-62.2978 0.833358
-62.3642 0.833358
-62.4305 0.833358
-62.4968 0.833358
-62.5631 0.833358
-62.6294 0.833358
-62.6957 0.833358
-62.7621 0.833358
-62.8284 0.833358
-62.8947 0.833358
-62.961 0.833358
-63.0273 0.833358
-63.0936 0.833358
-63.16 0.833358
-63.2263 0.833358
-63.2926 0.833358
-63.3589 0.833358
-63.4252 0.833358
-63.4915 0.833358
-41.1941 0.935624
-18.8966 0.935624
3.40091 1.02895
2.56984e-07 1.02895
4.79959e-07 1.02895
5.65498e-07 1.02895
5.66167e-07 1.02895
5.66836e-07 1.02895
5.67505e-07 1.02895
5.68174e-07 1.02895
5.68843e-07 1.02895
5.69512e-07 1.02895
5.70181e-07 1.02895
5.70849e-07 1.02895
5.71518e-07 1.02895
5.72187e-07 1.02895
5.72856e-07 1.02895
5.73525e-07 1.02895
5.74194e-07 1.02895
5.74863e-07 1.02895
5.75532e-07 1.02895
5.76201e-07 1.02895
5.7687e-07 1.02895
5.77539e-07 1.02895
5.78208e-07 1.02895
5.78877e-07 1.02895
5.79545e-07 1.02895
5.80214e-07 1.02895
5.80883e-07 1.02895
5.81552e-07 1.02895
5.82221e-07 1.02895
5.8289e-07 1.02895
5.83559e-07 1.02895
5.84228e-07 1.02895
5.84897e-07 1.02895
5.85566e-07 1.02895
5.86235e-07 1.02895
5.86904e-07 1.02895
5.87573e-07 1.02895
5.88242e-07 1.02895
5.8891e-07 1.02895
5.89579e-07 1.02895
5.90248e-07 1.02895
5.90917e-07 1.02895
5.91586e-07 1.02895
5.92255e-07 1.02895
5.92924e-07 1.02895
5.93593e-07 1.02895
5.94262e-07 1.02895
5.94931e-07 1.02895
5.956e-07 1.02895
5.96269e-07 1.02895
5.96938e-07 1.02895
5.97606e-07 1.02895
5.98275e-07 1.02895
5.98944e-07 1.02895
5.99613e-07 1.02895
6.00282e-07 1.02895
6.00951e-07 1.02895
6.0162e-07 1.02895
6.02289e-07 1.02895
6.02958e-07 1.02895
6.03627e-07 1.02895
6.04296e-07 1.02895
6.04965e-07 1.02895
6.05634e-07 1.02895
6.06302e-07 1.02895
6.06971e-07 1.02895
6.0764e-07 1.02895
6.08309e-07 1.02895
6.08978e-07 1.02895
6.09647e-07 1.02895
6.10316e-07 1.02895
6.10985e-07 1.02895
6.11654e-07 1.02895
6.12323e-07 1.02895
6.12992e-07 1.02895
6.13661e-07 1.02895
6.1433e-07 1.02895
6.14998e-07 1.02895
6.15667e-07 1.02895
6.16336e-07 1.02895
6.17005e-07 1.02895
6.17674e-07 1.02895
6.18343e-07 1.02895
6.19012e-07 1.02895
6.19681e-07 1.02895
6.2035e-07 1.02895
6.21019e-07 1.02895
6.21688e-07 1.02895
6.22357e-07 1.02895
6.23026e-07 1.02895
6.23695e-07 1.02895
6.24363e-07 1.02895
6.25032e-07 1.02895
6.25701e-07 1.02895
6.2637e-07 1.02895
6.27039e-07 1.02895
6.27708e-07 1.02895
6.28377e-07 1.02895
6.27686e-07 1.02895
6.26995e-07 1.02895
6.26303e-07 1.02895
6.25612e-07 1.02895
6.24921e-07 1.02895
6.2423e-07 1.02895
6.23538e-07 1.02895
6.22847e-07 1.02895
6.22156e-07 1.02895
6.21465e-07 1.02895
6.20773e-07 1.02895
6.20082e-07 1.02895
6.19391e-07 1.02895
6.187e-07 1.02895
6.18009e-07 1.02895
6.17317e-07 1.02895
6.16626e-07 1.02895
6.15935e-07 1.02895
6.15244e-07 1.02895
6.14552e-07 1.02895
6.13861e-07 1.02895
6.1317e-07 1.02895
6.12479e-07 1.02895
6.11787e-07 1.02895
6.11096e-07 1.02895
6.10405e-07 1.02895
6.09714e-07 1.02895
6.09022e-07 1.02895
6.08331e-07 1.02895
6.0764e-07 1.02895
6.06949e-07 1.02895
6.06258e-07 1.02895
6.05566e-07 1.02895
6.04875e-07 1.02895
6.04184e-07 1.02895
6.03493e-07 1.02895
6.02801e-07 1.02895
6.0211e-07 1.02895
6.01419e-07 1.02895
6.00728e-07 1.02895
6.00036e-07 1.02895
5.99345e-07 1.02895
5.98654e-07 1.02895
5.97963e-07 1.02895
5.97272e-07 1.02895
5.9658e-07 1.02895
5.95889e-07 1.02895
5.95198e-07 1.02895
5.94507e-07 1.02895
5.93815e-07 1.02895
5.93124e-07 1.02895
5.92433e-07 1.02895
5.91742e-07 1.02895
5.9105e-07 1.02895
5.90359e-07 1.02895
5.89668e-07 1.02895
5.88977e-07 1.02895
5.88286e-07 1.02895
5.87594e-07 1.02895
5.86903e-07 1.02895
5.86212e-07 1.02895
5.85521e-07 1.02895
5.84829e-07 1.02895
5.84138e-07 1.02895
5.83447e-07 1.02895
5.82756e-07 1.02895
5.82064e-07 1.02895
5.81373e-07 1.02895
5.80682e-07 1.02895
5.79991e-07 1.02895
5.793e-07 1.02895
5.78608e-07 1.02895
5.77917e-07 1.02895
5.77226e-07 1.02895
5.76535e-07 1.02895
5.75843e-07 1.02895
5.75152e-07 1.02895
5.74461e-07 1.02895
5.7377e-07 1.02895
5.73078e-07 1.02895
5.72387e-07 1.02895
5.71696e-07 1.02895
5.71005e-07 1.02895
5.70313e-07 1.02895
5.69622e-07 1.02895
5.68931e-07 1.02895
5.6824e-07 1.02895
5.67549e-07 1.02895
5.66857e-07 1.02895
5.66166e-07 1.02895
5.65475e-07 1.02895
4.64788e-07 1.02895
2.34377e-07 1.02895
3.96613e-09 1.02895
-2.26445e-07 1.02895
-4.56855e-07 1.02895
-6.35073e-07 1.02895
-6.35764e-07 1.02895
-6.36455e-07 1.02895
-6.37146e-07 1.02895
-6.36484e-07 1.02895
-6.35821e-07 1.02895
-6.35159e-07 1.02895
-4.95283e-07 1.02895
-2.74479e-07 1.02895
-5.36755e-08 1.02895
1.67128e-07 1.02895
3.87932e-07 1.02895
5.65215e-07 1.02895
5.65878e-07 1.02895
5.6654e-07 1.02895
5.67203e-07 1.02895
5.67865e-07 1.02895
5.68528e-07 1.02895
5.6919e-07 1.02895
5.69852e-07 1.02895
5.70515e-07 1.02895
5.71177e-07 1.02895
5.7184e-07 1.02895
5.72502e-07 1.02895
5.73164e-07 1.02895
5.73827e-07 1.02895
5.74489e-07 1.02895
5.75152e-07 1.02895
5.75814e-07 1.02895
5.76476e-07 1.02895
5.77139e-07 1.02895
5.77801e-07 1.02895
5.78464e-07 1.02895
5.79126e-07 1.02895
5.79789e-07 1.02895
5.80451e-07 1.02895
5.81113e-07 1.02895
5.81776e-07 1.02895
5.82438e-07 1.02895
5.83101e-07 1.02895
5.83763e-07 1.02895
5.84425e-07 1.02895
5.85088e-07 1.02895
5.8575e-07 1.02895
5.86413e-07 1.02895
5.87075e-07 1.02895
5.87737e-07 1.02895
5.884e-07 1.02895
5.89062e-07 1.02895
5.89725e-07 1.02895
5.90387e-07 1.02895
5.9105e-07 1.02895
5.91712e-07 1.02895
5.92374e-07 1.02895
5.93037e-07 1.02895
5.93699e-07 1.02895
5.94362e-07 1.02895
5.95024e-07 1.02895
5.95686e-07 1.02895
5.96349e-07 1.02895
5.97011e-07 1.02895
5.97674e-07 1.02895
5.98336e-07 1.02895
5.98998e-07 1.02895
5.99661e-07 1.02895
6.00323e-07 1.02895
6.00986e-07 1.02895
6.01648e-07 1.02895
6.02311e-07 1.02895
6.02973e-07 1.02895
6.03635e-07 1.02895
6.04298e-07 1.02895
6.0496e-07 1.02895
6.05623e-07 1.02895
6.06285e-07 1.02895
6.06947e-07 1.02895
6.0761e-07 1.02895
6.08272e-07 1.02895
6.08935e-07 1.02895
6.09597e-07 1.02895
6.10259e-07 1.02895
6.10922e-07 1.02895
6.11584e-07 1.02895
6.12247e-07 1.02895
6.12909e-07 1.02895
6.13571e-07 1.02895
6.14234e-07 1.02895
6.14896e-07 1.02895
6.15559e-07 1.02895
6.16221e-07 1.02895
6.16884e-07 1.02895
6.17546e-07 1.02895
6.18208e-07 1.02895
6.18871e-07 1.02895
6.19533e-07 1.02895
6.20196e-07 1.02895
6.20858e-07 1.02895
6.2152e-07 1.02895
6.22183e-07 1.02895
6.22845e-07 1.02895
6.23508e-07 1.02895
6.2417e-07 1.02895
6.24832e-07 1.02895
6.25495e-07 1.02895
6.24897e-07 1.02895
6.243e-07 1.02895
6.23702e-07 1.02895
6.23105e-07 1.02895
6.22507e-07 1.02895
6.2191e-07 1.02895
6.21312e-07 1.02895
6.20715e-07 1.02895
6.20117e-07 1.02895
6.1952e-07 1.02895
6.18922e-07 1.02895
6.18325e-07 1.02895
6.17727e-07 1.02895
6.1713e-07 1.02895
6.16532e-07 1.02895
6.15935e-07 1.02895
6.15337e-07 1.02895
6.1474e-07 1.02895
6.14142e-07 1.02895
6.13545e-07 1.02895
6.12947e-07 1.02895
6.1235e-07 1.02895
6.11752e-07 1.02895
6.11155e-07 1.02895
6.10557e-07 1.02895
6.0996e-07 1.02895
6.09362e-07 1.02895
6.08764e-07 1.02895
6.08167e-07 1.02895
6.07569e-07 1.02895
6.06972e-07 1.02895
6.06374e-07 1.02895
6.05777e-07 1.02895
6.05179e-07 1.02895
6.04582e-07 1.02895
6.03984e-07 1.02895
6.03387e-07 1.02895
6.02789e-07 1.02895
6.02192e-07 1.02895
6.01594e-07 1.02895
6.00997e-07 1.02895
6.00399e-07 1.02895
5.99802e-07 1.02895
5.99204e-07 1.02895
5.98607e-07 1.02895
5.98009e-07 1.02895
5.97412e-07 1.02895
5.96814e-07 1.02895
5.96217e-07 1.02895
5.95619e-07 1.02895
5.95022e-07 1.02895
5.94424e-07 1.02895
5.93827e-07 1.02895
5.93229e-07 1.02895
5.92632e-07 1.02895
5.92034e-07 1.02895
5.91437e-07 1.02895
5.90839e-07 1.02895
5.90241e-07 1.02895
5.89644e-07 1.02895
5.89046e-07 1.02895
5.88449e-07 1.02895
5.87851e-07 1.02895
5.87254e-07 1.02895
5.86656e-07 1.02895
5.86059e-07 1.02895
5.85461e-07 1.02895
5.84864e-07 1.02895
5.84266e-07 1.02895
5.83669e-07 1.02895
5.83071e-07 1.02895
5.82474e-07 1.02895
5.81876e-07 1.02895
5.81279e-07 1.02895
5.80681e-07 1.02895
5.80084e-07 1.02895
5.79486e-07 1.02895
5.78889e-07 1.02895
5.78291e-07 1.02895
5.77694e-07 1.02895
5.77096e-07 1.02895
5.76499e-07 1.02895
5.75901e-07 1.02895
5.75304e-07 1.02895
5.74706e-07 1.02895
5.74109e-07 1.02895
5.73511e-07 1.02895
5.72914e-07 1.02895
5.72316e-07 1.02895
5.71719e-07 1.02895
5.71121e-07 1.02895
5.70523e-07 1.02895
5.69926e-07 1.02895
5.69328e-07 1.02895
5.68731e-07 1.02895
5.68133e-07 1.02895
5.67536e-07 1.02895
5.66938e-07 1.02895
5.66341e-07 1.02895
5.65743e-07 1.02895
5.6626e-07 1.02895
5.66777e-07 1.02895
5.67293e-07 1.02895
5.6781e-07 1.02895
5.68327e-07 1.02895
5.68843e-07 1.02895
5.6936e-07 1.02895
5.69876e-07 1.02895
5.70393e-07 1.02895
5.7091e-07 1.02895
5.71426e-07 1.02895
5.71943e-07 1.02895
5.7246e-07 1.02895
5.72976e-07 1.02895
5.73493e-07 1.02895
5.74009e-07 1.02895
5.74526e-07 1.02895
5.75043e-07 1.02895
5.75559e-07 1.02895
5.76076e-07 1.02895
5.76593e-07 1.02895
5.77109e-07 1.02895
5.77626e-07 1.02895
5.78143e-07 1.02895
5.78659e-07 1.02895
5.79176e-07 1.02895
5.79692e-07 1.02895
5.80209e-07 1.02895
5.80726e-07 1.02895
5.81242e-07 1.02895
5.81759e-07 1.02895
5.82276e-07 1.02895
5.82792e-07 1.02895
5.83309e-07 1.02895
5.83826e-07 1.02895
5.84342e-07 1.02895
5.84859e-07 1.02895
5.85375e-07 1.02895
5.85892e-07 1.02895
5.86409e-07 1.02895
5.86925e-07 1.02895
5.87442e-07 1.02895
5.87959e-07 1.02895
5.88475e-07 1.02895
5.88992e-07 1.02895
5.89508e-07 1.02895
5.90025e-07 1.02895
5.90542e-07 1.02895
5.91058e-07 1.02895
5.91575e-07 1.02895
5.92092e-07 1.02895
5.92608e-07 1.02895
5.93125e-07 1.02895
5.93642e-07 1.02895
5.94158e-07 1.02895
5.94675e-07 1.02895
5.95191e-07 1.02895
5.95708e-07 1.02895
5.96225e-07 1.02895
5.96741e-07 1.02895
5.97258e-07 1.02895
5.97775e-07 1.02895
5.98291e-07 1.02895
5.98808e-07 1.02895
5.99325e-07 1.02895
5.99841e-07 1.02895
6.00358e-07 1.02895
6.00874e-07 1.02895
6.01391e-07 1.02895
6.01908e-07 1.02895
6.02424e-07 1.02895
6.02941e-07 1.02895
6.03458e-07 1.02895
6.03974e-07 1.02895
6.04491e-07 1.02895
6.05007e-07 1.02895
6.05524e-07 1.02895
6.06041e-07 1.02895
6.06557e-07 1.02895
6.07074e-07 1.02895
6.07591e-07 1.02895
6.08107e-07 1.02895
6.08624e-07 1.02895
6.09141e-07 1.02895
6.09657e-07 1.02895
6.10174e-07 1.02895
6.1069e-07 1.02895
6.11207e-07 1.02895
6.11724e-07 1.02895
6.1224e-07 1.02895
6.12757e-07 1.02895
6.13274e-07 1.02895
6.1379e-07 1.02895
6.14307e-07 1.02895
6.14824e-07 1.02895
6.1534e-07 1.02895
6.15857e-07 1.02895
6.16373e-07 1.02895
6.1689e-07 1.02895
6.17407e-07 1.02895
6.1691e-07 1.02895
6.16413e-07 1.02895
6.15916e-07 1.02895
6.15419e-07 1.02895
6.14922e-07 1.02895
6.14425e-07 1.02895
6.13928e-07 1.02895
6.13431e-07 1.02895
6.12934e-07 1.02895
6.12437e-07 1.02895
6.1194e-07 1.02895
6.11443e-07 1.02895
6.10946e-07 1.02895
6.10449e-07 1.02895
6.09952e-07 1.02895
6.09455e-07 1.02895
6.08958e-07 1.02895
6.08461e-07 1.02895
6.07964e-07 1.02895
6.07467e-07 1.02895
6.0697e-07 1.02895
6.06473e-07 1.02895
6.05976e-07 1.02895
6.05479e-07 1.02895
6.04982e-07 1.02895
6.04485e-07 1.02895
6.03988e-07 1.02895
6.03491e-07 1.02895
6.02994e-07 1.02895
6.02497e-07 1.02895
6.02e-07 1.02895
6.01503e-07 1.02895
6.01006e-07 1.02895
6.00509e-07 1.02895
6.00012e-07 1.02895
5.99515e-07 1.02895
5.99018e-07 1.02895
5.98521e-07 1.02895
5.98024e-07 1.02895
5.97527e-07 1.02895
5.9703e-07 1.02895
5.96533e-07 1.02895
5.96036e-07 1.02895
5.95539e-07 1.02895
5.95042e-07 1.02895
5.94545e-07 1.02895
5.94048e-07 1.02895
5.93551e-07 1.02895
5.93054e-07 1.02895
5.92557e-07 1.02895
5.9206e-07 1.02895
5.91563e-07 1.02895
5.91066e-07 1.02895
5.90569e-07 1.02895
5.90073e-07 1.02895
5.89576e-07 1.02895
5.89079e-07 1.02895
5.88582e-07 1.02895
5.88085e-07 1.02895
5.87588e-07 1.02895
5.87091e-07 1.02895
5.86594e-07 1.02895
5.86097e-07 1.02895
5.856e-07 1.02895
5.85103e-07 1.02895
5.84606e-07 1.02895
5.84109e-07 1.02895
5.83612e-07 1.02895
5.83115e-07 1.02895
5.82618e-07 1.02895
5.82121e-07 1.02895
5.81624e-07 1.02895
5.81127e-07 1.02895
5.8063e-07 1.02895
5.80133e-07 1.02895
5.79636e-07 1.02895
5.79139e-07 1.02895
5.78642e-07 1.02895
5.78145e-07 1.02895
5.77648e-07 1.02895
5.77151e-07 1.02895
5.76654e-07 1.02895
5.76157e-07 1.02895
5.7566e-07 1.02895
5.75163e-07 1.02895
5.74666e-07 1.02895
5.74169e-07 1.02895
5.73672e-07 1.02895
5.73175e-07 1.02895
5.72678e-07 1.02895
5.72181e-07 1.02895
5.71684e-07 1.02895
5.71187e-07 1.02895
5.7069e-07 1.02895
5.70193e-07 1.02895
5.69696e-07 1.02895
5.69199e-07 1.02895
5.68702e-07 1.02895
5.68205e-07 1.02895
5.67708e-07 1.02895
5.68262e-07 1.02895
5.68816e-07 1.02895
5.69369e-07 1.02895
5.69923e-07 1.02895
5.70477e-07 1.02895
5.7103e-07 1.02895
5.71584e-07 1.02895
5.72138e-07 1.02895
5.72691e-07 1.02895
5.73245e-07 1.02895
5.73799e-07 1.02895
5.74352e-07 1.02895
5.74906e-07 1.02895
5.7546e-07 1.02895
5.76013e-07 1.02895
5.76567e-07 1.02895
5.77121e-07 1.02895
5.77674e-07 1.02895
5.78228e-07 1.02895
5.78782e-07 1.02895
5.79335e-07 1.02895
5.79889e-07 1.02895
5.80443e-07 1.02895
5.80997e-07 1.02895
5.8155e-07 1.02895
5.82104e-07 1.02895
5.82658e-07 1.02895
5.83211e-07 1.02895
5.83765e-07 1.02895
5.84319e-07 1.02895
5.84872e-07 1.02895
5.85426e-07 1.02895
5.8598e-07 1.02895
5.86533e-07 1.02895
5.87087e-07 1.02895
5.87641e-07 1.02895
5.88194e-07 1.02895
5.88748e-07 1.02895
5.89302e-07 1.02895
5.89855e-07 1.02895
5.90409e-07 1.02895
5.90963e-07 1.02895
5.91516e-07 1.02895
5.9207e-07 1.02895
5.92624e-07 1.02895
5.93177e-07 1.02895
5.93731e-07 1.02895
5.94285e-07 1.02895
5.94839e-07 1.02895
5.95392e-07 1.02895
5.95946e-07 1.02895
5.965e-07 1.02895
5.97053e-07 1.02895
5.97607e-07 1.02895
5.98161e-07 1.02895
5.98714e-07 1.02895
5.99268e-07 1.02895
5.99822e-07 1.02895
6.00375e-07 1.02895
6.00929e-07 1.02895
6.01483e-07 1.02895
6.02036e-07 1.02895
6.0259e-07 1.02895
6.03144e-07 1.02895
6.03697e-07 1.02895
6.04251e-07 1.02895
6.04805e-07 1.02895
6.05358e-07 1.02895
6.05912e-07 1.02895
6.06466e-07 1.02895
6.07019e-07 1.02895
6.07573e-07 1.02895
6.08127e-07 1.02895
6.08681e-07 1.02895
6.09234e-07 1.02895
6.09788e-07 1.02895
6.10342e-07 1.02895
6.10895e-07 1.02895
6.11449e-07 1.02895
6.12003e-07 1.02895
6.12556e-07 1.02895
6.1311e-07 1.02895
6.13664e-07 1.02895
6.14217e-07 1.02895
6.14771e-07 1.02895
6.15325e-07 1.02895
6.15878e-07 1.02895
6.16432e-07 1.02895
6.16986e-07 1.02895
6.17539e-07 1.02895
6.18093e-07 1.02895
6.18647e-07 1.02895
6.192e-07 1.02895
6.19754e-07 1.02895
6.20308e-07 1.02895
6.20861e-07 1.02895
6.21415e-07 1.02895
6.21969e-07 1.02895
6.22523e-07 1.02895
6.23076e-07 1.02895
6.22582e-07 1.02895
6.22087e-07 1.02895
6.21593e-07 1.02895
6.21098e-07 1.02895
6.20604e-07 1.02895
6.2011e-07 1.02895
6.19615e-07 1.02895
6.19121e-07 1.02895
6.18626e-07 1.02895
6.18132e-07 1.02895
6.17637e-07 1.02895
6.17143e-07 1.02895
6.16649e-07 1.02895
6.16154e-07 1.02895
6.1566e-07 1.02895
6.15165e-07 1.02895
6.14671e-07 1.02895
6.14176e-07 1.02895
6.13682e-07 1.02895
6.13187e-07 1.02895
6.12693e-07 1.02895
6.12199e-07 1.02895
6.11704e-07 1.02895
6.1121e-07 1.02895
6.10715e-07 1.02895
6.10221e-07 1.02895
6.09726e-07 1.02895
6.09232e-07 1.02895
6.08737e-07 1.02895
6.08243e-07 1.02895
6.07749e-07 1.02895
6.07254e-07 1.02895
6.0676e-07 1.02895
6.06265e-07 1.02895
6.05771e-07 1.02895
6.05276e-07 1.02895
6.04782e-07 1.02895
6.04288e-07 1.02895
6.03793e-07 1.02895
6.03299e-07 1.02895
6.02804e-07 1.02895
6.0231e-07 1.02895
6.01815e-07 1.02895
6.01321e-07 1.02895
6.00826e-07 1.02895
6.00332e-07 1.02895
5.99838e-07 1.02895
5.99343e-07 1.02895
5.98849e-07 1.02895
5.98354e-07 1.02895
5.9786e-07 1.02895
5.97365e-07 1.02895
5.96871e-07 1.02895
5.96377e-07 1.02895
5.95882e-07 1.02895
5.95388e-07 1.02895
5.94893e-07 1.02895
5.94399e-07 1.02895
5.93904e-07 1.02895
5.9341e-07 1.02895
5.92915e-07 1.02895
5.92421e-07 1.02895
5.91927e-07 1.02895
5.91432e-07 1.02895
5.90938e-07 1.02895
5.90443e-07 1.02895
5.89949e-07 1.02895
5.89454e-07 1.02895
5.8896e-07 1.02895
5.88466e-07 1.02895
5.87971e-07 1.02895
5.87477e-07 1.02895
5.86982e-07 1.02895
5.86488e-07 1.02895
5.85993e-07 1.02895
5.85499e-07 1.02895
5.85004e-07 1.02895
5.8451e-07 1.02895
5.84016e-07 1.02895
5.83521e-07 1.02895
5.83027e-07 1.02895
5.82532e-07 1.02895
5.82038e-07 1.02895
5.81543e-07 1.02895
5.81049e-07 1.02895
5.80554e-07 1.02895
5.8006e-07 1.02895
5.79566e-07 1.02895
5.79071e-07 1.02895
5.78577e-07 1.02895
5.78082e-07 1.02895
5.77588e-07 1.02895
5.77093e-07 1.02895
5.76599e-07 1.02895
5.76105e-07 1.02895
5.7561e-07 1.02895
5.75116e-07 1.02895
5.74621e-07 1.02895
5.74127e-07 1.02895
5.73632e-07 1.02895
