4.10783 1.86431e-18
8.21565 1.86431e-18
12.3235 1.86431e-18
16.4313 1.86431e-18
20.5391 1.86431e-18
24.647 1.86431e-18
28.7548 1.86431e-18
32.8626 1.86431e-18
36.9704 1.86431e-18
41.0783 1.86431e-18
45.1861 1.86431e-18
49.2939 1.86431e-18
53.4017 1.86431e-18
57.5096 1.86431e-18
61.6174 1.86431e-18
65.7252 1.86431e-18
69.8331 1.86431e-18
73.9409 1.86431e-18
78.0487 1.86431e-18
82.1565 1.86431e-18
86.2644 1.86431e-18
90.3722 1.86431e-18
94.48 1.86431e-18
98.5878 1.86431e-18
102.696 1.86431e-18
106.803 1.86431e-18
110.911 1.86431e-18
115.019 1.86431e-18
119.127 1.86431e-18
123.235 1.86431e-18
127.343 1.86431e-18
131.45 1.86431e-18
135.558 1.86431e-18
139.666 1.86431e-18
143.774 1.86431e-18
147.882 1.86431e-18
151.99 1.86431e-18
156.097 1.86431e-18
160.205 1.86431e-18
164.313 1.86431e-18
168.421 1.86431e-18
172.529 1.86431e-18
176.637 1.86431e-18
180.744 1.86431e-18
184.852 1.86431e-18
188.96 1.86431e-18
193.068 1.86431e-18
197.176 1.86431e-18
201.284 1.86431e-18
205.391 1.86431e-18
209.499 1.86431e-18
213.607 1.86431e-18
217.715 1.86431e-18
221.823 1.86431e-18
225.93 1.86431e-18
230.038 1.86431e-18
234.146 1.86431e-18
238.254 1.86431e-18
242.362 1.86431e-18
246.47 1.86431e-18
250.577 1.86431e-18
254.685 1.86431e-18
258.793 1.86431e-18
262.901 1.86431e-18
267.009 1.86431e-18
271.117 1.86431e-18
275.224 1.86431e-18
279.332 1.86431e-18
283.44 1.86431e-18
287.548 1.86431e-18
291.656 1.86431e-18
295.764 1.86431e-18
299.871 1.86431e-18
303.979 1.86431e-18
308.087 1.86431e-18
312.195 1.86431e-18
316.303 1.86431e-18
320.41 1.86431e-18
324.518 1.86431e-18
328.626 1.86431e-18
332.734 1.86431e-18
336.842 1.86431e-18
340.95 1.86431e-18
345.057 1.86431e-18
349.165 1.86431e-18
353.273 1.86431e-18
357.381 1.86431e-18
361.489 1.86431e-18
365.597 1.86431e-18
369.704 1.86431e-18
373.812 1.86431e-18
377.92 1.86431e-18
382.028 1.86431e-18
386.136 1.86431e-18
390.244 1.86431e-18
394.351 1.86431e-18
398.459 1.86431e-18
402.567 1.86431e-18
406.675 1.86431e-18
410.783 1.86431e-18
414.891 1.86431e-18
418.998 1.86431e-18
423.106 1.86431e-18
427.214 1.86431e-18
431.322 1.86431e-18
435.43 1.86431e-18
439.537 1.86431e-18
443.645 1.86431e-18
447.753 1.86431e-18
451.861 1.86431e-18
455.969 1.86431e-18
460.077 1.86431e-18
464.184 1.86431e-18
468.292 1.86431e-18
472.4 1.86431e-18
476.508 1.86431e-18
480.616 1.86431e-18
484.724 1.86431e-18
488.831 1.86431e-18
492.939 1.86431e-18
497.047 1.86431e-18
501.155 1.86431e-18
505.263 1.86431e-18
509.371 1.86431e-18
513.478 1.86431e-18
517.586 1.86431e-18
521.694 1.86431e-18
525.802 1.86431e-18
529.91 1.86431e-18
534.017 1.86431e-18
538.125 1.86431e-18
542.233 1.86431e-18
546.341 1.86431e-18
550.449 1.86431e-18
554.557 1.86431e-18
558.664 1.86431e-18
562.772 1.86431e-18
566.88 1.86431e-18
570.988 1.86431e-18
575.096 1.86431e-18
579.204 1.86431e-18
583.311 1.86431e-18
587.419 1.86431e-18
591.527 1.86431e-18
595.635 1.86431e-18
599.743 1.86431e-18
603.851 1.86431e-18
607.958 1.86431e-18
612.066 1.86431e-18
616.174 1.86431e-18
620.282 1.86431e-18
624.39 1.86431e-18
628.498 1.86431e-18
632.605 1.86431e-18
636.713 1.86431e-18
640.821 1.86431e-18
644.929 1.86431e-18
649.037 1.86431e-18
653.144 1.86431e-18
657.252 1.86431e-18
661.36 1.86431e-18
665.468 1.86431e-18
669.576 1.86431e-18
673.684 1.86431e-18
677.791 1.86431e-18
681.899 1.86431e-18
686.007 1.86431e-18
690.115 1.86431e-18
694.223 1.86431e-18
698.331 1.86431e-18
702.438 1.86431e-18
706.546 1.86431e-18
710.654 1.86431e-18
714.762 1.86431e-18
718.87 1.86431e-18
722.978 1.86431e-18
727.085 1.86431e-18
731.193 1.86431e-18
735.301 1.86431e-18
739.409 1.86431e-18
743.517 1.86431e-18
747.624 1.86431e-18
751.732 1.86431e-18
755.84 1.86431e-18
759.948 1.86431e-18
764.056 1.86431e-18
768.164 1.86431e-18
772.271 1.86431e-18
776.379 1.86431e-18
780.487 1.86431e-18
784.595 1.86431e-18
788.703 1.86431e-18
792.811 1.86431e-18
796.918 1.86431e-18
801.026 1.86431e-18
805.134 1.86431e-18
809.242 1.86431e-18
813.35 1.86431e-18
817.458 1.86431e-18
821.565 1.86431e-18
825.673 1.86431e-18
829.781 1.86431e-18
833.889 1.86431e-18
837.997 1.86431e-18
842.105 1.86431e-18
846.212 1.86431e-18
850.32 1.86431e-18
854.428 1.86431e-18
858.536 1.86431e-18
862.644 1.86431e-18
866.751 1.86431e-18
870.859 1.86431e-18
874.967 1.86431e-18
879.075 1.86431e-18
883.183 1.86431e-18
887.291 1.86431e-18
891.398 1.86431e-18
895.506 1.86431e-18
899.614 1.86431e-18
903.722 1.86431e-18
907.83 1.86431e-18
911.938 1.86431e-18
916.045 1.86431e-18
920.153 1.86431e-18
924.261 1.86431e-18
928.369 1.86431e-18
932.477 1.86431e-18
936.585 1.86431e-18
940.692 1.86431e-18
944.8 1.86431e-18
948.908 1.86431e-18
953.016 1.86431e-18
957.124 1.86431e-18
961.231 1.86431e-18
965.339 1.86431e-18
969.447 1.86431e-18
973.555 1.86431e-18
977.663 1.86431e-18
981.771 1.86431e-18
985.878 1.86431e-18
989.986 1.86431e-18
994.094 1.86431e-18
998.202 1.86431e-18
1002.31 1.86431e-18
1006.42 1.86431e-18
1010.53 1.86431e-18
1014.63 1.86431e-18
1018.74 1.86431e-18
1022.85 1.86431e-18
1026.96 1.86431e-18
1031.06 1.86431e-18
1035.17 1.86431e-18
1039.28 1.86431e-18
1043.39 1.86431e-18
1047.5 1.86431e-18
1051.6 1.86431e-18
1055.71 1.86431e-18
1059.82 1.86431e-18
1063.93 1.86431e-18
1068.03 1.86431e-18
1072.14 1.86431e-18
1076.25 1.86431e-18
1080.36 1.86431e-18
1084.47 1.86431e-18
1088.57 1.86431e-18
1092.68 1.86431e-18
1096.79 1.86431e-18
1100.9 1.86431e-18
1105.01 1.86431e-18
1109.11 1.86431e-18
1113.22 1.86431e-18
1117.33 1.86431e-18
1121.44 1.86431e-18
1125.54 1.86431e-18
1129.65 1.86431e-18
1133.76 1.86431e-18
1137.87 1.86431e-18
1141.98 1.86431e-18
1146.08 1.86431e-18
1150.19 1.86431e-18
1154.3 1.86431e-18
1158.41 1.86431e-18
1162.52 1.86431e-18
1166.62 1.86431e-18
1170.73 1.86431e-18
1174.84 1.86431e-18
1178.95 1.86431e-18
1183.05 1.86431e-18
1187.16 1.86431e-18
1191.27 1.86431e-18
1195.38 1.86431e-18
1199.49 1.86431e-18
1203.59 1.86431e-18
1207.7 1.86431e-18
1211.81 1.86431e-18
1215.92 1.86431e-18
1220.02 1.86431e-18
1224.13 1.86431e-18
1228.24 1.86431e-18
1232.35 1.86431e-18
1236.46 1.86431e-18
1240.56 1.86431e-18
1244.67 1.86431e-18
1248.78 1.86431e-18
1252.89 1.86431e-18
1257 1.86431e-18
1261.1 1.86431e-18
1265.21 1.86431e-18
1269.32 1.86431e-18
1273.43 1.86431e-18
1277.53 1.86431e-18
1281.64 1.86431e-18
1285.75 1.86431e-18
1289.86 1.86431e-18
1293.97 1.86431e-18
1298.07 1.86431e-18
1302.18 1.86431e-18
1306.29 1.86431e-18
1310.4 1.86431e-18
1314.5 1.86431e-18
1318.61 1.86431e-18
1322.72 1.86431e-18
1326.83 1.86431e-18
1330.94 1.86431e-18
1335.04 1.86431e-18
1339.15 1.86431e-18
1343.26 1.86431e-18
1347.37 1.86431e-18
1351.48 1.86431e-18
1355.58 1.86431e-18
1359.69 1.86431e-18
1363.8 1.86431e-18
1367.91 1.86431e-18
1372.01 1.86431e-18
1376.12 1.86431e-18
1380.23 1.86431e-18
1384.34 1.86431e-18
1388.45 1.86431e-18
1392.55 1.86431e-18
1396.66 1.86431e-18
1400.77 1.86431e-18
1404.88 1.86431e-18
1408.98 1.86431e-18
1413.09 1.86431e-18
1417.2 1.86431e-18
1421.31 1.86431e-18
1425.42 1.86431e-18
1429.52 1.86431e-18
1433.63 1.86431e-18
1437.74 1.86431e-18
1441.85 1.86431e-18
1445.96 1.86431e-18
1450.06 1.86431e-18
1454.17 1.86431e-18
1458.28 1.86431e-18
1462.39 1.86431e-18
1466.49 1.86431e-18
1470.6 1.86431e-18
1474.71 1.86431e-18
1478.82 1.86431e-18
1482.93 1.86431e-18
1487.03 1.86431e-18
1491.14 1.86431e-18
1495.25 1.86431e-18
1499.36 1.86431e-18
1503.46 1.86431e-18
1507.57 1.86431e-18
1511.68 1.86431e-18
1515.79 1.86431e-18
1519.9 1.86431e-18
1524 1.86431e-18
1528.11 1.86431e-18
1532.22 1.86431e-18
1536.33 1.86431e-18
1540.44 1.86431e-18
1544.54 1.86431e-18
1548.65 1.86431e-18
1552.76 1.86431e-18
1556.87 1.86431e-18
1560.97 1.86431e-18
1565.08 1.86431e-18
1569.19 1.86431e-18
1573.3 1.86431e-18
1577.41 1.86431e-18
1581.51 1.86431e-18
1585.62 1.86431e-18
1589.73 1.86431e-18
1593.84 1.86431e-18
1597.94 1.86431e-18
1602.05 1.86431e-18
1606.16 1.86431e-18
1610.27 1.86431e-18
1614.38 1.86431e-18
1618.48 1.86431e-18
1622.59 1.86431e-18
1626.7 1.86431e-18
1630.81 1.86431e-18
1634.92 1.86431e-18
1639.02 1.86431e-18
1643.13 1.86431e-18
1647.24 1.86431e-18
1651.35 1.86431e-18
1655.45 1.86431e-18
1659.56 1.86431e-18
1663.67 1.86431e-18
1667.78 1.86431e-18
1671.89 1.86431e-18
1675.99 1.86431e-18
1680.1 1.86431e-18
1684.21 1.86431e-18
1688.32 1.86431e-18
1692.42 1.86431e-18
1696.53 1.86431e-18
1700.64 1.86431e-18
1704.75 1.86431e-18
1708.86 1.86431e-18
1712.96 1.86431e-18
1717.07 1.86431e-18
1721.18 1.86431e-18
1725.29 1.86431e-18
1729.4 1.86431e-18
1733.5 1.86431e-18
1737.61 1.86431e-18
1741.72 1.86431e-18
1745.83 1.86431e-18
1749.93 1.86431e-18
1754.04 1.86431e-18
1758.15 1.86431e-18
1762.26 1.86431e-18
1766.37 1.86431e-18
1770.47 1.86431e-18
1774.58 1.86431e-18
1778.69 1.86431e-18
1782.8 1.86431e-18
1786.9 1.86431e-18
1791.01 1.86431e-18
1795.12 1.86431e-18
1799.23 1.86431e-18
1803.34 1.86431e-18
1807.44 1.86431e-18
1811.55 1.86431e-18
1815.66 1.86431e-18
1819.77 1.86431e-18
1823.88 1.86431e-18
1827.98 1.86431e-18
1832.09 1.86431e-18
1836.2 1.86431e-18
1840.31 1.86431e-18
1844.41 1.86431e-18
1848.52 1.86431e-18
1852.63 1.86431e-18
1856.74 1.86431e-18
1860.85 1.86431e-18
1864.95 1.86431e-18
1869.06 1.86431e-18
1873.17 1.86431e-18
1877.28 1.86431e-18
1881.38 1.86431e-18
1885.49 1.86431e-18
1889.6 1.86431e-18
1893.71 1.86431e-18
1897.82 1.86431e-18
1901.92 1.86431e-18
1906.03 1.86431e-18
1910.14 1.86431e-18
1914.25 1.86431e-18
1918.36 1.86431e-18
1922.46 1.86431e-18
1926.57 1.86431e-18
1930.68 1.86431e-18
1934.79 1.86431e-18
1938.89 1.86431e-18
1943 1.86431e-18
1947.11 1.86431e-18
1951.22 1.86431e-18
1955.33 1.86431e-18
1959.43 1.86431e-18
1963.54 1.86431e-18
1967.65 1.86431e-18
1971.76 1.86431e-18
1975.86 1.86431e-18
1979.97 1.86431e-18
1984.08 1.86431e-18
1988.19 1.86431e-18
1992.3 1.86431e-18
1996.4 1.86431e-18
2000.51 1.86431e-18
2004.62 1.86431e-18
2008.73 1.86431e-18
2012.84 1.86431e-18
2016.94 1.86431e-18
2021.05 1.86431e-18
2025.16 1.86431e-18
2029.27 1.86431e-18
2033.37 1.86431e-18
2037.48 1.86431e-18
2041.59 1.86431e-18
2045.7 1.86431e-18
2049.81 1.86431e-18
2053.91 1.86431e-18
2058.02 1.86431e-18
2062.13 1.86431e-18
2066.24 1.86431e-18
2070.34 1.86431e-18
2074.45 1.86431e-18
2078.56 1.86431e-18
2082.67 1.86431e-18
2086.78 1.86431e-18
2090.88 1.86431e-18
2094.99 1.86431e-18
2099.1 1.86431e-18
2103.21 1.86431e-18
2107.32 1.86431e-18
2111.42 1.86431e-18
2115.53 1.86431e-18
2119.64 1.86431e-18
2123.75 1.86431e-18
2127.85 1.86431e-18
2131.96 1.86431e-18
2136.07 1.86431e-18
2140.18 1.86431e-18
2144.29 1.86431e-18
2148.39 1.86431e-18
2152.5 1.86431e-18
2156.61 1.86431e-18
2160.72 1.86431e-18
2164.82 1.86431e-18
2168.93 1.86431e-18
2173.04 1.86431e-18
2177.15 1.86431e-18
2181.26 1.86431e-18
2185.36 1.86431e-18
2189.47 1.86431e-18
2193.58 1.86431e-18
2197.69 1.86431e-18
2201.8 1.86431e-18
2205.9 1.86431e-18
2210.01 1.86431e-18
2214.12 1.86431e-18
2218.23 1.86431e-18
2222.33 1.86431e-18
2226.44 1.86431e-18
2230.55 1.86431e-18
2234.66 1.86431e-18
2238.77 1.86431e-18
2242.87 1.86431e-18
2246.98 1.86431e-18
2251.09 1.86431e-18
2255.2 1.86431e-18
2259.3 1.86431e-18
2263.41 1.86431e-18
2267.52 1.86431e-18
2271.63 1.86431e-18
2275.74 1.86431e-18
2279.84 1.86431e-18
2283.95 1.86431e-18
2288.06 1.86431e-18
2292.17 1.86431e-18
2296.28 1.86431e-18
2300.38 1.86431e-18
2304.49 1.86431e-18
2308.6 1.86431e-18
2312.71 1.86431e-18
2316.81 1.86431e-18
2320.92 1.86431e-18
2325.03 1.86431e-18
2329.14 1.86431e-18
2333.25 1.86431e-18
2337.35 1.86431e-18
2341.46 1.86431e-18
2345.57 1.86431e-18
2349.68 1.86431e-18
2353.78 1.86431e-18
2357.89 1.86431e-18
2362 1.86431e-18
2366.11 1.86431e-18
2370.22 1.86431e-18
2374.32 1.86431e-18
2378.43 1.86431e-18
2382.54 1.86431e-18
2386.65 1.86431e-18
2390.76 1.86431e-18
2394.86 1.86431e-18
2398.97 1.86431e-18
2403.08 1.86431e-18
2407.19 1.86431e-18
2411.29 1.86431e-18
2415.4 1.86431e-18
2419.51 1.86431e-18
2423.62 1.86431e-18
2427.73 1.86431e-18
2431.83 1.86431e-18
2435.94 1.86431e-18
2440.05 1.86431e-18
2444.16 1.86431e-18
2448.26 1.86431e-18
2452.37 1.86431e-18
2456.48 1.86431e-18
2460.59 1.86431e-18
2464.7 1.86431e-18
2468.8 1.86431e-18
2472.91 1.86431e-18
2477.02 1.86431e-18
2481.13 1.86431e-18
2485.24 1.86431e-18
2489.34 1.86431e-18
2493.45 1.86431e-18
2497.56 1.86431e-18
2501.67 1.86431e-18
2505.77 1.86431e-18
2509.88 1.86431e-18
2513.99 1.86431e-18
2518.1 1.86431e-18
2522.21 1.86431e-18
2526.31 1.86431e-18
2530.42 1.86431e-18
2534.53 1.86431e-18
2538.64 1.86431e-18
2542.74 1.86431e-18
2546.85 1.86431e-18
2550.96 1.86431e-18
2555.07 1.86431e-18
2559.18 1.86431e-18
2563.28 1.86431e-18
2567.39 1.86431e-18
2571.5 1.86431e-18
2575.61 1.86431e-18
2579.72 1.86431e-18
2583.82 1.86431e-18
2587.93 1.86431e-18
2592.04 1.86431e-18
2596.15 1.86431e-18
2600.25 1.86431e-18
2604.36 1.86431e-18
2608.47 1.86431e-18
2612.58 1.86431e-18
2616.69 1.86431e-18
2620.79 1.86431e-18
2624.9 1.86431e-18
2629.01 1.86431e-18
2633.12 1.86431e-18
2637.22 1.86431e-18
2641.33 1.86431e-18
2645.44 1.86431e-18
2649.55 1.86431e-18
2653.66 1.86431e-18
2657.76 1.86431e-18
2661.87 1.86431e-18
2665.98 1.86431e-18
2670.09 1.86431e-18
2674.2 1.86431e-18
2678.3 1.86431e-18
2682.41 1.86431e-18
2686.52 1.86431e-18
2690.63 1.86431e-18
2694.73 1.86431e-18
2698.84 1.86431e-18
2702.95 1.86431e-18
2707.06 1.86431e-18
2711.17 1.86431e-18
2715.27 1.86431e-18
2719.38 1.86431e-18
2723.49 1.86431e-18
2727.6 1.86431e-18
2731.7 1.86431e-18
2735.81 1.86431e-18
2739.92 1.86431e-18
2744.03 1.86431e-18
2748.14 1.86431e-18
2752.24 1.86431e-18
2756.35 1.86431e-18
2760.46 1.86431e-18
2764.57 1.86431e-18
2768.68 1.86431e-18
2772.78 1.86431e-18
2776.89 1.86431e-18
2781 1.86431e-18
2785.11 1.86431e-18
2789.21 1.86431e-18
2793.32 1.86431e-18
2797.43 1.86431e-18
2801.54 1.86431e-18
2805.65 1.86431e-18
2809.75 1.86431e-18
2813.86 1.86431e-18
2817.97 1.86431e-18
2822.08 1.86431e-18
2826.18 1.86431e-18
2830.29 1.86431e-18
2834.4 1.86431e-18
2838.51 1.86431e-18
2842.62 1.86431e-18
2846.72 1.86431e-18
2850.83 1.86431e-18
2854.94 1.86431e-18
2859.05 1.86431e-18
2863.16 1.86431e-18
2867.26 1.86431e-18
2871.37 1.86431e-18
2875.48 1.86431e-18
2879.59 1.86431e-18
2883.69 1.86431e-18
2887.8 1.86431e-18
2891.91 1.86431e-18
2896.02 1.86431e-18
2900.13 1.86431e-18
2904.23 1.86431e-18
2908.34 1.86431e-18
2912.45 1.86431e-18
2916.56 1.86431e-18
2920.66 1.86431e-18
2924.77 1.86431e-18
2928.88 1.86431e-18
2932.99 1.86431e-18
2937.1 1.86431e-18
2941.2 1.86431e-18
2945.31 1.86431e-18
2949.42 1.86431e-18
2953.53 1.86431e-18
2957.64 1.86431e-18
2961.74 1.86431e-18
2965.85 1.86431e-18
2969.96 1.86431e-18
2974.07 1.86431e-18
2978.17 1.86431e-18
2982.28 1.86431e-18
2986.39 1.86431e-18
2990.5 1.86431e-18
2994.61 1.86431e-18
2998.71 1.86431e-18
3002.82 1.86431e-18
3006.93 1.86431e-18
3011.04 1.86431e-18
3015.14 1.86431e-18
3019.25 1.86431e-18
3023.36 1.86431e-18
3027.47 1.86431e-18
3031.58 1.86431e-18
3035.68 1.86431e-18
3039.79 1.86431e-18
3043.9 1.86431e-18
3048.01 1.86431e-18
3052.12 1.86431e-18
3056.22 1.86431e-18
3060.33 1.86431e-18
3064.44 1.86431e-18
3068.55 1.86431e-18
3072.65 1.86431e-18
3076.76 1.86431e-18
3080.87 1.86431e-18
3084.98 1.86431e-18
3089.09 1.86431e-18
3093.19 1.86431e-18
3097.3 1.86431e-18
3101.41 1.86431e-18
3105.52 1.86431e-18
3109.62 1.86431e-18
3113.73 1.86431e-18
3117.84 1.86431e-18
3121.95 1.86431e-18
3126.06 1.86431e-18
3130.16 1.86431e-18
3134.27 1.86431e-18
3138.38 1.86431e-18
3142.49 1.86431e-18
3146.6 1.86431e-18
3150.7 1.86431e-18
3154.81 1.86431e-18
3158.92 1.86431e-18
3163.03 1.86431e-18
3167.13 1.86431e-18
3171.24 1.86431e-18
3175.35 1.86431e-18
3179.46 1.86431e-18
3183.57 1.86431e-18
3187.67 1.86431e-18
3191.78 1.86431e-18
3195.89 1.86431e-18
3200 1.86431e-18
3204.1 1.86431e-18
3208.21 1.86431e-18
3212.32 1.86431e-18
3216.43 1.86431e-18
3220.54 1.86431e-18
3224.64 1.86431e-18
3228.75 1.86431e-18
3232.86 1.86431e-18
3236.97 1.86431e-18
3241.08 1.86431e-18
3245.18 1.86431e-18
3249.29 1.86431e-18
3253.4 1.86431e-18
3257.51 1.86431e-18
3261.61 1.86431e-18
3265.72 1.86431e-18
3269.83 1.86431e-18
3273.94 1.86431e-18
3278.05 1.86431e-18
3282.15 1.86431e-18
3286.26 1.86431e-18
3290.37 1.86431e-18
3294.48 1.86431e-18
3298.59 1.86431e-18
3302.69 1.86431e-18
3306.8 1.86431e-18
3310.91 1.86431e-18
3315.02 1.86431e-18
3319.12 1.86431e-18
3323.23 1.86431e-18
3327.34 1.86431e-18
3331.45 1.86431e-18
3335.56 1.86431e-18
3339.66 1.86431e-18
3343.77 1.86431e-18
3347.88 1.86431e-18
3351.99 1.86431e-18
3356.09 1.86431e-18
3360.2 1.86431e-18
3364.31 1.86431e-18
3368.42 1.86431e-18
3372.53 1.86431e-18
3376.63 1.86431e-18
3380.74 1.86431e-18
3384.85 1.86431e-18
3388.96 1.86431e-18
3393.07 1.86431e-18
3397.17 1.86431e-18
3401.28 1.86431e-18
3405.39 1.86431e-18
3409.5 1.86431e-18
3413.6 1.86431e-18
3417.71 1.86431e-18
3421.82 1.86431e-18
3425.93 1.86431e-18
3430.04 1.86431e-18
3434.14 1.86431e-18
3438.25 1.86431e-18
3442.36 1.86431e-18
3446.47 1.86431e-18
3450.57 1.86431e-18
3454.68 1.86431e-18
3458.79 1.86431e-18
3462.9 1.86431e-18
3467.01 1.86431e-18
3471.11 1.86431e-18
3475.22 1.86431e-18
3479.33 1.86431e-18
3483.44 1.86431e-18
3487.55 1.86431e-18
3491.65 1.86431e-18
3495.76 1.86431e-18
3499.87 1.86431e-18
3503.98 1.86431e-18
3508.08 1.86431e-18
3512.19 1.86431e-18
3516.3 1.86431e-18
3520.41 1.86431e-18
3524.52 1.86431e-18
3528.62 1.86431e-18
3532.73 1.86431e-18
3536.84 1.86431e-18
3540.95 1.86431e-18
3545.05 1.86431e-18
3549.16 1.86431e-18
3553.27 1.86431e-18
3557.38 1.86431e-18
3561.49 1.86431e-18
3565.59 1.86431e-18
3569.7 1.86431e-18
3573.81 1.86431e-18
3577.92 1.86431e-18
3582.03 1.86431e-18
3586.13 1.86431e-18
3590.24 1.86431e-18
3594.35 1.86431e-18
3598.46 1.86431e-18
3602.56 1.86431e-18
3606.67 1.86431e-18
3610.78 1.86431e-18
3614.89 1.86431e-18
3619 1.86431e-18
3623.1 1.86431e-18
3627.21 1.86431e-18
3631.32 1.86431e-18
3635.43 1.86431e-18
3639.53 1.86431e-18
3643.64 1.86431e-18
3647.75 1.86431e-18
3651.86 1.86431e-18
3655.97 1.86431e-18
3660.07 1.86431e-18
3664.18 1.86431e-18
3668.29 1.86431e-18
3672.4 1.86431e-18
3676.51 1.86431e-18
3680.61 1.86431e-18
3684.72 1.86431e-18
3688.83 1.86431e-18
3692.94 1.86431e-18
3697.04 1.86431e-18
3701.15 1.86431e-18
3705.26 1.86431e-18
3709.37 1.86431e-18
3713.48 1.86431e-18
3717.58 1.86431e-18
3721.69 1.86431e-18
3725.8 1.86431e-18
3729.91 1.86431e-18
3734.01 1.86431e-18
3738.12 1.86431e-18
3742.23 1.86431e-18
3746.34 1.86431e-18
3750.45 1.86431e-18
3754.55 1.86431e-18
3758.66 1.86431e-18
3762.77 1.86431e-18
3766.88 1.86431e-18
3770.99 1.86431e-18
3775.09 1.86431e-18
3779.2 1.86431e-18
3783.31 1.86431e-18
3787.42 1.86431e-18
3791.52 1.86431e-18
3795.63 1.86431e-18
3799.74 1.86431e-18
3803.85 1.86431e-18
3807.96 1.86431e-18
3812.06 1.86431e-18
3816.17 1.86431e-18
3820.28 1.86431e-18
3824.39 1.86431e-18
3828.49 1.86431e-18
3832.6 1.86431e-18
3836.71 1.86431e-18
3840.82 1.86431e-18
3844.93 1.86431e-18
3849.03 1.86431e-18
3853.14 1.86431e-18
3857.25 1.86431e-18
3861.36 1.86431e-18
3865.47 1.86431e-18
3869.57 1.86431e-18
3873.68 1.86431e-18
3877.79 1.86431e-18
3881.9 1.86431e-18
3886 1.86431e-18
3890.11 1.86431e-18
3894.22 1.86431e-18
3898.33 1.86431e-18
3902.44 1.86431e-18
3906.54 1.86431e-18
3910.65 1.86431e-18
3914.76 1.86431e-18
3918.87 1.86431e-18
3922.97 1.86431e-18
3927.08 1.86431e-18
3931.19 1.86431e-18
3935.3 1.86431e-18
3939.41 1.86431e-18
3943.51 1.86431e-18
3947.62 1.86431e-18
3951.73 1.86431e-18
3955.84 1.86431e-18
3959.95 1.86431e-18
3964.05 1.86431e-18
3968.16 1.86431e-18
3972.27 1.86431e-18
3976.38 1.86431e-18
3980.48 1.86431e-18
3984.59 1.86431e-18
3988.7 1.86431e-18
3992.81 1.86431e-18
3996.92 1.86431e-18
4001.02 1.86431e-18
4005.13 1.86431e-18
4009.24 1.86431e-18
4013.35 1.86431e-18
4017.45 1.86431e-18
4021.56 1.86431e-18
4025.67 1.86431e-18
4029.78 1.86431e-18
4033.89 1.86431e-18
4037.99 1.86431e-18
4042.1 1.86431e-18
4046.21 1.86431e-18
4050.32 1.86431e-18
4054.43 1.86431e-18
4058.53 1.86431e-18
4062.64 1.86431e-18
4066.75 1.86431e-18
4070.86 1.86431e-18
4074.96 1.86431e-18
4079.07 1.86431e-18
4083.18 1.86431e-18
4087.29 1.86431e-18
4091.4 1.86431e-18
4095.5 1.86431e-18
4099.61 1.86431e-18
4103.72 1.86431e-18
4107.83 1.86431e-18
4111.93 1.86431e-18
4116.04 1.86431e-18
4120.15 1.86431e-18
4124.26 1.86431e-18
4128.37 1.86431e-18
4132.47 1.86431e-18
4136.58 1.86431e-18
4140.69 1.86431e-18
4144.8 1.86431e-18
4148.91 1.86431e-18
4153.01 1.86431e-18
4157.12 1.86431e-18
4161.23 1.86431e-18
4165.34 1.86431e-18
4169.44 1.86431e-18
4173.55 1.86431e-18
4177.66 1.86431e-18
4181.77 1.86431e-18
4185.88 1.86431e-18
4189.98 1.86431e-18
4194.09 1.86431e-18
4198.2 1.86431e-18
4202.31 1.86431e-18
4206.41 1.86431e-18
4210.52 1.86431e-18
4214.63 1.86431e-18
4218.74 1.86431e-18
4222.85 1.86431e-18
4226.95 1.86431e-18
4231.06 1.86431e-18
4235.17 1.86431e-18
4239.28 1.86431e-18
4243.39 1.86431e-18
4247.49 1.86431e-18
4251.6 1.86431e-18
4255.71 1.86431e-18
4259.82 1.86431e-18
4263.92 1.86431e-18
4268.03 1.86431e-18
4272.14 1.86431e-18
4276.25 1.86431e-18
4280.36 1.86431e-18
4284.46 1.86431e-18
4288.57 1.86431e-18
4292.68 1.86431e-18
4296.79 1.86431e-18
4300.89 1.86431e-18
4305 1.86431e-18
4309.11 1.86431e-18
4313.22 1.86431e-18
4317.33 1.86431e-18
4321.43 1.86431e-18
4325.54 1.86431e-18
4329.65 1.86431e-18
4333.76 1.86431e-18
4337.87 1.86431e-18
4341.97 1.86431e-18
4346.08 1.86431e-18
4350.19 1.86431e-18
4354.3 1.86431e-18
4358.4 1.86431e-18
4362.51 1.86431e-18
4366.62 1.86431e-18
4370.73 1.86431e-18
4374.84 1.86431e-18
4378.94 1.86431e-18
4383.05 1.86431e-18
4387.16 1.86431e-18
4391.27 1.86431e-18
4395.37 1.86431e-18
4399.48 1.86431e-18
4403.59 1.86431e-18
4407.7 1.86431e-18
4411.81 1.86431e-18
4415.91 1.86431e-18
4420.02 1.86431e-18
4424.13 1.86431e-18
4428.24 1.86431e-18
4432.35 1.86431e-18
4436.45 1.86431e-18
4440.56 1.86431e-18
4444.67 1.86431e-18
4448.78 1.86431e-18
4452.88 1.86431e-18
4456.99 1.86431e-18
4461.1 1.86431e-18
4465.21 1.86431e-18
4469.32 1.86431e-18
4473.42 1.86431e-18
4477.53 1.86431e-18
4481.64 1.86431e-18
4485.75 1.86431e-18
4489.85 1.86431e-18
4493.96 1.86431e-18
4498.07 1.86431e-18
4502.18 1.86431e-18
4506.29 1.86431e-18
4510.39 1.86431e-18
4514.5 1.86431e-18
4518.61 1.86431e-18
4522.72 1.86431e-18
4526.83 1.86431e-18
4530.93 1.86431e-18
4535.04 1.86431e-18
4539.15 1.86431e-18
4543.26 1.86431e-18
4547.36 1.86431e-18
4551.47 1.86431e-18
4555.58 1.86431e-18
4559.69 1.86431e-18
4563.8 1.86431e-18
4567.9 1.86431e-18
4572.01 1.86431e-18
4576.12 1.86431e-18
4580.23 1.86431e-18
4584.33 1.86431e-18
4588.44 1.86431e-18
4592.55 1.86431e-18
4596.66 1.86431e-18
4600.77 1.86431e-18
4604.87 1.86431e-18
4608.98 1.86431e-18
4613.09 1.86431e-18
4617.2 1.86431e-18
4621.31 1.86431e-18
4625.41 1.86431e-18
4629.52 1.86431e-18
4633.63 1.86431e-18
4637.74 1.86431e-18
4641.84 1.86431e-18
4645.95 1.86431e-18
4650.06 1.86431e-18
4654.17 1.86431e-18
4658.28 1.86431e-18
4662.38 1.86431e-18
4666.49 1.86431e-18
4670.6 1.86431e-18
4674.71 1.86431e-18
4678.81 1.86431e-18
4682.92 1.86431e-18
4687.03 1.86431e-18
4691.14 1.86431e-18
4695.25 1.86431e-18
4699.35 1.86431e-18
4703.46 1.86431e-18
4707.57 1.86431e-18
4711.68 1.86431e-18
4715.79 1.86431e-18
4719.89 1.86431e-18
4724 1.86431e-18
4728.11 1.86431e-18
4732.22 1.86431e-18
4736.32 1.86431e-18
4740.43 1.86431e-18
4744.54 1.86431e-18
4748.65 1.86431e-18
4752.76 1.86431e-18
4756.86 1.86431e-18
4760.97 1.86431e-18
4765.08 1.86431e-18
4769.19 1.86431e-18
4773.29 1.86431e-18
4777.4 1.86431e-18
4781.51 1.86431e-18
4785.62 1.86431e-18
4789.73 1.86431e-18
4793.83 1.86431e-18
4797.94 1.86431e-18
4802.05 1.86431e-18
4806.16 1.86431e-18
4810.27 1.86431e-18
4814.37 1.86431e-18
4818.48 1.86431e-18
4822.59 1.86431e-18
4826.7 1.86431e-18
4830.8 1.86431e-18
4834.91 1.86431e-18
4839.02 1.86431e-18
4843.13 1.86431e-18
4847.24 1.86431e-18
4851.34 1.86431e-18
4855.45 1.86431e-18
4859.56 1.86431e-18
4863.67 1.86431e-18
4867.77 1.86431e-18
4871.88 1.86431e-18
4875.99 1.86431e-18
4880.1 1.86431e-18
4884.21 1.86431e-18
4888.31 1.86431e-18
4892.42 1.86431e-18
4896.53 1.86431e-18
4900.64 1.86431e-18
4904.75 1.86431e-18
4908.85 1.86431e-18
4912.96 1.86431e-18
4917.07 1.86431e-18
4921.18 1.86431e-18
4925.28 1.86431e-18
4929.39 1.86431e-18
4933.5 1.86431e-18
4937.61 1.86431e-18
4941.72 1.86431e-18
4945.82 1.86431e-18
4949.93 1.86431e-18
4954.04 1.86431e-18
4958.15 1.86431e-18
4962.25 1.86431e-18
4966.36 1.86431e-18
4970.47 1.86431e-18
4974.58 1.86431e-18
4978.69 1.86431e-18
4982.79 1.86431e-18
4986.9 1.86431e-18
4991.01 1.86431e-18
4995.12 1.86431e-18
4999.23 1.86431e-18
5003.33 1.86431e-18
5007.44 1.86431e-18
5011.55 1.86431e-18
5015.66 1.86431e-18
5019.76 1.86431e-18
5023.87 1.86431e-18
5027.98 1.86431e-18
5032.09 1.86431e-18
5036.2 1.86431e-18
5040.3 1.86431e-18
5044.41 1.86431e-18
5048.52 1.86431e-18
5052.63 1.86431e-18
5056.73 1.86431e-18
5060.84 1.86431e-18
5064.95 1.86431e-18
5069.06 1.86431e-18
5073.17 1.86431e-18
5077.27 1.86431e-18
5081.38 1.86431e-18
5085.49 1.86431e-18
5089.6 1.86431e-18
5093.71 1.86431e-18
5097.81 1.86431e-18
5101.92 1.86431e-18
5106.03 1.86431e-18
5110.14 1.86431e-18
5114.24 1.86431e-18
5118.35 1.86431e-18
5122.46 1.86431e-18
5126.57 1.86431e-18
5130.68 1.86431e-18
5134.78 1.86431e-18
5138.89 1.86431e-18
5143 1.86431e-18
5147.11 1.86431e-18
5151.21 1.86431e-18
5155.32 1.86431e-18
5159.43 1.86431e-18
5163.54 1.86431e-18
5167.65 1.86431e-18
5171.75 1.86431e-18
5175.86 1.86431e-18
5179.97 1.86431e-18
5184.08 1.86431e-18
5188.19 1.86431e-18
5192.29 1.86431e-18
5196.4 1.86431e-18
5200.51 1.86431e-18
5204.62 1.86431e-18
5208.72 1.86431e-18
5212.83 1.86431e-18
5216.94 1.86431e-18
5221.05 1.86431e-18
5225.16 1.86431e-18
5229.26 1.86431e-18
5233.37 1.86431e-18
5237.48 1.86431e-18
5241.59 1.86431e-18
5245.69 1.86431e-18
5249.8 1.86431e-18
5253.91 1.86431e-18
5258.02 1.86431e-18
5262.13 1.86431e-18
5266.23 1.86431e-18
5270.34 1.86431e-18
5274.45 1.86431e-18
5278.56 1.86431e-18
5282.67 1.86431e-18
5286.77 1.86431e-18
5290.88 1.86431e-18
5294.99 1.86431e-18
5299.1 1.86431e-18
5303.2 1.86431e-18
5307.31 1.86431e-18
5311.42 1.86431e-18
5315.53 1.86431e-18
5319.64 1.86431e-18
5323.74 1.86431e-18
5327.85 1.86431e-18
5331.96 1.86431e-18
5336.07 1.86431e-18
5340.17 1.86431e-18
5344.28 1.86431e-18
5348.39 1.86431e-18
5352.5 1.86431e-18
5356.61 1.86431e-18
5360.71 1.86431e-18
5364.82 1.86431e-18
5368.93 1.86431e-18
5373.04 1.86431e-18
5377.15 1.86431e-18
5381.25 1.86431e-18
5385.36 1.86431e-18
5389.47 1.86431e-18
5393.58 1.86431e-18
5397.68 1.86431e-18
5401.79 1.86431e-18
5405.9 1.86431e-18
5410.01 1.86431e-18
5414.12 1.86431e-18
5418.22 1.86431e-18
5422.33 1.86431e-18
5426.44 1.86431e-18
5430.55 1.86431e-18
5434.66 1.86431e-18
5438.76 1.86431e-18
5442.87 1.86431e-18
5446.98 1.86431e-18
5451.09 1.86431e-18
5455.19 1.86431e-18
5459.3 1.86431e-18
5463.41 1.86431e-18
5467.52 1.86431e-18
5471.63 1.86431e-18
5475.73 1.86431e-18
5479.84 1.86431e-18
5483.95 1.86431e-18
5488.06 1.86431e-18
5492.16 1.86431e-18
5496.27 1.86431e-18
5500.38 1.86431e-18
5504.49 1.86431e-18
5508.6 1.86431e-18
5512.7 1.86431e-18
5516.81 1.86431e-18
5520.92 1.86431e-18
5525.03 1.86431e-18
5529.14 1.86431e-18
5533.24 1.86431e-18
5537.35 1.86431e-18
5541.46 1.86431e-18
5545.57 1.86431e-18
5549.67 1.86431e-18
5553.78 1.86431e-18
5557.89 1.86431e-18
5562 1.86431e-18
5566.11 1.86431e-18
5570.21 1.86431e-18
5574.32 1.86431e-18
5578.43 1.86431e-18
5582.54 1.86431e-18
5586.64 1.86431e-18
5590.75 1.86431e-18
5594.86 1.86431e-18
5598.97 1.86431e-18
5603.08 1.86431e-18
5607.18 1.86431e-18
5611.29 1.86431e-18
5615.4 1.86431e-18
5619.51 1.86431e-18
5623.62 1.86431e-18
5627.72 1.86431e-18
5631.83 1.86431e-18
5635.94 1.86431e-18
5640.05 1.86431e-18
5644.15 1.86431e-18
5648.26 1.86431e-18
5652.37 1.86431e-18
5656.48 1.86431e-18
5660.59 1.86431e-18
5664.69 1.86431e-18
5668.8 1.86431e-18
5672.91 1.86431e-18
5677.02 1.86431e-18
5681.12 1.86431e-18
5685.23 1.86431e-18
5689.34 1.86431e-18
5693.45 1.86431e-18
5697.56 1.86431e-18
5701.66 1.86431e-18
5705.77 1.86431e-18
5709.88 1.86431e-18
5713.99 1.86431e-18
5718.1 1.86431e-18
5722.2 1.86431e-18
5726.31 1.86431e-18
5730.42 1.86431e-18
5734.53 1.86431e-18
5738.63 1.86431e-18
5742.74 1.86431e-18
5746.85 1.86431e-18
5750.96 1.86431e-18
5755.07 1.86431e-18
5759.17 1.86431e-18
5763.28 1.86431e-18
5767.39 1.86431e-18
5771.5 1.86431e-18
5775.6 1.86431e-18
5779.71 1.86431e-18
5783.82 1.86431e-18
5787.93 1.86431e-18
5792.04 1.86431e-18
5796.14 1.86431e-18
5800.25 1.86431e-18
5804.36 1.86431e-18
5808.47 1.86431e-18
5812.58 1.86431e-18
5816.68 1.86431e-18
5820.79 1.86431e-18
5824.9 1.86431e-18
5829.01 1.86431e-18
5833.11 1.86431e-18
5837.22 1.86431e-18
5841.33 1.86431e-18
5845.44 1.86431e-18
5849.55 1.86431e-18
5853.65 1.86431e-18
5857.76 1.86431e-18
5861.87 1.86431e-18
5865.98 1.86431e-18
5870.08 1.86431e-18
5874.19 1.86431e-18
5878.3 1.86431e-18
5882.41 1.86431e-18
5886.52 1.86431e-18
5890.62 1.86431e-18
5894.73 1.86431e-18
5898.84 1.86431e-18
5902.95 1.86431e-18
5907.06 1.86431e-18
5911.16 1.86431e-18
5915.27 1.86431e-18
5919.38 1.86431e-18
5923.49 1.86431e-18
5927.59 1.86431e-18
5931.7 1.86431e-18
5935.81 1.86431e-18
5939.92 1.86431e-18
5944.03 1.86431e-18
5948.13 1.86431e-18
5952.24 1.86431e-18
5956.35 1.86431e-18
5960.46 1.86431e-18
5964.56 1.86431e-18
5968.67 1.86431e-18
5972.78 1.86431e-18
5976.89 1.86431e-18
5981 1.86431e-18
5985.1 1.86431e-18
5989.21 1.86431e-18
5993.32 1.86431e-18
5997.43 1.86431e-18
6001.54 1.86431e-18
6005.64 1.86431e-18
6009.75 1.86431e-18
6013.86 1.86431e-18
6017.97 1.86431e-18
6022.07 1.86431e-18
6026.18 1.86431e-18
6030.29 1.86431e-18
6034.4 1.86431e-18
6038.51 1.86431e-18
6042.61 1.86431e-18
6046.72 1.86431e-18
6050.83 1.86431e-18
6054.94 1.86431e-18
6059.04 1.86431e-18
6063.15 1.86431e-18
6067.26 1.86431e-18
6071.37 1.86431e-18
6075.48 1.86431e-18
6079.58 1.86431e-18
6083.69 1.86431e-18
6087.8 1.86431e-18
6091.91 1.86431e-18
6096.02 1.86431e-18
6100.12 1.86431e-18
6104.23 1.86431e-18
6108.34 1.86431e-18
6112.45 1.86431e-18
6116.55 1.86431e-18
6120.66 1.86431e-18
6124.77 1.86431e-18
6128.88 1.86431e-18
6132.99 1.86431e-18
6137.09 1.86431e-18
6141.2 1.86431e-18
6145.31 1.86431e-18
6149.42 1.86431e-18
6153.52 1.86431e-18
6157.63 1.86431e-18
6161.74 1.86431e-18
6165.85 1.86431e-18
6169.96 1.86431e-18
6174.06 1.86431e-18
6178.17 1.86431e-18
6182.28 1.86431e-18
6186.39 1.86431e-18
6190.5 1.86431e-18
6194.6 1.86431e-18
6198.71 1.86431e-18
6202.82 1.86431e-18
6206.93 1.86431e-18
6211.03 1.86431e-18
6215.14 1.86431e-18
6219.25 1.86431e-18
6223.36 1.86431e-18
6227.47 1.86431e-18
6231.57 1.86431e-18
6235.68 1.86431e-18
6239.79 1.86431e-18
6243.9 1.86431e-18
6248 1.86431e-18
6252.11 1.86431e-18
6256.22 1.86431e-18
6260.33 1.86431e-18
6264.44 1.86431e-18
6268.54 1.86431e-18
6272.65 1.86431e-18
6276.76 1.86431e-18
6280.87 1.86431e-18
6284.98 1.86431e-18
6289.08 1.86431e-18
6293.19 1.86431e-18
6297.3 1.86431e-18
6301.41 1.86431e-18
6305.51 1.86431e-18
6309.62 1.86431e-18
6313.73 1.86431e-18
6317.84 1.86431e-18
6321.95 1.86431e-18
6326.05 1.86431e-18
6330.16 1.86431e-18
6334.27 1.86431e-18
6338.38 1.86431e-18
6342.48 1.86431e-18
6346.59 1.86431e-18
6350.7 1.86431e-18
6354.81 1.86431e-18
6358.92 1.86431e-18
6363.02 1.86431e-18
6367.13 1.86431e-18
6371.24 1.86431e-18
6375.35 1.86431e-18
6379.46 1.86431e-18
6383.56 1.86431e-18
6387.67 1.86431e-18
6391.78 1.86431e-18
6395.89 1.86431e-18
6399.99 1.86431e-18
6404.1 1.86431e-18
6408.21 1.86431e-18
6412.32 1.86431e-18
6416.43 1.86431e-18
6420.53 1.86431e-18
6424.64 1.86431e-18
6428.75 1.86431e-18
6432.86 1.86431e-18
6436.96 1.86431e-18
6441.07 1.86431e-18
6445.18 1.86431e-18
6449.29 1.86431e-18
6453.4 1.86431e-18
6457.5 1.86431e-18
6461.61 1.86431e-18
6465.72 1.86431e-18
6469.83 1.86431e-18
6473.94 1.86431e-18
6478.04 1.86431e-18
6482.15 1.86431e-18
6486.26 1.86431e-18
6490.37 1.86431e-18
6494.47 1.86431e-18
6498.58 1.86431e-18
6502.69 1.86431e-18
6506.8 1.86431e-18
6510.91 1.86431e-18
6515.01 1.86431e-18
6519.12 1.86431e-18
6523.23 1.86431e-18
6527.34 1.86431e-18
6531.44 1.86431e-18
6535.55 1.86431e-18
6539.66 1.86431e-18
6543.77 1.86431e-18
6547.88 1.86431e-18
6551.98 1.86431e-18
6556.09 1.86431e-18
6560.2 1.86431e-18
6564.31 1.86431e-18
6568.42 1.86431e-18
6572.52 1.86431e-18
6576.63 1.86431e-18
6580.74 1.86431e-18
6584.85 1.86431e-18
6588.95 1.86431e-18
6593.06 1.86431e-18
6597.17 1.86431e-18
6601.28 1.86431e-18
6605.39 1.86431e-18
6609.49 1.86431e-18
6613.6 1.86431e-18
6617.71 1.86431e-18
6621.82 1.86431e-18
6625.92 1.86431e-18
6630.03 1.86431e-18
6634.14 1.86431e-18
6638.25 1.86431e-18
6642.36 1.86431e-18
6646.46 1.86431e-18
6650.57 1.86431e-18
6654.68 1.86431e-18
6658.79 1.86431e-18
6662.9 1.86431e-18
6667 1.86431e-18
6671.11 1.86431e-18
6675.22 1.86431e-18
6679.33 1.86431e-18
6683.43 1.86431e-18
6687.54 1.86431e-18
6691.65 1.86431e-18
6695.76 1.86431e-18
6699.87 1.86431e-18
6703.97 1.86431e-18
6708.08 1.86431e-18
6712.19 1.86431e-18
6716.3 1.86431e-18
6720.4 1.86431e-18
6724.51 1.86431e-18
6728.62 1.86431e-18
6732.73 1.86431e-18
6736.84 1.86431e-18
6740.94 1.86431e-18
6745.05 1.86431e-18
6749.16 1.86431e-18
6753.27 1.86431e-18
6757.38 1.86431e-18
6761.48 1.86431e-18
6765.59 1.86431e-18
6769.7 1.86431e-18
6773.81 1.86431e-18
6777.91 1.86431e-18
6782.02 1.86431e-18
6786.13 1.86431e-18
6790.24 1.86431e-18
6794.35 1.86431e-18
6798.45 1.86431e-18
6802.56 1.86431e-18
6806.67 1.86431e-18
6810.78 1.86431e-18
6814.88 1.86431e-18
6818.99 1.86431e-18
6823.1 1.86431e-18
6827.21 1.86431e-18
6831.32 1.86431e-18
6835.42 1.86431e-18
6839.53 1.86431e-18
6843.64 1.86431e-18
6847.75 1.86431e-18
6851.86 1.86431e-18
6855.96 1.86431e-18
6860.07 1.86431e-18
6864.18 1.86431e-18
6868.29 1.86431e-18
6872.39 1.86431e-18
6876.5 1.86431e-18
6880.61 1.86431e-18
6884.72 1.86431e-18
6888.83 1.86431e-18
6892.93 1.86431e-18
6897.04 1.86431e-18
6901.15 1.86431e-18
6905.26 1.86431e-18
6909.36 1.86431e-18
6913.47 1.86431e-18
6917.58 1.86431e-18
6921.69 1.86431e-18
6925.8 1.86431e-18
6929.9 1.86431e-18
6934.01 1.86431e-18
6938.12 1.86431e-18
6942.23 1.86431e-18
6946.34 1.86431e-18
6950.44 1.86431e-18
6954.55 1.86431e-18
6958.66 1.86431e-18
6962.77 1.86431e-18
6966.87 1.86431e-18
6970.98 1.86431e-18
6975.09 1.86431e-18
6979.2 1.86431e-18
6983.31 1.86431e-18
6987.41 1.86431e-18
6991.52 1.86431e-18
6995.63 1.86431e-18
6999.74 1.86431e-18
7003.84 1.86431e-18
7007.95 1.86431e-18
7012.06 1.86431e-18
7016.17 1.86431e-18
7020.28 1.86431e-18
7024.38 1.86431e-18
7028.49 1.86431e-18
7032.6 1.86431e-18
7036.71 1.86431e-18
7040.82 1.86431e-18
7044.92 1.86431e-18
7049.03 1.86431e-18
7053.14 1.86431e-18
7057.25 1.86431e-18
7061.35 1.86431e-18
7065.46 1.86431e-18
7069.57 1.86431e-18
7073.68 1.86431e-18
7077.79 1.86431e-18
7081.89 1.86431e-18
7086 1.86431e-18
7090.11 1.86431e-18
7094.22 1.86431e-18
7098.32 1.86431e-18
7102.43 1.86431e-18
7106.54 1.86431e-18
7110.65 1.86431e-18
7114.76 1.86431e-18
7118.86 1.86431e-18
7122.97 1.86431e-18
7127.08 1.86431e-18
7131.19 1.86431e-18
7135.3 1.86431e-18
7139.4 1.86431e-18
7143.51 1.86431e-18
7147.62 1.86431e-18
7151.73 1.86431e-18
7155.83 1.86431e-18
7159.94 1.86431e-18
7164.05 1.86431e-18
7168.16 1.86431e-18
7172.27 1.86431e-18
7176.37 1.86431e-18
7180.48 1.86431e-18
7184.59 1.86431e-18
7188.7 1.86431e-18
7192.8 1.86431e-18
7196.91 1.86431e-18
7201.02 1.86431e-18
7205.13 1.86431e-18
7209.24 1.86431e-18
7213.34 1.86431e-18
7217.45 1.86431e-18
7221.56 1.86431e-18
7225.67 1.86431e-18
7229.78 1.86431e-18
7233.88 1.86431e-18
7237.99 1.86431e-18
7242.1 1.86431e-18
7246.21 1.86431e-18
7250.31 1.86431e-18
7254.42 1.86431e-18
7258.53 1.86431e-18
7262.64 1.86431e-18
7266.75 1.86431e-18
7270.85 1.86431e-18
7274.96 1.86431e-18
7279.07 1.86431e-18
7283.18 1.86431e-18
7287.28 1.86431e-18
7291.39 1.86431e-18
7295.5 1.86431e-18
7299.61 1.86431e-18
7303.72 1.86431e-18
7307.82 1.86431e-18
7311.93 1.86431e-18
7316.04 1.86431e-18
7320.15 1.86431e-18
7324.26 1.86431e-18
7328.36 1.86431e-18
7332.47 1.86431e-18
7336.58 1.86431e-18
7340.69 1.86431e-18
7344.79 1.86431e-18
7348.9 1.86431e-18
7353.01 1.86431e-18
7357.12 1.86431e-18
7361.23 1.86431e-18
7365.33 1.86431e-18
7369.44 1.86431e-18
7373.55 1.86431e-18
7377.66 1.86431e-18
7381.76 1.86431e-18
7385.87 1.86431e-18
7389.98 1.86431e-18
7394.09 1.86431e-18
7398.2 1.86431e-18
7402.3 1.86431e-18
7406.41 1.86431e-18
7410.52 1.86431e-18
7414.63 1.86431e-18
7418.74 1.86431e-18
7422.84 1.86431e-18
7426.95 1.86431e-18
7431.06 1.86431e-18
7435.17 1.86431e-18
7439.27 1.86431e-18
7443.38 1.86431e-18
7447.49 1.86431e-18
7451.6 1.86431e-18
7455.71 1.86431e-18
7459.81 1.86431e-18
7463.92 1.86431e-18
7468.03 1.86431e-18
7472.14 1.86431e-18
7476.24 1.86431e-18
7480.35 1.86431e-18
7484.46 1.86431e-18
7488.57 1.86431e-18
7492.68 1.86431e-18
7496.78 1.86431e-18
7500.89 1.86431e-18
7505 1.86431e-18
7509.11 1.86431e-18
7513.22 1.86431e-18
7517.32 1.86431e-18
7521.43 1.86431e-18
7525.54 1.86431e-18
7529.65 1.86431e-18
7533.75 1.86431e-18
7537.86 1.86431e-18
7541.97 1.86431e-18
7546.08 1.86431e-18
7550.19 1.86431e-18
7554.29 1.86431e-18
7558.4 1.86431e-18
7562.51 1.86431e-18
7566.62 1.86431e-18
7570.72 1.86431e-18
7574.83 1.86431e-18
7578.94 1.86431e-18
7583.05 1.86431e-18
7587.16 1.86431e-18
7591.26 1.86431e-18
7595.37 1.86431e-18
7599.48 1.86431e-18
7603.59 1.86431e-18
7607.7 1.86431e-18
7611.8 1.86431e-18
7615.91 1.86431e-18
7620.02 1.86431e-18
7624.13 1.86431e-18
7628.23 1.86431e-18
7632.34 1.86431e-18
7636.45 1.86431e-18
7640.56 1.86431e-18
7644.67 1.86431e-18
7648.77 1.86431e-18
7652.88 1.86431e-18
7656.99 1.86431e-18
7661.1 1.86431e-18
7665.21 1.86431e-18
7669.31 1.86431e-18
7673.42 1.86431e-18
7677.53 1.86431e-18
7681.64 1.86431e-18
7685.74 1.86431e-18
7689.85 1.86431e-18
7693.96 1.86431e-18
7698.07 1.86431e-18
7702.18 1.86431e-18
7706.28 1.86431e-18
7710.39 1.86431e-18
7714.5 1.86431e-18
7718.61 1.86431e-18
7722.71 1.86431e-18
7726.82 1.86431e-18
7730.93 1.86431e-18
7735.04 1.86431e-18
7739.15 1.86431e-18
7743.25 1.86431e-18
7747.36 1.86431e-18
7751.47 1.86431e-18
7755.58 1.86431e-18
7759.69 1.86431e-18
7763.79 1.86431e-18
7767.9 1.86431e-18
7772.01 1.86431e-18
7776.12 1.86431e-18
7780.22 1.86431e-18
7784.33 1.86431e-18
7788.44 1.86431e-18
7792.55 1.86431e-18
7796.66 1.86431e-18
7800.76 1.86431e-18
7804.87 1.86431e-18
7808.98 1.86431e-18
7813.09 1.86431e-18
7817.19 1.86431e-18
7821.3 1.86431e-18
7825.41 1.86431e-18
7829.52 1.86431e-18
7833.63 1.86431e-18
7837.73 1.86431e-18
7841.84 1.86431e-18
7845.95 1.86431e-18
7850.06 1.86431e-18
7854.17 1.86431e-18
7858.27 1.86431e-18
7862.38 1.86431e-18
7866.49 1.86431e-18
7870.6 1.86431e-18
7874.7 1.86431e-18
7878.81 1.86431e-18
7882.92 1.86431e-18
7887.03 1.86431e-18
7891.14 1.86431e-18
7895.24 1.86431e-18
7899.35 1.86431e-18
7903.46 1.86431e-18
7907.57 1.86431e-18
7911.67 1.86431e-18
7915.78 1.86431e-18
7919.89 1.86431e-18
7924 1.86431e-18
7928.11 1.86431e-18
7932.21 1.86431e-18
7936.32 1.86431e-18
7940.43 1.86431e-18
7944.54 1.86431e-18
7948.65 1.86431e-18
7952.75 1.86431e-18
7956.86 1.86431e-18
7960.97 1.86431e-18
7965.08 1.86431e-18
7969.18 1.86431e-18
7973.29 1.86431e-18
7977.4 1.86431e-18
7981.51 1.86431e-18
7985.62 1.86431e-18
7989.72 1.86431e-18
7993.83 1.86431e-18
7997.94 1.86431e-18
8002.05 1.86431e-18
8006.15 1.86431e-18
8010.26 1.86431e-18
8014.37 1.86431e-18
8018.48 1.86431e-18
8022.59 1.86431e-18
8026.69 1.86431e-18
8030.8 1.86431e-18
8034.91 1.86431e-18
8039.02 1.86431e-18
8043.13 1.86431e-18
8047.23 1.86431e-18
8051.34 1.86431e-18
8055.45 1.86431e-18
8059.56 1.86431e-18
8063.66 1.86431e-18
8067.77 1.86431e-18
8071.88 1.86431e-18
8075.99 1.86431e-18
8080.1 1.86431e-18
8084.2 1.86431e-18
8088.31 1.86431e-18
8092.42 1.86431e-18
8096.53 1.86431e-18
8100.63 1.86431e-18
8104.74 1.86431e-18
8108.85 1.86431e-18
8112.96 1.86431e-18
8117.07 1.86431e-18
8121.17 1.86431e-18
8125.28 1.86431e-18
8129.39 1.86431e-18
8133.5 1.86431e-18
8137.61 1.86431e-18
8141.71 1.86431e-18
8145.82 1.86431e-18
8149.93 1.86431e-18
8154.04 1.86431e-18
8158.14 1.86431e-18
8162.25 1.86431e-18
8166.36 1.86431e-18
8170.47 1.86431e-18
8174.58 1.86431e-18
8178.68 1.86431e-18
8182.79 1.86431e-18
8186.9 1.86431e-18
8191.01 1.86431e-18
8195.11 1.86431e-18
8199.22 1.86431e-18
8203.33 1.86431e-18
8207.44 1.86431e-18
8211.55 1.86431e-18
8215.65 1.86431e-18
8219.76 1.86431e-18
8223.87 1.86431e-18
8227.98 1.86431e-18
8232.09 1.86431e-18
8236.19 1.86431e-18
8240.3 1.86431e-18
8244.41 1.86431e-18
8248.52 1.86431e-18
8252.62 1.86431e-18
8256.73 1.86431e-18
8260.84 1.86431e-18
8264.95 1.86431e-18
8269.06 1.86431e-18
8273.16 1.86431e-18
8277.27 1.86431e-18
8281.38 1.86431e-18
8285.49 1.86431e-18
8289.59 1.86431e-18
8293.7 1.86431e-18
8297.81 1.86431e-18
8301.92 1.86431e-18
8306.03 1.86431e-18
8310.13 1.86431e-18
8314.24 1.86431e-18
8318.35 1.86431e-18
8322.46 1.86431e-18
8326.57 1.86431e-18
8330.67 1.86431e-18
8334.78 1.86431e-18
8338.89 1.86431e-18
8343 1.86431e-18
8347.1 1.86431e-18
8351.21 1.86431e-18
8355.32 1.86431e-18
8359.43 1.86431e-18
8363.54 1.86431e-18
8367.64 1.86431e-18
8371.75 1.86431e-18
8375.86 1.86431e-18
8379.97 1.86431e-18
8384.07 1.86431e-18
8388.18 1.86431e-18
8392.29 1.86431e-18
8396.4 1.86431e-18
8400.51 1.86431e-18
8404.61 1.86431e-18
8408.72 1.86431e-18
8412.83 1.86431e-18
8416.94 1.86431e-18
8421.05 1.86431e-18
8425.15 1.86431e-18
8429.26 1.86431e-18
8433.37 1.86431e-18
8437.48 1.86431e-18
8441.58 1.86431e-18
8445.69 1.86431e-18
8449.8 1.86431e-18
8453.91 1.86431e-18
8458.02 1.86431e-18
8462.12 1.86431e-18
8466.23 1.86431e-18
8470.34 1.86431e-18
8474.45 1.86431e-18
8478.55 1.86431e-18
8482.66 1.86431e-18
8486.77 1.86431e-18
8490.88 1.86431e-18
8494.99 1.86431e-18
8499.09 1.86431e-18
8503.2 1.86431e-18
8507.31 1.86431e-18
8511.42 1.86431e-18
8515.53 1.86431e-18
8519.63 1.86431e-18
8523.74 1.86431e-18
8527.85 1.86431e-18
8531.96 1.86431e-18
8536.06 1.86431e-18
8540.17 1.86431e-18
8544.28 1.86431e-18
8548.39 1.86431e-18
8552.5 1.86431e-18
8556.6 1.86431e-18
8560.71 1.86431e-18
8564.82 1.86431e-18
8568.93 1.86431e-18
8573.03 1.86431e-18
8577.14 1.86431e-18
8581.25 1.86431e-18
8585.36 1.86431e-18
8589.47 1.86431e-18
8593.57 1.86431e-18
8597.68 1.86431e-18
8601.79 1.86431e-18
8605.9 1.86431e-18
8610.01 1.86431e-18
8614.11 1.86431e-18
8618.22 1.86431e-18
8622.33 1.86431e-18
8626.44 1.86431e-18
8630.54 1.86431e-18
8634.65 1.86431e-18
8638.76 1.86431e-18
8642.87 1.86431e-18
8646.98 1.86431e-18
8651.08 1.86431e-18
8655.19 1.86431e-18
8659.3 1.86431e-18
8663.41 1.86431e-18
8667.51 1.86431e-18
8671.62 1.86431e-18
8675.73 1.86431e-18
8679.84 1.86431e-18
8683.95 1.86431e-18
8688.05 1.86431e-18
8692.16 1.86431e-18
8696.27 1.86431e-18
8700.38 1.86431e-18
8704.49 1.86431e-18
8708.59 1.86431e-18
8712.7 1.86431e-18
8716.81 1.86431e-18
8720.92 1.86431e-18
8725.02 1.86431e-18
8729.13 1.86431e-18
8733.24 1.86431e-18
8737.35 1.86431e-18
8741.46 1.86431e-18
8745.56 1.86431e-18
8749.67 1.86431e-18
8753.78 1.86431e-18
8757.89 1.86431e-18
8761.99 1.86431e-18
8766.1 1.86431e-18
8770.21 1.86431e-18
8774.32 1.86431e-18
8778.43 1.86431e-18
8782.53 1.86431e-18
8786.64 1.86431e-18
8790.75 1.86431e-18
8794.86 1.86431e-18
8798.97 1.86431e-18
8803.07 1.86431e-18
8807.18 1.86431e-18
8811.29 1.86431e-18
8815.4 1.86431e-18
8819.5 1.86431e-18
8823.61 1.86431e-18
8827.72 1.86431e-18
8831.83 1.86431e-18
8835.94 1.86431e-18
8840.04 1.86431e-18
8844.15 1.86431e-18
8848.26 1.86431e-18
8852.37 1.86431e-18
8856.47 1.86431e-18
8860.58 1.86431e-18
8864.69 1.86431e-18
8868.8 1.86431e-18
8872.91 1.86431e-18
8877.01 1.86431e-18
8881.12 1.86431e-18
8885.23 1.86431e-18
8889.34 1.86431e-18
8893.45 1.86431e-18
8897.55 1.86431e-18
8901.66 1.86431e-18
8905.77 1.86431e-18
8909.88 1.86431e-18
8913.98 1.86431e-18
8918.09 1.86431e-18
8922.2 1.86431e-18
8926.31 1.86431e-18
8930.42 1.86431e-18
8934.52 1.86431e-18
8938.63 1.86431e-18
8942.74 1.86431e-18
8946.85 1.86431e-18
8950.95 1.86431e-18
8955.06 1.86431e-18
8959.17 1.86431e-18
8963.28 1.86431e-18
8967.39 1.86431e-18
8971.49 1.86431e-18
8975.6 1.86431e-18
8979.71 1.86431e-18
8983.82 1.86431e-18
8987.93 1.86431e-18
8992.03 1.86431e-18
8996.14 1.86431e-18
9000.25 1.86431e-18
9004.36 1.86431e-18
9008.46 1.86431e-18
9012.57 1.86431e-18
9016.68 1.86431e-18
9020.79 1.86431e-18
9024.9 1.86431e-18
9029 1.86431e-18
9033.11 1.86431e-18
9037.22 1.86431e-18
9041.33 1.86431e-18
9045.43 1.86431e-18
9049.54 1.86431e-18
9053.65 1.86431e-18
9057.76 1.86431e-18
9061.87 1.86431e-18
9065.97 1.86431e-18
9070.08 1.86431e-18
9074.19 1.86431e-18
9078.3 1.86431e-18
9082.41 1.86431e-18
9086.51 1.86431e-18
9090.62 1.86431e-18
9094.73 1.86431e-18
9098.84 1.86431e-18
9102.94 1.86431e-18
9107.05 1.86431e-18
9111.16 1.86431e-18
9115.27 1.86431e-18
9119.38 1.86431e-18
9123.48 1.86431e-18
9127.59 1.86431e-18
9131.7 1.86431e-18
9135.81 1.86431e-18
9139.91 1.86431e-18
9144.02 1.86431e-18
9148.13 1.86431e-18
9152.24 1.86431e-18
9156.35 1.86431e-18
9160.45 1.86431e-18
9164.56 1.86431e-18
9168.67 1.86431e-18
9172.78 1.86431e-18
9176.89 1.86431e-18
9180.99 1.86431e-18
9185.1 1.86431e-18
9189.21 1.86431e-18
9193.32 1.86431e-18
9197.42 1.86431e-18
9201.53 1.86431e-18
9205.64 1.86431e-18
9209.75 1.86431e-18
9213.86 1.86431e-18
9217.96 1.86431e-18
9222.07 1.86431e-18
9226.18 1.86431e-18
9230.29 1.86431e-18
9234.39 1.86431e-18
9238.5 1.86431e-18
9242.61 1.86431e-18
9246.72 1.86431e-18
9250.83 1.86431e-18
9254.93 1.86431e-18
9259.04 1.86431e-18
9263.15 1.86431e-18
9267.26 1.86431e-18
9271.37 1.86431e-18
9275.47 1.86431e-18
9279.58 1.86431e-18
9283.69 1.86431e-18
9287.8 1.86431e-18
9291.9 1.86431e-18
9296.01 1.86431e-18
9300.12 1.86431e-18
9304.23 1.86431e-18
9308.34 1.86431e-18
9312.44 1.86431e-18
9316.55 1.86431e-18
9320.66 1.86431e-18
9324.77 1.86431e-18
9328.87 1.86431e-18
9332.98 1.86431e-18
9337.09 1.86431e-18
9341.2 1.86431e-18
9345.31 1.86431e-18
9349.41 1.86431e-18
9353.52 1.86431e-18
9357.63 1.86431e-18
9361.74 1.86431e-18
9365.85 1.86431e-18
9369.95 1.86431e-18
9374.06 1.86431e-18
9378.17 1.86431e-18
9382.28 1.86431e-18
9386.38 1.86431e-18
9390.49 1.86431e-18
9394.6 1.86431e-18
9398.71 1.86431e-18
9402.82 1.86431e-18
9406.92 1.86431e-18
9411.03 1.86431e-18
9415.14 1.86431e-18
9419.25 1.86431e-18
9423.35 1.86431e-18
9427.46 1.86431e-18
9431.57 1.86431e-18
9435.68 1.86431e-18
9439.79 1.86431e-18
9443.89 1.86431e-18
9448 1.86431e-18
9452.11 1.86431e-18
9456.22 1.86431e-18
9460.33 1.86431e-18
9464.43 1.86431e-18
9468.54 1.86431e-18
9472.65 1.86431e-18
9476.76 1.86431e-18
9480.86 1.86431e-18
9484.97 1.86431e-18
9489.08 1.86431e-18
9493.19 1.86431e-18
9497.3 1.86431e-18
9501.4 1.86431e-18
9505.51 1.86431e-18
9509.62 1.86431e-18
9513.73 1.86431e-18
9517.83 1.86431e-18
9521.94 1.86431e-18
9526.05 1.86431e-18
9530.16 1.86431e-18
9534.27 1.86431e-18
9538.37 1.86431e-18
9542.48 1.86431e-18
9546.59 1.86431e-18
9550.7 1.86431e-18
9554.81 1.86431e-18
9558.91 1.86431e-18
9563.02 1.86431e-18
9567.13 1.86431e-18
9571.24 1.86431e-18
9575.34 1.86431e-18
9579.45 1.86431e-18
9583.56 1.86431e-18
9587.67 1.86431e-18
9591.78 1.86431e-18
9595.88 1.86431e-18
9599.99 1.86431e-18
9604.1 1.86431e-18
9608.21 1.86431e-18
9612.31 1.86431e-18
9616.42 1.86431e-18
9620.53 1.86431e-18
9624.64 1.86431e-18
9628.75 1.86431e-18
9632.85 1.86431e-18
9636.96 1.86431e-18
9641.07 1.86431e-18
9645.18 1.86431e-18
9649.29 1.86431e-18
9653.39 1.86431e-18
9657.5 1.86431e-18
9661.61 1.86431e-18
9665.72 1.86431e-18
9669.82 1.86431e-18
9673.93 1.86431e-18
9678.04 1.86431e-18
9682.15 1.86431e-18
9686.26 1.86431e-18
9690.36 1.86431e-18
9694.47 1.86431e-18
9698.58 1.86431e-18
9702.69 1.86431e-18
9706.79 1.86431e-18
9710.9 1.86431e-18
9715.01 1.86431e-18
9719.12 1.86431e-18
9723.23 1.86431e-18
9727.33 1.86431e-18
9731.44 1.86431e-18
9735.55 1.86431e-18
9739.66 1.86431e-18
9743.77 1.86431e-18
9747.87 1.86431e-18
9751.98 1.86431e-18
9756.09 1.86431e-18
9760.2 1.86431e-18
9764.3 1.86431e-18
9768.41 1.86431e-18
9772.52 1.86431e-18
9776.63 1.86431e-18
9780.74 1.86431e-18
9784.84 1.86431e-18
9788.95 1.86431e-18
9793.06 1.86431e-18
9797.17 1.86431e-18
9801.28 1.86431e-18
9805.38 1.86431e-18
9809.49 1.86431e-18
9813.6 1.86431e-18
9817.71 1.86431e-18
9821.81 1.86431e-18
9825.92 1.86431e-18
9830.03 1.86431e-18
9834.14 1.86431e-18
9838.25 1.86431e-18
9842.35 1.86431e-18
9846.46 1.86431e-18
9850.57 1.86431e-18
9854.68 1.86431e-18
9858.78 1.86431e-18
9862.89 1.86431e-18
9867 1.86431e-18
9871.11 1.86431e-18
9875.22 1.86431e-18
9879.32 1.86431e-18
9883.43 1.86431e-18
9887.54 1.86431e-18
9891.65 1.86431e-18
9895.76 1.86431e-18
9899.86 1.86431e-18
9903.97 1.86431e-18
9908.08 1.86431e-18
9912.19 1.86431e-18
9916.29 1.86431e-18
9920.4 1.86431e-18
9924.51 1.86431e-18
9928.62 1.86431e-18
9932.73 1.86431e-18
9936.83 1.86431e-18
9940.94 1.86431e-18
9945.05 1.86431e-18
9949.16 1.86431e-18
9953.26 1.86431e-18
9957.37 1.86431e-18
9961.48 1.86431e-18
9965.59 1.86431e-18
9969.7 1.86431e-18
9973.8 1.86431e-18
9977.91 1.86431e-18
9982.02 1.86431e-18
9986.13 1.86431e-18
9990.24 1.86431e-18
9994.34 1.86431e-18
9998.45 1.86431e-18
10002.6 1.86431e-18
10006.7 1.86431e-18
10010.8 1.86431e-18
10014.9 1.86431e-18
10019 1.86431e-18
10023.1 1.86431e-18
10027.2 1.86431e-18
10031.3 1.86431e-18
10035.4 1.86431e-18
10039.5 1.86431e-18
10043.6 1.86431e-18
10047.7 1.86431e-18
10051.9 1.86431e-18
10056 1.86431e-18
10060.1 1.86431e-18
10064.2 1.86431e-18
10068.3 1.86431e-18
10072.4 1.86431e-18
10076.5 1.86431e-18
10080.6 1.86431e-18
10084.7 1.86431e-18
10088.8 1.86431e-18
10092.9 1.86431e-18
10097 1.86431e-18
10101.1 1.86431e-18
10105.3 1.86431e-18
10109.4 1.86431e-18
10113.5 1.86431e-18
10117.6 1.86431e-18
10121.7 1.86431e-18
10125.8 1.86431e-18
10129.9 1.86431e-18
10134 1.86431e-18
10138.1 1.86431e-18
10142.2 1.86431e-18
10146.3 1.86431e-18
10150.4 1.86431e-18
10154.5 1.86431e-18
10158.7 1.86431e-18
10162.8 1.86431e-18
10166.9 1.86431e-18
10171 1.86431e-18
10175.1 1.86431e-18
10179.2 1.86431e-18
10183.3 1.86431e-18
10187.4 1.86431e-18
10191.5 1.86431e-18
10195.6 1.86431e-18
10199.7 1.86431e-18
10203.8 1.86431e-18
10207.9 1.86431e-18
10212.1 1.86431e-18
10216.2 1.86431e-18
10220.3 1.86431e-18
10224.4 1.86431e-18
10228.5 1.86431e-18
10232.6 1.86431e-18
10236.7 1.86431e-18
10240.8 1.86431e-18
10244.9 1.86431e-18
10249 1.86431e-18
10253.1 1.86431e-18
10257.2 1.86431e-18
10261.4 1.86431e-18
10265.5 1.86431e-18
10269.6 1.86431e-18
10273.7 1.86431e-18
10277.8 1.86431e-18
10281.9 1.86431e-18
10286 1.86431e-18
10290.1 1.86431e-18
10294.2 1.86431e-18
10298.3 1.86431e-18
10302.4 1.86431e-18
10306.5 1.86431e-18
10310.6 1.86431e-18
10314.8 1.86431e-18
10318.9 1.86431e-18
10323 1.86431e-18
10327.1 1.86431e-18
10331.2 1.86431e-18
10335.3 1.86431e-18
10339.4 1.86431e-18
10343.5 1.86431e-18
10347.6 1.86431e-18
10351.7 1.86431e-18
10355.8 1.86431e-18
10359.9 1.86431e-18
10364 1.86431e-18
10368.2 1.86431e-18
10372.3 1.86431e-18
10376.4 1.86431e-18
10380.5 1.86431e-18
10384.6 1.86431e-18
10388.7 1.86431e-18
10392.8 1.86431e-18
10396.9 1.86431e-18
10401 1.86431e-18
10405.1 1.86431e-18
10409.2 1.86431e-18
10413.3 1.86431e-18
10417.4 1.86431e-18
10421.6 1.86431e-18
10425.7 1.86431e-18
10429.8 1.86431e-18
10433.9 1.86431e-18
10438 1.86431e-18
10442.1 1.86431e-18
10446.2 1.86431e-18
10450.3 1.86431e-18
10454.4 1.86431e-18
10458.5 1.86431e-18
10462.6 1.86431e-18
10466.7 1.86431e-18
10470.9 1.86431e-18
10475 1.86431e-18
10479.1 1.86431e-18
10483.2 1.86431e-18
10487.3 1.86431e-18
10491.4 1.86431e-18
10495.5 1.86431e-18
10499.6 1.86431e-18
10503.7 1.86431e-18
10507.8 1.86431e-18
10511.9 1.86431e-18
10516 1.86431e-18
10520.1 1.86431e-18
10524.3 1.86431e-18
10528.4 1.86431e-18
10532.5 1.86431e-18
10536.6 1.86431e-18
10540.7 1.86431e-18
10544.8 1.86431e-18
10548.9 1.86431e-18
10553 1.86431e-18
10557.1 1.86431e-18
10561.2 1.86431e-18
10565.3 1.86431e-18
10569.4 1.86431e-18
10573.5 1.86431e-18
10577.7 1.86431e-18
10581.8 1.86431e-18
10585.9 1.86431e-18
10590 1.86431e-18
10594.1 1.86431e-18
10598.2 1.86431e-18
10602.3 1.86431e-18
10606.4 1.86431e-18
10610.5 1.86431e-18
10614.6 1.86431e-18
10618.7 1.86431e-18
10622.8 1.86431e-18
10626.9 1.86431e-18
10631.1 1.86431e-18
10635.2 1.86431e-18
10639.3 1.86431e-18
10643.4 1.86431e-18
10647.5 1.86431e-18
10651.6 1.86431e-18
10655.7 1.86431e-18
10659.8 1.86431e-18
10663.9 1.86431e-18
10668 1.86431e-18
10672.1 1.86431e-18
10676.2 1.86431e-18
10680.3 1.86431e-18
10684.5 1.86431e-18
10688.6 1.86431e-18
10692.7 1.86431e-18
10696.8 1.86431e-18
10700.9 1.86431e-18
10705 1.86431e-18
10709.1 1.86431e-18
10713.2 1.86431e-18
10717.3 1.86431e-18
10721.4 1.86431e-18
10725.5 1.86431e-18
10729.6 1.86431e-18
10733.8 1.86431e-18
10737.9 1.86431e-18
10742 1.86431e-18
10746.1 1.86431e-18
10750.2 1.86431e-18
10754.3 1.86431e-18
10758.4 1.86431e-18
10762.5 1.86431e-18
10766.6 1.86431e-18
10770.7 1.86431e-18
10774.8 1.86431e-18
10778.9 1.86431e-18
10783 1.86431e-18
10787.2 1.86431e-18
10791.3 1.86431e-18
10795.4 1.86431e-18
10799.5 1.86431e-18
10803.6 1.86431e-18
10807.7 1.86431e-18
10811.8 1.86431e-18
10815.9 1.86431e-18
10820 1.86431e-18
10824.1 1.86431e-18
10828.2 1.86431e-18
10832.3 1.86431e-18
10836.4 1.86431e-18
10840.6 1.86431e-18
10844.7 1.86431e-18
10848.8 1.86431e-18
10852.9 1.86431e-18
10857 1.86431e-18
10861.1 1.86431e-18
10865.2 1.86431e-18
10869.3 1.86431e-18
10873.4 1.86431e-18
10877.5 1.86431e-18
10881.6 1.86431e-18
10885.7 1.86431e-18
10889.8 1.86431e-18
10894 1.86431e-18
10898.1 1.86431e-18
10902.2 1.86431e-18
10906.3 1.86431e-18
10910.4 1.86431e-18
10914.5 1.86431e-18
10918.6 1.86431e-18
10922.7 1.86431e-18
10926.8 1.86431e-18
10930.9 1.86431e-18
10935 1.86431e-18
10939.1 1.86431e-18
10943.3 1.86431e-18
10947.4 1.86431e-18
10951.5 1.86431e-18
10955.6 1.86431e-18
10959.7 1.86431e-18
10963.8 1.86431e-18
10967.9 1.86431e-18
10972 1.86431e-18
10976.1 1.86431e-18
10980.2 1.86431e-18
10984.3 1.86431e-18
10988.4 1.86431e-18
10992.5 1.86431e-18
10996.7 1.86431e-18
11000.8 1.86431e-18
11004.9 1.86431e-18
11009 1.86431e-18
11013.1 1.86431e-18
11017.2 1.86431e-18
11021.3 1.86431e-18
11025.4 1.86431e-18
11029.5 1.86431e-18
11033.6 1.86431e-18
11037.7 1.86431e-18
11041.8 1.86431e-18
11045.9 1.86431e-18
11050.1 1.86431e-18
11054.2 1.86431e-18
11058.3 1.86431e-18
11062.4 1.86431e-18
11066.5 1.86431e-18
11070.6 1.86431e-18
11074.7 1.86431e-18
11078.8 1.86431e-18
11082.9 1.86431e-18
11087 1.86431e-18
11091.1 1.86431e-18
11095.2 1.86431e-18
11099.3 1.86431e-18
11103.5 1.86431e-18
11107.6 1.86431e-18
11111.7 1.86431e-18
11115.8 1.86431e-18
11119.9 1.86431e-18
11124 1.86431e-18
11128.1 1.86431e-18
11132.2 1.86431e-18
11136.3 1.86431e-18
11140.4 1.86431e-18
11144.5 1.86431e-18
11148.6 1.86431e-18
11152.8 1.86431e-18
11156.9 1.86431e-18
11161 1.86431e-18
11165.1 1.86431e-18
11169.2 1.86431e-18
11173.3 1.86431e-18
11177.4 1.86431e-18
11181.5 1.86431e-18
11185.6 1.86431e-18
11189.7 1.86431e-18
11193.8 1.86431e-18
11197.9 1.86431e-18
11202 1.86431e-18
11206.2 1.86431e-18
11210.3 1.86431e-18
11214.4 1.86431e-18
11218.5 1.86431e-18
11222.6 1.86431e-18
11226.7 1.86431e-18
11230.8 1.86431e-18
11234.9 1.86431e-18
11239 1.86431e-18
11243.1 1.86431e-18
11247.2 1.86431e-18
11251.3 1.86431e-18
11255.4 1.86431e-18
11259.6 1.86431e-18
11263.7 1.86431e-18
11267.8 1.86431e-18
11271.9 1.86431e-18
11276 1.86431e-18
11280.1 1.86431e-18
11284.2 1.86431e-18
11288.3 1.86431e-18
11292.4 1.86431e-18
11296.5 1.86431e-18
11300.6 1.86431e-18
11304.7 1.86431e-18
11308.8 1.86431e-18
11313 1.86431e-18
11317.1 1.86431e-18
11321.2 1.86431e-18
11325.3 1.86431e-18
11329.4 1.86431e-18
11333.5 1.86431e-18
11337.6 1.86431e-18
11341.7 1.86431e-18
11345.8 1.86431e-18
11349.9 1.86431e-18
11354 1.86431e-18
11358.1 1.86431e-18
11362.2 1.86431e-18
11366.4 1.86431e-18
11370.5 1.86431e-18
11374.6 1.86431e-18
11378.7 1.86431e-18
11382.8 1.86431e-18
11386.9 1.86431e-18
11391 1.86431e-18
11395.1 1.86431e-18
11399.2 1.86431e-18
11403.3 1.86431e-18
11407.4 1.86431e-18
11411.5 1.86431e-18
11415.7 1.86431e-18
11419.8 1.86431e-18
11423.9 1.86431e-18
11428 1.86431e-18
11432.1 1.86431e-18
11436.2 1.86431e-18
11440.3 1.86431e-18
11444.4 1.86431e-18
11448.5 1.86431e-18
11452.6 1.86431e-18
11456.7 1.86431e-18
11460.8 1.86431e-18
11464.9 1.86431e-18
11469.1 1.86431e-18
11473.2 1.86431e-18
11477.3 1.86431e-18
11481.4 1.86431e-18
11485.5 1.86431e-18
11489.6 1.86431e-18
11493.7 1.86431e-18
11497.8 1.86431e-18
11501.9 1.86431e-18
11506 1.86431e-18
11510.1 1.86431e-18
11514.2 1.86431e-18
11518.3 1.86431e-18
11522.5 1.86431e-18
11526.6 1.86431e-18
11530.7 1.86431e-18
11534.8 1.86431e-18
11538.9 1.86431e-18
11543 1.86431e-18
11547.1 1.86431e-18
11551.2 1.86431e-18
11555.3 1.86431e-18
11559.4 1.86431e-18
11563.5 1.86431e-18
11567.6 1.86431e-18
11571.7 1.86431e-18
11575.9 1.86431e-18
11580 1.86431e-18
11584.1 1.86431e-18
11588.2 1.86431e-18
11592.3 1.86431e-18
11596.4 1.86431e-18
11600.5 1.86431e-18
11604.6 1.86431e-18
11608.7 1.86431e-18
11612.8 1.86431e-18
11616.9 1.86431e-18
11621 1.86431e-18
11625.2 1.86431e-18
11629.3 1.86431e-18
11633.4 1.86431e-18
11637.5 1.86431e-18
11641.6 1.86431e-18
11645.7 1.86431e-18
11649.8 1.86431e-18
11653.9 1.86431e-18
11658 1.86431e-18
11662.1 1.86431e-18
11666.2 1.86431e-18
11670.3 1.86431e-18
11674.4 1.86431e-18
11678.6 1.86431e-18
11682.7 1.86431e-18
11686.8 1.86431e-18
11690.9 1.86431e-18
11695 1.86431e-18
11699.1 1.86431e-18
11703.2 1.86431e-18
11707.3 1.86431e-18
11711.4 1.86431e-18
11715.5 1.86431e-18
11719.6 1.86431e-18
11723.7 1.86431e-18
11727.8 1.86431e-18
11732 1.86431e-18
11736.1 1.86431e-18
11740.2 1.86431e-18
11744.3 1.86431e-18
11748.4 1.86431e-18
11752.5 1.86431e-18
11756.6 1.86431e-18
11760.7 1.86431e-18
11764.8 1.86431e-18
11768.9 1.86431e-18
11773 1.86431e-18
11777.1 1.86431e-18
11781.2 1.86431e-18
11785.4 1.86431e-18
11789.5 1.86431e-18
11793.6 1.86431e-18
11797.7 1.86431e-18
11801.8 1.86431e-18
11805.9 1.86431e-18
11810 1.86431e-18
11814.1 1.86431e-18
11818.2 1.86431e-18
11822.3 1.86431e-18
11826.4 1.86431e-18
11830.5 1.86431e-18
11834.6 1.86431e-18
11838.8 1.86431e-18
11842.9 1.86431e-18
11847 1.86431e-18
11851.1 1.86431e-18
11855.2 1.86431e-18
11859.3 1.86431e-18
11863.4 1.86431e-18
11867.5 1.86431e-18
11871.6 1.86431e-18
11875.7 1.86431e-18
11879.8 1.86431e-18
11883.9 1.86431e-18
11888.1 1.86431e-18
11892.2 1.86431e-18
11896.3 1.86431e-18
11900.4 1.86431e-18
11904.5 1.86431e-18
11908.6 1.86431e-18
11912.7 1.86431e-18
11916.8 1.86431e-18
11920.9 1.86431e-18
11925 1.86431e-18
11929.1 1.86431e-18
11933.2 1.86431e-18
11937.3 1.86431e-18
11941.5 1.86431e-18
11945.6 1.86431e-18
11949.7 1.86431e-18
11953.8 1.86431e-18
11957.9 1.86431e-18
11962 1.86431e-18
11966.1 1.86431e-18
11970.2 1.86431e-18
11974.3 1.86431e-18
11978.4 1.86431e-18
11982.5 1.86431e-18
11986.6 1.86431e-18
11990.7 1.86431e-18
11994.9 1.86431e-18
11999 1.86431e-18
12003.1 1.86431e-18
12007.2 1.86431e-18
12011.3 1.86431e-18
12015.4 1.86431e-18
12019.5 1.86431e-18
12023.6 1.86431e-18
12027.7 1.86431e-18
12031.8 1.86431e-18
12035.9 1.86431e-18
12040 1.86431e-18
12044.1 1.86431e-18
12048.3 1.86431e-18
12052.4 1.86431e-18
12056.5 1.86431e-18
12060.6 1.86431e-18
12064.7 1.86431e-18
12068.8 1.86431e-18
12072.9 1.86431e-18
12077 1.86431e-18
12081.1 1.86431e-18
12085.2 1.86431e-18
12089.3 1.86431e-18
12093.4 1.86431e-18
12097.6 1.86431e-18
12101.7 1.86431e-18
12105.8 1.86431e-18
12109.9 1.86431e-18
12114 1.86431e-18
12118.1 1.86431e-18
12122.2 1.86431e-18
12126.3 1.86431e-18
12130.4 1.86431e-18
12134.5 1.86431e-18
12138.6 1.86431e-18
12142.7 1.86431e-18
12146.8 1.86431e-18
12151 1.86431e-18
12155.1 1.86431e-18
12159.2 1.86431e-18
12163.3 1.86431e-18
12167.4 1.86431e-18
12171.5 1.86431e-18
12175.6 1.86431e-18
12179.7 1.86431e-18
12183.8 1.86431e-18
12187.9 1.86431e-18
12192 1.86431e-18
12196.1 1.86431e-18
12200.2 1.86431e-18
12204.4 1.86431e-18
12208.5 1.86431e-18
12212.6 1.86431e-18
12216.7 1.86431e-18
12220.8 1.86431e-18
12224.9 1.86431e-18
12229 1.86431e-18
12233.1 1.86431e-18
12237.2 1.86431e-18
12241.3 1.86431e-18
12245.4 1.86431e-18
12249.5 1.86431e-18
12253.6 1.86431e-18
12257.8 1.86431e-18
12261.9 1.86431e-18
12266 1.86431e-18
12270.1 1.86431e-18
12274.2 1.86431e-18
12278.3 1.86431e-18
12282.4 1.86431e-18
12286.5 1.86431e-18
12290.6 1.86431e-18
12294.7 1.86431e-18
12298.8 1.86431e-18
12302.9 1.86431e-18
12307 1.86431e-18
12311.2 1.86431e-18
12315.3 1.86431e-18
12319.4 1.86431e-18
12323.5 1.86431e-18
12327.6 1.86431e-18
12331.7 1.86431e-18
12335.8 1.86431e-18
12339.9 1.86431e-18
12344 1.86431e-18
12348.1 1.86431e-18
12352.2 1.86431e-18
12356.3 1.86431e-18
12360.5 1.86431e-18
12364.6 1.86431e-18
12368.7 1.86431e-18
12372.8 1.86431e-18
12376.9 1.86431e-18
12381 1.86431e-18
12385.1 1.86431e-18
12389.2 1.86431e-18
12393.3 1.86431e-18
12397.4 1.86431e-18
12401.5 1.86431e-18
12405.6 1.86431e-18
12409.7 1.86431e-18
12413.9 1.86431e-18
12418 1.86431e-18
12422.1 1.86431e-18
12426.2 1.86431e-18
12430.3 1.86431e-18
12434.4 1.86431e-18
12438.5 1.86431e-18
12442.6 1.86431e-18
12446.7 1.86431e-18
12450.8 1.86431e-18
12454.9 1.86431e-18
12459 1.86431e-18
12463.1 1.86431e-18
12467.3 1.86431e-18
12471.4 1.86431e-18
12475.5 1.86431e-18
12479.6 1.86431e-18
12483.7 1.86431e-18
12487.8 1.86431e-18
12491.9 1.86431e-18
12496 1.86431e-18
12500.1 1.86431e-18
12504.2 1.86431e-18
12508.3 1.86431e-18
12512.4 1.86431e-18
12516.5 1.86431e-18
12520.7 1.86431e-18
12524.8 1.86431e-18
12528.9 1.86431e-18
12533 1.86431e-18
12537.1 1.86431e-18
12541.2 1.86431e-18
12545.3 1.86431e-18
12549.4 1.86431e-18
12553.5 1.86431e-18
12557.6 1.86431e-18
12561.7 1.86431e-18
12565.8 1.86431e-18
12570 1.86431e-18
12574.1 1.86431e-18
12578.2 1.86431e-18
12582.3 1.86431e-18
12586.4 1.86431e-18
12590.5 1.86431e-18
12594.6 1.86431e-18
12598.7 1.86431e-18
12602.8 1.86431e-18
12606.9 1.86431e-18
12611 1.86431e-18
12615.1 1.86431e-18
12619.2 1.86431e-18
12623.4 1.86431e-18
12627.5 1.86431e-18
12631.6 1.86431e-18
12635.7 1.86431e-18
12639.8 1.86431e-18
12643.9 1.86431e-18
12648 1.86431e-18
12652.1 1.86431e-18
12656.2 1.86431e-18
12660.3 1.86431e-18
12664.4 1.86431e-18
12668.5 1.86431e-18
12672.6 1.86431e-18
12676.8 1.86431e-18
12680.9 1.86431e-18
12685 1.86431e-18
12689.1 1.86431e-18
12693.2 1.86431e-18
12697.3 1.86431e-18
12701.4 1.86431e-18
12705.5 1.86431e-18
12709.6 1.86431e-18
12713.7 1.86431e-18
12717.8 1.86431e-18
12721.9 1.86431e-18
12726 1.86431e-18
12730.2 1.86431e-18
12734.3 1.86431e-18
12738.4 1.86431e-18
12742.5 1.86431e-18
12746.6 1.86431e-18
12750.7 1.86431e-18
12754.8 1.86431e-18
12758.9 1.86431e-18
12763 1.86431e-18
12767.1 1.86431e-18
12771.2 1.86431e-18
12775.3 1.86431e-18
12779.4 1.86431e-18
12783.6 1.86431e-18
12787.7 1.86431e-18
12791.8 1.86431e-18
12795.9 1.86431e-18
12800 1.86431e-18
12804.1 1.86431e-18
12808.2 1.86431e-18
12812.3 1.86431e-18
12816.4 1.86431e-18
12820.5 1.86431e-18
12824.6 1.86431e-18
12828.7 1.86431e-18
12832.9 1.86431e-18
12837 1.86431e-18
12841.1 1.86431e-18
12845.2 1.86431e-18
12849.3 1.86431e-18
12853.4 1.86431e-18
12857.5 1.86431e-18
12861.6 1.86431e-18
12865.7 1.86431e-18
12869.8 1.86431e-18
12873.9 1.86431e-18
12878 1.86431e-18
12882.1 1.86431e-18
12886.3 1.86431e-18
12890.4 1.86431e-18
12894.5 1.86431e-18
12898.6 1.86431e-18
12902.7 1.86431e-18
12906.8 1.86431e-18
12910.9 1.86431e-18
12915 1.86431e-18
12919.1 1.86431e-18
12923.2 1.86431e-18
12927.3 1.86431e-18
12931.4 1.86431e-18
12935.5 1.86431e-18
12939.7 1.86431e-18
12943.8 1.86431e-18
12947.9 1.86431e-18
12952 1.86431e-18
12956.1 1.86431e-18
12960.2 1.86431e-18
12964.3 1.86431e-18
12968.4 1.86431e-18
12972.5 1.86431e-18
12976.6 1.86431e-18
12980.7 1.86431e-18
12984.8 1.86431e-18
12988.9 1.86431e-18
12993.1 1.86431e-18
12997.2 1.86431e-18
13001.3 1.86431e-18
13005.4 1.86431e-18
13009.5 1.86431e-18
13013.6 1.86431e-18
13017.7 1.86431e-18
13021.8 1.86431e-18
13025.9 1.86431e-18
13030 1.86431e-18
13034.1 1.86431e-18
13038.2 1.86431e-18
13042.4 1.86431e-18
13046.5 1.86431e-18
13050.6 1.86431e-18
13054.7 1.86431e-18
13058.8 1.86431e-18
13062.9 1.86431e-18
13067 1.86431e-18
13071.1 1.86431e-18
13075.2 1.86431e-18
13079.3 1.86431e-18
13083.4 1.86431e-18
13087.5 1.86431e-18
13091.6 1.86431e-18
13095.8 1.86431e-18
13099.9 1.86431e-18
13104 1.86431e-18
13108.1 1.86431e-18
13112.2 1.86431e-18
13116.3 1.86431e-18
13120.4 1.86431e-18
13124.5 1.86431e-18
13128.6 1.86431e-18
13132.7 1.86431e-18
13136.8 1.86431e-18
13140.9 1.86431e-18
13145 1.86431e-18
13149.2 1.86431e-18
13153.3 1.86431e-18
13157.4 1.86431e-18
13161.5 1.86431e-18
13165.6 1.86431e-18
13169.7 1.86431e-18
13173.8 1.86431e-18
13177.9 1.86431e-18
13182 1.86431e-18
13186.1 1.86431e-18
13190.2 1.86431e-18
13194.3 1.86431e-18
13198.4 1.86431e-18
13202.6 1.86431e-18
13206.7 1.86431e-18
13210.8 1.86431e-18
13214.9 1.86431e-18
13219 1.86431e-18
13223.1 1.86431e-18
13227.2 1.86431e-18
13231.3 1.86431e-18
13235.4 1.86431e-18
13239.5 1.86431e-18
13243.6 1.86431e-18
13247.7 1.86431e-18
13251.8 1.86431e-18
13256 1.86431e-18
13260.1 1.86431e-18
13264.2 1.86431e-18
13268.3 1.86431e-18
13272.4 1.86431e-18
13276.5 1.86431e-18
13280.6 1.86431e-18
13284.7 1.86431e-18
13288.8 1.86431e-18
13292.9 1.86431e-18
13297 1.86431e-18
13301.1 1.86431e-18
13305.3 1.86431e-18
13309.4 1.86431e-18
13313.5 1.86431e-18
13317.6 1.86431e-18
13321.7 1.86431e-18
13325.8 1.86431e-18
13329.9 1.86431e-18
13334 1.86431e-18
13338.1 1.86431e-18
13342.2 1.86431e-18
13346.3 1.86431e-18
13350.4 1.86431e-18
13354.5 1.86431e-18
13358.7 1.86431e-18
13362.8 1.86431e-18
13366.9 1.86431e-18
13371 1.86431e-18
13375.1 1.86431e-18
13379.2 1.86431e-18
13383.3 1.86431e-18
13387.4 1.86431e-18
13391.5 1.86431e-18
13395.6 1.86431e-18
13399.7 1.86431e-18
13403.8 1.86431e-18
13407.9 1.86431e-18
13412.1 1.86431e-18
13416.2 1.86431e-18
13420.3 1.86431e-18
13424.4 1.86431e-18
13428.5 1.86431e-18
13432.6 1.86431e-18
13436.7 1.86431e-18
13440.8 1.86431e-18
13444.9 1.86431e-18
13449 1.86431e-18
13453.1 1.86431e-18
13457.2 1.86431e-18
13461.3 1.86431e-18
13465.5 1.86431e-18
13469.6 1.86431e-18
13473.7 1.86431e-18
13477.8 1.86431e-18
13481.9 1.86431e-18
13486 1.86431e-18
13490.1 1.86431e-18
13494.2 1.86431e-18
13498.3 1.86431e-18
13502.4 1.86431e-18
13506.5 1.86431e-18
13510.6 1.86431e-18
13514.8 1.86431e-18
13518.9 1.86431e-18
13523 1.86431e-18
13527.1 1.86431e-18
13531.2 1.86431e-18
13535.3 1.86431e-18
13539.4 1.86431e-18
13543.5 1.86431e-18
13547.6 1.86431e-18
13551.7 1.86431e-18
13555.8 1.86431e-18
13559.9 1.86431e-18
13564 1.86431e-18
13568.2 1.86431e-18
13572.3 1.86431e-18
13576.4 1.86431e-18
13580.5 1.86431e-18
13584.6 1.86431e-18
13588.7 1.86431e-18
13592.8 1.86431e-18
13596.9 1.86431e-18
13601 1.86431e-18
13605.1 1.86431e-18
13609.2 1.86431e-18
13613.3 1.86431e-18
13617.4 1.86431e-18
13621.6 1.86431e-18
13625.7 1.86431e-18
13629.8 1.86431e-18
13633.9 1.86431e-18
13638 1.86431e-18
13642.1 1.86431e-18
13646.2 1.86431e-18
13650.3 1.86431e-18
13654.4 1.86431e-18
13658.5 1.86431e-18
13662.6 1.86431e-18
13666.7 1.86431e-18
13670.8 1.86431e-18
13675 1.86431e-18
13679.1 1.86431e-18
13683.2 1.86431e-18
13687.3 1.86431e-18
13691.4 1.86431e-18
13695.5 1.86431e-18
13699.6 1.86431e-18
13703.7 1.86431e-18
13707.8 1.86431e-18
13711.9 1.86431e-18
13716 1.86431e-18
13720.1 1.86431e-18
13724.2 1.86431e-18
13728.4 1.86431e-18
13732.5 1.86431e-18
13736.6 1.86431e-18
13740.7 1.86431e-18
13744.8 1.86431e-18
13748.9 1.86431e-18
13753 1.86431e-18
13757.1 1.86431e-18
13761.2 1.86431e-18
13765.3 1.86431e-18
13769.4 1.86431e-18
13773.5 1.86431e-18
13777.7 1.86431e-18
13781.8 1.86431e-18
13785.9 1.86431e-18
13790 1.86431e-18
13794.1 1.86431e-18
13798.2 1.86431e-18
13802.3 1.86431e-18
13806.4 1.86431e-18
13810.5 1.86431e-18
13814.6 1.86431e-18
13818.7 1.86431e-18
13822.8 1.86431e-18
13826.9 1.86431e-18
13831.1 1.86431e-18
13835.2 1.86431e-18
13839.3 1.86431e-18
13843.4 1.86431e-18
13847.5 1.86431e-18
13851.6 1.86431e-18
13855.7 1.86431e-18
13859.8 1.86431e-18
13863.9 1.86431e-18
13868 1.86431e-18
13872.1 1.86431e-18
13876.2 1.86431e-18
13880.3 1.86431e-18
13884.5 1.86431e-18
13888.6 1.86431e-18
13892.7 1.86431e-18
13896.8 1.86431e-18
13900.9 1.86431e-18
13905 1.86431e-18
13909.1 1.86431e-18
13913.2 1.86431e-18
13917.3 1.86431e-18
13921.4 1.86431e-18
13925.5 1.86431e-18
13929.6 1.86431e-18
13933.7 1.86431e-18
13937.9 1.86431e-18
13942 1.86431e-18
13946.1 1.86431e-18
13950.2 1.86431e-18
13954.3 1.86431e-18
13958.4 1.86431e-18
13962.5 1.86431e-18
13966.6 1.86431e-18
13970.7 1.86431e-18
13974.8 1.86431e-18
13978.9 1.86431e-18
13983 1.86431e-18
13987.2 1.86431e-18
13991.3 1.86431e-18
13995.4 1.86431e-18
13999.5 1.86431e-18
14003.6 1.86431e-18
14007.7 1.86431e-18
14011.8 1.86431e-18
14015.9 1.86431e-18
14020 1.86431e-18
14024.1 1.86431e-18
14028.2 1.86431e-18
14032.3 1.86431e-18
14036.4 1.86431e-18
14040.6 1.86431e-18
14044.7 1.86431e-18
14048.8 1.86431e-18
14052.9 1.86431e-18
14057 1.86431e-18
14061.1 1.86431e-18
14065.2 1.86431e-18
14069.3 1.86431e-18
14073.4 1.86431e-18
14077.5 1.86431e-18
14081.6 1.86431e-18
14085.7 1.86431e-18
14089.8 1.86431e-18
14094 1.86431e-18
14098.1 1.86431e-18
14102.2 1.86431e-18
14106.3 1.86431e-18
14110.4 1.86431e-18
14114.5 1.86431e-18
14118.6 1.86431e-18
14122.7 1.86431e-18
14126.8 1.86431e-18
14130.9 1.86431e-18
14135 1.86431e-18
14139.1 1.86431e-18
14143.2 1.86431e-18
14147.4 1.86431e-18
14151.5 1.86431e-18
14155.6 1.86431e-18
14159.7 1.86431e-18
14163.8 1.86431e-18
14167.9 1.86431e-18
14172 1.86431e-18
14176.1 1.86431e-18
14180.2 1.86431e-18
14184.3 1.86431e-18
14188.4 1.86431e-18
14192.5 1.86431e-18
14196.6 1.86431e-18
14200.8 1.86431e-18
14204.9 1.86431e-18
14209 1.86431e-18
14213.1 1.86431e-18
14217.2 1.86431e-18
14221.3 1.86431e-18
14225.4 1.86431e-18
14229.5 1.86431e-18
14233.6 1.86431e-18
14237.7 1.86431e-18
14241.8 1.86431e-18
14245.9 1.86431e-18
14250.1 1.86431e-18
14254.2 1.86431e-18
14258.3 1.86431e-18
14262.4 1.86431e-18
14266.5 1.86431e-18
14270.6 1.86431e-18
14274.7 1.86431e-18
14278.8 1.86431e-18
14282.9 1.86431e-18
14287 1.86431e-18
14291.1 1.86431e-18
14295.2 1.86431e-18
14299.3 1.86431e-18
14303.5 1.86431e-18
14307.6 1.86431e-18
14311.7 1.86431e-18
14315.8 1.86431e-18
14319.9 1.86431e-18
14324 1.86431e-18
14328.1 1.86431e-18
14332.2 1.86431e-18
14336.3 1.86431e-18
14340.4 1.86431e-18
14344.5 1.86431e-18
14348.6 1.86431e-18
14352.7 1.86431e-18
14356.9 1.86431e-18
14361 1.86431e-18
14365.1 1.86431e-18
14369.2 1.86431e-18
14373.3 1.86431e-18
14377.4 1.86431e-18
14381.5 1.86431e-18
14385.6 1.86431e-18
14389.7 1.86431e-18
14393.8 1.86431e-18
14397.9 1.86431e-18
14402 1.86431e-18
14406.1 1.86431e-18
14410.3 1.86431e-18
14414.4 1.86431e-18
14418.5 1.86431e-18
14422.6 1.86431e-18
14426.7 1.86431e-18
14430.8 1.86431e-18
14434.9 1.86431e-18
14439 1.86431e-18
14443.1 1.86431e-18
14447.2 1.86431e-18
14451.3 1.86431e-18
14455.4 1.86431e-18
14459.6 1.86431e-18
14463.7 1.86431e-18
14467.8 1.86431e-18
14471.9 1.86431e-18
14476 1.86431e-18
14480.1 1.86431e-18
14484.2 1.86431e-18
14488.3 1.86431e-18
14492.4 1.86431e-18
14496.5 1.86431e-18
14500.6 1.86431e-18
14504.7 1.86431e-18
14508.8 1.86431e-18
14513 1.86431e-18
14517.1 1.86431e-18
14521.2 1.86431e-18
14525.3 1.86431e-18
14529.4 1.86431e-18
14533.5 1.86431e-18
14537.6 1.86431e-18
14541.7 1.86431e-18
14545.8 1.86431e-18
14549.9 1.86431e-18
14554 1.86431e-18
14558.1 1.86431e-18
14562.2 1.86431e-18
14566.4 1.86431e-18
14570.5 1.86431e-18
14574.6 1.86431e-18
14578.7 1.86431e-18
14582.8 1.86431e-18
14586.9 1.86431e-18
14591 1.86431e-18
14595.1 1.86431e-18
14599.2 1.86431e-18
14603.3 1.86431e-18
14607.4 1.86431e-18
14611.5 1.86431e-18
14615.6 1.86431e-18
14619.8 1.86431e-18
14623.9 1.86431e-18
14628 1.86431e-18
14632.1 1.86431e-18
14636.2 1.86431e-18
14640.3 1.86431e-18
14644.4 1.86431e-18
14648.5 1.86431e-18
14652.6 1.86431e-18
14656.7 1.86431e-18
14660.8 1.86431e-18
14664.9 1.86431e-18
14669 1.86431e-18
14673.2 1.86431e-18
14677.3 1.86431e-18
14681.4 1.86431e-18
14685.5 1.86431e-18
14689.6 1.86431e-18
14693.7 1.86431e-18
14697.8 1.86431e-18
14701.9 1.86431e-18
14706 1.86431e-18
14710.1 1.86431e-18
14714.2 1.86431e-18
14718.3 1.86431e-18
14722.5 1.86431e-18
14726.6 1.86431e-18
14730.7 1.86431e-18
14734.8 1.86431e-18
14738.9 1.86431e-18
14743 1.86431e-18
14747.1 1.86431e-18
14751.2 1.86431e-18
14755.3 1.86431e-18
14759.4 1.86431e-18
14763.5 1.86431e-18
14767.6 1.86431e-18
14771.7 1.86431e-18
14775.9 1.86431e-18
14780 1.86431e-18
14784.1 1.86431e-18
14788.2 1.86431e-18
14792.3 1.86431e-18
14796.4 1.86431e-18
14800.5 1.86431e-18
14804.6 1.86431e-18
14808.7 1.86431e-18
14812.8 1.86431e-18
14816.9 1.86431e-18
14821 1.86431e-18
14825.1 1.86431e-18
14829.3 1.86431e-18
14833.4 1.86431e-18
14837.5 1.86431e-18
14841.6 1.86431e-18
14845.7 1.86431e-18
14849.8 1.86431e-18
14853.9 1.86431e-18
14858 1.86431e-18
14862.1 1.86431e-18
14866.2 1.86431e-18
14870.3 1.86431e-18
14874.4 1.86431e-18
14878.5 1.86431e-18
14882.7 1.86431e-18
14886.8 1.86431e-18
14890.9 1.86431e-18
14895 1.86431e-18
14899.1 1.86431e-18
14903.2 1.86431e-18
14907.3 1.86431e-18
14911.4 1.86431e-18
14915.5 1.86431e-18
14919.6 1.86431e-18
14923.7 1.86431e-18
14927.8 1.86431e-18
14932 1.86431e-18
14936.1 1.86431e-18
14940.2 1.86431e-18
14944.3 1.86431e-18
14948.4 1.86431e-18
14952.5 1.86431e-18
14956.6 1.86431e-18
14960.7 1.86431e-18
14964.8 1.86431e-18
14968.9 1.86431e-18
14973 1.86431e-18
14977.1 1.86431e-18
14981.2 1.86431e-18
14985.4 1.86431e-18
14989.5 1.86431e-18
14993.6 1.86431e-18
14997.7 1.86431e-18
15001.8 1.86431e-18
15005.9 1.86431e-18
15010 1.86431e-18
15014.1 1.86431e-18
15018.2 1.86431e-18
15022.3 1.86431e-18
15026.4 1.86431e-18
15030.5 1.86431e-18
15034.6 1.86431e-18
15038.8 1.86431e-18
15042.9 1.86431e-18
15047 1.86431e-18
15051.1 1.86431e-18
15055.2 1.86431e-18
15059.3 1.86431e-18
15063.4 1.86431e-18
15067.5 1.86431e-18
15071.6 1.86431e-18
15075.7 1.86431e-18
15079.8 1.86431e-18
15083.9 1.86431e-18
15088 1.86431e-18
15092.2 1.86431e-18
15096.3 1.86431e-18
15100.4 1.86431e-18
15104.5 1.86431e-18
15108.6 1.86431e-18
15112.7 1.86431e-18
15116.8 1.86431e-18
15120.9 1.86431e-18
15125 1.86431e-18
15129.1 1.86431e-18
15133.2 1.86431e-18
15137.3 1.86431e-18
15141.4 1.86431e-18
15145.6 1.86431e-18
15149.7 1.86431e-18
15153.8 1.86431e-18
15157.9 1.86431e-18
15162 1.86431e-18
15166.1 1.86431e-18
15170.2 1.86431e-18
15174.3 1.86431e-18
15178.4 1.86431e-18
15182.5 1.86431e-18
15186.6 1.86431e-18
15190.7 1.86431e-18
15194.9 1.86431e-18
15199 1.86431e-18
15203.1 1.86431e-18
15207.2 1.86431e-18
15211.3 1.86431e-18
15215.4 1.86431e-18
15219.5 1.86431e-18
15223.6 1.86431e-18
15227.7 1.86431e-18
15231.8 1.86431e-18
15235.9 1.86431e-18
15240 1.86431e-18
15244.1 1.86431e-18
15248.3 1.86431e-18
15252.4 1.86431e-18
15256.5 1.86431e-18
15260.6 1.86431e-18
15264.7 1.86431e-18
15268.8 1.86431e-18
15272.9 1.86431e-18
15277 1.86431e-18
15281.1 1.86431e-18
15285.2 1.86431e-18
15289.3 1.86431e-18
15293.4 1.86431e-18
15297.5 1.86431e-18
15301.7 1.86431e-18
15305.8 1.86431e-18
15309.9 1.86431e-18
15314 1.86431e-18
15318.1 1.86431e-18
15322.2 1.86431e-18
15326.3 1.86431e-18
15330.4 1.86431e-18
15334.5 1.86431e-18
15338.6 1.86431e-18
15342.7 1.86431e-18
15346.8 1.86431e-18
15350.9 1.86431e-18
15355.1 1.86431e-18
15359.2 1.86431e-18
15363.3 1.86431e-18
15367.4 1.86431e-18
15371.5 1.86431e-18
15375.6 1.86431e-18
15379.7 1.86431e-18
15383.8 1.86431e-18
15387.9 1.86431e-18
15392 1.86431e-18
15396.1 1.86431e-18
15400.2 1.86431e-18
15404.4 1.86431e-18
15408.5 1.86431e-18
15412.6 1.86431e-18
15416.7 1.86431e-18
15420.8 1.86431e-18
15424.9 1.86431e-18
15429 1.86431e-18
15433.1 1.86431e-18
15437.2 1.86431e-18
15441.3 1.86431e-18
15445.4 1.86431e-18
15449.5 1.86431e-18
15453.6 1.86431e-18
15457.8 1.86431e-18
15461.9 1.86431e-18
15466 1.86431e-18
15470.1 1.86431e-18
15474.2 1.86431e-18
15478.3 1.86431e-18
15482.4 1.86431e-18
15486.5 1.86431e-18
15490.6 1.86431e-18
15494.7 1.86431e-18
15498.8 1.86431e-18
15502.9 1.86431e-18
15507 1.86431e-18
15511.2 1.86431e-18
15515.3 1.86431e-18
15519.4 1.86431e-18
15523.5 1.86431e-18
15527.6 1.86431e-18
15531.7 1.86431e-18
15535.8 1.86431e-18
15539.9 1.86431e-18
15544 1.86431e-18
15548.1 1.86431e-18
15552.2 1.86431e-18
15556.3 1.86431e-18
15560.4 1.86431e-18
15564.6 1.86431e-18
15568.7 1.86431e-18
15572.8 1.86431e-18
15576.9 1.86431e-18
15581 1.86431e-18
15585.1 1.86431e-18
15589.2 1.86431e-18
15593.3 1.86431e-18
15597.4 1.86431e-18
15601.5 1.86431e-18
15605.6 1.86431e-18
15609.7 1.86431e-18
15613.9 1.86431e-18
15618 1.86431e-18
15622.1 1.86431e-18
15626.2 1.86431e-18
15630.3 1.86431e-18
15634.4 1.86431e-18
15638.5 1.86431e-18
15642.6 1.86431e-18
15646.7 1.86431e-18
15650.8 1.86431e-18
15654.9 1.86431e-18
15659 1.86431e-18
15663.1 1.86431e-18
15667.3 1.86431e-18
15671.4 1.86431e-18
15675.5 1.86431e-18
15679.6 1.86431e-18
15683.7 1.86431e-18
15687.8 1.86431e-18
15691.9 1.86431e-18
15696 1.86431e-18
15700.1 1.86431e-18
15704.2 1.86431e-18
15708.3 1.86431e-18
15712.4 1.86431e-18
15716.5 1.86431e-18
15720.7 1.86431e-18
15724.8 1.86431e-18
15728.9 1.86431e-18
15733 1.86431e-18
15737.1 1.86431e-18
15741.2 1.86431e-18
15745.3 1.86431e-18
15749.4 1.86431e-18
15753.5 1.86431e-18
15757.6 1.86431e-18
15761.7 1.86431e-18
15765.8 1.86431e-18
15769.9 1.86431e-18
15774.1 1.86431e-18
15778.2 1.86431e-18
15782.3 1.86431e-18
15786.4 1.86431e-18
15790.5 1.86431e-18
15794.6 1.86431e-18
15798.7 1.86431e-18
15802.8 1.86431e-18
15806.9 1.86431e-18
15811 1.86431e-18
15815.1 1.86431e-18
15819.2 1.86431e-18
15823.3 1.86431e-18
15827.5 1.86431e-18
15831.6 1.86431e-18
15835.7 1.86431e-18
15839.8 1.86431e-18
15843.9 1.86431e-18
15848 1.86431e-18
15852.1 1.86431e-18
15856.2 1.86431e-18
15860.3 1.86431e-18
15864.4 1.86431e-18
15868.5 1.86431e-18
15872.6 1.86431e-18
15876.8 1.86431e-18
15880.9 1.86431e-18
15885 1.86431e-18
15889.1 1.86431e-18
15893.2 1.86431e-18
15897.3 1.86431e-18
15901.4 1.86431e-18
15905.5 1.86431e-18
15909.6 1.86431e-18
15913.7 1.86431e-18
15917.8 1.86431e-18
15921.9 1.86431e-18
15926 1.86431e-18
15930.2 1.86431e-18
15934.3 1.86431e-18
15938.4 1.86431e-18
15942.5 1.86431e-18
15946.6 1.86431e-18
15950.7 1.86431e-18
15954.8 1.86431e-18
15958.9 1.86431e-18
15963 1.86431e-18
15967.1 1.86431e-18
15971.2 1.86431e-18
15975.3 1.86431e-18
15979.4 1.86431e-18
15983.6 1.86431e-18
15987.7 1.86431e-18
15991.8 1.86431e-18
15995.9 1.86431e-18
16000 1.86431e-18
16004.1 1.86431e-18
16008.2 1.86431e-18
16012.3 1.86431e-18
16016.4 1.86431e-18
16020.5 1.86431e-18
16024.6 1.86431e-18
16028.7 1.86431e-18
16032.8 1.86431e-18
16037 1.86431e-18
16041.1 1.86431e-18
16045.2 1.86431e-18
16049.3 1.86431e-18
16053.4 1.86431e-18
16057.5 1.86431e-18
16061.6 1.86431e-18
16065.7 1.86431e-18
16069.8 1.86431e-18
16073.9 1.86431e-18
16078 1.86431e-18
16082.1 1.86431e-18
16086.3 1.86431e-18
16090.4 1.86431e-18
16094.5 1.86431e-18
16098.6 1.86431e-18
16102.7 1.86431e-18
16106.8 1.86431e-18
16110.9 1.86431e-18
16115 1.86431e-18
16119.1 1.86431e-18
16123.2 1.86431e-18
16127.3 1.86431e-18
16131.4 1.86431e-18
16135.5 1.86431e-18
16139.7 1.86431e-18
16143.8 1.86431e-18
16147.9 1.86431e-18
16152 1.86431e-18
16156.1 1.86431e-18
16160.2 1.86431e-18
16164.3 1.86431e-18
16168.4 1.86431e-18
16172.5 1.86431e-18
16176.6 1.86431e-18
16180.7 1.86431e-18
16184.8 1.86431e-18
16188.9 1.86431e-18
16193.1 1.86431e-18
16197.2 1.86431e-18
16201.3 1.86431e-18
16205.4 1.86431e-18
16209.5 1.86431e-18
16213.6 1.86431e-18
16217.7 1.86431e-18
16221.8 1.86431e-18
16225.9 1.86431e-18
16230 1.86431e-18
16234.1 1.86431e-18
16238.2 1.86431e-18
16242.3 1.86431e-18
16246.5 1.86431e-18
16250.6 1.86431e-18
16254.7 1.86431e-18
16258.8 1.86431e-18
16262.9 1.86431e-18
16267 1.86431e-18
16271.1 1.86431e-18
16275.2 1.86431e-18
16279.3 1.86431e-18
16283.4 1.86431e-18
16287.5 1.86431e-18
16291.6 1.86431e-18
16295.7 1.86431e-18
16299.9 1.86431e-18
16304 1.86431e-18
16308.1 1.86431e-18
16312.2 1.86431e-18
16316.3 1.86431e-18
16320.4 1.86431e-18
16324.5 1.86431e-18
16328.6 1.86431e-18
16332.7 1.86431e-18
16336.8 1.86431e-18
16340.9 1.86431e-18
16345 1.86431e-18
16349.2 1.86431e-18
16353.3 1.86431e-18
16357.4 1.86431e-18
16361.5 1.86431e-18
16365.6 1.86431e-18
16369.7 1.86431e-18
16373.8 1.86431e-18
16377.9 1.86431e-18
16382 1.86431e-18
16386.1 1.86431e-18
16390.2 1.86431e-18
16394.3 1.86431e-18
16398.4 1.86431e-18
16402.6 1.86431e-18
16406.7 1.86431e-18
16410.8 1.86431e-18
16414.9 1.86431e-18
16419 1.86431e-18
16423.1 1.86431e-18
16427.2 1.86431e-18
16431.3 1.86431e-18
16435.4 1.86431e-18
16439.5 1.86431e-18
16443.6 1.86431e-18
16447.7 1.86431e-18
16451.8 1.86431e-18
16456 1.86431e-18
16460.1 1.86431e-18
16464.2 1.86431e-18
16468.3 1.86431e-18
16472.4 1.86431e-18
16476.5 1.86431e-18
16480.6 1.86431e-18
16484.7 1.86431e-18
16488.8 1.86431e-18
16492.9 1.86431e-18
16497 1.86431e-18
16501.1 1.86431e-18
16505.2 1.86431e-18
16509.4 1.86431e-18
16513.5 1.86431e-18
16517.6 1.86431e-18
16521.7 1.86431e-18
16525.8 1.86431e-18
16529.9 1.86431e-18
16534 1.86431e-18
16538.1 1.86431e-18
16542.2 1.86431e-18
16546.3 1.86431e-18
16550.4 1.86431e-18
16554.5 1.86431e-18
16558.7 1.86431e-18
16562.8 1.86431e-18
16566.9 1.86431e-18
16571 1.86431e-18
16575.1 1.86431e-18
16579.2 1.86431e-18
16583.3 1.86431e-18
16587.4 1.86431e-18
16591.5 1.86431e-18
16595.6 1.86431e-18
16599.7 1.86431e-18
16603.8 1.86431e-18
16607.9 1.86431e-18
16612.1 1.86431e-18
16616.2 1.86431e-18
16620.3 1.86431e-18
16624.4 1.86431e-18
16628.5 1.86431e-18
16632.6 1.86431e-18
16636.7 1.86431e-18
16640.8 1.86431e-18
16644.9 1.86431e-18
16649 1.86431e-18
16653.1 1.86431e-18
16657.2 1.86431e-18
16661.3 1.86431e-18
16665.5 1.86431e-18
16669.6 1.86431e-18
16673.7 1.86431e-18
16677.8 1.86431e-18
16681.9 1.86431e-18
16686 1.86431e-18
16690.1 1.86431e-18
16694.2 1.86431e-18
16698.3 1.86431e-18
16702.4 1.86431e-18
16706.5 1.86431e-18
16710.6 1.86431e-18
16714.7 1.86431e-18
16718.9 1.86431e-18
16723 1.86431e-18
16727.1 1.86431e-18
16731.2 1.86431e-18
16735.3 1.86431e-18
16739.4 1.86431e-18
16743.5 1.86431e-18
16747.6 1.86431e-18
16751.7 1.86431e-18
16755.8 1.86431e-18
16759.9 1.86431e-18
16764 1.86431e-18
16768.1 1.86431e-18
16772.3 1.86431e-18
16776.4 1.86431e-18
16780.5 1.86431e-18
16784.6 1.86431e-18
16788.7 1.86431e-18
16792.8 1.86431e-18
16796.9 1.86431e-18
16801 1.86431e-18
16805.1 1.86431e-18
16809.2 1.86431e-18
16813.3 1.86431e-18
16817.4 1.86431e-18
16821.6 1.86431e-18
16825.7 1.86431e-18
16829.8 1.86431e-18
16833.9 1.86431e-18
16838 1.86431e-18
16842.1 1.86431e-18
16846.2 1.86431e-18
16850.3 1.86431e-18
16854.4 1.86431e-18
16858.5 1.86431e-18
16862.6 1.86431e-18
16866.7 1.86431e-18
16870.8 1.86431e-18
16875 1.86431e-18
16879.1 1.86431e-18
16883.2 1.86431e-18
16887.3 1.86431e-18
16891.4 1.86431e-18
16895.5 1.86431e-18
16899.6 1.86431e-18
16903.7 1.86431e-18
16907.8 1.86431e-18
16911.9 1.86431e-18
16916 1.86431e-18
16920.1 1.86431e-18
16924.2 1.86431e-18
16928.4 1.86431e-18
16932.5 1.86431e-18
16936.6 1.86431e-18
16940.7 1.86431e-18
16944.8 1.86431e-18
16948.9 1.86431e-18
16953 1.86431e-18
16957.1 1.86431e-18
16961.2 1.86431e-18
16965.3 1.86431e-18
16969.4 1.86431e-18
16973.5 1.86431e-18
16977.6 1.86431e-18
16981.8 1.86431e-18
16985.9 1.86431e-18
16990 1.86431e-18
16994.1 1.86431e-18
16998.2 1.86431e-18
17002.3 1.86431e-18
17006.4 1.86431e-18
17010.5 1.86431e-18
17014.6 1.86431e-18
17018.7 1.86431e-18
17022.8 1.86431e-18
17026.9 1.86431e-18
17031.1 1.86431e-18
17035.2 1.86431e-18
17039.3 1.86431e-18
17043.4 1.86431e-18
17047.5 1.86431e-18
17051.6 1.86431e-18
17055.7 1.86431e-18
17059.8 1.86431e-18
17063.9 1.86431e-18
17068 1.86431e-18
17072.1 1.86431e-18
17076.2 1.86431e-18
17080.3 1.86431e-18
17084.5 1.86431e-18
17088.6 1.86431e-18
17092.7 1.86431e-18
17096.8 1.86431e-18
17100.9 1.86431e-18
17105 1.86431e-18
17109.1 1.86431e-18
17113.2 1.86431e-18
17117.3 1.86431e-18
17121.4 1.86431e-18
17125.5 1.86431e-18
17129.6 1.86431e-18
17133.7 1.86431e-18
17137.9 1.86431e-18
17142 1.86431e-18
17146.1 1.86431e-18
17150.2 1.86431e-18
17154.3 1.86431e-18
17158.4 1.86431e-18
17162.5 1.86431e-18
17166.6 1.86431e-18
17170.7 1.86431e-18
17174.8 1.86431e-18
17178.9 1.86431e-18
17183 1.86431e-18
17187.1 1.86431e-18
17191.3 1.86431e-18
17195.4 1.86431e-18
17199.5 1.86431e-18
17203.6 1.86431e-18
17207.7 1.86431e-18
17211.8 1.86431e-18
17215.9 1.86431e-18
17220 1.86431e-18
17224.1 1.86431e-18
17228.2 1.86431e-18
17232.3 1.86431e-18
17236.4 1.86431e-18
17240.5 1.86431e-18
17244.7 1.86431e-18
17248.8 1.86431e-18
17252.9 1.86431e-18
17257 1.86431e-18
17261.1 1.86431e-18
17265.2 1.86431e-18
17269.3 1.86431e-18
17273.4 1.86431e-18
17277.5 1.86431e-18
17281.6 1.86431e-18
17285.7 1.86431e-18
17289.8 1.86431e-18
17294 1.86431e-18
17298.1 1.86431e-18
17302.2 1.86431e-18
17306.3 1.86431e-18
17310.4 1.86431e-18
17314.5 1.86431e-18
17318.6 1.86431e-18
17322.7 1.86431e-18
17326.8 1.86431e-18
17330.9 1.86431e-18
17335 1.86431e-18
17339.1 1.86431e-18
17343.2 1.86431e-18
17347.4 1.86431e-18
17351.5 1.86431e-18
17355.6 1.86431e-18
17359.7 1.86431e-18
17363.8 1.86431e-18
17367.9 1.86431e-18
17372 1.86431e-18
17376.1 1.86431e-18
