4.10783 3.14079e-17
8.21565 2.01252e-16
12.3235 2.01252e-16
16.4313 2.01252e-16
20.5391 2.63164e-16
24.647 2.63164e-16
28.7548 1.85745e-16
32.8626 1.85745e-16
36.9704 1.85745e-16
41.0783 1.85745e-16
45.1861 5.2798e-16
49.2939 5.2798e-16
53.4017 5.2798e-16
57.5096 5.2798e-16
61.6174 5.2798e-16
65.7252 5.2798e-16
69.8331 5.2798e-16
73.9409 -1.36898e-15
78.0487 -1.36898e-15
82.1565 -1.36898e-15
86.2644 -1.36898e-15
90.3722 -1.36898e-15
94.48 -1.36898e-15
98.5878 -1.36898e-15
102.696 -1.36898e-15
106.803 -1.36898e-15
110.911 -1.36898e-15
115.019 -1.36898e-15
119.127 -1.36898e-15
123.235 -1.36898e-15
127.343 -1.36898e-15
131.45 -1.36898e-15
135.558 -1.36898e-15
139.666 -1.36898e-15
143.774 -1.36898e-15
147.882 -1.36898e-15
151.99 -1.36898e-15
156.097 -1.36898e-15
160.205 -1.36898e-15
164.313 -1.36898e-15
168.421 -1.36898e-15
172.529 -1.36898e-15
176.637 -1.36898e-15
180.744 -1.36898e-15
184.852 4.3588e-14
188.96 9.29707e-17
193.068 9.29707e-17
197.176 4.60081e-16
201.284 1.24577e-16
205.391 1.24577e-16
209.499 4.41102e-16
213.607 1.24577e-16
217.715 1.24577e-16
221.823 4.41102e-16
225.93 1.24577e-16
230.038 1.24577e-16
234.146 4.41102e-16
238.254 1.46693e-16
242.362 1.46693e-16
246.47 5.00889e-16
250.577 1.24577e-16
254.685 1.24577e-16
258.793 5.10595e-16
262.901 2.37227e-16
267.009 2.37227e-16
271.117 3.69408e-16
275.224 1.24577e-16
279.332 1.24577e-16
283.44 5.1299e-16
287.548 2.37227e-16
291.656 2.37227e-16
295.764 3.68644e-16
299.871 1.13395e-16
303.979 1.13395e-16
308.087 4.5698e-16
312.195 2.26046e-16
316.303 2.26046e-16
320.41 3.30051e-16
324.518 7.11163e-17
328.626 7.11163e-17
332.734 4.47182e-16
336.842 1.83767e-16
340.95 1.83767e-16
345.057 3.2972e-16
349.165 7.11163e-17
353.273 7.11163e-17
357.381 4.59044e-16
361.489 1.83767e-16
365.597 1.83767e-16
369.704 2.67123e-16
373.812 1.83767e-16
377.92 1.83767e-16
382.028 3.2972e-16
386.136 7.11163e-17
390.244 7.11163e-17
394.351 4.0831e-16
398.459 1.83767e-16
402.567 1.83767e-16
406.675 3.17858e-16
410.783 1.83767e-16
414.891 1.83767e-16
418.998 2.33981e-16
423.106 1.83767e-16
427.214 1.83767e-16
431.322 3.2972e-16
435.43 7.11163e-17
439.537 7.11163e-17
443.645 4.47182e-16
447.753 1.83767e-16
451.861 1.83767e-16
455.969 2.78985e-16
460.077 7.11163e-17
464.184 7.11163e-17
468.292 4.47182e-16
472.4 1.83767e-16
476.508 1.83767e-16
480.616 2.78985e-16
484.724 1.83767e-16
488.831 1.83767e-16
492.939 2.78985e-16
497.047 7.11163e-17
501.155 7.11163e-17
505.263 3.96448e-16
509.371 1.8063e-16
513.478 1.8063e-16
517.586 2.67735e-16
521.694 1.68768e-16
525.802 1.68768e-16
529.91 2.72941e-16
534.017 5.61172e-17
538.125 5.61172e-17
542.233 3.90403e-16
546.341 1.68768e-16
550.449 1.68768e-16
554.557 2.58706e-16
558.664 1.68768e-16
562.772 1.68768e-16
566.88 2.61079e-16
570.988 1.51856e-16
575.096 1.51856e-16
579.204 2.77859e-16
583.311 3.92057e-17
587.419 3.92057e-17
591.527 4.07183e-16
595.635 1.51856e-16
599.743 1.51856e-16
603.851 2.51763e-16
607.958 1.51856e-16
612.066 1.51856e-16
616.174 2.10213e-16
620.282 1.51856e-16
624.39 1.51856e-16
628.498 2.63625e-16
632.605 3.92057e-17
636.713 3.92057e-17
640.821 3.81087e-16
644.929 1.51856e-16
649.037 1.51856e-16
653.144 2.10213e-16
657.252 1.68768e-16
661.36 1.68768e-16
665.468 2.58706e-16
669.576 1.51856e-16
673.684 1.51856e-16
677.791 1.39112e-16
681.899 1.51856e-16
686.007 1.51856e-16
690.115 2.63625e-16
694.223 3.92057e-17
698.331 3.92057e-17
702.438 3.95321e-16
706.546 1.51856e-16
710.654 1.51856e-16
714.762 2.63625e-16
718.87 1.51856e-16
722.978 1.51856e-16
727.085 2.10213e-16
731.193 1.51856e-16
735.301 1.51856e-16
739.409 2.51763e-16
743.517 3.92057e-17
747.624 3.92057e-17
751.732 3.92949e-16
755.84 1.51856e-16
759.948 1.51856e-16
764.056 2.10213e-16
768.164 1.51856e-16
772.271 1.51856e-16
776.379 2.51763e-16
780.487 1.51856e-16
784.595 1.51856e-16
788.703 1.95978e-16
792.811 3.92057e-17
796.918 3.92057e-17
801.026 3.92949e-16
805.134 1.51856e-16
809.242 1.51856e-16
813.35 1.84116e-16
817.458 1.47112e-16
821.565 1.47112e-16
825.673 1.98061e-16
829.781 1.47112e-16
833.889 1.47112e-16
837.997 1.86199e-16
842.105 1.47112e-16
846.212 1.47112e-16
850.32 1.79081e-16
854.428 1.47112e-16
858.536 1.47112e-16
862.644 1.1602e-16
866.751 1.47112e-16
870.859 1.47112e-16
874.967 1.41194e-16
879.075 1.47112e-16
883.183 1.47112e-16
887.291 1.79081e-16
891.398 1.47112e-16
895.506 1.47112e-16
899.614 1.98061e-16
903.722 3.44609e-17
907.83 3.44609e-17
911.938 2.33483e-16
916.045 1.47112e-16
920.153 1.47112e-16
924.261 1.79081e-16
928.369 1.47112e-16
932.477 1.47112e-16
936.585 1.98061e-16
940.692 1.47112e-16
944.8 1.47112e-16
948.908 1.67219e-16
953.016 1.47112e-16
957.124 1.47112e-16
961.231 1.1602e-16
965.339 1.47112e-16
969.447 1.47112e-16
973.555 1.86199e-16
977.663 1.47112e-16
981.771 1.47112e-16
985.878 1.79081e-16
989.986 1.47112e-16
994.094 1.47112e-16
998.202 1.53056e-16
1002.31 1.47112e-16
1006.42 1.47112e-16
1010.53 7.03351e-17
1014.63 1.47112e-16
1018.74 1.47112e-16
1022.85 1.45258e-16
1026.96 1.47112e-16
1031.06 1.47112e-16
1035.17 8.21971e-17
1039.28 1.47112e-16
1043.39 1.47112e-16
1047.5 8.83919e-17
1051.6 1.47112e-16
1055.71 1.47112e-16
1059.82 8.21971e-17
1063.93 1.47112e-16
1068.03 1.47112e-16
1072.14 1.45258e-16
1076.25 1.47112e-16
1080.36 1.47112e-16
1084.47 7.03351e-17
1088.57 1.47112e-16
1092.68 1.47112e-16
1096.79 1.45258e-16
1100.9 3.44609e-17
1105.01 3.44609e-17
1109.11 2.41938e-16
1113.22 1.47112e-16
1117.33 1.47112e-16
1121.44 1.45258e-16
1125.54 1.47112e-16
1129.65 1.47112e-16
1133.76 8.21971e-17
1137.87 1.47112e-16
1141.98 1.47112e-16
1146.08 1.33396e-16
1150.19 1.47112e-16
1154.3 8.18377e-17
1158.41 1.47112e-16
1162.52 1.47112e-16
1166.62 1.45258e-16
1170.73 1.47112e-16
1174.84 1.47112e-16
1178.95 7.03351e-17
1183.05 1.47112e-16
1187.16 1.47112e-16
1191.27 1.45258e-16
1195.38 3.44609e-17
1199.49 3.44609e-17
1203.59 2.11521e-16
1207.7 1.47112e-16
1211.81 1.47112e-16
1215.92 1.33396e-16
1220.02 1.47112e-16
1224.13 1.47112e-16
1228.24 8.21971e-17
1232.35 1.47112e-16
1236.46 1.47112e-16
1240.56 1.33396e-16
1244.67 1.47112e-16
1248.78 1.47112e-16
1252.89 8.21971e-17
1257 1.47112e-16
1261.1 1.47112e-16
1265.21 1.45258e-16
1269.32 1.47112e-16
1273.43 1.47112e-16
1277.53 6.08455e-17
1281.64 1.47112e-16
1285.75 1.47112e-16
1289.86 1.45258e-16
1293.97 1.47112e-16
1298.07 1.47112e-16
1302.18 7.27075e-17
1306.29 1.47112e-16
1310.4 1.47112e-16
1314.5 6.08455e-17
1318.61 1.47112e-16
1322.72 1.47112e-16
1326.83 1.45258e-16
1330.94 1.47112e-16
1335.04 1.47112e-16
1339.15 8.21971e-17
1343.26 1.47112e-16
1347.37 1.47112e-16
1351.48 8.83919e-17
1355.58 1.47112e-16
1359.69 1.47112e-16
1363.8 7.27075e-17
1367.91 1.47112e-16
1372.01 1.47112e-16
1376.12 1.33396e-16
1380.23 1.47112e-16
1384.34 1.47112e-16
1388.45 8.21971e-17
1392.55 1.47112e-16
1396.66 1.47112e-16
1400.77 1.45258e-16
1404.88 3.44609e-17
1408.98 3.44609e-17
1413.09 2.32449e-16
1417.2 1.47112e-16
1421.31 1.47112e-16
1425.42 1.45258e-16
1429.52 1.47112e-16
1433.63 1.47112e-16
1437.74 8.21971e-17
1441.85 1.47112e-16
1445.96 1.47112e-16
1450.06 1.33396e-16
1454.17 1.47112e-16
1458.28 1.47112e-16
1462.39 7.27075e-17
1466.49 1.47112e-16
1470.6 1.47112e-16
1474.71 1.33396e-16
1478.82 1.47112e-16
1482.93 1.47112e-16
1487.03 2.7703e-17
1491.14 1.47112e-16
1495.25 1.47112e-16
1499.36 2.7703e-17
1503.46 1.47112e-16
1507.57 1.47112e-16
1511.68 1.5841e-17
1515.79 3.44609e-17
1519.9 3.44609e-17
1524 1.05469e-16
1528.11 3.44609e-17
1532.22 3.44609e-17
1536.33 1.68531e-16
1540.44 1.47112e-16
1544.54 1.47112e-16
1548.65 6.08455e-17
1552.76 3.44609e-17
1556.87 3.44609e-17
1560.97 1.68531e-16
1565.08 1.47112e-16
1569.19 1.47112e-16
1573.3 7.27075e-17
1577.41 1.47112e-16
1581.51 1.47112e-16
1585.62 1.5841e-17
1589.73 3.44609e-17
1593.84 3.44609e-17
1597.94 1.05469e-16
1602.05 3.44609e-17
1606.16 3.44609e-17
1610.27 1.56669e-16
1614.38 1.47112e-16
1618.48 1.47112e-16
1622.59 7.27075e-17
1626.7 3.44609e-17
1630.81 3.44609e-17
1634.92 1.68531e-16
1639.02 1.15506e-16
1643.13 1.15506e-16
1647.24 2.97109e-17
1651.35 1.47112e-16
1655.45 1.47112e-16
1659.56 2.7703e-17
1663.67 3.44609e-17
1667.78 3.44609e-17
1671.89 9.28425e-17
1675.99 2.85495e-18
1680.1 2.85495e-18
1684.21 4.98459e-17
1688.32 2.85495e-18
1692.42 2.85495e-18
1696.53 1.06712e-16
1700.64 3.44609e-17
1704.75 3.44609e-17
1708.86 9.28425e-17
1712.96 2.85495e-18
1717.07 2.85495e-18
1721.18 2.12817e-16
1725.29 1.47112e-16
1729.4 1.47112e-16
1733.5 2.7703e-17
1737.61 2.85495e-18
1741.72 2.85495e-18
1745.83 4.98459e-17
1749.93 2.85495e-18
1754.04 2.85495e-18
1758.15 6.17079e-17
1762.26 2.85495e-18
1766.37 2.85495e-18
1770.47 1.03987e-16
1774.58 2.85495e-18
1778.69 2.85495e-18
1782.8 1.07477e-16
1786.9 2.85495e-18
1791.01 2.85495e-18
1795.12 1.16614e-16
1799.23 2.85495e-18
1803.34 2.85495e-18
1807.44 6.17079e-17
1811.55 2.85495e-18
1815.66 2.85495e-18
1819.77 1.37129e-16
1823.88 3.44609e-17
1827.98 3.44609e-17
1832.09 4.7838e-17
1836.2 2.85495e-18
1840.31 2.85495e-18
1844.41 6.17079e-17
1848.52 2.85495e-18
1852.63 2.85495e-18
1856.74 1.37129e-16
1860.85 2.85495e-18
1864.95 2.85495e-18
1869.06 6.17079e-17
1873.17 2.85495e-18
1877.28 2.85495e-18
1881.38 9.21248e-17
1885.49 2.85495e-18
1889.6 2.85495e-18
1893.71 7.43347e-17
1897.82 2.85495e-18
1901.92 2.85495e-18
1906.03 1.03987e-16
1910.14 2.85495e-18
1914.25 2.85495e-18
1918.36 4.98459e-17
1922.46 2.85495e-18
1926.57 2.85495e-18
1930.68 1.48991e-16
1934.79 3.44609e-17
1938.89 3.44609e-17
1943 4.7838e-17
1947.11 2.85495e-18
1951.22 2.85495e-18
1955.33 1.37129e-16
1959.43 2.85495e-18
1963.54 2.85495e-18
1967.65 6.17079e-17
1971.76 2.85495e-18
1975.86 2.85495e-18
1979.97 6.17079e-17
1984.08 2.85495e-18
1988.19 2.85495e-18
1992.3 1.04752e-16
1996.4 2.85495e-18
2000.51 2.85495e-18
2004.62 6.17079e-17
2008.73 2.85495e-18
2012.84 2.85495e-18
2016.94 9.21248e-17
2021.05 2.85495e-18
2025.16 2.85495e-18
2029.27 6.17079e-17
2033.37 2.85495e-18
2037.48 2.85495e-18
2041.59 1.03987e-16
2045.7 2.85495e-18
2049.81 2.85495e-18
2053.91 4.98459e-17
2058.02 2.85495e-18
2062.13 2.85495e-18
2066.24 1.03987e-16
2070.34 2.85495e-18
2074.45 2.85495e-18
2078.56 6.17079e-17
2082.67 2.85495e-18
2086.78 2.85495e-18
2090.88 9.21248e-17
2094.99 2.85495e-18
2099.1 2.85495e-18
2103.21 1.03987e-16
2107.32 2.85495e-18
2111.42 2.85495e-18
2115.53 6.17079e-17
2119.64 2.85495e-18
2123.75 2.85495e-18
2127.85 4.98459e-17
2131.96 2.85495e-18
2136.07 2.85495e-18
2140.18 1.16614e-16
2144.29 2.85495e-18
2148.39 2.85495e-18
2152.5 9.21248e-17
2156.61 2.85495e-18
2160.72 2.85495e-18
2164.82 6.17079e-17
2168.93 2.85495e-18
2173.04 2.85495e-18
2177.15 1.03987e-16
2181.26 2.85495e-18
2185.36 2.85495e-18
2189.47 2.61784e-17
2193.58 2.85495e-18
2197.69 2.85495e-18
2201.8 1.03987e-16
2205.9 2.85495e-18
2210.01 2.85495e-18
2214.12 6.17079e-17
2218.23 2.85495e-18
2222.33 2.85495e-18
2226.44 9.21248e-17
2230.55 2.85495e-18
2234.66 2.85495e-18
2238.77 6.17079e-17
2242.87 2.85495e-18
2246.98 2.85495e-18
2251.09 9.21248e-17
2255.2 2.85495e-18
2259.3 2.85495e-18
2263.41 6.17079e-17
2267.52 2.85495e-18
2271.63 2.85495e-18
2275.74 1.03987e-16
2279.84 2.85495e-18
2283.95 2.85495e-18
2288.06 4.98459e-17
2292.17 2.85495e-18
2296.28 2.85495e-18
2300.38 1.03987e-16
2304.49 2.85495e-18
2308.6 2.85495e-18
2312.71 6.17079e-17
2316.81 2.85495e-18
2320.92 2.85495e-18
2325.03 9.21248e-17
2329.14 2.85495e-18
2333.25 2.85495e-18
2337.35 6.17079e-17
2341.46 2.85495e-18
2345.57 2.85495e-18
2349.68 1.16614e-16
2353.78 2.85495e-18
2357.89 2.85495e-18
2362 4.98459e-17
2366.11 2.85495e-18
2370.22 2.85495e-18
2374.32 1.03987e-16
2378.43 2.85495e-18
2382.54 2.85495e-18
2386.65 4.98459e-17
2390.76 2.85495e-18
2394.86 2.85495e-18
2398.97 1.03987e-16
2403.08 2.85495e-18
2407.19 2.85495e-18
2411.29 6.17079e-17
2415.4 2.85495e-18
2419.51 2.85495e-18
2423.62 9.21248e-17
2427.73 2.85495e-18
2431.83 2.85495e-18
2435.94 6.17079e-17
2440.05 2.85495e-18
2444.16 2.85495e-18
2448.26 1.03987e-16
2452.37 2.85495e-18
2456.48 2.85495e-18
2460.59 4.98459e-17
2464.7 2.85495e-18
2468.8 2.85495e-18
2472.91 1.03987e-16
2477.02 2.85495e-18
2481.13 2.85495e-18
2485.24 6.17079e-17
2489.34 2.85495e-18
2493.45 2.85495e-18
2497.56 9.21248e-17
2501.67 2.85495e-18
2505.77 2.85495e-18
2509.88 6.17079e-17
2513.99 2.85495e-18
2518.1 2.85495e-18
2522.21 1.04752e-16
2526.31 2.85495e-18
2530.42 2.85495e-18
2534.53 6.17079e-17
2538.64 2.85495e-18
2542.74 2.85495e-18
2546.85 1.03987e-16
2550.96 2.85495e-18
2555.07 2.85495e-18
2559.18 4.98459e-17
2563.28 2.85495e-18
2567.39 2.85495e-18
2571.5 1.03987e-16
2575.61 2.85495e-18
2579.72 2.85495e-18
2583.82 6.17079e-17
2587.93 2.85495e-18
2592.04 2.85495e-18
2596.15 9.21248e-17
2600.25 2.85495e-18
2604.36 2.85495e-18
2608.47 6.17079e-17
2612.58 2.85495e-18
2616.69 2.85495e-18
2620.79 1.03987e-16
2624.9 -3.94239e-17
2629.01 -3.94239e-17
2633.12 1.04421e-16
2637.22 2.85495e-18
2641.33 2.85495e-18
2645.44 6.17079e-17
2649.55 -3.94239e-17
2653.66 -3.94239e-17
2657.76 1.04421e-16
2661.87 2.85495e-18
2665.98 2.85495e-18
2670.09 6.17079e-17
2674.2 2.85495e-18
2678.3 2.85495e-18
2682.41 1.03987e-16
2686.52 2.85495e-18
2690.63 2.85495e-18
2694.73 4.98459e-17
2698.84 2.85495e-18
2702.95 2.85495e-18
2707.06 1.03987e-16
2711.17 2.85495e-18
2715.27 2.85495e-18
2719.38 -4.23841e-18
2723.49 4.51338e-17
2727.6 4.51338e-17
2731.7 1.30927e-18
2735.81 -9.00705e-18
2739.92 -9.00705e-18
2744.03 1.09192e-16
2748.14 -3.94239e-17
2752.24 -3.94239e-17
2756.35 7.40037e-17
2760.46 -9.00705e-18
2764.57 -9.00705e-18
2768.68 9.73303e-17
2772.78 -3.94239e-17
2776.89 -3.94239e-17
2781 7.40037e-17
2785.11 3.32718e-17
2789.21 3.32718e-17
2793.32 6.51478e-18
2797.43 -3.94239e-17
2801.54 -3.94239e-17
2805.65 1.16283e-16
2809.75 -9.00705e-18
2813.86 -9.00705e-18
2817.97 6.69135e-17
2822.08 2.85495e-18
2826.18 2.85495e-18
2830.29 9.21248e-17
2834.4 -3.94239e-17
2838.51 -3.94239e-17
2842.62 7.40037e-17
2846.72 2.85495e-18
2850.83 2.85495e-18
2854.94 1.03987e-16
2859.05 -5.12859e-17
2863.16 -5.12859e-17
2867.26 1.09626e-16
2871.37 2.85495e-18
2875.48 2.85495e-18
2879.59 6.17079e-17
2883.69 -3.94239e-17
2887.8 -3.94239e-17
2891.91 1.04421e-16
2896.02 2.85495e-18
2900.13 2.85495e-18
2904.23 -1.61004e-17
2908.34 3.32718e-17
2912.45 3.32718e-17
2916.56 1.83768e-17
2920.66 -3.94239e-17
2924.77 -3.94239e-17
2928.88 9.25586e-17
2932.99 2.85495e-18
2937.1 2.85495e-18
2941.2 -4.23841e-18
2945.31 -9.00705e-18
2949.42 -9.00705e-18
2953.53 1.09192e-16
2957.64 -3.94239e-17
2961.74 -3.94239e-17
2965.85 9.25586e-17
2969.96 2.85495e-18
2974.07 2.85495e-18
2978.17 6.17079e-17
2982.28 -3.94239e-17
2986.39 -3.94239e-17
2990.5 1.04421e-16
2994.61 2.85495e-18
2998.71 2.85495e-18
3002.82 2.61784e-17
3006.93 -9.00705e-18
3011.04 -9.00705e-18
3015.14 6.69135e-17
3019.25 -3.94239e-17
3023.36 -3.94239e-17
3027.47 9.25586e-17
3031.58 2.85495e-18
3035.68 2.85495e-18
3039.79 -4.23841e-18
3043.9 3.32718e-17
3048.01 3.32718e-17
3052.12 1.83768e-17
3056.22 -3.94239e-17
3060.33 -3.94239e-17
3064.44 9.25586e-17
3068.55 2.85495e-18
3072.65 2.85495e-18
3076.76 -4.23841e-18
3080.87 -9.00705e-18
3084.98 -9.00705e-18
3089.09 1.09192e-16
3093.19 -3.94239e-17
3097.3 -3.94239e-17
3101.41 9.25586e-17
3105.52 2.85495e-18
3109.62 2.85495e-18
3113.73 6.17079e-17
3117.84 -3.94239e-17
3121.95 -3.94239e-17
3126.06 1.04421e-16
3130.16 2.85495e-18
3134.27 2.85495e-18
3138.38 2.61784e-17
3142.49 -9.00705e-18
3146.6 -9.00705e-18
3150.7 6.69135e-17
3154.81 -3.94239e-17
3158.92 -3.94239e-17
3163.03 9.25586e-17
3167.13 2.85495e-18
3171.24 2.85495e-18
3175.35 -4.23841e-18
3179.46 3.32718e-17
3183.57 3.32718e-17
3187.67 1.83768e-17
3191.78 -3.94239e-17
3195.89 -3.94239e-17
3200 9.25586e-17
3204.1 2.85495e-18
3208.21 2.85495e-18
3212.32 6.17079e-17
3216.43 -3.94239e-17
3220.54 -3.94239e-17
3224.64 1.04421e-16
3228.75 2.85495e-18
3232.86 2.85495e-18
3236.97 2.61784e-17
3241.08 -9.00705e-18
3245.18 -9.00705e-18
3249.29 6.69135e-17
3253.4 -3.94239e-17
3257.51 -3.94239e-17
3261.61 1.04421e-16
3265.72 2.85495e-18
3269.83 2.85495e-18
3273.94 2.61784e-17
3278.05 -9.00705e-18
3282.15 -9.00705e-18
3286.26 6.69135e-17
3290.37 -3.94239e-17
3294.48 -3.94239e-17
3298.59 9.25586e-17
3302.69 2.85495e-18
3306.8 2.85495e-18
3310.91 -4.23841e-18
3315.02 -9.00705e-18
3319.12 -9.00705e-18
3323.23 1.09192e-16
3327.34 -3.94239e-17
3331.45 -3.94239e-17
3335.56 9.25586e-17
3339.66 2.85495e-18
3343.77 2.85495e-18
3347.88 6.17079e-17
3351.99 -3.94239e-17
3356.09 -3.94239e-17
3360.2 1.04421e-16
3364.31 2.85495e-18
3368.42 2.85495e-18
3372.53 2.61784e-17
3376.63 -9.00705e-18
3380.74 -9.00705e-18
3384.85 6.69135e-17
3388.96 -3.94239e-17
3393.07 -3.94239e-17
3397.17 1.04421e-16
3401.28 2.85495e-18
3405.39 2.85495e-18
3409.5 -1.61004e-17
3413.6 3.32718e-17
3417.71 3.32718e-17
3421.82 1.83768e-17
3425.93 -3.94239e-17
3430.04 -3.94239e-17
3434.14 9.25586e-17
3438.25 2.85495e-18
3442.36 2.85495e-18
3446.47 -4.23841e-18
3450.57 -9.00705e-18
3454.68 -9.00705e-18
3458.79 1.09192e-16
3462.9 -3.94239e-17
3467.01 -3.94239e-17
3471.11 9.25586e-17
3475.22 2.85495e-18
3479.33 2.85495e-18
3483.44 6.17079e-17
3487.55 -3.94239e-17
3491.65 -3.94239e-17
3495.76 1.04421e-16
3499.87 2.85495e-18
3503.98 2.85495e-18
3508.08 2.61784e-17
3512.19 -9.00705e-18
3516.3 -9.00705e-18
3520.41 6.69135e-17
3524.52 -3.94239e-17
3528.62 -3.94239e-17
3532.73 1.04421e-16
3536.84 2.85495e-18
3540.95 2.85495e-18
3545.05 -1.61004e-17
3549.16 3.32718e-17
3553.27 3.32718e-17
3557.38 1.83768e-17
3561.49 -3.94239e-17
3565.59 -3.94239e-17
3569.7 9.25586e-17
3573.81 2.85495e-18
3577.92 2.85495e-18
3582.03 -4.23841e-18
3586.13 -9.00705e-18
3590.24 -9.00705e-18
3594.35 1.09192e-16
3598.46 -3.94239e-17
3602.56 -3.94239e-17
3606.67 9.25586e-17
3610.78 2.85495e-18
3614.89 2.85495e-18
3619 6.17079e-17
3623.1 -3.94239e-17
3627.21 -3.94239e-17
3631.32 1.04421e-16
3635.43 2.85495e-18
3639.53 2.85495e-18
3643.64 2.61784e-17
3647.75 -9.00705e-18
3651.86 -9.00705e-18
3655.97 6.69135e-17
3660.07 -3.94239e-17
3664.18 -3.94239e-17
3668.29 1.04421e-16
3672.4 2.85495e-18
3676.51 2.85495e-18
3680.61 -1.61004e-17
3684.72 3.32718e-17
3688.83 3.32718e-17
3692.94 1.83768e-17
3697.04 -3.94239e-17
3701.15 -3.94239e-17
3705.26 9.25586e-17
3709.37 2.85495e-18
3713.48 2.85495e-18
3717.58 -4.23841e-18
3721.69 -9.00705e-18
3725.8 -9.00705e-18
3729.91 1.09192e-16
3734.01 -3.94239e-17
3738.12 -3.94239e-17
3742.23 9.25586e-17
3746.34 2.85495e-18
3750.45 2.85495e-18
3754.55 6.17079e-17
3758.66 -3.94239e-17
3762.77 -3.94239e-17
3766.88 1.04421e-16
3770.99 2.85495e-18
3775.09 2.85495e-18
3779.2 2.61784e-17
3783.31 -9.00705e-18
3787.42 -9.00705e-18
3791.52 6.69135e-17
3795.63 -3.94239e-17
3799.74 -3.94239e-17
3803.85 9.25586e-17
3807.96 2.85495e-18
3812.06 2.85495e-18
3816.17 -4.23841e-18
3820.28 3.32718e-17
3824.39 3.32718e-17
3828.49 1.83768e-17
3832.6 -3.94239e-17
3836.71 -3.94239e-17
3840.82 9.25586e-17
3844.93 2.85495e-18
3849.03 2.85495e-18
3853.14 -4.23841e-18
3857.25 -9.00705e-18
3861.36 -9.00705e-18
3865.47 1.09192e-16
3869.57 -3.94239e-17
3873.68 -3.94239e-17
3877.79 9.25586e-17
3881.9 2.85495e-18
3886 2.85495e-18
3890.11 6.17079e-17
3894.22 -3.94239e-17
3898.33 -3.94239e-17
3902.44 1.04421e-16
3906.54 2.85495e-18
3910.65 2.85495e-18
3914.76 2.61784e-17
3918.87 -9.00705e-18
3922.97 -9.00705e-18
3927.08 6.69135e-17
3931.19 -3.94239e-17
3935.3 -3.94239e-17
3939.41 9.25586e-17
3943.51 2.85495e-18
3947.62 2.85495e-18
3951.73 -4.23841e-18
3955.84 3.32718e-17
3959.95 3.32718e-17
3964.05 1.83768e-17
3968.16 -3.94239e-17
3972.27 -3.94239e-17
3976.38 9.25586e-17
3980.48 2.85495e-18
3984.59 2.85495e-18
3988.7 6.17079e-17
3992.81 -3.94239e-17
3996.92 -3.94239e-17
4001.02 1.04421e-16
4005.13 2.85495e-18
4009.24 2.85495e-18
4013.35 2.61784e-17
4017.45 -9.00705e-18
4021.56 -9.00705e-18
4025.67 6.69135e-17
4029.78 -3.94239e-17
4033.89 -3.94239e-17
4037.99 1.04421e-16
4042.1 2.85495e-18
4046.21 2.85495e-18
4050.32 2.61784e-17
4054.43 -9.00705e-18
4058.53 -9.00705e-18
4062.64 6.69135e-17
4066.75 -3.94239e-17
4070.86 -3.94239e-17
4074.96 9.25586e-17
4079.07 2.85495e-18
4083.18 2.85495e-18
4087.29 -4.23841e-18
4091.4 -9.00705e-18
4095.5 -9.00705e-18
4099.61 1.09192e-16
4103.72 -3.94239e-17
4107.83 -3.94239e-17
4111.93 9.25586e-17
4116.04 2.85495e-18
4120.15 2.85495e-18
4124.26 6.17079e-17
4128.37 -3.94239e-17
4132.47 -3.94239e-17
4136.58 1.04421e-16
4140.69 2.85495e-18
4144.8 2.85495e-18
4148.91 2.61784e-17
4153.01 -9.00705e-18
4157.12 -9.00705e-18
4161.23 6.69135e-17
4165.34 -3.94239e-17
4169.44 -3.94239e-17
4173.55 1.04421e-16
4177.66 2.85495e-18
4181.77 2.85495e-18
4185.88 -1.61004e-17
4189.98 3.32718e-17
4194.09 3.32718e-17
4198.2 1.83768e-17
4202.31 -3.94239e-17
4206.41 -3.94239e-17
4210.52 9.25586e-17
4214.63 2.85495e-18
4218.74 2.85495e-18
4222.85 -4.23841e-18
4226.95 -9.00705e-18
4231.06 -9.00705e-18
4235.17 1.09192e-16
4239.28 -3.94239e-17
4243.39 -3.94239e-17
4247.49 9.25586e-17
4251.6 2.85495e-18
4255.71 2.85495e-18
4259.82 6.17079e-17
4263.92 -3.94239e-17
4268.03 -3.94239e-17
4272.14 1.04421e-16
4276.25 2.85495e-18
4280.36 2.85495e-18
4284.46 2.61784e-17
4288.57 -9.00705e-18
4292.68 -9.00705e-18
4296.79 6.69135e-17
4300.89 -3.94239e-17
4305 -3.94239e-17
4309.11 1.04421e-16
4313.22 2.85495e-18
4317.33 2.85495e-18
4321.43 -1.61004e-17
4325.54 3.32718e-17
4329.65 3.32718e-17
4333.76 1.83768e-17
4337.87 -3.94239e-17
4341.97 -3.94239e-17
4346.08 9.25586e-17
4350.19 2.85495e-18
4354.3 2.85495e-18
4358.4 -4.23841e-18
4362.51 -9.00705e-18
4366.62 -9.00705e-18
4370.73 1.09192e-16
4374.84 -3.94239e-17
4378.94 -3.94239e-17
4383.05 9.25586e-17
4387.16 2.85495e-18
4391.27 2.85495e-18
4395.37 6.17079e-17
4399.48 -3.94239e-17
4403.59 -3.94239e-17
4407.7 1.04421e-16
4411.81 2.85495e-18
4415.91 2.85495e-18
4420.02 2.61784e-17
4424.13 -9.00705e-18
4428.24 -9.00705e-18
4432.35 6.69135e-17
4436.45 -3.94239e-17
4440.56 -3.94239e-17
4444.67 1.04421e-16
4448.78 2.85495e-18
4452.88 2.85495e-18
4456.99 -1.61004e-17
4461.1 3.32718e-17
4465.21 3.32718e-17
4469.32 1.83768e-17
4473.42 -3.94239e-17
4477.53 -3.94239e-17
4481.64 9.25586e-17
4485.75 2.85495e-18
4489.85 2.85495e-18
4493.96 -4.23841e-18
4498.07 -9.00705e-18
4502.18 -9.00705e-18
4506.29 1.09192e-16
4510.39 -3.94239e-17
4514.5 -3.94239e-17
4518.61 9.25586e-17
4522.72 2.85495e-18
4526.83 2.85495e-18
4530.93 6.17079e-17
4535.04 -3.94239e-17
4539.15 -3.94239e-17
4543.26 1.04421e-16
4547.36 2.85495e-18
4551.47 2.85495e-18
4555.58 2.61784e-17
4559.69 -9.00705e-18
4563.8 -9.00705e-18
4567.9 6.69135e-17
4572.01 -3.94239e-17
4576.12 -3.94239e-17
4580.23 9.25586e-17
4584.33 2.85495e-18
4588.44 2.85495e-18
4592.55 -4.23841e-18
4596.66 3.32718e-17
4600.77 3.32718e-17
4604.87 1.83768e-17
4608.98 -3.94239e-17
4613.09 -3.94239e-17
4617.2 9.25586e-17
4621.31 2.85495e-18
4625.41 2.85495e-18
4629.52 -4.23841e-18
4633.63 -9.00705e-18
4637.74 -9.00705e-18
4641.84 1.09192e-16
4645.95 -3.94239e-17
4650.06 -3.94239e-17
4654.17 9.25586e-17
4658.28 2.85495e-18
4662.38 2.85495e-18
4666.49 6.17079e-17
4670.6 -3.94239e-17
4674.71 -3.94239e-17
4678.81 1.04421e-16
4682.92 2.85495e-18
4687.03 2.85495e-18
4691.14 2.61784e-17
4695.25 -9.00705e-18
4699.35 -9.00705e-18
4703.46 6.69135e-17
4707.57 -3.94239e-17
4711.68 -3.94239e-17
4715.79 9.25586e-17
4719.89 2.85495e-18
4724 2.85495e-18
4728.11 -4.23841e-18
4732.22 3.32718e-17
4736.32 1.4717e-17
4740.43 -3.94239e-17
4744.54 -3.94239e-17
4748.65 9.25586e-17
4752.76 2.85495e-18
4756.86 2.85495e-18
4760.97 -4.23841e-18
4765.08 -9.00705e-18
4769.19 -9.00705e-18
4773.29 1.09192e-16
4777.4 -3.94239e-17
4781.51 -3.94239e-17
4785.62 9.25586e-17
4789.73 2.85495e-18
4793.83 2.85495e-18
4797.94 6.17079e-17
4802.05 -3.94239e-17
4806.16 -3.94239e-17
4810.27 1.04421e-16
4814.37 2.85495e-18
4818.48 2.85495e-18
4822.59 2.61784e-17
4826.7 -9.00705e-18
4830.8 -9.00705e-18
4834.91 6.69135e-17
4839.02 -3.94239e-17
4843.13 -3.94239e-17
4847.24 9.25586e-17
4851.34 2.85495e-18
4855.45 2.85495e-18
4859.56 -4.23841e-18
4863.67 -9.00705e-18
4867.77 -9.00705e-18
4871.88 1.09192e-16
4875.99 -3.94239e-17
4880.1 -3.94239e-17
4884.21 9.25586e-17
4888.31 2.85495e-18
4892.42 2.85495e-18
4896.53 6.17079e-17
4900.64 -3.94239e-17
4904.75 -3.94239e-17
4908.85 1.04421e-16
4912.96 2.85495e-18
4917.07 2.85495e-18
4921.18 2.61784e-17
4925.28 -9.00705e-18
4929.39 -9.00705e-18
4933.5 6.69135e-17
4937.61 -3.94239e-17
4941.72 -3.94239e-17
4945.82 1.04421e-16
4949.93 2.85495e-18
4954.04 2.85495e-18
4958.15 -1.61004e-17
4962.25 3.32718e-17
4966.36 3.32718e-17
4970.47 1.83768e-17
4974.58 -3.94239e-17
4978.69 -3.94239e-17
4982.79 9.25586e-17
4986.9 2.85495e-18
4991.01 2.85495e-18
4995.12 -4.23841e-18
4999.23 -9.00705e-18
5003.33 -9.00705e-18
5007.44 1.09192e-16
5011.55 -3.94239e-17
5015.66 -3.94239e-17
5019.76 9.25586e-17
5023.87 2.85495e-18
5027.98 2.85495e-18
5032.09 6.17079e-17
5036.2 -3.94239e-17
5040.3 -3.94239e-17
5044.41 1.04421e-16
5048.52 2.85495e-18
5052.63 2.85495e-18
5056.73 2.61784e-17
5060.84 -9.00705e-18
5064.95 -9.00705e-18
5069.06 6.69135e-17
5073.17 -3.94239e-17
5077.27 -3.94239e-17
5081.38 1.04421e-16
5085.49 2.85495e-18
5089.6 2.85495e-18
5093.71 -1.61004e-17
5097.81 3.32718e-17
5101.92 3.32718e-17
5106.03 1.83768e-17
5110.14 -3.94239e-17
5114.24 -3.94239e-17
5118.35 9.25586e-17
5122.46 2.85495e-18
5126.57 2.85495e-18
5130.68 -4.23841e-18
5134.78 -9.00705e-18
5138.89 -9.00705e-18
5143 1.09192e-16
5147.11 -3.94239e-17
5151.21 -3.94239e-17
5155.32 9.25586e-17
5159.43 2.85495e-18
5163.54 2.85495e-18
5167.65 6.17079e-17
5171.75 -3.94239e-17
5175.86 -3.94239e-17
5179.97 1.04421e-16
5184.08 2.85495e-18
5188.19 2.85495e-18
5192.29 2.61784e-17
5196.4 -9.00705e-18
5200.51 -9.00705e-18
5204.62 6.69135e-17
5208.72 -3.94239e-17
5212.83 -3.94239e-17
5216.94 1.04421e-16
5221.05 2.85495e-18
5225.16 2.85495e-18
5229.26 -1.61004e-17
5233.37 3.32718e-17
5237.48 3.32718e-17
5241.59 1.83768e-17
5245.69 -3.94239e-17
5249.8 -3.94239e-17
5253.91 9.25586e-17
5258.02 2.85495e-18
5262.13 2.85495e-18
5266.23 -4.23841e-18
5270.34 -9.00705e-18
5274.45 -9.00705e-18
5278.56 1.09192e-16
5282.67 -3.94239e-17
5286.77 -3.94239e-17
5290.88 9.25586e-17
5294.99 2.85495e-18
5299.1 2.85495e-18
5303.2 6.17079e-17
5307.31 -3.94239e-17
5311.42 -3.94239e-17
5315.53 1.04421e-16
5319.64 2.85495e-18
5323.74 2.85495e-18
5327.85 2.61784e-17
5331.96 -9.00705e-18
5336.07 -9.00705e-18
5340.17 6.69135e-17
5344.28 -3.94239e-17
5348.39 -3.94239e-17
5352.5 1.04421e-16
5356.61 2.85495e-18
5360.71 2.85495e-18
5364.82 -1.61004e-17
5368.93 3.32718e-17
5373.04 3.32718e-17
5377.15 1.83768e-17
5381.25 -3.94239e-17
5385.36 -3.94239e-17
5389.47 9.25586e-17
5393.58 2.85495e-18
5397.68 2.85495e-18
5401.79 -4.23841e-18
5405.9 -9.00705e-18
5410.01 -9.00705e-18
5414.12 1.09192e-16
5418.22 -3.94239e-17
5422.33 -3.94239e-17
5426.44 9.25586e-17
5430.55 2.85495e-18
5434.66 2.85495e-18
5438.76 6.17079e-17
5442.87 -3.94239e-17
5446.98 -3.94239e-17
5451.09 1.04421e-16
5455.19 2.85495e-18
5459.3 2.85495e-18
5463.41 2.61784e-17
5467.52 -9.00705e-18
5471.63 -9.00705e-18
5475.73 6.69135e-17
5479.84 -3.94239e-17
5483.95 -3.94239e-17
5488.06 9.25586e-17
5492.16 2.85495e-18
5496.27 2.85495e-18
5500.38 -4.23841e-18
5504.49 3.32718e-17
5508.6 3.32718e-17
5512.7 1.83768e-17
5516.81 -3.94239e-17
5520.92 -3.94239e-17
5525.03 9.25586e-17
5529.14 2.85495e-18
5533.24 2.85495e-18
5537.35 -4.23841e-18
5541.46 -9.00705e-18
5545.57 -9.00705e-18
5549.67 1.09192e-16
5553.78 -3.94239e-17
5557.89 -3.94239e-17
5562 9.25586e-17
5566.11 2.85495e-18
5570.21 2.85495e-18
5574.32 6.17079e-17
5578.43 -3.94239e-17
5582.54 -3.94239e-17
5586.64 1.04421e-16
5590.75 2.85495e-18
5594.86 2.85495e-18
5598.97 2.61784e-17
5603.08 -9.00705e-18
5607.18 -9.00705e-18
5611.29 6.69135e-17
5615.4 -3.94239e-17
5619.51 -3.94239e-17
5623.62 9.25586e-17
5627.72 2.85495e-18
5631.83 2.85495e-18
5635.94 -4.23841e-18
5640.05 -9.00705e-18
5644.15 -9.00705e-18
5648.26 1.09192e-16
5652.37 -3.94239e-17
5656.48 -3.94239e-17
5660.59 9.25586e-17
5664.69 2.85495e-18
5668.8 2.85495e-18
5672.91 6.17079e-17
5677.02 -3.94239e-17
5681.12 -3.94239e-17
5685.23 1.04421e-16
5689.34 2.85495e-18
5693.45 2.85495e-18
5697.56 2.61784e-17
5701.66 -9.00705e-18
5705.77 -9.00705e-18
5709.88 6.69135e-17
5713.99 -3.94239e-17
5718.1 -3.94239e-17
5722.2 1.04421e-16
5726.31 2.85495e-18
5730.42 2.85495e-18
5734.53 -1.61004e-17
5738.63 3.32718e-17
5742.74 3.32718e-17
5746.85 1.83768e-17
5750.96 -3.94239e-17
5755.07 -3.94239e-17
5759.17 9.25586e-17
5763.28 2.85495e-18
5767.39 2.85495e-18
5771.5 -4.23841e-18
5775.6 -9.00705e-18
5779.71 -9.00705e-18
5783.82 1.09192e-16
5787.93 -3.94239e-17
5792.04 -3.94239e-17
5796.14 9.25586e-17
5800.25 2.85495e-18
5804.36 2.85495e-18
5808.47 6.17079e-17
5812.58 -3.94239e-17
5816.68 -3.94239e-17
5820.79 1.04421e-16
5824.9 2.85495e-18
5829.01 2.85495e-18
5833.11 2.61784e-17
5837.22 -9.00705e-18
5841.33 -9.00705e-18
5845.44 6.69135e-17
5849.55 -3.94239e-17
5853.65 -3.94239e-17
5857.76 1.04421e-16
5861.87 2.85495e-18
5865.98 2.85495e-18
5870.08 -1.61004e-17
5874.19 3.32718e-17
5878.3 3.32718e-17
5882.41 1.83768e-17
5886.52 -3.94239e-17
5890.62 -3.94239e-17
5894.73 9.25586e-17
5898.84 2.85495e-18
5902.95 2.85495e-18
5907.06 -4.23841e-18
5911.16 -9.00705e-18
5915.27 -9.00705e-18
5919.38 1.09192e-16
5923.49 -3.94239e-17
5927.59 -3.94239e-17
5931.7 9.25586e-17
5935.81 2.85495e-18
5939.92 2.85495e-18
5944.03 6.17079e-17
5948.13 -3.94239e-17
5952.24 -3.94239e-17
5956.35 1.04421e-16
5960.46 2.85495e-18
5964.56 2.85495e-18
5968.67 2.61784e-17
5972.78 -9.00705e-18
5976.89 -9.00705e-18
5981 6.69135e-17
5985.1 -3.94239e-17
5989.21 -3.94239e-17
5993.32 1.04421e-16
5997.43 2.85495e-18
6001.54 2.85495e-18
6005.64 -1.61004e-17
6009.75 3.32718e-17
6013.86 3.32718e-17
6017.97 1.83768e-17
6022.07 -3.94239e-17
6026.18 -3.94239e-17
6030.29 9.25586e-17
6034.4 2.85495e-18
6038.51 2.85495e-18
6042.61 -4.23841e-18
6046.72 -9.00705e-18
6050.83 -9.00705e-18
6054.94 1.09192e-16
6059.04 -3.94239e-17
6063.15 -3.94239e-17
6067.26 9.25586e-17
6071.37 2.85495e-18
6075.48 2.85495e-18
6079.58 6.17079e-17
6083.69 -3.94239e-17
6087.8 -3.94239e-17
6091.91 1.04421e-16
6096.02 2.85495e-18
6100.12 2.85495e-18
6104.23 2.61784e-17
6108.34 -9.00705e-18
6112.45 -9.00705e-18
6116.55 6.69135e-17
6120.66 -3.94239e-17
6124.77 -3.94239e-17
6128.88 1.04421e-16
6132.99 2.85495e-18
6137.09 2.85495e-18
6141.2 -1.61004e-17
6145.31 3.32718e-17
6149.42 3.32718e-17
6153.52 1.83768e-17
6157.63 -3.94239e-17
6161.74 -3.94239e-17
6165.85 9.25586e-17
6169.96 2.85495e-18
6174.06 2.85495e-18
6178.17 -4.23841e-18
6182.28 -9.00705e-18
6186.39 -9.00705e-18
6190.5 1.09192e-16
6194.6 -3.94239e-17
6198.71 -3.94239e-17
6202.82 9.25586e-17
6206.93 2.85495e-18
6211.03 2.85495e-18
6215.14 6.17079e-17
6219.25 -3.94239e-17
6223.36 -3.94239e-17
6227.47 1.04421e-16
6231.57 2.85495e-18
6235.68 2.85495e-18
6239.79 2.61784e-17
6243.9 -9.00705e-18
6248 -9.00705e-18
6252.11 6.69135e-17
6256.22 -3.94239e-17
6260.33 -3.94239e-17
6264.44 9.25586e-17
6268.54 2.85495e-18
6272.65 2.85495e-18
6276.76 -4.23841e-18
6280.87 3.32718e-17
6284.98 3.32718e-17
6289.08 1.83768e-17
6293.19 -3.94239e-17
6297.3 -3.94239e-17
6301.41 9.25586e-17
6305.51 2.85495e-18
6309.62 2.85495e-18
6313.73 -4.23841e-18
6317.84 -9.00705e-18
6321.95 -9.00705e-18
6326.05 1.09192e-16
6330.16 -3.94239e-17
6334.27 -3.94239e-17
6338.38 9.25586e-17
6342.48 2.85495e-18
6346.59 2.85495e-18
6350.7 6.17079e-17
6354.81 -3.94239e-17
6358.92 -3.94239e-17
6363.02 1.04421e-16
6367.13 2.85495e-18
6371.24 2.85495e-18
6375.35 2.61784e-17
6379.46 -9.00705e-18
6383.56 -9.00705e-18
6387.67 6.69135e-17
6391.78 -3.94239e-17
6395.89 -3.94239e-17
6399.99 9.25586e-17
6404.1 2.85495e-18
6408.21 2.85495e-18
6412.32 -4.23841e-18
6416.43 -9.00705e-18
6420.53 -9.00705e-18
6424.64 1.09192e-16
6428.75 -3.94239e-17
6432.86 -3.94239e-17
6436.96 9.25586e-17
6441.07 2.85495e-18
6445.18 2.85495e-18
6449.29 6.17079e-17
6453.4 -3.94239e-17
6457.5 -3.94239e-17
6461.61 1.04421e-16
6465.72 2.85495e-18
6469.83 2.85495e-18
6473.94 2.61784e-17
6478.04 -9.00705e-18
6482.15 -9.00705e-18
6486.26 6.69135e-17
6490.37 -3.94239e-17
6494.47 -3.94239e-17
6498.58 1.04421e-16
6502.69 2.85495e-18
6506.8 2.85495e-18
6510.91 -1.61004e-17
6515.01 3.32718e-17
6519.12 3.32718e-17
6523.23 1.83768e-17
6527.34 -3.94239e-17
6531.44 -3.94239e-17
6535.55 9.25586e-17
6539.66 2.85495e-18
6543.77 2.85495e-18
6547.88 -4.23841e-18
6551.98 -9.00705e-18
6556.09 -9.00705e-18
6560.2 1.09192e-16
6564.31 -3.94239e-17
6568.42 -3.94239e-17
6572.52 9.25586e-17
6576.63 2.85495e-18
6580.74 2.85495e-18
6584.85 6.17079e-17
6588.95 -3.94239e-17
6593.06 -3.94239e-17
6597.17 1.04421e-16
6601.28 2.85495e-18
6605.39 2.85495e-18
6609.49 2.61784e-17
6613.6 -9.00705e-18
6617.71 -9.00705e-18
6621.82 6.69135e-17
6625.92 -3.94239e-17
6630.03 -3.94239e-17
6634.14 1.04421e-16
6638.25 2.85495e-18
6642.36 2.85495e-18
6646.46 -1.61004e-17
6650.57 3.32718e-17
6654.68 3.32718e-17
6658.79 1.83768e-17
6662.9 -3.94239e-17
6667 -3.94239e-17
6671.11 9.25586e-17
6675.22 2.85495e-18
6679.33 2.85495e-18
6683.43 -4.23841e-18
6687.54 -9.00705e-18
6691.65 -9.00705e-18
6695.76 1.09192e-16
6699.87 -3.94239e-17
6703.97 -3.94239e-17
6708.08 9.25586e-17
6712.19 2.85495e-18
6716.3 2.85495e-18
6720.4 6.17079e-17
6724.51 -3.94239e-17
6728.62 -3.94239e-17
6732.73 1.04421e-16
6736.84 2.85495e-18
6740.94 2.85495e-18
6745.05 2.61784e-17
6749.16 -9.00705e-18
6753.27 -9.00705e-18
6757.38 6.69135e-17
6761.48 -3.94239e-17
6765.59 -3.94239e-17
6769.7 1.04421e-16
6773.81 2.85495e-18
6777.91 2.85495e-18
6782.02 -1.61004e-17
6786.13 3.32718e-17
6790.24 3.32718e-17
6794.35 1.83768e-17
6798.45 -3.94239e-17
6802.56 -3.94239e-17
6806.67 9.25586e-17
6810.78 2.85495e-18
6814.88 2.85495e-18
6818.99 -4.23841e-18
6823.1 -9.00705e-18
6827.21 -9.00705e-18
6831.32 1.09192e-16
6835.42 -3.94239e-17
6839.53 -3.94239e-17
6843.64 9.25586e-17
6847.75 2.85495e-18
6851.86 2.85495e-18
6855.96 6.17079e-17
6860.07 -3.94239e-17
6864.18 -3.94239e-17
6868.29 1.04421e-16
6872.39 2.85495e-18
6876.5 2.85495e-18
6880.61 2.61784e-17
6884.72 -9.00705e-18
6888.83 -9.00705e-18
6892.93 6.69135e-17
6897.04 -3.94239e-17
6901.15 -3.94239e-17
6905.26 1.04421e-16
6909.36 2.85495e-18
6913.47 2.85495e-18
6917.58 -1.61004e-17
6921.69 3.32718e-17
6925.8 3.32718e-17
6929.9 1.83768e-17
6934.01 -3.94239e-17
6938.12 -3.94239e-17
6942.23 9.25586e-17
6946.34 2.85495e-18
6950.44 2.85495e-18
6954.55 -4.23841e-18
6958.66 -9.00705e-18
6962.77 -9.00705e-18
6966.87 1.09192e-16
6970.98 -3.94239e-17
6975.09 -3.94239e-17
6979.2 9.25586e-17
6983.31 2.85495e-18
6987.41 2.85495e-18
6991.52 6.17079e-17
6995.63 -3.94239e-17
6999.74 -3.94239e-17
7003.84 1.04421e-16
7007.95 2.85495e-18
7012.06 2.85495e-18
7016.17 2.61784e-17
7020.28 -9.00705e-18
7024.38 -9.00705e-18
7028.49 6.69135e-17
7032.6 -3.94239e-17
7036.71 -3.94239e-17
7040.82 9.25586e-17
7044.92 2.85495e-18
7049.03 2.85495e-18
7053.14 -4.23841e-18
7057.25 3.32718e-17
7061.35 3.32718e-17
7065.46 1.83768e-17
7069.57 -3.94239e-17
7073.68 -3.94239e-17
7077.79 9.25586e-17
7081.89 2.85495e-18
7086 2.85495e-18
7090.11 -4.23841e-18
7094.22 -9.00705e-18
7098.32 -9.00705e-18
7102.43 1.09192e-16
7106.54 -3.94239e-17
7110.65 -3.94239e-17
7114.76 9.25586e-17
7118.86 2.85495e-18
7122.97 2.85495e-18
7127.08 6.17079e-17
7131.19 -3.94239e-17
7135.3 -3.94239e-17
7139.4 1.04421e-16
7143.51 2.85495e-18
7147.62 2.85495e-18
7151.73 2.61784e-17
7155.83 -9.00705e-18
7159.94 -9.00705e-18
7164.05 6.69135e-17
7168.16 -3.94239e-17
7172.27 -3.94239e-17
7176.37 9.25586e-17
7180.48 2.85495e-18
7184.59 2.85495e-18
7188.7 -4.23841e-18
7192.8 3.32718e-17
7196.91 3.32718e-17
7201.02 1.83768e-17
7205.13 -3.94239e-17
7209.24 -3.94239e-17
7213.34 9.25586e-17
7217.45 2.85495e-18
7221.56 2.85495e-18
7225.67 6.17079e-17
7229.78 -3.94239e-17
7233.88 -3.94239e-17
7237.99 1.04421e-16
7242.1 2.85495e-18
7246.21 2.85495e-18
7250.31 2.61784e-17
7254.42 -9.00705e-18
7258.53 -9.00705e-18
7262.64 6.69135e-17
7266.75 -3.94239e-17
7270.85 -3.94239e-17
7274.96 1.04421e-16
7279.07 2.85495e-18
7283.18 2.85495e-18
7287.28 2.61784e-17
7291.39 -9.00705e-18
7295.5 -9.00705e-18
7299.61 6.69135e-17
7303.72 -3.94239e-17
7307.82 -3.94239e-17
7311.93 9.25586e-17
7316.04 2.85495e-18
7320.15 2.85495e-18
7324.26 -4.23841e-18
7328.36 -9.00705e-18
7332.47 -9.00705e-18
7336.58 1.09192e-16
7340.69 -3.94239e-17
7344.79 -3.94239e-17
7348.9 9.25586e-17
7353.01 2.85495e-18
7357.12 2.85495e-18
7361.23 6.17079e-17
7365.33 -3.94239e-17
7369.44 -3.94239e-17
7373.55 1.04421e-16
7377.66 2.85495e-18
7381.76 2.85495e-18
7385.87 2.61784e-17
7389.98 -9.00705e-18
7394.09 -9.00705e-18
7398.2 6.69135e-17
7402.3 -3.94239e-17
7406.41 -3.94239e-17
7410.52 1.04421e-16
7414.63 2.85495e-18
7418.74 2.85495e-18
7422.84 -1.61004e-17
7426.95 3.32718e-17
7431.06 3.32718e-17
7435.17 1.83768e-17
7439.27 -3.94239e-17
7443.38 -3.94239e-17
7447.49 9.25586e-17
7451.6 2.85495e-18
7455.71 2.85495e-18
7459.81 -4.23841e-18
7463.92 -9.00705e-18
7468.03 -9.00705e-18
7472.14 1.09192e-16
7476.24 -3.94239e-17
7480.35 -3.94239e-17
7484.46 9.25586e-17
7488.57 2.85495e-18
7492.68 2.85495e-18
7496.78 6.17079e-17
7500.89 -3.94239e-17
7505 -3.94239e-17
7509.11 1.04421e-16
7513.22 2.85495e-18
7517.32 2.85495e-18
7521.43 2.61784e-17
7525.54 -9.00705e-18
7529.65 -9.00705e-18
7533.75 6.69135e-17
7537.86 -3.94239e-17
7541.97 -3.94239e-17
7546.08 1.04421e-16
7550.19 2.85495e-18
7554.29 2.85495e-18
7558.4 -1.61004e-17
7562.51 3.32718e-17
7566.62 3.32718e-17
7570.72 1.83768e-17
7574.83 -3.94239e-17
7578.94 -3.94239e-17
7583.05 9.25586e-17
7587.16 2.85495e-18
7591.26 2.85495e-18
7595.37 -4.23841e-18
7599.48 -9.00705e-18
7603.59 -9.00705e-18
7607.7 1.09192e-16
7611.8 -3.94239e-17
7615.91 -3.94239e-17
7620.02 9.25586e-17
7624.13 2.85495e-18
7628.23 2.85495e-18
7632.34 6.17079e-17
7636.45 -3.94239e-17
7640.56 -3.94239e-17
7644.67 1.04421e-16
7648.77 2.85495e-18
7652.88 2.85495e-18
7656.99 2.61784e-17
7661.1 -9.00705e-18
7665.21 -9.00705e-18
7669.31 6.69135e-17
7673.42 -3.94239e-17
7677.53 -3.94239e-17
7681.64 1.04421e-16
7685.74 2.85495e-18
7689.85 2.85495e-18
7693.96 -1.61004e-17
7698.07 3.32718e-17
7702.18 3.32718e-17
7706.28 1.83768e-17
7710.39 -3.94239e-17
7714.5 -3.94239e-17
7718.61 9.25586e-17
7722.71 2.85495e-18
7726.82 2.85495e-18
7730.93 -4.23841e-18
7735.04 -9.00705e-18
7739.15 -9.00705e-18
7743.25 1.09192e-16
7747.36 -3.94239e-17
7751.47 -3.94239e-17
7755.58 9.25586e-17
7759.69 2.85495e-18
7763.79 2.85495e-18
7767.9 6.17079e-17
7772.01 -3.94239e-17
7776.12 -3.94239e-17
7780.22 1.04421e-16
7784.33 2.85495e-18
7788.44 2.85495e-18
7792.55 2.61784e-17
7796.66 -9.00705e-18
7800.76 -9.00705e-18
7804.87 6.69135e-17
7808.98 -3.94239e-17
7813.09 -3.94239e-17
7817.19 9.25586e-17
7821.3 2.85495e-18
7825.41 2.85495e-18
7829.52 -4.23841e-18
7833.63 3.32718e-17
7837.73 3.32718e-17
7841.84 1.83768e-17
7845.95 -3.94239e-17
7850.06 -3.94239e-17
7854.17 9.25586e-17
7858.27 2.85495e-18
7862.38 2.85495e-18
7866.49 -4.23841e-18
7870.6 -9.00705e-18
7874.7 -9.00705e-18
7878.81 1.09192e-16
7882.92 -3.94239e-17
7887.03 -3.94239e-17
7891.14 9.25586e-17
7895.24 2.85495e-18
7899.35 2.85495e-18
7903.46 6.17079e-17
7907.57 -3.94239e-17
7911.67 -3.94239e-17
7915.78 1.04421e-16
7919.89 2.85495e-18
7924 2.85495e-18
7928.11 2.61784e-17
7932.21 -9.00705e-18
7936.32 -9.00705e-18
7940.43 6.69135e-17
7944.54 -3.94239e-17
7948.65 -3.94239e-17
7952.75 9.25586e-17
7956.86 2.85495e-18
7960.97 2.85495e-18
7965.08 -4.23841e-18
7969.18 3.32718e-17
7973.29 3.32718e-17
7977.4 1.83768e-17
7981.51 -3.94239e-17
7985.62 -3.94239e-17
7989.72 9.25586e-17
7993.83 2.85495e-18
7997.94 2.85495e-18
8002.05 6.17079e-17
8006.15 -3.94239e-17
8010.26 -3.94239e-17
8014.37 1.04421e-16
8018.48 2.85495e-18
8022.59 2.85495e-18
8026.69 2.61784e-17
8030.8 -9.00705e-18
8034.91 -9.00705e-18
8039.02 6.69135e-17
8043.13 -3.94239e-17
8047.23 -3.94239e-17
8051.34 1.04421e-16
8055.45 2.85495e-18
8059.56 2.85495e-18
8063.66 2.61784e-17
8067.77 -9.00705e-18
8071.88 -9.00705e-18
8075.99 6.69135e-17
8080.1 -3.94239e-17
8084.2 -3.94239e-17
8088.31 9.25586e-17
8092.42 2.85495e-18
8096.53 2.85495e-18
8100.63 -4.23841e-18
8104.74 -9.00705e-18
8108.85 -9.00705e-18
8112.96 1.09192e-16
8117.07 -3.94239e-17
8121.17 -3.94239e-17
8125.28 9.25586e-17
8129.39 2.85495e-18
8133.5 2.85495e-18
8137.61 6.17079e-17
8141.71 -3.94239e-17
8145.82 -3.94239e-17
8149.93 1.04421e-16
8154.04 2.85495e-18
8158.14 2.85495e-18
8162.25 2.61784e-17
8166.36 -9.00705e-18
8170.47 -9.00705e-18
8174.58 6.69135e-17
8178.68 -3.94239e-17
8182.79 -3.94239e-17
8186.9 1.04421e-16
8191.01 2.85495e-18
8195.11 2.85495e-18
8199.22 -1.61004e-17
8203.33 3.32718e-17
8207.44 3.32718e-17
8211.55 1.83768e-17
8215.65 -3.94239e-17
8219.76 -3.94239e-17
8223.87 9.25586e-17
8227.98 2.85495e-18
8232.09 2.85495e-18
8236.19 -4.23841e-18
8240.3 -9.00705e-18
8244.41 -9.00705e-18
8248.52 1.09192e-16
8252.62 -3.94239e-17
8256.73 -3.94239e-17
8260.84 9.25586e-17
8264.95 2.85495e-18
8269.06 2.85495e-18
8273.16 6.17079e-17
8277.27 -3.94239e-17
8281.38 -3.94239e-17
8285.49 1.04421e-16
8289.59 2.85495e-18
8293.7 2.85495e-18
8297.81 2.61784e-17
8301.92 -9.00705e-18
8306.03 -9.00705e-18
8310.13 6.69135e-17
8314.24 -3.94239e-17
8318.35 4.51338e-17
8322.46 2.85495e-18
8326.57 2.85495e-18
8330.67 -1.61004e-17
8334.78 3.32718e-17
8338.89 3.32718e-17
8343 1.83768e-17
8347.1 -3.94239e-17
8351.21 -3.94239e-17
8355.32 9.25586e-17
8359.43 2.85495e-18
8363.54 2.85495e-18
8367.64 -4.23841e-18
8371.75 -9.00705e-18
8375.86 -9.00705e-18
8379.97 1.09192e-16
8384.07 -3.94239e-17
8388.18 -3.94239e-17
8392.29 9.25586e-17
8396.4 2.85495e-18
8400.51 2.85495e-18
8404.61 6.17079e-17
8408.72 -3.94239e-17
8412.83 -3.94239e-17
8416.94 1.04421e-16
8421.05 2.85495e-18
8425.15 2.85495e-18
8429.26 2.61784e-17
8433.37 -9.00705e-18
8437.48 -9.00705e-18
8441.58 6.69135e-17
8445.69 -3.94239e-17
8449.8 -3.94239e-17
8453.91 1.04421e-16
8458.02 2.85495e-18
8462.12 2.85495e-18
8466.23 -1.61004e-17
8470.34 3.32718e-17
8474.45 3.32718e-17
8478.55 1.83768e-17
8482.66 -3.94239e-17
8486.77 -3.94239e-17
8490.88 9.25586e-17
8494.99 2.85495e-18
8499.09 2.85495e-18
8503.2 -4.23841e-18
8507.31 -9.00705e-18
8511.42 -9.00705e-18
8515.53 1.09192e-16
8519.63 -3.94239e-17
8523.74 -3.94239e-17
8527.85 9.25586e-17
8531.96 2.85495e-18
8536.06 2.85495e-18
8540.17 6.17079e-17
8544.28 -3.94239e-17
8548.39 -3.94239e-17
8552.5 1.04421e-16
8556.6 2.85495e-18
8560.71 2.85495e-18
8564.82 2.61784e-17
8568.93 -9.00705e-18
8573.03 -9.00705e-18
8577.14 6.69135e-17
8581.25 -3.94239e-17
8585.36 -3.94239e-17
8589.47 1.04421e-16
8593.57 2.85495e-18
8597.68 2.85495e-18
8601.79 -1.61004e-17
8605.9 3.32718e-17
8610.01 3.32718e-17
8614.11 1.83768e-17
8618.22 -3.94239e-17
8622.33 -3.94239e-17
8626.44 9.25586e-17
8630.54 2.85495e-18
8634.65 2.85495e-18
8638.76 -4.23841e-18
8642.87 -9.00705e-18
8646.98 -9.00705e-18
8651.08 1.09192e-16
8655.19 -3.94239e-17
8659.3 -3.94239e-17
8663.41 9.25586e-17
8667.51 2.85495e-18
8671.62 2.85495e-18
8675.73 6.17079e-17
8679.84 -3.94239e-17
8683.95 -3.94239e-17
8688.05 1.04421e-16
8692.16 2.85495e-18
8696.27 2.85495e-18
8700.38 2.61784e-17
8704.49 -9.00705e-18
8708.59 -9.00705e-18
8712.7 6.69135e-17
8716.81 -3.94239e-17
8720.92 -3.94239e-17
8725.02 9.25586e-17
8729.13 2.85495e-18
8733.24 2.85495e-18
8737.35 -4.23841e-18
8741.46 3.32718e-17
8745.56 3.32718e-17
8749.67 1.83768e-17
8753.78 -3.94239e-17
8757.89 -3.94239e-17
8761.99 9.25586e-17
8766.1 2.85495e-18
8770.21 2.85495e-18
8774.32 -4.23841e-18
8778.43 -9.00705e-18
8782.53 -9.00705e-18
8786.64 1.09192e-16
8790.75 -3.94239e-17
8794.86 -3.94239e-17
8798.97 9.25586e-17
8803.07 2.85495e-18
8807.18 2.85495e-18
8811.29 6.17079e-17
8815.4 -3.94239e-17
8819.5 -3.94239e-17
8823.61 1.04421e-16
8827.72 2.85495e-18
8831.83 2.85495e-18
8835.94 2.61784e-17
8840.04 -9.00705e-18
8844.15 -9.00705e-18
8848.26 6.69135e-17
8852.37 -3.94239e-17
8856.47 -3.94239e-17
8860.58 9.25586e-17
8864.69 2.85495e-18
8868.8 2.85495e-18
8872.91 -4.23841e-18
8877.01 -9.00705e-18
8881.12 -9.00705e-18
8885.23 1.09192e-16
8889.34 -3.94239e-17
8893.45 -3.94239e-17
8897.55 9.25586e-17
8901.66 2.85495e-18
8905.77 2.85495e-18
8909.88 6.17079e-17
8913.98 -3.94239e-17
8918.09 -3.94239e-17
8922.2 1.04421e-16
8926.31 2.85495e-18
8930.42 2.85495e-18
8934.52 2.61784e-17
8938.63 -9.00705e-18
8942.74 -9.00705e-18
8946.85 6.69135e-17
8950.95 -3.94239e-17
8955.06 -3.94239e-17
8959.17 1.04421e-16
8963.28 2.85495e-18
8967.39 2.85495e-18
8971.49 -1.61004e-17
8975.6 3.32718e-17
8979.71 3.32718e-17
8983.82 1.83768e-17
8987.93 -3.94239e-17
8992.03 -3.94239e-17
8996.14 9.25586e-17
9000.25 2.85495e-18
9004.36 2.85495e-18
9008.46 -4.23841e-18
9012.57 -9.00705e-18
9016.68 -9.00705e-18
9020.79 1.09192e-16
9024.9 -3.94239e-17
9029 -3.94239e-17
9033.11 9.25586e-17
9037.22 2.85495e-18
9041.33 2.85495e-18
9045.43 6.17079e-17
9049.54 -3.94239e-17
9053.65 -3.94239e-17
9057.76 1.04421e-16
9061.87 2.85495e-18
9065.97 2.85495e-18
9070.08 2.61784e-17
9074.19 -9.00705e-18
9078.3 -9.00705e-18
9082.41 6.69135e-17
9086.51 -3.94239e-17
9090.62 -3.94239e-17
9094.73 1.04421e-16
9098.84 2.85495e-18
9102.94 2.85495e-18
9107.05 -1.61004e-17
9111.16 3.32718e-17
9115.27 3.32718e-17
9119.38 1.83768e-17
9123.48 -3.94239e-17
9127.59 -3.94239e-17
9131.7 9.25586e-17
9135.81 2.85495e-18
9139.91 2.85495e-18
9144.02 -4.23841e-18
9148.13 -9.00705e-18
9152.24 -9.00705e-18
9156.35 1.09192e-16
9160.45 -3.94239e-17
9164.56 -3.94239e-17
9168.67 9.25586e-17
9172.78 2.85495e-18
9176.89 2.85495e-18
9180.99 6.17079e-17
9185.1 -3.94239e-17
9189.21 -3.94239e-17
9193.32 1.04421e-16
9197.42 2.85495e-18
9201.53 2.85495e-18
9205.64 2.61784e-17
9209.75 -9.00705e-18
9213.86 -9.00705e-18
9217.96 6.69135e-17
9222.07 -3.94239e-17
9226.18 -3.94239e-17
9230.29 1.04421e-16
9234.39 2.85495e-18
9238.5 2.85495e-18
9242.61 -1.61004e-17
9246.72 3.32718e-17
9250.83 3.32718e-17
9254.93 1.83768e-17
9259.04 -3.94239e-17
9263.15 -3.94239e-17
9267.26 9.25586e-17
9271.37 2.85495e-18
9275.47 2.85495e-18
9279.58 -4.23841e-18
9283.69 -9.00705e-18
9287.8 -9.00705e-18
9291.9 1.09192e-16
9296.01 -3.94239e-17
9300.12 -3.94239e-17
9304.23 9.25586e-17
9308.34 2.85495e-18
9312.44 2.85495e-18
9316.55 6.17079e-17
9320.66 -3.94239e-17
9324.77 -3.94239e-17
9328.87 1.04421e-16
9332.98 2.85495e-18
9337.09 2.85495e-18
9341.2 2.61784e-17
9345.31 -9.00705e-18
9349.41 -9.00705e-18
9353.52 6.69135e-17
9357.63 -3.94239e-17
9361.74 -3.94239e-17
9365.85 1.04421e-16
9369.95 2.85495e-18
9374.06 2.85495e-18
9378.17 -1.61004e-17
9382.28 3.32718e-17
9386.38 3.32718e-17
9390.49 1.83768e-17
9394.6 -3.94239e-17
9398.71 -3.94239e-17
9402.82 9.25586e-17
9406.92 2.85495e-18
9411.03 2.85495e-18
9415.14 -4.23841e-18
9419.25 -9.00705e-18
9423.35 -9.00705e-18
9427.46 1.09192e-16
9431.57 -3.94239e-17
9435.68 -3.94239e-17
9439.79 9.25586e-17
9443.89 2.85495e-18
9448 2.85495e-18
9452.11 6.17079e-17
9456.22 -3.94239e-17
9460.33 -3.94239e-17
9464.43 1.04421e-16
9468.54 2.85495e-18
9472.65 2.85495e-18
9476.76 2.61784e-17
9480.86 -9.00705e-18
9484.97 -9.00705e-18
9489.08 6.69135e-17
9493.19 -3.94239e-17
9497.3 -3.94239e-17
9501.4 9.25586e-17
9505.51 2.85495e-18
9509.62 2.85495e-18
9513.73 -4.23841e-18
9517.83 3.32718e-17
9521.94 3.32718e-17
9526.05 1.83768e-17
9530.16 -3.94239e-17
9534.27 -3.94239e-17
9538.37 9.25586e-17
9542.48 2.85495e-18
9546.59 2.85495e-18
9550.7 -4.23841e-18
9554.81 -9.00705e-18
9558.91 -9.00705e-18
9563.02 1.09192e-16
9567.13 -3.94239e-17
9571.24 -3.94239e-17
9575.34 9.25586e-17
9579.45 2.85495e-18
9583.56 2.85495e-18
9587.67 6.17079e-17
9591.78 -3.94239e-17
9595.88 -3.94239e-17
9599.99 1.04421e-16
9604.1 2.85495e-18
9608.21 2.85495e-18
9612.31 2.61784e-17
9616.42 -9.00705e-18
9620.53 -9.00705e-18
9624.64 6.69135e-17
9628.75 -3.94239e-17
9632.85 -3.94239e-17
9636.96 9.25586e-17
9641.07 2.85495e-18
9645.18 2.85495e-18
9649.29 -4.23841e-18
9653.39 -9.00705e-18
9657.5 -9.00705e-18
9661.61 1.09192e-16
9665.72 -3.94239e-17
9669.82 -3.94239e-17
9673.93 9.25586e-17
9678.04 2.85495e-18
9682.15 2.85495e-18
9686.26 6.17079e-17
9690.36 -3.94239e-17
9694.47 -3.94239e-17
9698.58 1.04421e-16
9702.69 2.85495e-18
9706.79 2.85495e-18
9710.9 2.61784e-17
9715.01 -9.00705e-18
9719.12 -9.00705e-18
9723.23 6.69135e-17
9727.33 -3.94239e-17
9731.44 -3.94239e-17
9735.55 1.04421e-16
9739.66 2.85495e-18
9743.77 2.85495e-18
9747.87 -1.61004e-17
9751.98 3.32718e-17
9756.09 3.32718e-17
9760.2 1.83768e-17
9764.3 -3.94239e-17
9768.41 -3.94239e-17
9772.52 9.25586e-17
9776.63 2.85495e-18
9780.74 2.85495e-18
9784.84 -4.23841e-18
9788.95 -9.00705e-18
9793.06 -9.00705e-18
9797.17 1.09192e-16
9801.28 -3.94239e-17
9805.38 -3.94239e-17
9809.49 9.25586e-17
9813.6 2.85495e-18
9817.71 2.85495e-18
9821.81 6.17079e-17
9825.92 -3.94239e-17
9830.03 -3.94239e-17
9834.14 1.04421e-16
9838.25 2.85495e-18
9842.35 2.85495e-18
9846.46 2.61784e-17
9850.57 -9.00705e-18
9854.68 -9.00705e-18
9858.78 6.69135e-17
9862.89 -3.94239e-17
9867 -3.94239e-17
9871.11 1.04421e-16
9875.22 2.85495e-18
9879.32 2.85495e-18
9883.43 -1.61004e-17
9887.54 3.32718e-17
9891.65 3.32718e-17
9895.76 1.83768e-17
9899.86 -3.94239e-17
9903.97 -3.94239e-17
9908.08 9.25586e-17
9912.19 2.85495e-18
9916.29 2.85495e-18
9920.4 -4.23841e-18
9924.51 -9.00705e-18
9928.62 -9.00705e-18
9932.73 1.09192e-16
9936.83 -3.94239e-17
9940.94 -3.94239e-17
9945.05 9.25586e-17
9949.16 2.85495e-18
9953.26 2.85495e-18
9957.37 6.17079e-17
9961.48 -3.94239e-17
9965.59 -3.94239e-17
9969.7 1.04421e-16
9973.8 2.85495e-18
9977.91 2.85495e-18
9982.02 2.61784e-17
9986.13 -9.00705e-18
9990.24 -9.00705e-18
9994.34 6.69135e-17
9998.45 -3.94239e-17
10002.6 -3.94239e-17
10006.7 1.04421e-16
10010.8 2.85495e-18
10014.9 2.85495e-18
10019 -1.61004e-17
10023.1 3.32718e-17
10027.2 3.32718e-17
10031.3 1.83768e-17
10035.4 -3.94239e-17
10039.5 -3.94239e-17
10043.6 9.25586e-17
10047.7 2.85495e-18
10051.9 2.85495e-18
10056 -4.23841e-18
10060.1 -9.00705e-18
10064.2 -9.00705e-18
10068.3 1.09192e-16
10072.4 -3.94239e-17
10076.5 -3.94239e-17
10080.6 9.25586e-17
10084.7 2.85495e-18
10088.8 2.85495e-18
10092.9 6.17079e-17
10097 -3.94239e-17
10101.1 -3.94239e-17
10105.3 1.04421e-16
10109.4 2.85495e-18
10113.5 2.85495e-18
10117.6 2.61784e-17
10121.7 -9.00705e-18
10125.8 -9.00705e-18
10129.9 6.69135e-17
10134 -3.94239e-17
10138.1 -3.94239e-17
10142.2 1.04421e-16
10146.3 2.85495e-18
10150.4 2.85495e-18
10154.5 -1.61004e-17
10158.7 3.32718e-17
10162.8 3.32718e-17
10166.9 1.83768e-17
10171 -3.94239e-17
10175.1 -3.94239e-17
10179.2 9.25586e-17
10183.3 2.85495e-18
10187.4 2.85495e-18
10191.5 -4.23841e-18
10195.6 -9.00705e-18
10199.7 -9.00705e-18
10203.8 1.09192e-16
10207.9 -3.94239e-17
10212.1 -3.94239e-17
10216.2 9.25586e-17
10220.3 2.85495e-18
10224.4 2.85495e-18
10228.5 6.17079e-17
10232.6 -3.94239e-17
10236.7 -3.94239e-17
10240.8 1.04421e-16
10244.9 2.85495e-18
10249 2.85495e-18
10253.1 2.61784e-17
10257.2 -9.00705e-18
10261.4 -9.00705e-18
10265.5 6.69135e-17
10269.6 -3.94239e-17
10273.7 -3.94239e-17
10277.8 9.25586e-17
10281.9 2.85495e-18
10286 2.85495e-18
10290.1 -4.23841e-18
10294.2 3.32718e-17
10298.3 3.32718e-17
10302.4 1.83768e-17
10306.5 -3.94239e-17
10310.6 -3.94239e-17
10314.8 9.25586e-17
10318.9 2.85495e-18
10323 2.85495e-18
10327.1 -4.23841e-18
10331.2 -9.00705e-18
10335.3 -9.00705e-18
10339.4 1.09192e-16
10343.5 -3.94239e-17
10347.6 -3.94239e-17
10351.7 9.25586e-17
10355.8 2.85495e-18
10359.9 2.85495e-18
10364 6.17079e-17
10368.2 -3.94239e-17
10372.3 -3.94239e-17
10376.4 1.04421e-16
10380.5 2.85495e-18
10384.6 2.85495e-18
10388.7 2.61784e-17
10392.8 -9.00705e-18
10396.9 -9.00705e-18
10401 6.69135e-17
10405.1 -3.94239e-17
10409.2 -3.94239e-17
10413.3 9.25586e-17
10417.4 2.85495e-18
10421.6 2.85495e-18
10425.7 -4.23841e-18
10429.8 -9.00705e-18
10433.9 -9.00705e-18
10438 1.09192e-16
10442.1 -3.94239e-17
10446.2 -3.94239e-17
10450.3 9.25586e-17
10454.4 2.85495e-18
10458.5 2.85495e-18
10462.6 6.17079e-17
10466.7 -3.94239e-17
10470.9 -3.94239e-17
10475 1.04421e-16
10479.1 2.85495e-18
10483.2 2.85495e-18
10487.3 2.61784e-17
10491.4 -9.00705e-18
10495.5 -9.00705e-18
10499.6 6.69135e-17
10503.7 -3.94239e-17
10507.8 -3.94239e-17
10511.9 1.04421e-16
10516 2.85495e-18
10520.1 2.85495e-18
10524.3 -1.61004e-17
10528.4 3.32718e-17
10532.5 3.32718e-17
10536.6 1.83768e-17
10540.7 -3.94239e-17
10544.8 -3.94239e-17
10548.9 9.25586e-17
10553 2.85495e-18
10557.1 2.85495e-18
10561.2 -4.23841e-18
10565.3 -9.00705e-18
10569.4 -9.00705e-18
10573.5 1.09192e-16
10577.7 -3.94239e-17
10581.8 -3.94239e-17
10585.9 9.25586e-17
10590 2.85495e-18
10594.1 2.85495e-18
10598.2 6.17079e-17
10602.3 -3.94239e-17
10606.4 -3.94239e-17
10610.5 1.04421e-16
10614.6 2.85495e-18
10618.7 2.85495e-18
10622.8 2.61784e-17
10626.9 -9.00705e-18
10631.1 -9.00705e-18
10635.2 6.69135e-17
10639.3 -3.94239e-17
10643.4 -3.94239e-17
10647.5 1.04421e-16
10651.6 2.85495e-18
10655.7 2.85495e-18
10659.8 -1.61004e-17
10663.9 3.32718e-17
10668 3.32718e-17
10672.1 1.83768e-17
10676.2 -3.94239e-17
10680.3 -3.94239e-17
10684.5 9.25586e-17
10688.6 2.85495e-18
10692.7 2.85495e-18
10696.8 -4.23841e-18
10700.9 -9.00705e-18
10705 -9.00705e-18
10709.1 1.09192e-16
10713.2 -3.94239e-17
10717.3 -3.94239e-17
10721.4 9.25586e-17
10725.5 2.85495e-18
10729.6 2.85495e-18
10733.8 6.17079e-17
10737.9 -3.94239e-17
10742 -3.94239e-17
10746.1 1.04421e-16
10750.2 2.85495e-18
10754.3 2.85495e-18
10758.4 2.61784e-17
10762.5 -9.00705e-18
10766.6 -9.00705e-18
10770.7 6.69135e-17
10774.8 -3.94239e-17
10778.9 -3.94239e-17
10783 1.04421e-16
10787.2 2.85495e-18
10791.3 2.85495e-18
10795.4 -1.61004e-17
10799.5 3.32718e-17
10803.6 3.32718e-17
10807.7 1.83768e-17
10811.8 -3.94239e-17
10815.9 -3.94239e-17
10820 9.25586e-17
10824.1 2.85495e-18
10828.2 2.85495e-18
10832.3 -4.23841e-18
10836.4 -9.00705e-18
10840.6 -9.00705e-18
10844.7 1.09192e-16
10848.8 -3.94239e-17
10852.9 -3.94239e-17
10857 9.25586e-17
10861.1 2.85495e-18
10865.2 2.85495e-18
10869.3 6.17079e-17
10873.4 -3.94239e-17
10877.5 -3.94239e-17
10881.6 1.04421e-16
10885.7 2.85495e-18
10889.8 2.85495e-18
10894 2.61784e-17
10898.1 -9.00705e-18
10902.2 -9.00705e-18
10906.3 6.69135e-17
10910.4 -3.94239e-17
10914.5 -3.94239e-17
10918.6 1.04421e-16
10922.7 2.85495e-18
10926.8 2.85495e-18
10930.9 -1.61004e-17
10935 3.32718e-17
10939.1 3.32718e-17
10943.3 1.83768e-17
10947.4 -3.94239e-17
10951.5 -3.94239e-17
10955.6 9.25586e-17
10959.7 2.85495e-18
10963.8 2.85495e-18
10967.9 -4.23841e-18
10972 -9.00705e-18
10976.1 -9.00705e-18
10980.2 1.09192e-16
10984.3 -3.94239e-17
10988.4 -3.94239e-17
10992.5 9.25586e-17
10996.7 2.85495e-18
11000.8 2.85495e-18
11004.9 6.17079e-17
11009 -3.94239e-17
11013.1 -3.94239e-17
11017.2 1.04421e-16
11021.3 2.85495e-18
11025.4 2.85495e-18
11029.5 2.61784e-17
11033.6 -9.00705e-18
11037.7 -9.00705e-18
11041.8 6.69135e-17
11045.9 -3.94239e-17
11050.1 -3.94239e-17
11054.2 9.25586e-17
11058.3 2.85495e-18
11062.4 2.85495e-18
11066.5 -4.23841e-18
11070.6 3.32718e-17
11074.7 3.32718e-17
11078.8 1.83768e-17
11082.9 -3.94239e-17
11087 -3.94239e-17
11091.1 9.25586e-17
11095.2 2.85495e-18
11099.3 2.85495e-18
11103.5 -4.23841e-18
11107.6 -9.00705e-18
11111.7 -9.00705e-18
11115.8 1.09192e-16
11119.9 -3.94239e-17
11124 -3.94239e-17
11128.1 9.25586e-17
11132.2 2.85495e-18
11136.3 2.85495e-18
11140.4 6.17079e-17
11144.5 -3.94239e-17
11148.6 -3.94239e-17
11152.8 1.04421e-16
11156.9 2.85495e-18
11161 2.85495e-18
11165.1 2.61784e-17
11169.2 -9.00705e-18
11173.3 -9.00705e-18
11177.4 6.69135e-17
11181.5 -3.94239e-17
11185.6 -3.94239e-17
11189.7 9.25586e-17
11193.8 2.85495e-18
11197.9 2.85495e-18
11202 -4.23841e-18
11206.2 3.32718e-17
11210.3 3.32718e-17
11214.4 1.83768e-17
11218.5 -3.94239e-17
11222.6 -3.94239e-17
11226.7 9.25586e-17
11230.8 2.85495e-18
11234.9 2.85495e-18
11239 6.17079e-17
11243.1 -3.94239e-17
11247.2 -3.94239e-17
11251.3 1.04421e-16
11255.4 2.85495e-18
11259.6 2.85495e-18
11263.7 2.61784e-17
11267.8 -9.00705e-18
11271.9 -9.00705e-18
11276 6.69135e-17
11280.1 -3.94239e-17
11284.2 -3.94239e-17
11288.3 1.04421e-16
11292.4 2.85495e-18
11296.5 2.85495e-18
11300.6 2.61784e-17
11304.7 -9.00705e-18
11308.8 -9.00705e-18
11313 6.69135e-17
11317.1 -3.94239e-17
11321.2 -3.94239e-17
11325.3 9.25586e-17
11329.4 2.85495e-18
11333.5 2.85495e-18
11337.6 -4.23841e-18
11341.7 -9.00705e-18
11345.8 -9.00705e-18
11349.9 1.09192e-16
11354 -3.94239e-17
11358.1 -3.94239e-17
11362.2 9.25586e-17
11366.4 2.85495e-18
11370.5 2.85495e-18
11374.6 6.17079e-17
11378.7 -3.94239e-17
11382.8 -3.94239e-17
11386.9 1.04421e-16
11391 2.85495e-18
11395.1 2.85495e-18
11399.2 2.61784e-17
11403.3 -9.00705e-18
11407.4 -9.00705e-18
11411.5 6.69135e-17
11415.7 -3.94239e-17
11419.8 -3.94239e-17
11423.9 1.04421e-16
11428 2.85495e-18
11432.1 2.85495e-18
11436.2 -1.61004e-17
11440.3 3.32718e-17
11444.4 3.32718e-17
11448.5 1.83768e-17
11452.6 -3.94239e-17
11456.7 -3.94239e-17
11460.8 9.25586e-17
11464.9 2.85495e-18
11469.1 2.85495e-18
11473.2 -4.23841e-18
11477.3 -9.00705e-18
11481.4 -9.00705e-18
11485.5 1.09192e-16
11489.6 -3.94239e-17
11493.7 -3.94239e-17
11497.8 9.25586e-17
11501.9 2.85495e-18
11506 2.85495e-18
11510.1 6.17079e-17
11514.2 -3.94239e-17
11518.3 -3.94239e-17
11522.5 1.04421e-16
11526.6 2.85495e-18
11530.7 2.85495e-18
11534.8 2.61784e-17
11538.9 -9.00705e-18
11543 -9.00705e-18
11547.1 6.69135e-17
11551.2 -3.94239e-17
11555.3 -3.94239e-17
11559.4 1.04421e-16
11563.5 2.85495e-18
11567.6 2.85495e-18
11571.7 -1.61004e-17
11575.9 3.32718e-17
11580 3.32718e-17
11584.1 1.83768e-17
11588.2 -3.94239e-17
11592.3 -3.94239e-17
11596.4 9.25586e-17
11600.5 2.85495e-18
11604.6 2.85495e-18
11608.7 -4.23841e-18
11612.8 -9.00705e-18
11616.9 -9.00705e-18
11621 1.09192e-16
11625.2 -3.94239e-17
11629.3 -3.94239e-17
11633.4 9.25586e-17
11637.5 2.85495e-18
11641.6 2.85495e-18
11645.7 6.17079e-17
11649.8 -3.94239e-17
11653.9 -3.94239e-17
11658 1.04421e-16
11662.1 2.85495e-18
11666.2 2.85495e-18
11670.3 2.61784e-17
11674.4 -9.00705e-18
11678.6 -9.00705e-18
11682.7 6.69135e-17
11686.8 -3.94239e-17
11690.9 -3.94239e-17
11695 1.04421e-16
11699.1 2.85495e-18
11703.2 2.85495e-18
11707.3 -1.61004e-17
11711.4 3.32718e-17
11715.5 3.32718e-17
11719.6 1.83768e-17
11723.7 -3.94239e-17
11727.8 -3.94239e-17
11732 9.25586e-17
11736.1 2.85495e-18
11740.2 2.85495e-18
11744.3 -4.23841e-18
11748.4 -9.00705e-18
11752.5 -9.00705e-18
11756.6 1.09192e-16
11760.7 -3.94239e-17
11764.8 -3.94239e-17
11768.9 9.25586e-17
11773 2.85495e-18
11777.1 2.85495e-18
11781.2 6.17079e-17
11785.4 -3.94239e-17
11789.5 -3.94239e-17
11793.6 1.04421e-16
11797.7 2.85495e-18
11801.8 2.85495e-18
11805.9 2.61784e-17
11810 -9.00705e-18
11814.1 -9.00705e-18
11818.2 6.69135e-17
11822.3 -3.94239e-17
11826.4 -3.94239e-17
11830.5 9.25586e-17
11834.6 2.85495e-18
11838.8 2.85495e-18
11842.9 -4.23841e-18
11847 3.32718e-17
11851.1 3.32718e-17
11855.2 1.83768e-17
11859.3 -3.94239e-17
11863.4 -3.94239e-17
11867.5 9.25586e-17
11871.6 2.85495e-18
11875.7 2.85495e-18
11879.8 -4.23841e-18
11883.9 -9.00705e-18
11888.1 -9.00705e-18
11892.2 1.09192e-16
11896.3 -3.94239e-17
11900.4 3.32718e-17
11904.5 2.85495e-18
11908.6 2.85495e-18
11912.7 6.17079e-17
11916.8 -3.94239e-17
11920.9 -3.94239e-17
11925 1.04421e-16
11929.1 2.85495e-18
11933.2 2.85495e-18
11937.3 2.61784e-17
11941.5 -9.00705e-18
11945.6 -9.00705e-18
11949.7 6.69135e-17
11953.8 -3.94239e-17
11957.9 -3.94239e-17
11962 9.25586e-17
11966.1 2.85495e-18
11970.2 2.85495e-18
11974.3 -4.23841e-18
11978.4 3.32718e-17
11982.5 3.32718e-17
11986.6 1.83768e-17
11990.7 -3.94239e-17
11994.9 -3.94239e-17
11999 9.25586e-17
12003.1 2.85495e-18
12007.2 2.85495e-18
12011.3 6.17079e-17
12015.4 -3.94239e-17
12019.5 -3.94239e-17
12023.6 1.04421e-16
12027.7 2.85495e-18
12031.8 2.85495e-18
12035.9 2.61784e-17
12040 -9.00705e-18
12044.1 -9.00705e-18
12048.3 6.69135e-17
12052.4 -3.94239e-17
12056.5 -3.94239e-17
12060.6 1.04421e-16
12064.7 2.85495e-18
12068.8 2.85495e-18
12072.9 2.61784e-17
12077 -9.00705e-18
12081.1 -9.00705e-18
12085.2 6.69135e-17
12089.3 -3.94239e-17
12093.4 -3.94239e-17
12097.6 9.25586e-17
12101.7 2.85495e-18
12105.8 2.85495e-18
12109.9 -4.23841e-18
12114 -9.00705e-18
12118.1 -9.00705e-18
12122.2 1.09192e-16
12126.3 -3.94239e-17
12130.4 -3.94239e-17
12134.5 9.25586e-17
12138.6 2.85495e-18
12142.7 2.85495e-18
12146.8 6.17079e-17
12151 -3.94239e-17
12155.1 -3.94239e-17
12159.2 1.04421e-16
12163.3 2.85495e-18
12167.4 2.85495e-18
12171.5 2.61784e-17
12175.6 -9.00705e-18
12179.7 -9.00705e-18
12183.8 6.69135e-17
12187.9 -3.94239e-17
12192 -3.94239e-17
12196.1 1.04421e-16
12200.2 2.85495e-18
12204.4 2.85495e-18
12208.5 -1.61004e-17
12212.6 3.32718e-17
12216.7 3.32718e-17
12220.8 1.83768e-17
12224.9 -3.94239e-17
12229 -3.94239e-17
12233.1 9.25586e-17
12237.2 2.85495e-18
12241.3 2.85495e-18
12245.4 -4.23841e-18
12249.5 -9.00705e-18
12253.6 -9.00705e-18
12257.8 1.09192e-16
12261.9 -3.94239e-17
12266 -3.94239e-17
12270.1 9.25586e-17
12274.2 2.85495e-18
12278.3 2.85495e-18
12282.4 6.17079e-17
12286.5 -3.94239e-17
12290.6 -3.94239e-17
12294.7 1.04421e-16
12298.8 2.85495e-18
12302.9 2.85495e-18
12307 2.61784e-17
12311.2 -9.00705e-18
12315.3 -9.00705e-18
12319.4 6.69135e-17
12323.5 -3.94239e-17
12327.6 -3.94239e-17
12331.7 1.04421e-16
12335.8 2.85495e-18
12339.9 2.85495e-18
12344 -1.61004e-17
12348.1 3.32718e-17
12352.2 3.32718e-17
12356.3 1.83768e-17
12360.5 -3.94239e-17
12364.6 -3.94239e-17
12368.7 9.25586e-17
12372.8 2.85495e-18
12376.9 2.85495e-18
12381 -4.23841e-18
12385.1 -9.00705e-18
12389.2 -9.00705e-18
12393.3 1.09192e-16
12397.4 -3.94239e-17
12401.5 -3.94239e-17
12405.6 9.25586e-17
12409.7 2.85495e-18
12413.9 2.85495e-18
12418 6.17079e-17
12422.1 -3.94239e-17
12426.2 -3.94239e-17
12430.3 1.04421e-16
12434.4 2.85495e-18
12438.5 2.85495e-18
12442.6 2.61784e-17
12446.7 -9.00705e-18
12450.8 -9.00705e-18
12454.9 6.69135e-17
12459 -3.94239e-17
12463.1 -3.94239e-17
12467.3 1.04421e-16
12471.4 2.85495e-18
12475.5 2.85495e-18
12479.6 -1.61004e-17
12483.7 3.32718e-17
12487.8 3.32718e-17
12491.9 1.83768e-17
12496 -3.94239e-17
12500.1 -3.94239e-17
12504.2 9.25586e-17
12508.3 2.85495e-18
12512.4 2.85495e-18
12516.5 -4.23841e-18
12520.7 -9.00705e-18
12524.8 -9.00705e-18
12528.9 1.09192e-16
12533 -3.94239e-17
12537.1 -3.94239e-17
12541.2 9.25586e-17
12545.3 2.85495e-18
12549.4 2.85495e-18
12553.5 6.17079e-17
12557.6 -3.94239e-17
12561.7 -3.94239e-17
12565.8 1.04421e-16
12570 2.85495e-18
12574.1 2.85495e-18
12578.2 2.61784e-17
12582.3 -9.00705e-18
12586.4 -9.00705e-18
12590.5 6.69135e-17
12594.6 -3.94239e-17
12598.7 -3.94239e-17
12602.8 1.04421e-16
12606.9 2.85495e-18
12611 2.85495e-18
12615.1 -1.61004e-17
12619.2 3.32718e-17
12623.4 3.32718e-17
12627.5 1.83768e-17
12631.6 -3.94239e-17
12635.7 -3.94239e-17
12639.8 9.25586e-17
12643.9 2.85495e-18
12648 2.85495e-18
12652.1 -4.23841e-18
12656.2 -9.00705e-18
12660.3 -9.00705e-18
12664.4 1.09192e-16
12668.5 -3.94239e-17
12672.6 -3.94239e-17
12676.8 9.25586e-17
12680.9 2.85495e-18
12685 2.85495e-18
12689.1 6.17079e-17
12693.2 -3.94239e-17
12697.3 -3.94239e-17
12701.4 1.04421e-16
12705.5 2.85495e-18
12709.6 2.85495e-18
12713.7 2.61784e-17
12717.8 -9.00705e-18
12721.9 -9.00705e-18
12726 6.69135e-17
12730.2 -3.94239e-17
12734.3 -3.94239e-17
12738.4 9.25586e-17
12742.5 2.85495e-18
12746.6 2.85495e-18
12750.7 -4.23841e-18
12754.8 3.32718e-17
12758.9 3.32718e-17
12763 1.83768e-17
12767.1 -3.94239e-17
12771.2 -3.94239e-17
12775.3 9.25586e-17
12779.4 2.85495e-18
12783.6 2.85495e-18
12787.7 -4.23841e-18
12791.8 -9.00705e-18
12795.9 -9.00705e-18
12800 1.09192e-16
12804.1 -3.94239e-17
12808.2 -3.94239e-17
12812.3 9.25586e-17
12816.4 2.85495e-18
12820.5 2.85495e-18
12824.6 6.17079e-17
12828.7 -3.94239e-17
12832.9 -3.94239e-17
12837 1.04421e-16
12841.1 2.85495e-18
12845.2 2.85495e-18
12849.3 2.61784e-17
12853.4 -9.00705e-18
12857.5 -9.00705e-18
12861.6 6.69135e-17
12865.7 -3.94239e-17
12869.8 -3.94239e-17
12873.9 9.25586e-17
12878 2.85495e-18
12882.1 2.85495e-18
12886.3 -4.23841e-18
12890.4 -9.00705e-18
12894.5 -9.00705e-18
12898.6 1.09192e-16
12902.7 -3.94239e-17
12906.8 -3.94239e-17
12910.9 9.25586e-17
12915 2.85495e-18
12919.1 2.85495e-18
12923.2 6.17079e-17
12927.3 -3.94239e-17
12931.4 -3.94239e-17
12935.5 1.04421e-16
12939.7 2.85495e-18
12943.8 2.85495e-18
12947.9 2.61784e-17
12952 -9.00705e-18
12956.1 -9.00705e-18
12960.2 6.69135e-17
12964.3 -3.94239e-17
12968.4 -3.94239e-17
12972.5 1.04421e-16
12976.6 2.85495e-18
12980.7 2.85495e-18
12984.8 -1.61004e-17
12988.9 3.32718e-17
12993.1 3.32718e-17
12997.2 1.83768e-17
13001.3 -3.94239e-17
13005.4 -3.94239e-17
13009.5 9.25586e-17
13013.6 2.85495e-18
13017.7 2.85495e-18
13021.8 -4.23841e-18
13025.9 -9.00705e-18
13030 -9.00705e-18
13034.1 1.09192e-16
13038.2 -3.94239e-17
13042.4 -3.94239e-17
13046.5 9.25586e-17
13050.6 2.85495e-18
13054.7 2.85495e-18
13058.8 6.17079e-17
13062.9 -3.94239e-17
13067 -3.94239e-17
13071.1 1.04421e-16
13075.2 2.85495e-18
13079.3 2.85495e-18
13083.4 2.61784e-17
13087.5 -9.00705e-18
13091.6 -9.00705e-18
13095.8 6.69135e-17
13099.9 -3.94239e-17
13104 -3.94239e-17
13108.1 1.04421e-16
13112.2 2.85495e-18
13116.3 2.85495e-18
13120.4 -1.61004e-17
13124.5 3.32718e-17
13128.6 3.32718e-17
13132.7 1.83768e-17
13136.8 -3.94239e-17
13140.9 -3.94239e-17
13145 9.25586e-17
13149.2 2.85495e-18
13153.3 2.85495e-18
13157.4 -4.23841e-18
13161.5 -9.00705e-18
13165.6 -9.00705e-18
13169.7 1.09192e-16
13173.8 -3.94239e-17
13177.9 -3.94239e-17
13182 9.25586e-17
13186.1 2.85495e-18
13190.2 2.85495e-18
13194.3 6.17079e-17
13198.4 -3.94239e-17
13202.6 -3.94239e-17
13206.7 1.04421e-16
13210.8 2.85495e-18
13214.9 2.85495e-18
13219 2.61784e-17
13223.1 -9.00705e-18
13227.2 -9.00705e-18
13231.3 6.69135e-17
13235.4 -3.94239e-17
13239.5 -3.94239e-17
13243.6 1.04421e-16
13247.7 2.85495e-18
13251.8 2.85495e-18
13256 -1.61004e-17
13260.1 3.32718e-17
13264.2 3.32718e-17
13268.3 1.83768e-17
13272.4 -3.94239e-17
13276.5 -3.94239e-17
13280.6 9.25586e-17
13284.7 2.85495e-18
13288.8 2.85495e-18
13292.9 -4.23841e-18
13297 -9.00705e-18
13301.1 -9.00705e-18
13305.3 1.09192e-16
13309.4 -3.94239e-17
13313.5 -3.94239e-17
13317.6 9.25586e-17
13321.7 2.85495e-18
13325.8 2.85495e-18
13329.9 6.17079e-17
13334 -3.94239e-17
13338.1 -3.94239e-17
13342.2 1.04421e-16
13346.3 2.85495e-18
13350.4 2.85495e-18
13354.5 2.61784e-17
13358.7 -9.00705e-18
13362.8 -9.00705e-18
13366.9 6.69135e-17
13371 -3.94239e-17
13375.1 -3.94239e-17
13379.2 1.04421e-16
13383.3 2.85495e-18
13387.4 2.85495e-18
13391.5 -1.61004e-17
13395.6 3.32718e-17
13399.7 3.32718e-17
13403.8 1.83768e-17
13407.9 -3.94239e-17
13412.1 -3.94239e-17
13416.2 9.25586e-17
13420.3 2.85495e-18
13424.4 2.85495e-18
13428.5 -4.23841e-18
13432.6 -9.00705e-18
13436.7 -9.00705e-18
13440.8 1.09192e-16
13444.9 -3.94239e-17
13449 -3.94239e-17
13453.1 9.25586e-17
13457.2 2.85495e-18
13461.3 2.85495e-18
13465.5 6.17079e-17
13469.6 -3.94239e-17
13473.7 -3.94239e-17
13477.8 1.04421e-16
13481.9 2.85495e-18
13486 2.85495e-18
13490.1 2.61784e-17
13494.2 -9.00705e-18
13498.3 -9.00705e-18
13502.4 6.69135e-17
13506.5 -3.94239e-17
13510.6 -3.94239e-17
13514.8 9.25586e-17
13518.9 2.85495e-18
13523 2.85495e-18
13527.1 -4.23841e-18
13531.2 3.32718e-17
13535.3 3.32718e-17
13539.4 1.83768e-17
13543.5 -3.94239e-17
13547.6 -3.94239e-17
13551.7 9.25586e-17
13555.8 2.85495e-18
13559.9 2.85495e-18
13564 -4.23841e-18
13568.2 -9.00705e-18
13572.3 -9.00705e-18
13576.4 1.09192e-16
13580.5 -3.94239e-17
13584.6 -3.94239e-17
13588.7 9.25586e-17
13592.8 2.85495e-18
13596.9 2.85495e-18
13601 6.17079e-17
13605.1 -3.94239e-17
13609.2 -3.94239e-17
13613.3 1.04421e-16
13617.4 2.85495e-18
13621.6 2.85495e-18
13625.7 2.61784e-17
13629.8 -9.00705e-18
13633.9 -9.00705e-18
13638 6.69135e-17
13642.1 -3.94239e-17
13646.2 -3.94239e-17
13650.3 9.25586e-17
13654.4 2.85495e-18
13658.5 2.85495e-18
13662.6 -4.23841e-18
13666.7 -9.00705e-18
13670.8 -9.00705e-18
13675 1.09192e-16
13679.1 -3.94239e-17
13683.2 -3.94239e-17
13687.3 9.25586e-17
13691.4 2.85495e-18
13695.5 2.85495e-18
13699.6 6.17079e-17
13703.7 -3.94239e-17
13707.8 -3.94239e-17
13711.9 1.04421e-16
13716 2.85495e-18
13720.1 2.85495e-18
13724.2 2.61784e-17
13728.4 -9.00705e-18
13732.5 -9.00705e-18
13736.6 6.69135e-17
13740.7 -3.94239e-17
13744.8 -3.94239e-17
13748.9 1.04421e-16
13753 2.85495e-18
13757.1 2.85495e-18
13761.2 -1.61004e-17
13765.3 3.32718e-17
13769.4 3.32718e-17
13773.5 1.83768e-17
13777.7 -3.94239e-17
13781.8 -3.94239e-17
13785.9 9.25586e-17
13790 2.85495e-18
13794.1 2.85495e-18
13798.2 -4.23841e-18
13802.3 -9.00705e-18
13806.4 -9.00705e-18
13810.5 1.09192e-16
13814.6 -3.94239e-17
13818.7 -3.94239e-17
13822.8 9.25586e-17
13826.9 2.85495e-18
13831.1 2.85495e-18
13835.2 6.17079e-17
13839.3 -3.94239e-17
13843.4 -3.94239e-17
13847.5 1.04421e-16
13851.6 2.85495e-18
13855.7 2.85495e-18
13859.8 2.61784e-17
13863.9 -9.00705e-18
13868 -9.00705e-18
13872.1 6.69135e-17
13876.2 -3.94239e-17
13880.3 -3.94239e-17
13884.5 1.04421e-16
13888.6 2.85495e-18
13892.7 2.85495e-18
13896.8 -1.61004e-17
13900.9 3.32718e-17
13905 3.32718e-17
13909.1 1.83768e-17
13913.2 -3.94239e-17
13917.3 -3.94239e-17
13921.4 9.25586e-17
13925.5 2.85495e-18
13929.6 2.85495e-18
13933.7 -4.23841e-18
13937.9 -9.00705e-18
13942 -9.00705e-18
13946.1 1.09192e-16
13950.2 -3.94239e-17
13954.3 -3.94239e-17
13958.4 9.25586e-17
13962.5 2.85495e-18
13966.6 2.85495e-18
13970.7 6.17079e-17
13974.8 -3.94239e-17
13978.9 -3.94239e-17
13983 1.04421e-16
13987.2 2.85495e-18
13991.3 2.85495e-18
13995.4 2.61784e-17
13999.5 -9.00705e-18
14003.6 -9.00705e-18
14007.7 6.69135e-17
14011.8 -3.94239e-17
14015.9 -3.94239e-17
14020 1.04421e-16
14024.1 2.85495e-18
14028.2 2.85495e-18
14032.3 -1.61004e-17
14036.4 3.32718e-17
14040.6 3.32718e-17
14044.7 1.83768e-17
14048.8 -3.94239e-17
14052.9 -3.94239e-17
14057 9.25586e-17
14061.1 2.85495e-18
14065.2 2.85495e-18
14069.3 -4.23841e-18
14073.4 -9.00705e-18
14077.5 -9.00705e-18
14081.6 1.09192e-16
14085.7 -3.94239e-17
14089.8 -3.94239e-17
14094 9.25586e-17
14098.1 2.85495e-18
14102.2 2.85495e-18
14106.3 6.17079e-17
14110.4 -3.94239e-17
14114.5 -3.94239e-17
14118.6 1.04421e-16
14122.7 2.85495e-18
14126.8 2.85495e-18
14130.9 2.61784e-17
14135 -9.00705e-18
14139.1 -9.00705e-18
14143.2 6.69135e-17
14147.4 -3.94239e-17
14151.5 -3.94239e-17
14155.6 1.04421e-16
14159.7 2.85495e-18
14163.8 2.85495e-18
14167.9 -1.61004e-17
14172 3.32718e-17
14176.1 3.32718e-17
14180.2 1.83768e-17
14184.3 -3.94239e-17
14188.4 -3.94239e-17
14192.5 9.25586e-17
14196.6 2.85495e-18
14200.8 2.85495e-18
14204.9 -4.23841e-18
14209 -9.00705e-18
14213.1 -9.00705e-18
14217.2 1.09192e-16
14221.3 -3.94239e-17
14225.4 -3.94239e-17
14229.5 9.25586e-17
14233.6 2.85495e-18
14237.7 2.85495e-18
14241.8 6.17079e-17
14245.9 -3.94239e-17
14250.1 -3.94239e-17
14254.2 1.04421e-16
14258.3 2.85495e-18
14262.4 2.85495e-18
14266.5 2.61784e-17
14270.6 -9.00705e-18
14274.7 -9.00705e-18
14278.8 6.69135e-17
14282.9 -3.94239e-17
14287 -3.94239e-17
14291.1 9.25586e-17
14295.2 2.85495e-18
14299.3 2.85495e-18
14303.5 -4.23841e-18
14307.6 3.32718e-17
14311.7 3.32718e-17
14315.8 1.83768e-17
14319.9 -3.94239e-17
14324 -3.94239e-17
14328.1 9.25586e-17
14332.2 2.85495e-18
14336.3 2.85495e-18
14340.4 -4.23841e-18
14344.5 -9.00705e-18
14348.6 -9.00705e-18
14352.7 1.09192e-16
14356.9 -3.94239e-17
14361 -3.94239e-17
14365.1 9.25586e-17
14369.2 2.85495e-18
14373.3 2.85495e-18
14377.4 6.17079e-17
14381.5 -3.94239e-17
14385.6 -3.94239e-17
14389.7 1.04421e-16
14393.8 2.85495e-18
14397.9 2.85495e-18
14402 2.61784e-17
14406.1 -9.00705e-18
14410.3 -9.00705e-18
14414.4 6.69135e-17
14418.5 -3.94239e-17
14422.6 -3.94239e-17
14426.7 9.25586e-17
14430.8 2.85495e-18
14434.9 2.85495e-18
14439 -4.23841e-18
14443.1 -9.00705e-18
14447.2 -9.00705e-18
14451.3 1.09192e-16
14455.4 -3.94239e-17
14459.6 -3.94239e-17
14463.7 9.25586e-17
14467.8 2.85495e-18
14471.9 2.85495e-18
14476 6.17079e-17
14480.1 -3.94239e-17
14484.2 -3.94239e-17
14488.3 1.04421e-16
14492.4 2.85495e-18
14496.5 2.85495e-18
14500.6 2.61784e-17
14504.7 -9.00705e-18
14508.8 -9.00705e-18
14513 6.69135e-17
14517.1 -3.94239e-17
14521.2 -3.94239e-17
14525.3 1.04421e-16
14529.4 2.85495e-18
14533.5 2.85495e-18
14537.6 2.61784e-17
14541.7 -9.00705e-18
14545.8 -9.00705e-18
14549.9 6.69135e-17
14554 -3.94239e-17
14558.1 -3.94239e-17
14562.2 9.25586e-17
14566.4 2.85495e-18
14570.5 2.85495e-18
14574.6 -4.23841e-18
14578.7 -9.00705e-18
14582.8 -9.00705e-18
14586.9 1.09192e-16
14591 -3.94239e-17
14595.1 -3.94239e-17
14599.2 9.25586e-17
14603.3 2.85495e-18
14607.4 2.85495e-18
14611.5 6.17079e-17
14615.6 -3.94239e-17
14619.8 -3.94239e-17
14623.9 1.04421e-16
14628 2.85495e-18
14632.1 2.85495e-18
14636.2 2.61784e-17
14640.3 -9.00705e-18
14644.4 -9.00705e-18
14648.5 6.69135e-17
14652.6 -3.94239e-17
14656.7 -3.94239e-17
14660.8 1.04421e-16
14664.9 2.85495e-18
14669 2.85495e-18
14673.2 -1.61004e-17
14677.3 3.32718e-17
14681.4 3.32718e-17
14685.5 1.83768e-17
14689.6 -3.94239e-17
14693.7 -3.94239e-17
14697.8 9.25586e-17
14701.9 2.85495e-18
14706 2.85495e-18
14710.1 -4.23841e-18
14714.2 -9.00705e-18
14718.3 -9.00705e-18
14722.5 1.09192e-16
14726.6 -3.94239e-17
14730.7 -3.94239e-17
14734.8 9.25586e-17
14738.9 2.85495e-18
14743 2.85495e-18
14747.1 6.17079e-17
14751.2 -3.94239e-17
14755.3 -3.94239e-17
14759.4 1.04421e-16
14763.5 2.85495e-18
14767.6 2.85495e-18
14771.7 2.61784e-17
14775.9 -9.00705e-18
14780 -9.00705e-18
14784.1 6.69135e-17
14788.2 -3.94239e-17
14792.3 -3.94239e-17
14796.4 1.04421e-16
14800.5 2.85495e-18
14804.6 2.85495e-18
14808.7 -1.61004e-17
14812.8 3.32718e-17
14816.9 3.32718e-17
14821 1.83768e-17
14825.1 -3.94239e-17
14829.3 -3.94239e-17
14833.4 9.25586e-17
14837.5 2.85495e-18
14841.6 2.85495e-18
14845.7 -4.23841e-18
14849.8 -9.00705e-18
14853.9 -9.00705e-18
14858 1.09192e-16
14862.1 -3.94239e-17
14866.2 -3.94239e-17
14870.3 9.25586e-17
14874.4 2.85495e-18
14878.5 2.85495e-18
14882.7 6.17079e-17
14886.8 -3.94239e-17
14890.9 -3.94239e-17
14895 1.04421e-16
14899.1 2.85495e-18
14903.2 2.85495e-18
14907.3 2.61784e-17
14911.4 -9.00705e-18
14915.5 -9.00705e-18
14919.6 6.69135e-17
14923.7 -3.94239e-17
14927.8 -3.94239e-17
14932 1.04421e-16
14936.1 2.85495e-18
14940.2 2.85495e-18
14944.3 -1.61004e-17
14948.4 3.32718e-17
14952.5 3.32718e-17
14956.6 1.83768e-17
14960.7 -3.94239e-17
14964.8 -3.94239e-17
14968.9 9.25586e-17
14973 2.85495e-18
14977.1 2.85495e-18
14981.2 -4.23841e-18
14985.4 -9.00705e-18
14989.5 -9.00705e-18
14993.6 1.09192e-16
14997.7 -3.94239e-17
15001.8 -3.94239e-17
15005.9 9.25586e-17
15010 2.85495e-18
15014.1 2.85495e-18
15018.2 6.17079e-17
15022.3 -3.94239e-17
15026.4 -3.94239e-17
15030.5 1.04421e-16
15034.6 2.85495e-18
15038.8 2.85495e-18
15042.9 2.61784e-17
15047 -9.00705e-18
15051.1 -9.00705e-18
15055.2 6.69135e-17
15059.3 -3.94239e-17
15063.4 -3.94239e-17
15067.5 9.25586e-17
15071.6 2.85495e-18
15075.7 2.85495e-18
15079.8 -4.23841e-18
15083.9 3.32718e-17
15088 3.32718e-17
15092.2 1.83768e-17
15096.3 -3.94239e-17
15100.4 -3.94239e-17
15104.5 9.25586e-17
15108.6 2.85495e-18
15112.7 2.85495e-18
15116.8 -4.23841e-18
15120.9 -9.00705e-18
15125 -9.00705e-18
15129.1 1.09192e-16
15133.2 -3.94239e-17
15137.3 -3.94239e-17
15141.4 9.25586e-17
15145.6 2.85495e-18
15149.7 2.85495e-18
15153.8 6.17079e-17
15157.9 -3.94239e-17
15162 -3.94239e-17
15166.1 1.04421e-16
15170.2 2.85495e-18
15174.3 2.85495e-18
15178.4 2.61784e-17
15182.5 -9.00705e-18
15186.6 -9.00705e-18
15190.7 6.69135e-17
15194.9 -3.94239e-17
15199 -3.94239e-17
15203.1 9.25586e-17
15207.2 2.85495e-18
15211.3 2.85495e-18
15215.4 -4.23841e-18
15219.5 3.32718e-17
15223.6 3.32718e-17
15227.7 1.83768e-17
15231.8 -3.94239e-17
15235.9 -3.94239e-17
15240 9.25586e-17
15244.1 2.85495e-18
15248.3 2.85495e-18
15252.4 6.17079e-17
15256.5 -3.94239e-17
15260.6 -3.94239e-17
15264.7 1.04421e-16
15268.8 2.85495e-18
15272.9 2.85495e-18
15277 2.61784e-17
15281.1 -9.00705e-18
15285.2 -9.00705e-18
15289.3 6.69135e-17
15293.4 -3.94239e-17
15297.5 -3.94239e-17
15301.7 1.04421e-16
15305.8 2.85495e-18
15309.9 2.85495e-18
15314 2.61784e-17
15318.1 -9.00705e-18
15322.2 -9.00705e-18
15326.3 6.69135e-17
15330.4 -3.94239e-17
15334.5 -3.94239e-17
15338.6 9.25586e-17
15342.7 2.85495e-18
15346.8 2.85495e-18
15350.9 -4.23841e-18
15355.1 -9.00705e-18
15359.2 -9.00705e-18
15363.3 1.09192e-16
15367.4 -3.94239e-17
15371.5 -3.94239e-17
15375.6 9.25586e-17
15379.7 2.85495e-18
15383.8 2.85495e-18
15387.9 6.17079e-17
15392 -3.94239e-17
15396.1 -3.94239e-17
15400.2 1.04421e-16
15404.4 2.85495e-18
15408.5 2.85495e-18
15412.6 2.61784e-17
15416.7 -9.00705e-18
15420.8 -9.00705e-18
15424.9 6.69135e-17
15429 -3.94239e-17
15433.1 -3.94239e-17
15437.2 1.04421e-16
15441.3 2.85495e-18
15445.4 2.85495e-18
15449.5 -1.61004e-17
15453.6 3.32718e-17
15457.8 3.32718e-17
15461.9 1.83768e-17
15466 -3.94239e-17
15470.1 -3.94239e-17
15474.2 9.25586e-17
15478.3 2.85495e-18
15482.4 -2.75619e-17
15486.5 -9.00705e-18
15490.6 -9.00705e-18
15494.7 1.09192e-16
15498.8 -3.94239e-17
15502.9 -3.94239e-17
15507 9.25586e-17
15511.2 2.85495e-18
15515.3 2.85495e-18
15519.4 6.17079e-17
15523.5 -3.94239e-17
15527.6 -3.94239e-17
15531.7 1.04421e-16
15535.8 2.85495e-18
15539.9 2.85495e-18
15544 2.61784e-17
15548.1 -9.00705e-18
15552.2 -9.00705e-18
15556.3 6.69135e-17
15560.4 -3.94239e-17
15564.6 -3.94239e-17
15568.7 1.04421e-16
15572.8 2.85495e-18
15576.9 2.85495e-18
15581 -1.61004e-17
15585.1 3.32718e-17
15589.2 3.32718e-17
15593.3 1.83768e-17
15597.4 -3.94239e-17
15601.5 -3.94239e-17
15605.6 9.25586e-17
15609.7 2.85495e-18
15613.9 2.85495e-18
15618 -4.23841e-18
15622.1 -9.00705e-18
15626.2 -9.00705e-18
15630.3 1.09192e-16
15634.4 -3.94239e-17
15638.5 -3.94239e-17
15642.6 9.25586e-17
15646.7 2.85495e-18
15650.8 2.85495e-18
15654.9 6.17079e-17
15659 -3.94239e-17
15663.1 -3.94239e-17
15667.3 1.04421e-16
15671.4 2.85495e-18
15675.5 2.85495e-18
15679.6 2.61784e-17
15683.7 -9.00705e-18
15687.8 -9.00705e-18
15691.9 6.69135e-17
15696 -3.94239e-17
15700.1 -3.94239e-17
15704.2 1.04421e-16
15708.3 2.85495e-18
15712.4 2.85495e-18
15716.5 -1.61004e-17
15720.7 3.32718e-17
15724.8 3.32718e-17
15728.9 1.83768e-17
15733 -3.94239e-17
15737.1 -3.94239e-17
15741.2 9.25586e-17
15745.3 2.85495e-18
15749.4 2.85495e-18
15753.5 -4.23841e-18
15757.6 -9.00705e-18
15761.7 -9.00705e-18
15765.8 1.09192e-16
15769.9 -3.94239e-17
15774.1 -3.94239e-17
15778.2 9.25586e-17
15782.3 2.85495e-18
15786.4 2.85495e-18
15790.5 6.17079e-17
15794.6 -3.94239e-17
15798.7 -3.94239e-17
15802.8 1.04421e-16
15806.9 2.85495e-18
15811 2.85495e-18
15815.1 2.61784e-17
15819.2 -9.00705e-18
15823.3 -9.00705e-18
15827.5 6.69135e-17
15831.6 -3.94239e-17
15835.7 -3.94239e-17
15839.8 9.25586e-17
15843.9 2.85495e-18
15848 2.85495e-18
15852.1 -4.23841e-18
15856.2 3.32718e-17
15860.3 3.32718e-17
15864.4 1.83768e-17
15868.5 -3.94239e-17
15872.6 -3.94239e-17
15876.8 9.25586e-17
15880.9 2.85495e-18
15885 2.85495e-18
15889.1 -4.23841e-18
15893.2 -9.00705e-18
15897.3 -9.00705e-18
15901.4 1.09192e-16
15905.5 -3.94239e-17
15909.6 -3.94239e-17
15913.7 9.25586e-17
15917.8 2.85495e-18
15921.9 2.85495e-18
15926 6.17079e-17
15930.2 -3.94239e-17
15934.3 -3.94239e-17
15938.4 1.04421e-16
15942.5 2.85495e-18
15946.6 2.85495e-18
15950.7 2.61784e-17
15954.8 -9.00705e-18
15958.9 -9.00705e-18
15963 6.69135e-17
15967.1 -3.94239e-17
15971.2 -3.94239e-17
15975.3 9.25586e-17
15979.4 2.85495e-18
15983.6 2.85495e-18
15987.7 -4.23841e-18
15991.8 3.32718e-17
15995.9 3.32718e-17
16000 1.83768e-17
16004.1 -3.94239e-17
16008.2 -3.94239e-17
16012.3 9.25586e-17
16016.4 2.85495e-18
16020.5 2.85495e-18
16024.6 6.17079e-17
16028.7 -3.94239e-17
16032.8 -3.94239e-17
16037 1.04421e-16
16041.1 2.85495e-18
16045.2 2.85495e-18
16049.3 2.61784e-17
16053.4 -9.00705e-18
16057.5 -9.00705e-18
16061.6 6.69135e-17
16065.7 -3.94239e-17
16069.8 -3.94239e-17
16073.9 1.04421e-16
16078 2.85495e-18
16082.1 2.85495e-18
16086.3 2.61784e-17
16090.4 -9.00705e-18
16094.5 -9.00705e-18
16098.6 6.69135e-17
16102.7 -3.94239e-17
16106.8 -3.94239e-17
16110.9 9.25586e-17
16115 2.85495e-18
16119.1 2.85495e-18
16123.2 -4.23841e-18
16127.3 -9.00705e-18
16131.4 -9.00705e-18
16135.5 1.09192e-16
16139.7 -3.94239e-17
16143.8 -3.94239e-17
16147.9 9.25586e-17
16152 2.85495e-18
16156.1 2.85495e-18
16160.2 6.17079e-17
16164.3 -3.94239e-17
16168.4 -3.94239e-17
16172.5 1.04421e-16
16176.6 2.85495e-18
16180.7 2.85495e-18
16184.8 2.61784e-17
16188.9 -9.00705e-18
16193.1 -9.00705e-18
16197.2 6.69135e-17
16201.3 -3.94239e-17
16205.4 -3.94239e-17
16209.5 1.04421e-16
16213.6 2.85495e-18
16217.7 2.85495e-18
16221.8 -1.61004e-17
16225.9 3.32718e-17
16230 3.32718e-17
16234.1 1.83768e-17
16238.2 -3.94239e-17
16242.3 -3.94239e-17
16246.5 9.25586e-17
16250.6 2.85495e-18
16254.7 2.85495e-18
16258.8 -4.23841e-18
16262.9 -9.00705e-18
16267 -9.00705e-18
16271.1 1.09192e-16
16275.2 -3.94239e-17
16279.3 -3.94239e-17
16283.4 9.25586e-17
16287.5 2.85495e-18
16291.6 2.85495e-18
16295.7 6.17079e-17
16299.9 -3.94239e-17
16304 -3.94239e-17
16308.1 1.04421e-16
16312.2 2.85495e-18
16316.3 2.85495e-18
16320.4 2.61784e-17
16324.5 -9.00705e-18
16328.6 -9.00705e-18
16332.7 6.69135e-17
16336.8 -3.94239e-17
16340.9 -3.94239e-17
16345 1.04421e-16
16349.2 2.85495e-18
16353.3 2.85495e-18
16357.4 -1.61004e-17
16361.5 3.32718e-17
16365.6 3.32718e-17
16369.7 1.83768e-17
16373.8 -3.94239e-17
16377.9 -3.94239e-17
16382 9.25586e-17
16386.1 2.85495e-18
16390.2 2.85495e-18
16394.3 -4.23841e-18
16398.4 -9.00705e-18
16402.6 -9.00705e-18
16406.7 1.09192e-16
16410.8 -3.94239e-17
16414.9 -3.94239e-17
16419 9.25586e-17
16423.1 2.85495e-18
16427.2 2.85495e-18
16431.3 6.17079e-17
16435.4 -3.94239e-17
16439.5 -3.94239e-17
16443.6 1.04421e-16
16447.7 2.85495e-18
16451.8 2.85495e-18
16456 2.61784e-17
16460.1 -9.00705e-18
16464.2 -9.00705e-18
16468.3 6.69135e-17
16472.4 -3.94239e-17
16476.5 -3.94239e-17
16480.6 1.04421e-16
16484.7 2.85495e-18
16488.8 2.85495e-18
16492.9 -1.61004e-17
16497 3.32718e-17
16501.1 3.32718e-17
16505.2 1.83768e-17
16509.4 -3.94239e-17
16513.5 -3.94239e-17
16517.6 9.25586e-17
16521.7 2.85495e-18
16525.8 2.85495e-18
16529.9 -4.23841e-18
16534 -9.00705e-18
16538.1 -9.00705e-18
16542.2 1.09192e-16
16546.3 -3.94239e-17
16550.4 -3.94239e-17
16554.5 9.25586e-17
16558.7 2.85495e-18
16562.8 2.85495e-18
16566.9 6.17079e-17
16571 -3.94239e-17
16575.1 -3.94239e-17
16579.2 1.04421e-16
16583.3 2.85495e-18
16587.4 2.85495e-18
16591.5 2.61784e-17
16595.6 -9.00705e-18
16599.7 -9.00705e-18
16603.8 6.69135e-17
16607.9 -3.94239e-17
16612.1 -3.94239e-17
16616.2 1.04421e-16
16620.3 2.85495e-18
16624.4 2.85495e-18
16628.5 -1.61004e-17
16632.6 3.32718e-17
16636.7 3.32718e-17
16640.8 1.83768e-17
16644.9 -3.94239e-17
16649 -3.94239e-17
16653.1 9.25586e-17
16657.2 2.85495e-18
16661.3 2.85495e-18
16665.5 -4.23841e-18
16669.6 -9.00705e-18
16673.7 -9.00705e-18
16677.8 1.09192e-16
16681.9 -3.94239e-17
16686 -3.94239e-17
16690.1 9.25586e-17
16694.2 2.85495e-18
16698.3 2.85495e-18
16702.4 6.17079e-17
16706.5 -3.94239e-17
16710.6 -3.94239e-17
16714.7 1.04421e-16
16718.9 2.85495e-18
16723 2.85495e-18
16727.1 2.61784e-17
16731.2 -9.00705e-18
16735.3 -9.00705e-18
16739.4 6.69135e-17
16743.5 -3.94239e-17
16747.6 -3.94239e-17
16751.7 9.25586e-17
16755.8 2.85495e-18
16759.9 2.85495e-18
16764 -4.23841e-18
16768.1 3.32718e-17
16772.3 3.32718e-17
16776.4 1.83768e-17
16780.5 -3.94239e-17
16784.6 -3.94239e-17
16788.7 9.25586e-17
16792.8 2.85495e-18
16796.9 2.85495e-18
16801 -4.23841e-18
16805.1 -9.00705e-18
16809.2 -9.00705e-18
16813.3 1.09192e-16
16817.4 -3.94239e-17
16821.6 -3.94239e-17
16825.7 9.25586e-17
16829.8 2.85495e-18
16833.9 2.85495e-18
16838 6.17079e-17
16842.1 -3.94239e-17
16846.2 -3.94239e-17
16850.3 1.04421e-16
16854.4 2.85495e-18
16858.5 2.85495e-18
16862.6 2.61784e-17
16866.7 -9.00705e-18
16870.8 -9.00705e-18
16875 6.69135e-17
16879.1 -3.94239e-17
16883.2 -3.94239e-17
16887.3 9.25586e-17
16891.4 2.85495e-18
16895.5 2.85495e-18
16899.6 -4.23841e-18
16903.7 -9.00705e-18
16907.8 -9.00705e-18
16911.9 1.09192e-16
16916 -3.94239e-17
16920.1 -3.94239e-17
16924.2 9.25586e-17
16928.4 2.85495e-18
16932.5 2.85495e-18
16936.6 6.17079e-17
16940.7 -3.94239e-17
16944.8 -3.94239e-17
16948.9 1.04421e-16
16953 2.85495e-18
16957.1 2.85495e-18
16961.2 2.61784e-17
16965.3 -9.00705e-18
16969.4 -9.00705e-18
16973.5 6.69135e-17
16977.6 -3.94239e-17
16981.8 -3.94239e-17
16985.9 1.04421e-16
16990 2.85495e-18
16994.1 2.85495e-18
16998.2 -1.61004e-17
17002.3 3.32718e-17
17006.4 3.32718e-17
17010.5 1.83768e-17
17014.6 -3.94239e-17
17018.7 -3.94239e-17
17022.8 9.25586e-17
17026.9 2.85495e-18
17031.1 2.85495e-18
17035.2 -4.23841e-18
17039.3 -9.00705e-18
17043.4 -9.00705e-18
17047.5 1.09192e-16
17051.6 -3.94239e-17
17055.7 -3.94239e-17
17059.8 9.25586e-17
17063.9 2.85495e-18
17068 2.85495e-18
17072.1 6.17079e-17
17076.2 -3.94239e-17
17080.3 -3.94239e-17
17084.5 1.04421e-16
17088.6 2.85495e-18
17092.7 2.85495e-18
17096.8 2.61784e-17
17100.9 -9.00705e-18
17105 -9.00705e-18
17109.1 6.69135e-17
17113.2 -3.94239e-17
17117.3 -3.94239e-17
17121.4 1.04421e-16
17125.5 2.85495e-18
17129.6 2.85495e-18
17133.7 -1.61004e-17
17137.9 3.32718e-17
17142 3.32718e-17
17146.1 1.83768e-17
17150.2 -3.94239e-17
17154.3 -3.94239e-17
17158.4 9.25586e-17
17162.5 2.85495e-18
17166.6 2.85495e-18
17170.7 -4.23841e-18
17174.8 -9.00705e-18
17178.9 -9.00705e-18
17183 1.09192e-16
17187.1 -3.94239e-17
17191.3 -3.94239e-17
17195.4 9.25586e-17
17199.5 2.85495e-18
17203.6 2.85495e-18
17207.7 6.17079e-17
17211.8 -3.94239e-17
17215.9 -3.94239e-17
17220 1.04421e-16
17224.1 2.85495e-18
17228.2 2.85495e-18
17232.3 2.61784e-17
17236.4 -9.00705e-18
17240.5 -9.00705e-18
17244.7 6.69135e-17
17248.8 -3.94239e-17
17252.9 -3.94239e-17
17257 1.04421e-16
17261.1 2.85495e-18
17265.2 2.85495e-18
17269.3 -1.61004e-17
17273.4 3.32718e-17
17277.5 3.32718e-17
17281.6 1.83768e-17
17285.7 -3.94239e-17
17289.8 -3.94239e-17
17294 9.25586e-17
17298.1 2.85495e-18
17302.2 2.85495e-18
17306.3 -4.23841e-18
17310.4 -9.00705e-18
17314.5 -9.00705e-18
17318.6 1.09192e-16
17322.7 -3.94239e-17
17326.8 -3.94239e-17
17330.9 9.25586e-17
17335 2.85495e-18
17339.1 2.85495e-18
17343.2 6.17079e-17
17347.4 -3.94239e-17
17351.5 -3.94239e-17
17355.6 1.04421e-16
17359.7 2.85495e-18
17363.8 2.85495e-18
17367.9 2.61784e-17
17372 -9.00705e-18
17376.1 -9.00705e-18
