1.20397 0.1 -0.0180831 -0.000806154 0.099995 -0.0186473 -0.000807353
1.99397 0.2 -0.0154898 -0.00151853 0.199967 -0.0167421 -0.00152608
2.64415 0.3 -0.011541 -0.00218692 0.299939 -0.0135868 -0.00220555
3.2477 0.4 -0.00702158 -0.00282299 0.39992 -0.00979618 -0.00285716
3.81932 0.5 -0.00173007 -0.00341607 0.499892 -0.00562405 -0.00348552
4.35145 0.6 0.00405836 -0.00396226 0.599849 -0.000988025 -0.00408303
4.71378 0.7 0.0107877 -0.00442068 0.699828 0.00468162 -0.00458917
5.05518 0.8 0.0178903 -0.00485389 0.799805 0.0105687 -0.00507186
5.35592 0.9 0.0256346 -0.00525452 0.899752 0.0167226 -0.00553513
5.53631 1 0.0343563 -0.0056047 0.999715 0.0239607 -0.00593773
5.67884 1.1 0.0427919 -0.00595473 1.09973 0.0308647 -0.00630326
5.79779 1.2 0.0507767 -0.00627893 1.19973 0.0376891 -0.00665846
5.90805 1.3 0.0588602 -0.00657587 1.29972 0.0442351 -0.00701594
5.99599 1.4 0.0676245 -0.00677323 1.39969 0.0503128 -0.00738984
6.06134 1.5 0.0760325 -0.00698967 1.4997 0.0560404 -0.00768093
6.10646 1.6 0.0842245 -0.00721205 1.59974 0.0606304 -0.00791735
6.16798 1.7 0.0922677 -0.00741438 1.69972 0.067204 -0.00816649
6.24762 1.8 0.100475 -0.00761303 1.79968 0.0744765 -0.00841969
6.2893 1.9 0.110482 -0.00758804 1.8996 0.0813223 -0.00873481
6.33777 2 0.121503 -0.00755843 1.99954 0.0882457 -0.00903969
6.37653 2.1 0.132555 -0.00748972 2.09948 0.0952693 -0.00933287
6.38606 2.2 0.142939 -0.00741706 2.19945 0.103821 -0.00947519
6.37981 2.3 0.152697 -0.00740813 2.29946 0.113011 -0.0094701
6.3712 2.4 0.162368 -0.00739459 2.39947 0.122098 -0.00945894
6.3595 2.5 0.171925 -0.00737554 2.49947 0.131011 -0.00943946
6.34351 2.6 0.181329 -0.00734962 2.59948 0.139719 -0.00940719
6.32048 2.7 0.190469 -0.00731805 2.6995 0.148092 -0.00934766
6.28124 2.8 0.198638 -0.00743378 2.79958 0.155009 -0.00906504
6.26271 2.9 0.207204 -0.00745431 2.8996 0.16271 -0.00897481
6.26344 3 0.216232 -0.00741566 2.99959 0.170748 -0.00903423
6.27099 3.1 0.225532 -0.00744293 3.0996 0.178848 -0.00906354
6.27806 3.2 0.234807 -0.00747087 3.1996 0.186805 -0.00909233
6.28452 3.3 0.244053 -0.00749987 3.29961 0.194489 -0.00912085
6.29079 3.4 0.253271 -0.00752943 3.39962 0.202092 -0.00914853
6.29686 3.5 0.26246 -0.00755961 3.49963 0.209616 -0.00917522
6.3027 3.6 0.271614 -0.00759051 3.59963 0.217044 -0.00920082
6.30826 3.7 0.28073 -0.00762229 3.69964 0.224349 -0.00922516
6.31347 3.8 0.289806 -0.00765517 3.79965 0.231488 -0.00924812
6.31821 3.9 0.298833 -0.00768952 3.89966 0.238377 -0.00926953
6.32222 4 0.307796 -0.00772614 3.99968 0.244788 -0.00928948
6.32389 4.1 0.316641 -0.00777135 4.09969 0.248438 -0.00931329
6.31222 4.2 0.325716 -0.00782033 4.19975 0.250209 -0.00934653
6.33213 4.3 0.335001 -0.00785033 4.29972 0.256834 -0.00938046
6.33946 4.4 0.344262 -0.00788018 4.39973 0.264098 -0.00940906
6.34644 4.5 0.353486 -0.0079115 4.49974 0.271271 -0.00943485
6.35292 4.6 0.362663 -0.00794533 4.59975 0.27822 -0.00945666
6.35931 4.7 0.371807 -0.00797931 4.69976 0.285106 -0.00947811
6.3656 4.8 0.380916 -0.00801335 4.79977 0.291932 -0.00949929
6.37179 4.9 0.389983 -0.00804748 4.89978 0.298697 -0.00952007
6.37785 5 0.399002 -0.0080818 4.99979 0.305378 -0.00954031
6.38373 5.1 0.40796 -0.00811649 5.0998 0.311942 -0.00955975
6.38937 5.2 0.416848 -0.00815194 5.19981 0.318321 -0.00957795
6.39471 5.3 0.42571 -0.00819119 5.29982 0.324318 -0.00959296
6.39745 5.4 0.434614 -0.00825815 5.39984 0.327617 -0.00958288
6.39181 5.5 0.443128 -0.00836549 5.49988 0.32982 -0.00949521
6.40764 5.6 0.452451 -0.00836607 5.59987 0.335615 -0.00960483
6.4149 5.7 0.461377 -0.00840267 5.69988 0.342359 -0.00962902
6.42251 5.8 0.470417 -0.00843959 5.79989 0.349095 -0.00965356
6.43039 5.9 0.479553 -0.00847674 5.8999 0.355824 -0.00967839
6.43823 6 0.488626 -0.00851366 5.99991 0.36255 -0.0097031
6.446 6.1 0.497607 -0.0085503 6.09993 0.369264 -0.00972756
6.45369 6.2 0.506443 -0.00858655 6.19994 0.375963 -0.00975161
6.46124 6.3 0.514987 -0.00862189 6.29995 0.382659 -0.00977491
6.46448 6.4 0.519298 -0.00864508 6.39995 0.389403 -0.00978698
6.46542 6.5 0.52334 -0.0086671 6.49994 0.396142 -0.00979853
6.46634 6.6 0.527355 -0.0086889 6.59993 0.402874 -0.0098101
6.46724 6.7 0.531338 -0.00871042 6.69993 0.409598 -0.00982167
6.46809 6.8 0.535281 -0.00873159 6.79992 0.416314 -0.00983327
6.46932 6.9 0.539177 -0.00875209 6.89991 0.423096 -0.00984474
6.49311 7 0.545797 -0.008783 6.99996 0.429868 -0.00986216
6.50365 7.1 0.553894 -0.00882121 7.09998 0.436618 -0.00988204
6.51167 7.2 0.562227 -0.00885927 7.19999 0.443449 -0.00990261
6.51975 7.3 0.570513 -0.00889696 7.3 0.450309 -0.00992304
6.52778 7.4 0.578735 -0.00893425 7.40001 0.457165 -0.00994339
6.53578 7.5 0.586868 -0.00897095 7.50001 0.464018 -0.00996365
6.5437 7.6 0.594852 -0.00900664 7.60002 0.470867 -0.00998378
6.55145 7.7 0.602473 -0.0090398 7.70003 0.477713 -0.0100036
6.55404 7.8 0.606015 -0.00901353 7.80003 0.484515 -0.0100353
6.55515 7.9 0.609376 -0.00897331 7.90002 0.491288 -0.0100729
6.55625 8 0.612721 -0.00893307 8.00001 0.498058 -0.0101104
6.55733 8.1 0.61605 -0.00889283 8.1 0.504823 -0.0101478
6.5584 8.2 0.61936 -0.00885256 8.19999 0.511583 -0.0101851
6.563 8.3 0.623076 -0.00884199 8.29999 0.518431 -0.0102119
6.58355 8.4 0.628815 -0.00897995 8.40003 0.52556 -0.0101778
6.59632 8.5 0.635537 -0.00905054 8.50005 0.532534 -0.0101795
6.60415 8.6 0.643031 -0.00907605 8.60005 0.539481 -0.0102067
6.61203 8.7 0.650476 -0.00910096 8.70006 0.546457 -0.0102344
6.61987 8.8 0.657852 -0.00912564 8.80006 0.553433 -0.0102619
6.62766 8.9 0.665131 -0.00915002 8.90007 0.560409 -0.0102891
6.63536 9 0.672253 -0.00917393 9.00007 0.567386 -0.010316
6.64288 9.1 0.679039 -0.00919685 9.10008 0.574366 -0.010342
6.63906 9.2 0.68169 -0.00920694 9.20005 0.581397 -0.0103575
6.62829 9.3 0.683401 -0.00921351 9.30001 0.588436 -0.0103709
6.62 9.4 0.68538 -0.00922108 9.39997 0.595471 -0.010385
6.6117 9.5 0.687345 -0.00922854 9.49994 0.602504 -0.010399
6.6034 9.6 0.689295 -0.0092359 9.5999 0.609536 -0.010413
6.60525 9.7 0.692492 -0.00924789 9.69989 0.616554 -0.0104299
6.61989 9.8 0.697362 -0.009266 9.79992 0.623553 -0.0104505
6.64639 9.9 0.703838 -0.00928991 9.89997 0.630532 -0.0104748
6.67252 10 0.710232 -0.00931336 10 0.637511 -0.010499
6.69814 10.1 0.716507 -0.00933627 10.1001 0.644489 -0.010523
6.70698 10.2 0.723568 -0.00935885 10.2001 0.651447 -0.0105503
6.71471 10.3 0.730607 -0.00938084 10.3001 0.658402 -0.0105778
6.72238 10.4 0.737521 -0.00940185 10.4001 0.665357 -0.0106053
6.72992 10.5 0.744185 -0.00942089 10.5001 0.67231 -0.0106327
6.72296 10.6 0.746632 -0.0093007 10.6001 0.679063 -0.0107088
6.70917 10.7 0.748231 -0.0091179 10.7 0.685705 -0.010811
6.69586 10.8 0.749883 -0.00893962 10.8 0.692355 -0.0109113
6.68255 10.9 0.751534 -0.00876133 10.8999 0.699003 -0.0110116
6.68376 11 0.754898 -0.00871768 10.9999 0.705887 -0.0110554
6.69576 11.1 0.759608 -0.00877425 11.0999 0.712944 -0.0110573
6.71782 11.2 0.765641 -0.00892465 11.2 0.72016 -0.0110204
6.73982 11.3 0.771664 -0.00907437 11.3 0.727372 -0.0109837
6.76155 11.4 0.777653 -0.00922174 11.4 0.734578 -0.010948
6.78305 11.5 0.783602 -0.00936676 11.5001 0.741777 -0.0109133
6.79062 11.6 0.791032 -0.00939248 11.6001 0.748708 -0.0109406
6.79812 11.7 0.798469 -0.00941754 11.7001 0.755635 -0.0109683
6.80562 11.8 0.805906 -0.00944261 11.8001 0.76256 -0.010996
6.81311 11.9 0.813342 -0.00946769 11.9001 0.769483 -0.0110237
6.82061 12 0.820779 -0.00949278 12.0001 0.776404 -0.0110514
6.8281 12.1 0.828215 -0.00951788 12.1001 0.783322 -0.0110792
6.83559 12.2 0.83565 -0.00954298 12.2001 0.790238 -0.0111069
6.84307 12.3 0.843086 -0.00956809 12.3001 0.797151 -0.0111346
6.85023 12.4 0.850845 -0.00959065 12.4001 0.80405 -0.0111648
6.85738 12.5 0.858617 -0.00961312 12.5001 0.810947 -0.0111951
6.86452 12.6 0.866389 -0.00963559 12.6001 0.81784 -0.0112254
6.87166 12.7 0.874161 -0.00965807 12.7001 0.824731 -0.0112558
6.87879 12.8 0.881933 -0.00968054 12.8001 0.831619 -0.0112861
6.88593 12.9 0.889705 -0.00970302 12.9002 0.838504 -0.0113164
6.89306 13 0.897476 -0.00972551 13.0002 0.845386 -0.0113468
6.90019 13.1 0.905248 -0.009748 13.1002 0.852265 -0.0113771
6.90731 13.2 0.913019 -0.0097705 13.2002 0.85914 -0.0114075
6.91443 13.3 0.920791 -0.009793 13.3002 0.866012 -0.0114379
6.92138 13.4 0.928565 -0.00981495 13.4002 0.873018 -0.0114683
6.92828 13.5 0.936341 -0.00983676 13.5002 0.880056 -0.0114987
6.93518 13.6 0.944116 -0.00985857 13.6002 0.887094 -0.0115291
6.94201 13.7 0.951893 -0.00988011 13.7002 0.894207 -0.0115595
6.94884 13.8 0.95967 -0.00990165 13.8002 0.901317 -0.0115899
6.95567 13.9 0.967447 -0.0099232 13.9002 0.908423 -0.0116203
6.9625 14 0.975224 -0.00994476 14.0002 0.915525 -0.0116506
6.96928 14.1 0.983059 -0.00996654 14.1002 0.922622 -0.0116812
6.97604 14.2 0.990925 -0.00998843 14.2002 0.929715 -0.0117118
6.9828 14.3 0.998792 -0.0100103 14.3002 0.936803 -0.0117424
6.98956 14.4 1.00666 -0.0100323 14.4002 0.943887 -0.0117731
6.99631 14.5 1.01452 -0.0100542 14.5002 0.950966 -0.0118037
7.00304 14.6 1.02239 -0.010076 14.6002 0.958058 -0.0118343
7.00974 14.7 1.03026 -0.0100978 14.7002 0.965182 -0.0118649
7.01644 14.8 1.03812 -0.0101196 14.8003 0.972301 -0.0118956
7.02314 14.9 1.04599 -0.0101413 14.9003 0.979414 -0.0119262
7.02983 15 1.05386 -0.0101631 15.0003 0.986521 -0.0119568
7.03652 15.1 1.06172 -0.0101849 15.1003 0.993621 -0.0119875
