0.0004
0.0008
0.0012
0.0016
0.002
0.0024
0.0028
0.0032
0.0036
0.004
0.0036
0.0032
0.0028
0.0024
0.002
0.0016
0.0012
0.0008
0.0004
-2.67872e-13
-0.0004
-0.0008
-0.0012
-0.0016
-0.002
-0.0024
-0.0028
-0.0032
-0.0036
-0.004
-0.0036
-0.0032
-0.0028
-0.0024
-0.002
-0.0016
-0.0012
-0.0008
-0.0004
6.88939e-14
0.0004
0.0008
0.0012
0.0016
0.002
0.0024
0.0028
0.0032
0.0036
0.004
0.0036
0.0032
0.0028
0.0024
0.002
0.0016
0.0012
0.0008
0.0004
3.57765e-14
-0.0004
-0.0008
-0.0012
-0.0016
-0.002
-0.0024
-0.0028
-0.0032
-0.0036
-0.004
-0.0036
-0.0032
-0.0028
-0.0024
-0.002
-0.0016
-0.0012
-0.0008
-0.0004
5.03991e-14
0.0004
0.0008
0.0012
0.0016
0.002
0.0024
0.0028
0.0032
0.0036
0.004
0.0036
0.0032
0.0028
0.0024
0.002
0.0016
0.0012
0.0008
0.0004
-3.37114e-11
-0.0004
-0.0008
-0.0012
-0.0016
-0.002
-0.0024
-0.0028
-0.0032
-0.0036
-0.004
-0.0036
-0.0032
-0.0028
-0.0024
-0.002
-0.0016
-0.0012
-0.0008
-0.0004
4.87741e-10
0.000400001
0.000800001
0.0012
0.0016
0.002
0.0024
0.0028
0.0032
0.0036
0.004
0.0036
0.0032
0.0028
0.0024
0.002
0.0016
0.0012
0.000800001
0.000400001
5.62974e-10
-0.0004
-0.0008
-0.0012
-0.0016
-0.002
-0.0024
-0.0028
-0.0032
-0.0036
-0.004
-0.0036
-0.0032
-0.0028
-0.0024
-0.002
-0.0016
-0.0012
-0.0008
-0.0004
5.19343e-10
0.000400001
0.000800001
0.0012
0.0016
0.002
0.0024
0.0028
0.0032
0.0036
0.004
0.0036
0.0032
0.0028
0.0024
0.002
0.0016
0.0012
0.000800001
0.000400001
5.93566e-10
-0.000399999
-0.0008
-0.0012
-0.0016
-0.002
-0.0024
-0.0028
-0.0032
-0.0036
-0.004
-0.0036
-0.0032
-0.0028
-0.0024
-0.002
-0.0016
-0.0012
-0.0008
-0.0004
5.48153e-10
0.000400001
0.000800001
0.0012
0.0016
0.002
0.0024
0.0028
0.0032
0.0036
0.004
0.0036
0.0032
0.0028
0.0024
0.002
0.0016
0.0012
0.000800001
0.000400001
6.21567e-10
-0.000399999
-0.0008
-0.0012
-0.0016
-0.002
-0.0024
-0.0028
-0.0032
-0.0036
-0.004
-0.0036
-0.0032
-0.0028
-0.0024
-0.002
-0.0016
-0.0012
-0.0008
-0.0004
5.74166e-10
0.000400001
0.000800001
0.0012
0.0016
0.002
0.0024
0.0028
0.0032
0.0036
0.004
0.0044
0.0048
0.0052
0.0056
0.0052
0.0048
0.0044
0.004
0.0036
0.0032
0.0028
0.0024
0.002
0.0016
0.0012
0.000800001
0.000400001
6.98508e-10
-0.000399999
-0.000799999
-0.0012
-0.0016
-0.002
-0.0024
-0.0028
-0.0032
-0.0036
-0.004
-0.0044
-0.0048
-0.0052
-0.0056
-0.0052
-0.0048
-0.0044
-0.004
-0.0036
-0.0032
-0.0028
-0.0024
-0.002
-0.0016
-0.0012
-0.000799999
-0.000399999
6.49305e-10
0.000400001
0.000800001
0.0012
0.0016
0.002
0.0024
0.0028
0.0032
0.0036
0.004
0.0044
0.004
0.0036
0.0032
0.0028
0.0024
0.002
0.0016
0.0012
0.000800001
0.000400001
9.37156e-10
-0.000399999
-0.000799999
-0.0012
-0.0016
-0.002
-0.0024
-0.0028
-0.0032
-0.0036
-0.004
-0.0044
-0.004
-0.0036
-0.0032
-0.0028
-0.0024
-0.002
-0.0016
-0.0012
-0.000799997
-0.000399997
3.14802e-09
0.000400003
0.000800003
0.0012
0.0016
0.002
0.0024
0.0028
0.0032
0.0036
0.004
0.0044
0.004
0.0036
0.0032
0.0028
0.0024
0.002
0.0016
0.0012
0.000800003
0.000400003
3.28422e-09
-0.000399997
-0.000799997
-0.0012
-0.0016
-0.002
-0.0024
-0.0028
-0.0032
-0.0036
-0.004
-0.0044
-0.004
-0.0036
-0.0032
-0.0028
-0.0024
-0.002
-0.0016
-0.0012
-0.000799997
-0.000399997
3.2192e-09
0.000400003
0.000800003
0.0012
0.0016
0.002
0.0024
0.0028
0.0032
0.0036
0.004
0.0044
0.004
0.0036
0.0032
0.0028
0.0024
0.002
0.0016
0.0012
0.000800003
0.000400003
3.35412e-09
-0.000399997
-0.000799997
-0.0012
-0.0016
-0.002
-0.0024
-0.0028
-0.0032
-0.0036
-0.004
-0.0044
-0.004
-0.0036
-0.0032
-0.0028
-0.0024
-0.002
-0.0016
-0.0012
-0.000799997
-0.000399997
3.29285e-09
0.000400003
0.000800003
0.0012
0.0016
0.002
0.0024
0.0028
0.0032
0.0036
0.004
0.0044
0.004
0.0036
0.0032
0.0028
0.0024
0.002
0.0016
0.0012
0.000800004
0.000400003
3.4265e-09
-0.000399997
-0.000799997
-0.0012
-0.0016
-0.002
-0.0024
-0.0028
-0.0032
-0.0036
-0.004
-0.0044
-0.004
-0.0036
-0.0032
-0.0028
-0.0024
-0.002
-0.0016
-0.0012
-0.000799997
-0.000399997
3.36889e-09
0.000400003
0.000800004
0.0012
0.0016
0.002
0.0024
0.0028
0.0032
0.0036
0.004
0.0044
0.004
0.0036
0.0032
0.0028
0.0024
0.002
0.0016
0.0012
0.000800004
0.000400004
3.50127e-09
-0.000399997
-0.000799997
-0.0012
-0.0016
-0.002
-0.0024
-0.0028
-0.0032
-0.0036
-0.004
-0.0044
-0.004
-0.0036
-0.0032
-0.0028
-0.0024
-0.002
-0.0016
-0.0012
-0.000799997
-0.000399997
3.44719e-09
0.000400004
0.000800004
0.0012
0.0016
0.002
0.0024
0.0028
0.0032
0.0036
0.004
0.0044
0.004
0.0036
0.0032
0.0028
0.0024
0.002
0.0016
0.0012
0.000800004
0.000400004
3.57831e-09
-0.000399996
-0.000799997
-0.0012
-0.0016
-0.002
-0.0024
-0.0028
-0.0032
-0.0036
-0.004
-0.0044
-0.004
-0.0036
-0.0032
-0.0028
-0.0024
-0.002
-0.0016
-0.0012
-0.000799997
-0.000399997
3.52765e-09
0.000400004
0.000800004
0.0012
0.0016
0.002
0.0024
0.0028
0.0032
0.0036
0.004
0.0044
0.0048
0.00520001
0.00560001
0.00600001
0.00640001
0.00680001
0.00720001
0.00760001
0.00720001
0.00680001
0.00640001
0.00600001
0.00560001
0.00520001
0.00480001
0.00440001
0.004
0.0036
0.0032
0.0028
0.0024
0.002
0.0016
0.0012
0.000800004
0.000400004
3.70945e-09
-0.000399996
-0.000799996
-0.0012
-0.0016
-0.002
-0.0024
-0.0028
-0.0032
-0.0036
-0.004
-0.0044
-0.0048
-0.0052
-0.0056
-0.006
-0.0064
-0.0068
-0.0072
-0.0076
-0.0072
-0.0068
-0.0064
-0.006
-0.0056
-0.0052
-0.0048
-0.0044
-0.004
-0.0036
-0.0032
-0.0028
-0.0024
-0.002
-0.0016
-0.0012
-0.000799997
-0.000399996
3.6139e-09
0.000400004
0.000800004
0.0012
0.0016
0.002
0.0024
0.0028
0.0032
0.0036
0.004
0.0044
0.00480001
0.00520001
0.00560001
0.00520001
0.00480001
0.0044
0.004
0.0036
0.0032
0.0028
0.0024
0.002
0.0016
0.0012
0.000800004
0.000400004
3.79759e-09
-0.000399996
-0.000799996
-0.0012
-0.0016
-0.002
-0.0024
-0.0028
-0.0032
-0.0036
-0.004
-0.0044
-0.0048
-0.0052
-0.0056
-0.0052
-0.0048
-0.0044
-0.004
-0.0036
-0.0032
-0.0028
-0.0024
-0.002
-0.0016
-0.0012
-0.000799996
-0.000399996
3.77303e-09
0.000400004
0.000800004
0.0012
0.0016
0.002
0.0024
0.0028
0.0032
0.0036
0.004
0.0044
0.00480001
0.00520001
0.00560001
0.00520001
0.00480001
0.00440001
0.004
0.0036
0.0032
0.0028
0.0024
0.002
0.0016
0.0012
0.000800004
0.000400004
3.87366e-09
-0.000399996
-0.000799996
-0.0012
-0.0016
-0.002
-0.0024
-0.0028
-0.0032
-0.0036
-0.004
-0.0044
-0.0048
-0.0052
-0.0056
-0.0052
-0.0048
-0.0044
-0.004
-0.0036
-0.0032
-0.0028
-0.0024
-0.002
-0.0016
-0.0012
-0.000799996
-0.000399996
3.85328e-09
0.000400004
0.000800004
0.0012
0.0016
0.002
0.0024
0.0028
0.0032
0.0036
0.004
0.00440001
0.00480001
0.00520001
0.00560001
0.00520001
0.00480001
0.00440001
0.004
0.0036
0.0032
0.0028
0.0024
0.002
0.0016
0.0012
0.000800004
0.000400004
3.9537e-09
-0.000399996
-0.000799996
-0.0012
-0.0016
-0.002
-0.0024
-0.0028
-0.0032
-0.0036
-0.004
-0.0044
-0.0048
-0.0052
-0.0056
-0.0052
-0.0048
-0.0044
-0.004
-0.0036
-0.0032
-0.0028
-0.0024
-0.002
-0.0016
-0.0012
-0.000799996
-0.000399996
3.93321e-09
0.000400004
0.000800004
0.0012
0.0016
0.002
0.0024
0.0028
0.0032
0.0036
0.004
0.00440001
0.00480001
0.00520001
0.00560001
0.00520001
0.00480001
0.00440001
0.00400001
0.0036
0.0032
0.0028
0.0024
0.002
0.0016
0.0012
0.000800004
0.000400004
4.03357e-09
-0.000399996
-0.000799996
-0.0012
-0.0016
-0.002
-0.0024
-0.0028
-0.0032
-0.0036
-0.004
-0.0044
-0.0048
-0.0052
-0.0056
-0.0052
-0.0048
-0.0044
-0.004
-0.0036
-0.0032
-0.0028
-0.0024
-0.002
-0.0016
-0.0012
-0.000799996
-0.000399996
4.01299e-09
0.000400004
0.000800004
0.0012
0.0016
0.002
0.0024
0.0028
0.0032
0.0036
0.00400001
0.00440001
0.00480001
0.00520001
0.00560001
0.00520001
0.00480001
0.00440001
0.00400001
0.0036
0.0032
0.0028
0.0024
0.002
0.0016
0.0012
0.000800004
0.000400004
4.1133e-09
-0.000399996
-0.000799996
-0.0012
-0.0016
-0.002
-0.0024
-0.0028
-0.0032
-0.0036
-0.004
-0.0044
-0.0048
-0.0052
-0.0056
-0.0052
-0.0048
-0.0044
-0.004
-0.0036
-0.0032
-0.0028
-0.0024
-0.002
-0.0016
-0.0012
-0.000799996
-0.000399996
4.09263e-09
0.000400004
0.000800004
0.0012
0.0016
0.002
0.0024
0.0028
0.0032
0.0036
0.00400001
0.00440001
0.00480001
0.00520001
0.00560001
0.00520001
0.00480001
0.00440001
0.00400001
0.00360001
0.0032
0.0028
0.0024
0.002
0.0016
0.0012
0.000800004
0.000400004
4.19289e-09
-0.000399996
-0.000799996
-0.0012
-0.0016
-0.002
-0.0024
-0.0028
-0.0032
-0.0036
-0.004
-0.0044
-0.0048
-0.0052
-0.0056
-0.0052
-0.0048
-0.0044
-0.004
-0.0036
-0.0032
-0.0028
-0.0024
-0.002
-0.0016
-0.0012
-0.000799996
-0.000399996
4.17214e-09
0.000400004
0.000800004
0.0012
0.0016
0.002
0.0024
0.0028
0.0032
0.00360001
0.00400001
0.00440001
0.00480001
0.00520001
0.00560001
0.00600001
0.00640001
0.00680001
0.00720001
0.00760001
0.00800001
0.00840001
0.00880001
0.00920001
0.00960001
0.01
0.0104
0.0108
0.0112
0.0116
0.012
0.0124
0.0128
0.0132
0.0136
0.014
0.0144
0.0148
0.0152
0.0156
0.0152
0.0148
0.0144
0.014
0.0136
0.0132
0.0128
0.0124
0.012
0.0116
0.0112
0.0108
0.0104
0.01
0.00960001
0.00920001
0.00880001
0.00840001
0.00800001
0.00760001
0.00720001
0.00680001
0.00640001
0.00600001
0.00560001
0.0052
0.0048
0.0044
0.004
0.0036
0.0032
0.0028
0.0024
0.002
0.0016
0.0012
0.000800004
0.000400004
4.19682e-09
-0.000399996
-0.000799996
-0.0012
-0.0016
-0.002
-0.0024
-0.0028
-0.0032
-0.0036
-0.004
-0.0044
-0.0048
-0.0052
-0.0056
-0.006
-0.0064
-0.0068
-0.0072
-0.0076
-0.008
-0.0084
-0.0088
-0.0092
-0.0096
-0.01
-0.0104
-0.0108
-0.0112
-0.0116
-0.012
-0.0124
-0.0128
-0.0132
-0.0136
-0.014
-0.0144
-0.0148
-0.0152
-0.0156
-0.0152
-0.0148
-0.0144
-0.014
-0.0136
-0.0132
-0.0128
-0.0124
-0.012
-0.0116
-0.0112
-0.0108
-0.0104
-0.01
-0.0096
-0.0092
-0.0088
-0.0084
-0.008
-0.0076
-0.0072
-0.0068
-0.0064
-0.006
-0.0056
-0.0052
-0.0048
-0.0044
-0.004
-0.0036
-0.0032
-0.0028
-0.0024
-0.002
-0.0016
-0.0012
-0.000799996
-0.000399996
4.18627e-09
0.000400004
0.000800004
0.0012
0.0016
0.002
0.0024
0.0028
0.0032
0.0036
0.004
0.0044
0.0048
0.0052
0.0056
0.006
0.00640001
0.00680001
0.00720001
0.00760001
0.00800001
0.00840001
0.00880001
0.00920001
0.00960001
0.01
0.0104
0.0108
0.0112
0.0116
0.0112
0.0108
0.0104
0.01
0.00960001
0.00920001
0.00880001
0.00840001
0.00800001
0.00760001
0.00720001
0.00680001
0.00640001
0.006
0.0056
0.0052
0.0048
0.0044
0.004
0.0036
0.0032
0.0028
0.0024
0.002
0.0016
0.0012
0.000800004
0.000400004
4.17053e-09
-0.000399996
-0.000799996
-0.0012
-0.0016
-0.002
-0.0024
-0.0028
-0.0032
-0.0036
-0.004
-0.0044
-0.0048
-0.0052
-0.0056
-0.006
-0.0064
-0.0068
-0.0072
-0.0076
-0.008
-0.0084
-0.0088
-0.0092
-0.0096
-0.01
-0.0104
-0.0108
-0.0112
-0.0116
-0.0112
-0.0108
-0.0104
-0.01
-0.0096
-0.0092
-0.0088
-0.0084
-0.008
-0.0076
-0.0072
-0.0068
-0.0064
-0.006
-0.0056
-0.0052
-0.0048
-0.0044
-0.004
-0.0036
-0.0032
-0.0028
-0.0024
-0.002
-0.0016
-0.0012
-0.000799996
-0.000399996
4.46787e-09
0.000400004
0.000800005
0.0012
0.0016
0.002
0.0024
0.0028
0.0032
0.0036
0.004
0.0044
0.0048
0.0052
0.0056
0.006
0.0064
0.0068
0.00720001
0.00760001
0.00800001
0.00840001
0.00880001
0.00920001
0.00960001
0.01
0.0104
0.0108
0.0112
0.0116
0.0112
0.0108
0.0104
0.01
0.00960001
0.00920001
0.00880001
0.00840001
0.008
0.0076
0.0072
0.0068
0.0064
0.006
0.0056
0.0052
0.0048
0.0044
0.004
0.0036
0.0032
0.0028
0.0024
0.002
0.0016
0.0012
0.000800004
0.000400004
4.2039e-09
-0.000399996
-0.000799996
-0.0012
-0.0016
-0.002
-0.0024
-0.0028
-0.0032
-0.0036
-0.004
-0.0044
-0.0048
-0.0052
-0.0056
-0.006
-0.0064
-0.0068
-0.0072
-0.0076
-0.008
-0.0084
-0.0088
-0.0092
-0.0096
-0.01
-0.0104
-0.0108
-0.0112
-0.0116
-0.0112
-0.0108
-0.0104
-0.01
-0.0096
-0.0092
-0.0088
-0.0084
-0.008
-0.0076
-0.0072
-0.0068
-0.0064
-0.006
-0.0056
-0.0052
-0.0048
-0.0044
-0.004
-0.0036
-0.0032
-0.0028
-0.0024
-0.002
-0.0016
-0.0012
-0.000799995
-0.000399995
4.67638e-09
0.000400005
0.000800005
0.0012
0.0016
0.002
0.0024
0.0028
0.0032
0.0036
0.004
0.0044
0.0048
0.00520001
0.00560001
0.00600001
0.00640001
0.00680001
0.00720001
0.00760001
0.00800001
0.00840001
0.00880001
0.00920001
0.00960001
0.01
0.0104
0.0108
0.0112
0.0116
0.0112
0.0108
0.0104
0.01
0.00960001
0.00920001
0.00880001
0.00840001
0.00800001
0.00760001
0.00720001
0.0068
0.0064
0.006
0.0056
0.0052
0.0048
0.0044
0.004
0.0036
0.0032
0.0028
0.0024
0.002
0.0016
0.0012
0.000800004
0.000400004
4.37733e-09
-0.000399996
-0.000799996
-0.0012
-0.0016
-0.002
-0.0024
-0.0028
-0.0032
-0.0036
-0.004
-0.0044
-0.0048
-0.0052
-0.0056
-0.006
-0.0064
-0.0068
-0.0072
-0.0076
-0.008
-0.0084
-0.0088
-0.0092
-0.0096
-0.01
-0.0104
-0.0108
-0.0112
-0.0116
-0.0112
-0.0108
-0.0104
-0.01
-0.0096
-0.0092
-0.0088
-0.0084
-0.008
-0.0076
-0.0072
-0.0068
-0.0064
-0.006
-0.0056
-0.0052
-0.0048
-0.0044
-0.004
-0.0036
-0.0032
-0.0028
-0.0024
-0.002
-0.0016
-0.0012
-0.000799995
-0.000399995
4.84954e-09
0.000400005
0.000800005
0.0012
0.0016
0.002
0.0024
0.00280001
0.00320001
0.00360001
0.00400001
0.00440001
0.00480001
0.00520001
0.00560001
0.00600001
0.00640001
0.00680001
0.00720001
0.00760001
0.00800001
0.00840001
0.00880001
0.00920001
0.00960001
0.01
0.0104
0.0108
0.0112
0.0116
0.012
0.0124
0.0128
0.0132
0.0136
0.014
0.0144
0.0148
0.0152
0.0156
0.016
0.0164
0.0168
0.0172
0.0176
0.018
0.0184
0.0188
0.0192
0.0196
0.02
0.0204
0.0208
0.0212
0.0216
0.022
0.0224
0.0228
0.0232
0.0236
0.0232
0.0228
0.0224
0.022
0.0216
0.0212
0.0208
0.0204
0.02
0.0196
0.0192
0.0188
0.0184
0.018
0.0176
0.0172
0.0168
0.0164
0.016
0.0156
0.0152
0.0148
0.0144
0.014
0.0136
0.0132
0.0128
0.0124
0.012
0.0116
0.0112
0.0108
0.0104
0.01
0.00960001
0.00920001
0.00880001
0.00840001
0.00800001
0.0076
0.0072
0.0068
0.0064
0.006
0.0056
0.0052
0.0048
0.0044
0.004
0.0036
0.0032
0.0028
0.0024
0.002
0.0016
0.0012
0.000800005
0.000400005
4.59669e-09
-0.000399995
-0.000799995
-0.0012
-0.0016
-0.002
-0.0024
-0.0028
-0.0032
-0.0036
-0.004
-0.0044
-0.0048
-0.0052
-0.0056
-0.006
-0.0064
-0.0068
-0.0072
-0.0076
-0.008
-0.0084
-0.0088
-0.0092
-0.0096
-0.01
-0.0104
-0.0108
-0.0112
-0.0116
-0.012
-0.0124
-0.0128
-0.0132
-0.0136
-0.014
-0.0144
-0.0148
-0.0152
-0.0156
-0.016
-0.0164
-0.0168
-0.0172
-0.0176
-0.018
-0.0184
-0.0188
-0.0192
-0.0196
-0.02
-0.0204
-0.0208
-0.0212
-0.0216
-0.022
-0.0224
-0.0228
-0.0232
-0.0236
-0.0232
-0.0228
-0.0224
-0.022
-0.0216
-0.0212
-0.0208
-0.0204
-0.02
-0.0196
-0.0192
-0.0188
-0.0184
-0.018
-0.0176
-0.0172
-0.0168
-0.0164
-0.016
-0.0156
-0.0152
-0.0148
-0.0144
-0.014
-0.0136
-0.0132
-0.0128
-0.0124
-0.012
-0.0116
-0.0112
-0.0108
-0.0104
-0.01
-0.0096
-0.0092
-0.0088
-0.0084
-0.008
-0.0076
-0.0072
-0.0068
-0.0064
-0.006
-0.0056
-0.0052
-0.0048
-0.0044
-0.004
-0.0036
-0.0032
-0.0028
-0.0024
-0.002
-0.0016
-0.0012
-0.000799995
-0.000399995
4.55186e-09
0.000400005
0.000800005
0.0012
0.0016
0.002
0.0024
0.0028
0.0032
0.0036
0.004
0.0044
0.0048
0.0052
0.0056
0.006
0.0064
0.0068
0.0072
0.0076
0.008
0.0084
0.00880001
0.00920001
0.00960001
0.01
0.0104
0.0108
0.0112
0.0116
0.012
0.0124
0.0128
0.0132
0.0136
0.014
0.0144
0.0148
0.0152
0.0156
0.016
0.0164
0.0168
0.0172
0.0176
0.018
0.0176
0.0172
0.0168
0.0164
0.016
0.0156
0.0152
0.0148
0.0144
0.014
0.0136
0.0132
0.0128
0.0124
0.012
0.0116
0.0112
0.0108
0.0104
0.01
0.0096
0.0092
0.0088
0.0084
0.008
0.0076
0.0072
0.0068
0.0064
0.006
0.0056
0.0052
0.0048
0.0044
0.004
0.0036
0.0032
0.0028
0.0024
0.002
0.0016
0.0012
0.000800004
0.000400004
3.97865e-09
-0.000399996
-0.000799996
-0.0012
-0.0016
-0.002
-0.0024
-0.0028
-0.0032
-0.0036
-0.004
-0.0044
-0.0048
-0.0052
-0.0056
-0.006
-0.0064
-0.0068
-0.0072
-0.0076
-0.008
-0.0084
-0.0088
-0.0092
-0.0096
-0.01
-0.0104
-0.0108
-0.0112
-0.0116
-0.012
-0.0124
-0.0128
-0.0132
-0.0136
-0.014
-0.0144
-0.0148
-0.0152
-0.0156
-0.016
-0.0164
-0.0168
-0.0172
-0.0176
-0.018
-0.0176
-0.0172
-0.0168
-0.0164
-0.016
-0.0156
-0.0152
-0.0148
-0.0144
-0.014
-0.0136
-0.0132
-0.0128
-0.0124
-0.012
-0.0116
-0.0112
-0.0108
-0.0104
-0.01
-0.0096
-0.0092
-0.0088
-0.0084
-0.008
-0.0076
-0.0072
-0.0068
-0.0064
-0.006
-0.0056
-0.0052
-0.0048
-0.0044
-0.004
-0.0036
-0.0032
-0.0028
-0.0024
-0.002
-0.0016
-0.0012
-0.000799995
-0.000399995
4.8915e-09
0.000400005
0.000800005
0.0012
0.0016
0.002
0.0024
0.0028
0.00320001
0.00360001
0.00400001
0.00440001
0.00480001
0.00520001
0.00560001
0.00600001
0.00640001
0.00680001
0.00720001
0.00760001
0.00800001
0.00840001
0.00880001
0.00920001
0.00960001
0.01
0.0104
0.0108
0.0112
0.0116
0.012
0.0124
0.0128
0.0132
0.0136
0.014
0.0144
0.0148
0.0152
0.0156
0.016
0.0164
0.0168
0.0172
0.0176
0.018
0.0176
0.0172
0.0168
0.0164
0.016
0.0156
0.0152
0.0148
0.0144
0.014
0.0136
0.0132
0.0128
0.0124
0.012
0.0116
0.0112
0.0108
0.0104
0.01
0.0096
0.0092
0.0088
0.0084
0.008
0.0076
0.0072
0.0068
0.0064
0.006
0.0056
0.0052
0.0048
0.0044
0.004
0.0036
0.0032
0.0028
0.0024
0.002
0.0016
0.0012
0.000800004
0.000400004
4.2757e-09
-0.000399996
-0.000799996
-0.0012
-0.0016
-0.002
-0.0024
-0.0028
-0.0032
-0.0036
-0.004
-0.0044
-0.0048
-0.0052
-0.0056
-0.006
-0.0064
-0.0068
-0.0072
-0.0076
-0.008
-0.0084
-0.0088
-0.0092
-0.0096
-0.01
-0.0104
-0.0108
-0.0112
-0.0116
-0.012
-0.0124
-0.0128
-0.0132
-0.0136
-0.014
-0.0144
-0.0148
-0.0152
-0.0156
-0.016
-0.0164
-0.0168
-0.0172
-0.0176
-0.018
-0.0176
-0.0172
-0.0168
-0.0164
-0.016
-0.0156
-0.0152
-0.0148
-0.0144
-0.014
-0.0136
-0.0132
-0.0128
-0.0124
-0.012
-0.0116
-0.0112
-0.0108
-0.0104
-0.01
-0.0096
-0.0092
-0.0088
-0.0084
-0.008
-0.0076
-0.0072
-0.0068
-0.0064
-0.006
-0.0056
-0.0052
-0.0048
-0.0044
-0.004
-0.00359999
-0.00319999
-0.00279999
-0.00239999
-0.00199999
-0.00159999
-0.00119999
-0.000799995
-0.000399995
5.17835e-09
0.000400005
0.000800005
0.00120001
0.00160001
0.00200001
0.00240001
0.00280001
0.00320001
0.00360001
0.00400001
0.00440001
0.00480001
0.00520001
0.00560001
0.00600001
0.00640001
0.00680001
0.00720001
0.00760001
0.00800001
0.00840001
0.00880001
0.00920001
0.00960001
0.01
0.0104
0.0108
0.0112
0.0116
0.012
0.0124
0.0128
0.0132
0.0136
0.014
0.0144
0.0148
0.0152
0.0156
0.016
0.0164
0.0168
0.0172
0.0176
0.018
0.0176
0.0172
0.0168
0.0164
0.016
0.0156
0.0152
0.0148
0.0144
0.014
0.0136
0.0132
0.0128
0.0124
0.012
0.0116
0.0112
0.0108
0.0104
0.01
0.00960001
0.00920001
0.00880001
0.00840001
0.008
0.0076
0.0072
0.0068
0.0064
0.006
0.0056
0.0052
0.0048
0.0044
0.004
0.0036
0.0032
0.0028
0.0024
0.002
0.0016
0.0012
0.000800005
0.000400005
4.56257e-09
-0.000399995
-0.000799995
-0.0012
-0.0016
-0.002
-0.0024
-0.0028
-0.0032
-0.0036
-0.004
-0.0044
-0.0048
-0.0052
-0.0056
-0.006
-0.0064
-0.0068
-0.0072
-0.0076
-0.008
-0.0084
-0.0088
-0.0092
-0.0096
-0.01
-0.0104
-0.0108
-0.0112
-0.0116
-0.012
-0.0124
-0.0128
-0.0132
-0.0136
-0.014
-0.0144
-0.0148
-0.0152
-0.0156
-0.016
-0.0164
-0.0168
-0.0172
-0.0176
-0.018
-0.0176
-0.0172
-0.0168
-0.0164
-0.016
-0.0156
-0.0152
-0.0148
-0.0144
-0.014
-0.0136
-0.0132
-0.0128
-0.0124
-0.012
-0.0116
-0.0112
-0.0108
-0.0104
-0.01
-0.0096
-0.0092
-0.0088
-0.0084
-0.00799999
-0.00759999
-0.00719999
-0.00679999
-0.00639999
-0.00599999
-0.00559999
-0.00519999
-0.00479999
-0.00439999
-0.00399999
-0.00359999
-0.00319999
-0.00279999
-0.00239999
-0.00199999
-0.00159999
-0.00119999
-0.000799995
-0.000399995
5.45808e-09
0.000400005
0.000800005
0.00120001
0.00160001
0.00200001
0.00240001
0.00280001
0.00320001
0.00360001
0.00400001
0.00440001
0.00480001
0.00520001
0.00560001
0.00600001
0.00640001
0.00680001
0.00720001
0.00760001
0.00800001
0.00840001
0.00880001
0.00920001
0.00960001
0.01
0.0104
0.0108
0.0112
0.0116
0.012
0.0124
0.0128
0.0132
0.0136
0.014
0.0144
0.0148
0.0152
0.0156
0.016
0.0164
0.0168
0.0172
0.0176
0.018
0.0184
0.0188
0.0192
0.0196
0.02
0.0204
0.0208
0.0212
0.0216
0.022
0.0224
0.0228
0.0232
0.0236
0.024
0.0244
0.0248
0.0252
0.0256
0.026
0.0264
0.0268
0.0272
0.0276
0.028
0.0284
0.0288
0.0292
0.0296
0.03
0.0304
0.0308
0.0312
0.0316
0.0312
0.0308
0.0304
0.03
0.0296
0.0292
0.0288
0.0284
0.028
0.0276
0.0272
0.0268
0.0264
0.026
0.0256
0.0252
0.0248
0.0244
0.024
0.0236
0.0232
0.0228
0.0224
0.022
0.0216
0.0212
0.0208
0.0204
0.02
0.0196
0.0192
0.0188
0.0184
0.018
0.0176
0.0172
0.0168
0.0164
0.016
0.0156
0.0152
0.0148
0.0144
0.014
0.0136
0.0132
0.0128
0.0124
0.012
0.0116
0.0112
0.0108
0.0104
0.01
0.00960001
0.00920001
0.00880001
0.00840001
0.00800001
0.00760001
0.00720001
0.00680001
0.00640001
0.00600001
0.00560001
0.00520001
0.00480001
0.00440001
0.00400001
0.00360001
0.00320001
0.00280001
0.00240001
0.002
0.0016
0.0012
0.000800005
0.000400005
4.92072e-09
-0.000399995
-0.000799995
-0.0012
-0.0016
-0.002
-0.0024
-0.0028
-0.0032
-0.0036
-0.004
-0.0044
-0.0048
-0.0052
-0.0056
-0.006
-0.0064
-0.0068
-0.0072
-0.0076
-0.008
-0.0084
-0.0088
-0.0092
-0.0096
-0.01
-0.0104
-0.0108
-0.0112
-0.0116
-0.012
-0.0124
-0.0128
-0.0132
-0.0136
-0.014
-0.0144
-0.0148
-0.0152
-0.0156
-0.016
-0.0164
-0.0168
-0.0172
-0.0176
-0.018
-0.0184
-0.0188
-0.0192
-0.0196
-0.02
-0.0204
-0.0208
-0.0212
-0.0216
-0.022
-0.0224
-0.0228
-0.0232
-0.0236
-0.024
-0.0244
-0.0248
-0.0252
-0.0256
-0.026
-0.0264
-0.0268
-0.0272
-0.0276
-0.028
-0.0284
-0.0288
-0.0292
-0.0296
-0.03
-0.0304
-0.0308
-0.0312
-0.0316
-0.0312
-0.0308
-0.0304
-0.03
-0.0296
-0.0292
-0.0288
-0.0284
-0.028
-0.0276
-0.0272
-0.0268
-0.0264
-0.026
-0.0256
-0.0252
-0.0248
-0.0244
-0.024
-0.0236
-0.0232
-0.0228
-0.0224
-0.022
-0.0216
-0.0212
-0.0208
-0.0204
-0.02
-0.0196
-0.0192
-0.0188
-0.0184
-0.018
-0.0176
-0.0172
-0.0168
-0.0164
-0.016
-0.0156
-0.0152
-0.0148
-0.0144
-0.014
-0.0136
-0.0132
-0.0128
-0.0124
-0.012
-0.0116
-0.0112
-0.0108
-0.0104
-0.00999999
-0.00959999
-0.00919999
-0.00879999
-0.00839999
-0.00799999
-0.00759999
-0.00719999
-0.00679999
-0.00639999
-0.00599999
-0.00559999
-0.00519999
-0.00479999
-0.00439999
-0.00399999
-0.00359999
-0.00319999
-0.00279999
-0.00239999
-0.00199999
-0.00159999
-0.00119999
-0.000799995
-0.000399995
5.26231e-09
0.000400005
0.000800005
0.00120001
0.00160001
0.00200001
0.00240001
0.00280001
0.00320001
0.00360001
0.00400001
0.00440001
0.00480001
0.00520001
0.00560001
0.00600001
0.00640001
0.00680001
0.00720001
0.00760001
0.00800001
0.00840001
0.00880001
0.00920001
0.00960001
0.01
0.0104
0.0108
0.0112
0.0116
0.012
0.0124
0.0128
0.0132
0.0136
0.014
0.0144
0.0148
0.0152
0.0156
0.016
0.0164
0.0168
0.0172
0.0176
0.018
0.0184
0.0188
0.0192
0.0196
0.02
0.0204
0.0208
0.0212
0.0216
0.022
0.0224
0.0228
0.0232
0.0236
0.0232
0.0228
0.0224
0.022
0.0216
0.0212
0.0208
0.0204
0.02
0.0196
0.0192
0.0188
0.0184
0.018
0.0176
0.0172
0.0168
0.0164
0.016
0.0156
0.0152
0.0148
0.0144
0.014
0.0136
0.0132
0.0128
0.0124
0.012
0.0116
0.0112
0.0108
0.0104
0.01
0.0096
0.0092
0.0088
0.0084
0.008
0.0076
0.0072
0.0068
0.0064
0.006
0.0056
0.0052
0.0048
0.0044
0.004
0.0036
0.0032
0.0028
0.0024
0.002
0.0016
0.0012
0.000800004
0.000400004
4.42851e-09
-0.000399996
-0.000799996
-0.0012
-0.0016
-0.002
-0.0024
-0.0028
-0.0032
-0.0036
-0.004
-0.0044
-0.0048
-0.0052
-0.0056
-0.006
-0.0064
-0.0068
-0.0072
-0.0076
-0.008
-0.0084
-0.0088
-0.0092
-0.0096
-0.01
-0.0104
-0.0108
-0.0112
-0.0116
-0.012
-0.0124
-0.0128
-0.0132
-0.0136
-0.014
-0.0144
-0.0148
-0.0152
-0.0156
-0.016
-0.0164
-0.0168
-0.0172
-0.0176
-0.018
-0.0184
-0.0188
-0.0192
-0.0196
-0.02
-0.0204
-0.0208
-0.0212
-0.0216
-0.022
-0.0224
-0.0228
-0.0232
-0.0236
-0.0232
-0.0228
-0.0224
-0.022
-0.0216
-0.0212
-0.0208
-0.0204
-0.02
-0.0196
-0.0192
-0.0188
-0.0184
-0.018
-0.0176
-0.0172
-0.0168
-0.0164
-0.016
-0.0156
-0.0152
-0.0148
-0.0144
-0.014
-0.0136
-0.0132
-0.0128
-0.0124
-0.012
-0.0116
-0.0112
-0.0108
-0.0104
-0.00999999
-0.00959999
-0.00919999
-0.00879999
-0.00839999
-0.00799999
-0.00759999
-0.00719999
-0.00679999
-0.00639999
-0.00599999
-0.00559999
-0.00519999
-0.00479999
-0.00439999
-0.00399999
-0.00359999
-0.00319999
-0.00279999
-0.00239999
-0.00199999
-0.00159999
-0.00119999
-0.000799994
-0.000399994
5.67789e-09
0.000400006
0.000800006
0.00120001
0.00160001
0.00200001
0.00240001
0.00280001
0.00320001
0.00360001
0.00400001
0.00440001
0.00480001
0.00520001
0.00560001
0.00600001
0.00640001
0.00680001
0.00720001
0.00760001
0.00800001
0.00840001
0.00880001
0.00920001
0.00960001
0.01
0.0104
0.0108
0.0112
0.0116
0.012
0.0124
0.0128
0.0132
0.0136
0.014
0.0144
0.0148
0.0152
0.0156
0.016
0.0164
0.0168
0.0172
0.0176
0.018
0.0184
0.0188
0.0192
0.0196
0.02
0.0204
0.0208
0.0212
0.0216
0.022
0.0224
0.0228
0.0232
0.0236
0.0232
0.0228
0.0224
0.022
0.0216
0.0212
0.0208
0.0204
0.02
0.0196
0.0192
0.0188
0.0184
0.018
0.0176
0.0172
0.0168
0.0164
0.016
0.0156
0.0152
0.0148
0.0144
0.014
0.0136
0.0132
0.0128
0.0124
0.012
0.0116
0.0112
0.0108
0.0104
0.01
0.00960001
0.00920001
0.00880001
0.00840001
0.00800001
0.00760001
0.00720001
0.00680001
0.00640001
0.00600001
0.0056
0.0052
0.0048
0.0044
0.004
0.0036
0.0032
0.0028
0.0024
0.002
0.0016
0.0012
0.000800005
0.000400005
4.80709e-09
-0.000399995
-0.000799995
-0.0012
-0.0016
-0.002
-0.0024
-0.0028
-0.0032
-0.0036
-0.004
-0.0044
-0.0048
-0.0052
-0.0056
-0.006
-0.0064
-0.0068
-0.0072
-0.0076
-0.008
-0.0084
-0.0088
-0.0092
-0.0096
-0.01
-0.0104
-0.0108
-0.0112
-0.0116
-0.012
-0.0124
-0.0128
-0.0132
-0.0136
-0.014
-0.0144
-0.0148
-0.0152
-0.0156
-0.016
-0.0164
-0.0168
-0.0172
-0.0176
-0.018
-0.0184
-0.0188
-0.0192
-0.0196
-0.02
-0.0204
-0.0208
-0.0212
-0.0216
-0.022
-0.0224
-0.0228
-0.0232
-0.0236
-0.0232
-0.0228
-0.0224
-0.022
-0.0216
-0.0212
-0.0208
-0.0204
-0.02
-0.0196
-0.0192
-0.0188
-0.0184
-0.018
-0.0176
-0.0172
-0.0168
-0.0164
-0.016
-0.0156
-0.0152
-0.0148
-0.0144
-0.014
-0.0136
-0.0132
-0.0128
-0.0124
-0.012
-0.0116
-0.0112
-0.0108
-0.0104
-0.00999999
-0.00959999
-0.00919999
-0.00879999
-0.00839999
-0.00799999
-0.00759999
-0.00719999
-0.00679999
-0.00639999
-0.00599999
-0.00559999
-0.00519999
-0.00479999
-0.00439999
-0.00399999
-0.00359999
-0.00319999
-0.00279999
-0.00239999
-0.00199999
-0.00159999
-0.00119999
-0.000799994
-0.000399994
6.0432e-09
0.000400006
0.000800006
0.00120001
0.00160001
0.00200001
0.00240001
0.00280001
0.00320001
0.00360001
0.00400001
0.00440001
0.00480001
0.00520001
0.00560001
0.00600001
0.00640001
0.00680001
0.00720001
0.00760001
0.00800001
0.00840001
0.00880001
0.00920001
0.00960001
0.01
0.0104
0.0108
0.0112
0.0116
0.012
0.0124
0.0128
0.0132
0.0136
0.014
0.0144
0.0148
0.0152
0.0156
0.016
0.0164
0.0168
0.0172
0.0176
0.018
0.0184
0.0188
0.0192
0.0196
0.02
0.0204
0.0208
0.0212
0.0216
0.022
0.0224
0.0228
0.0232
0.0236
0.024
0.0244
0.0248
0.0252
0.0256
0.026
0.0264
0.0268
0.0272
0.0276
0.028
0.0284
0.0288
0.0292
0.0296
0.03
0.0304
0.0308
0.0312
0.0316
0.032
0.0324
0.0328
0.0332
0.0336
0.034
0.0344
0.0348
0.0352
0.0356
0.036
0.0364
0.0368
0.0372
0.0376
0.038
0.0384
0.0388
0.0392
0.0396
0.04
0.0404
0.0408
0.0412
0.0416
0.042
0.0424
0.0428
0.0432
0.0436
0.044
0.0444
0.0448
0.0452
0.0456
0.046
0.0464
0.0468
0.0472
0.0476
0.048
0.0484
0.0488
0.0492
0.0496
0.05
0.0504
0.0508
0.0512
0.0516
0.052
0.0524
0.0528
0.0532
0.0536
0.054
0.0544
0.0548
0.0552
0.0548
0.0544
0.054
0.0536
0.0532
0.0528
0.0524
0.052
0.0516
0.0512
0.0508
0.0504
0.05
0.0496
0.0492
0.0488
0.0484
0.048
0.0476
0.0472
0.0468
0.0464
0.046
0.0456
0.0452
0.0448
0.0444
0.044
0.0436
0.0432
0.0428
0.0424
0.042
0.0416
0.0412
0.0408
0.0404
0.04
0.0396
0.0392
0.0388
0.0384
0.038
0.0376
0.0372
0.0368
0.0364
0.036
0.0356
0.0352
0.0348
0.0344
0.034
0.0336
0.0332
0.0328
0.0324
0.032
0.0316
0.0312
0.0308
0.0304
0.03
0.0296
0.0292
0.0288
0.0284
0.028
0.0276
0.0272
0.0268
0.0264
0.026
0.0256
0.0252
0.0248
0.0244
0.024
0.0236
0.0232
0.0228
0.0224
0.022
0.0216
0.0212
0.0208
0.0204
0.02
0.0196
0.0192
0.0188
0.0184
0.018
0.0176
0.0172
0.0168
0.0164
0.016
0.0156
0.0152
0.0148
0.0144
0.014
0.0136
0.0132
0.0128
0.0124
0.012
0.0116
0.0112
0.0108
0.0104
0.01
0.00960001
0.00920001
0.00880001
0.00840001
0.00800001
0.00760001
0.00720001
0.00680001
0.00640001
0.00600001
0.00560001
0.00520001
0.00480001
0.00440001
0.00400001
0.00360001
0.00320001
0.00280001
0.00240001
0.00200001
0.00160001
0.00120001
0.000800005
0.000400005
5.33795e-09
-0.000399995
-0.000799995
-0.00119999
-0.00159999
-0.00199999
-0.00239999
-0.00279999
-0.00319999
-0.00359999
-0.00399999
-0.00439999
-0.00479999
-0.00519999
-0.00559999
-0.00599999
-0.00639999
-0.00679999
-0.00719999
-0.00759999
-0.00799999
-0.00839999
-0.00879999
-0.00919999
-0.00959999
-0.00999999
-0.0104
-0.0108
-0.0112
-0.0116
-0.012
-0.0124
-0.0128
-0.0132
-0.0136
-0.014
-0.0144
-0.0148
-0.0152
-0.0156
-0.016
-0.0164
-0.0168
-0.0172
-0.0176
-0.018
-0.0184
-0.0188
-0.0192
-0.0196
-0.02
-0.0204
-0.0208
-0.0212
-0.0216
-0.022
-0.0224
-0.0228
-0.0232
-0.0236
-0.024
-0.0244
-0.0248
-0.0252
-0.0256
-0.026
-0.0264
-0.0268
-0.0272
-0.0276
-0.028
-0.0284
-0.0288
-0.0292
-0.0296
-0.03
-0.0304
-0.0308
-0.0312
-0.0316
-0.032
-0.0324
-0.0328
-0.0332
-0.0336
-0.034
-0.0344
-0.0348
-0.0352
-0.0356
-0.036
-0.0364
-0.0368
-0.0372
-0.0376
-0.038
-0.0384
-0.0388
-0.0392
-0.0396
-0.04
-0.0404
-0.0408
-0.0412
-0.0416
-0.042
-0.0424
-0.0428
-0.0432
-0.0436
-0.044
-0.0444
-0.0448
-0.0452
-0.0456
-0.046
-0.0464
-0.0468
-0.0472
-0.0476
-0.048
-0.0484
-0.0488
-0.0492
-0.0496
-0.05
-0.0504
-0.0508
-0.0512
-0.0516
-0.052
-0.0524
-0.0528
-0.0532
-0.0536
-0.054
-0.0544
-0.0548
-0.0552
-0.0548
-0.0544
-0.054
-0.0536
-0.0532
-0.0528
-0.0524
-0.052
-0.0516
-0.0512
-0.0508
-0.0504
-0.05
-0.0496
-0.0492
-0.0488
-0.0484
-0.048
-0.0476
-0.0472
-0.0468
-0.0464
-0.046
-0.0456
-0.0452
-0.0448
-0.0444
-0.044
-0.0436
-0.0432
-0.0428
-0.0424
-0.042
-0.0416
-0.0412
-0.0408
-0.0404
-0.04
-0.0396
-0.0392
-0.0388
-0.0384
-0.038
-0.0376
-0.0372
-0.0368
-0.0364
-0.036
-0.0356
-0.0352
-0.0348
-0.0344
-0.034
-0.0336
-0.0332
-0.0328
-0.0324
-0.032
-0.0316
-0.0312
-0.0308
-0.0304
-0.03
-0.0296
-0.0292
-0.0288
-0.0284
-0.028
-0.0276
-0.0272
-0.0268
-0.0264
-0.026
-0.0256
-0.0252
-0.0248
-0.0244
-0.024
-0.0236
-0.0232
-0.0228
-0.0224
-0.022
-0.0216
-0.0212
-0.0208
-0.0204
-0.02
-0.0196
-0.0192
-0.0188
-0.0184
-0.018
-0.0176
-0.0172
-0.0168
-0.0164
-0.016
-0.0156
-0.0152
-0.0148
-0.0144
-0.014
-0.0136
-0.0132
-0.0128
-0.0124
-0.012
-0.0116
-0.0112
-0.0108
-0.0104
-0.00999999
-0.00959999
-0.00919999
-0.00879999
-0.00839999
-0.00799999
-0.00759999
-0.00719999
-0.00679999
-0.00639999
-0.00599999
-0.00559999
-0.00519999
-0.00479999
-0.00439999
-0.00399999
-0.00359999
-0.00319999
-0.00279999
-0.00239999
-0.00199999
-0.00159999
-0.00119999
-0.000799994
-0.000399994
6.17777e-09
0.000400006
0.000800006
0.00120001
0.00160001
0.00200001
0.00240001
0.00280001
0.00320001
0.00360001
0.00400001
0.00440001
0.00480001
0.00520001
0.00560001
0.00600001
0.00640001
0.00680001
0.00720001
0.00760001
0.00800001
0.00840001
0.00880001
0.00920001
0.00960001
0.01
0.0104
0.0108
0.0112
0.0116
0.012
0.0124
0.0128
0.0132
0.0136
0.014
0.0144
0.0148
0.0152
0.0156
0.016
0.0164
0.0168
0.0172
0.0176
0.018
0.0184
0.0188
0.0192
0.0196
0.02
0.0204
0.0208
0.0212
0.0216
0.022
0.0224
0.0228
0.0232
0.0236
0.024
0.0244
0.0248
0.0252
0.0256
0.026
0.0264
0.0268
0.0272
0.0276
0.028
0.0284
0.0288
0.0292
0.0296
0.03
0.0304
0.0308
0.0312
0.0316
0.032
0.0324
0.0328
0.0332
0.0336
0.034
0.0344
0.0348
0.0352
0.0356
0.036
0.0364
0.0368
0.0372
0.0376
0.038
0.0384
0.0388
0.0392
0.0396
0.04
0.0404
0.0408
0.0412
0.0416
0.0412
0.0408
0.0404
0.04
0.0396
0.0392
0.0388
0.0384
0.038
0.0376
0.0372
0.0368
0.0364
0.036
0.0356
0.0352
0.0348
0.0344
0.034
0.0336
0.0332
0.0328
0.0324
0.032
0.0316
0.0312
0.0308
0.0304
0.03
0.0296
0.0292
0.0288
0.0284
0.028
0.0276
0.0272
0.0268
0.0264
0.026
0.0256
0.0252
0.0248
0.0244
0.024
0.0236
0.0232
0.0228
0.0224
0.022
0.0216
0.0212
0.0208
0.0204
0.02
0.0196
0.0192
0.0188
0.0184
0.018
0.0176
0.0172
0.0168
0.0164
0.016
0.0156
0.0152
0.0148
0.0144
0.014
0.0136
0.0132
0.0128
0.0124
0.012
0.0116
0.0112
0.0108
0.0104
0.01
0.00960001
0.00920001
0.00880001
0.00840001
0.00800001
0.00760001
0.00720001
0.00680001
0.00640001
0.00600001
0.00560001
0.00520001
0.00480001
0.0044
0.004
0.0036
0.0032
0.0028
0.0024
0.002
0.0016
0.0012
0.000800005
0.000400005
4.92553e-09
-0.000399995
-0.000799995
-0.0012
-0.0016
-0.002
-0.0024
-0.0028
-0.0032
-0.0036
-0.004
-0.0044
-0.0048
-0.0052
-0.0056
-0.006
-0.0064
-0.0068
-0.0072
-0.0076
-0.008
-0.0084
-0.0088
-0.0092
-0.0096
-0.01
-0.0104
-0.0108
-0.0112
-0.0116
-0.012
-0.0124
-0.0128
-0.0132
-0.0136
-0.014
-0.0144
-0.0148
-0.0152
-0.0156
-0.016
-0.0164
-0.0168
-0.0172
-0.0176
-0.018
-0.0184
-0.0188
-0.0192
-0.0196
-0.02
-0.0204
-0.0208
-0.0212
-0.0216
-0.022
-0.0224
-0.0228
-0.0232
-0.0236
-0.024
-0.0244
-0.0248
-0.0252
-0.0256
-0.026
-0.0264
-0.0268
-0.0272
-0.0276
-0.028
-0.0284
-0.0288
-0.0292
-0.0296
-0.03
-0.0304
-0.0308
-0.0312
-0.0316
-0.032
-0.0324
-0.0328
-0.0332
-0.0336
-0.034
-0.0344
-0.0348
-0.0352
-0.0356
-0.036
-0.0364
-0.0368
-0.0372
-0.0376
-0.038
-0.0384
-0.0388
-0.0392
-0.0396
-0.04
-0.0404
-0.0408
-0.0412
-0.0416
-0.0412
-0.0408
-0.0404
-0.04
-0.0396
-0.0392
-0.0388
-0.0384
-0.038
-0.0376
-0.0372
-0.0368
-0.0364
-0.036
-0.0356
-0.0352
-0.0348
-0.0344
-0.034
-0.0336
-0.0332
-0.0328
-0.0324
-0.032
-0.0316
-0.0312
-0.0308
-0.0304
-0.03
-0.0296
-0.0292
-0.0288
-0.0284
-0.028
-0.0276
-0.0272
-0.0268
-0.0264
-0.026
-0.0256
-0.0252
-0.0248
-0.0244
-0.024
-0.0236
-0.0232
-0.0228
-0.0224
-0.022
-0.0216
-0.0212
-0.0208
-0.0204
-0.02
-0.0196
-0.0192
-0.0188
-0.0184
-0.018
-0.0176
-0.0172
-0.0168
-0.0164
-0.016
-0.0156
-0.0152
-0.0148
-0.0144
-0.014
-0.0136
-0.0132
-0.0128
-0.0124
-0.012
-0.0116
-0.0112
-0.0108
-0.0104
-0.00999999
-0.00959999
-0.00919999
-0.00879999
-0.00839999
-0.00799999
-0.00759999
-0.00719999
-0.00679999
-0.00639999
-0.00599999
-0.00559999
-0.00519999
-0.00479999
-0.00439999
-0.00399999
-0.00359999
-0.00319999
-0.00279999
-0.00239999
-0.00199999
-0.00159999
-0.00119999
-0.000799993
-0.000399993
6.87302e-09
0.000400007
0.000800007
0.00120001
0.00160001
0.00200001
0.00240001
0.00280001
0.00320001
0.00360001
0.00400001
0.00440001
0.00480001
0.00520001
0.00560001
0.00600001
0.00640001
0.00680001
0.00720001
0.00760001
0.00800001
0.00840001
0.00880001
0.00920001
0.00960001
0.01
0.0104
0.0108
0.0112
0.0116
0.012
0.0124
0.0128
0.0132
0.0136
0.014
0.0144
0.0148
0.0152
0.0156
0.016
0.0164
0.0168
0.0172
0.0176
0.018
0.0184
0.0188
0.0192
0.0196
0.02
0.0204
0.0208
0.0212
0.0216
0.022
0.0224
0.0228
0.0232
0.0236
0.024
0.0244
0.0248
0.0252
0.0256
0.026
0.0264
0.0268
0.0272
0.0276
0.028
0.0284
0.0288
0.0292
0.0296
0.03
0.0304
0.0308
0.0312
0.0316
0.032
0.0324
0.0328
0.0332
0.0336
0.034
0.0344
0.0348
0.0352
0.0356
0.036
0.0364
0.0368
0.0372
0.0376
0.038
0.0384
0.0388
0.0392
0.0396
0.04
0.0404
0.0408
0.0412
0.0416
0.0412
0.0408
0.0404
0.04
0.0396
0.0392
0.0388
0.0384
0.038
0.0376
0.0372
0.0368
0.0364
0.036
0.0356
0.0352
0.0348
0.0344
0.034
0.0336
0.0332
0.0328
0.0324
0.032
0.0316
0.0312
0.0308
0.0304
0.03
0.0296
0.0292
0.0288
0.0284
0.028
0.0276
0.0272
0.0268
0.0264
0.026
0.0256
0.0252
0.0248
0.0244
0.024
0.0236
0.0232
0.0228
0.0224
0.022
0.0216
0.0212
0.0208
0.0204
0.02
0.0196
0.0192
0.0188
0.0184
0.018
0.0176
0.0172
0.0168
0.0164
0.016
0.0156
0.0152
0.0148
0.0144
0.014
0.0136
0.0132
0.0128
0.0124
0.012
0.0116
0.0112
0.0108
0.0104
0.01
0.00960001
0.00920001
0.00880001
0.00840001
0.00800001
0.00760001
0.00720001
0.00680001
0.00640001
0.00600001
0.00560001
0.00520001
0.00480001
0.00440001
0.00400001
0.00360001
0.00320001
0.00280001
0.00240001
0.00200001
0.00160001
0.00120001
0.000800006
0.000400006
5.59941e-09
-0.000399994
-0.000799994
-0.00119999
-0.00159999
-0.00199999
-0.00239999
-0.00279999
-0.00319999
-0.00359999
-0.00399999
-0.00439999
-0.00479999
-0.00519999
-0.00559999
-0.00599999
-0.00639999
-0.00679999
-0.00719999
-0.00759999
-0.00799999
-0.00839999
-0.00879999
-0.00919999
-0.00959999
-0.00999999
-0.0104
-0.0108
-0.0112
-0.0116
-0.012
-0.0124
-0.0128
-0.0132
-0.0136
-0.014
-0.0144
-0.0148
-0.0152
-0.0156
-0.016
-0.0164
-0.0168
-0.0172
-0.0176
-0.018
-0.0184
-0.0188
-0.0192
-0.0196
-0.02
-0.0204
-0.0208
-0.0212
-0.0216
-0.022
-0.0224
-0.0228
-0.0232
-0.0236
-0.024
-0.0244
-0.0248
-0.0252
-0.0256
-0.026
-0.0264
-0.0268
-0.0272
-0.0276
-0.028
-0.0284
-0.0288
-0.0292
-0.0296
-0.03
-0.0304
-0.0308
-0.0312
-0.0316
-0.032
-0.0324
-0.0328
-0.0332
-0.0336
-0.034
-0.0344
-0.0348
-0.0352
-0.0356
-0.036
-0.0364
-0.0368
-0.0372
-0.0376
-0.038
-0.0384
-0.0388
-0.0392
-0.0396
-0.04
-0.0404
-0.0408
-0.0412
-0.0416
-0.0412
-0.0408
-0.0404
-0.04
-0.0396
-0.0392
-0.0388
-0.0384
-0.038
-0.0376
-0.0372
-0.0368
-0.0364
-0.036
-0.0356
-0.0352
-0.0348
-0.0344
-0.034
-0.0336
-0.0332
-0.0328
-0.0324
-0.032
-0.0316
-0.0312
-0.0308
-0.0304
-0.03
-0.0296
-0.0292
-0.0288
-0.0284
-0.028
-0.0276
-0.0272
-0.0268
-0.0264
-0.026
-0.0256
-0.0252
-0.0248
-0.0244
-0.024
-0.0236
-0.0232
-0.0228
-0.0224
-0.022
-0.0216
-0.0212
-0.0208
-0.0204
-0.02
-0.0196
-0.0192
-0.0188
-0.0184
-0.018
-0.0176
-0.0172
-0.0168
-0.0164
-0.016
-0.0156
-0.0152
-0.0148
-0.0144
-0.014
-0.0136
-0.0132
-0.0128
-0.0124
-0.012
-0.0116
-0.0112
-0.0108
-0.0104
-0.00999999
-0.00959999
-0.00919999
-0.00879999
-0.00839999
-0.00799999
-0.00759999
-0.00719999
-0.00679999
-0.00639999
-0.00599999
-0.00559999
-0.00519999
-0.00479999
-0.00439999
-0.00399999
-0.00359999
-0.00319999
-0.00279999
-0.00239999
-0.00199999
-0.00159999
-0.00119999
-0.000799993
-0.000399993
7.50345e-09
0.000400008
0.000800008
0.00120001
0.00160001
0.00200001
0.00240001
0.00280001
0.00320001
0.00360001
0.00400001
0.00440001
0.00480001
0.00520001
0.00560001
0.00600001
0.00640001
0.00680001
0.00720001
0.00760001
0.00800001
0.00840001
0.00880001
0.00920001
0.00960001
0.01
0.0104
0.0108
0.0112
0.0116
0.012
0.0124
0.0128
0.0132
0.0136
0.014
0.0144
0.0148
0.0152
0.0156
0.016
0.0164
0.0168
0.0172
0.0176
0.018
0.0184
0.0188
0.0192
0.0196
0.02
0.0204
0.0208
0.0212
0.0216
0.022
0.0224
0.0228
0.0232
0.0236
0.024
0.0244
0.0248
0.0252
0.0256
0.026
0.0264
0.0268
0.0272
0.0276
0.028
0.0284
0.0288
0.0292
0.0296
0.03
0.0304
0.0308
0.0312
0.0316
0.032
0.0324
0.0328
0.0332
0.0336
0.034
0.0344
0.0348
0.0352
0.0356
0.036
0.0364
0.0368
0.0372
0.0376
0.038
0.0384
0.0388
0.0392
0.0396
0.04
0.0404
0.0408
0.0412
0.0416
0.042
0.0424
0.0428
0.0432
0.0436
0.044
0.0444
0.0448
0.0452
0.0456
0.046
0.0464
0.0468
0.0472
0.0476
0.048
0.0484
0.0488
0.0492
0.0496
0.05
0.0504
0.0508
0.0512
0.0516
0.052
0.0524
0.0528
0.0532
0.0536
0.054
0.0544
0.0548
0.0552
0.0556
0.056
0.0564
0.0568
0.0572
0.0576
0.058
0.0584
0.0588
0.0592
0.0596
0.06
0.0604
0.0608
0.0612
0.0616
0.062
0.0624
0.0628
0.0632
0.0636
0.064
0.0644
0.0648
0.0652
0.0656
0.066
0.0664
0.0668
0.0672
0.0676
0.068
0.0684
0.0688
0.0692
0.0696
0.07
0.0704
0.0708
0.0712
0.0716
0.072
0.0724
0.0728
0.0732
0.0736
0.074
0.0744
0.0748
0.0752
0.0756
0.076
0.0764
0.0768
0.0772
0.0776
0.078
0.0784
0.0788
0.0784
0.078
0.0776
0.0772
0.0768
0.0764
0.076
0.0756
0.0752
0.0748
0.0744
0.074
0.0736
0.0732
0.0728
0.0724
0.072
0.0716
0.0712
0.0708
0.0704
0.07
0.0696
0.0692
0.0688
0.0684
0.068
0.0676
0.0672
0.0668
0.0664
0.066
0.0656
0.0652
0.0648
0.0644
0.064
0.0636
0.0632
0.0628
0.0624
0.062
0.0616
0.0612
0.0608
0.0604
0.06
0.0596
0.0592
0.0588
0.0584
0.058
0.0576
0.0572
0.0568
0.0564
0.056
0.0556
0.0552
0.0548
0.0544
0.054
0.0536
0.0532
0.0528
0.0524
0.052
0.0516
0.0512
0.0508
0.0504
0.05
0.0496
0.0492
0.0488
0.0484
0.048
0.0476
0.0472
0.0468
0.0464
0.046
0.0456
0.0452
0.0448
0.0444
0.044
0.0436
0.0432
0.0428
0.0424
0.042
0.0416
0.0412
0.0408
0.0404
0.04
0.0396
0.0392
0.0388
0.0384
0.038
0.0376
0.0372
0.0368
0.0364
0.036
0.0356
0.0352
0.0348
0.0344
0.034
0.0336
0.0332
0.0328
0.0324
0.032
0.0316
0.0312
0.0308
0.0304
0.03
0.0296
0.0292
0.0288
0.0284
0.028
0.0276
0.0272
0.0268
0.0264
0.026
0.0256
0.0252
0.0248
0.0244
0.024
0.0236
0.0232
0.0228
0.0224
0.022
0.0216
0.0212
0.0208
0.0204
0.02
0.0196
0.0192
0.0188
0.0184
0.018
0.0176
0.0172
0.0168
0.0164
0.016
0.0156
0.0152
0.0148
0.0144
0.014
0.0136
0.0132
0.0128
0.0124
0.012
0.0116
0.0112
0.0108
0.0104
0.01
0.00960001
0.00920001
0.00880001
0.00840001
0.00800001
0.00760001
0.00720001
0.00680001
0.00640001
0.00600001
0.00560001
0.00520001
0.00480001
0.00440001
0.00400001
0.00360001
0.00320001
0.00280001
0.00240001
0.00200001
0.00160001
0.00120001
0.000800006
0.000400006
6.48981e-09
-0.000399994
-0.000799994
-0.00119999
-0.00159999
-0.00199999
-0.00239999
-0.00279999
-0.00319999
-0.00359999
-0.00399999
-0.00439999
-0.00479999
-0.00519999
-0.00559999
-0.00599999
-0.00639999
-0.00679999
-0.00719999
-0.00759999
-0.00799999
-0.00839999
-0.00879999
-0.00919999
-0.00959999
-0.00999999
-0.0104
-0.0108
-0.0112
-0.0116
-0.012
-0.0124
-0.0128
-0.0132
-0.0136
-0.014
-0.0144
-0.0148
-0.0152
-0.0156
-0.016
-0.0164
-0.0168
-0.0172
-0.0176
-0.018
-0.0184
-0.0188
-0.0192
-0.0196
-0.02
-0.0204
-0.0208
-0.0212
-0.0216
-0.022
-0.0224
-0.0228
-0.0232
-0.0236
-0.024
-0.0244
-0.0248
-0.0252
-0.0256
-0.026
-0.0264
-0.0268
-0.0272
-0.0276
-0.028
-0.0284
-0.0288
-0.0292
-0.0296
-0.03
-0.0304
-0.0308
-0.0312
-0.0316
-0.032
-0.0324
-0.0328
-0.0332
-0.0336
-0.034
-0.0344
-0.0348
-0.0352
-0.0356
-0.036
-0.0364
-0.0368
-0.0372
-0.0376
-0.038
-0.0384
-0.0388
-0.0392
-0.0396
-0.04
-0.0404
-0.0408
-0.0412
-0.0416
-0.042
-0.0424
-0.0428
-0.0432
-0.0436
-0.044
-0.0444
-0.0448
-0.0452
-0.0456
-0.046
-0.0464
-0.0468
-0.0472
-0.0476
-0.048
-0.0484
-0.0488
-0.0492
-0.0496
-0.05
-0.0504
-0.0508
-0.0512
-0.0516
-0.052
-0.0524
-0.0528
-0.0532
-0.0536
-0.054
-0.0544
-0.0548
-0.0552
-0.0556
-0.056
-0.0564
-0.0568
-0.0572
-0.0576
-0.058
-0.0584
-0.0588
-0.0592
-0.0596
-0.06
-0.0604
-0.0608
-0.0612
-0.0616
-0.062
-0.0624
-0.0628
-0.0632
-0.0636
-0.064
-0.0644
-0.0648
-0.0652
-0.0656
-0.066
-0.0664
-0.0668
-0.0672
-0.0676
-0.068
-0.0684
-0.0688
-0.0692
-0.0696
-0.07
-0.0704
-0.0708
-0.0712
-0.0716
-0.072
-0.0724
-0.0728
-0.0732
-0.0736
-0.074
-0.0744
-0.0748
-0.0752
-0.0756
-0.076
-0.0764
-0.0768
-0.0772
-0.0776
-0.078
-0.0784
-0.0788
-0.0784
-0.078
-0.0776
-0.0772
-0.0768
-0.0764
-0.076
-0.0756
-0.0752
-0.0748
-0.0744
-0.074
-0.0736
-0.0732
-0.0728
-0.0724
-0.072
-0.0716
-0.0712
-0.0708
-0.0704
-0.07
-0.0696
-0.0692
-0.0688
-0.0684
-0.068
-0.0676
-0.0672
-0.0668
-0.0664
-0.066
-0.0656
-0.0652
-0.0648
-0.0644
-0.064
-0.0636
-0.0632
-0.0628
-0.0624
-0.062
-0.0616
-0.0612
-0.0608
-0.0604
-0.06
-0.0596
-0.0592
-0.0588
-0.0584
-0.058
-0.0576
-0.0572
-0.0568
-0.0564
-0.056
-0.0556
-0.0552
-0.0548
-0.0544
-0.054
-0.0536
-0.0532
-0.0528
-0.0524
-0.052
-0.0516
-0.0512
-0.0508
-0.0504
-0.05
-0.0496
-0.0492
-0.0488
-0.0484
-0.048
-0.0476
-0.0472
-0.0468
-0.0464
-0.046
-0.0456
-0.0452
-0.0448
-0.0444
-0.044
-0.0436
-0.0432
-0.0428
-0.0424
-0.042
-0.0416
-0.0412
-0.0408
-0.0404
-0.04
-0.0396
-0.0392
-0.0388
-0.0384
-0.038
-0.0376
-0.0372
-0.0368
-0.0364
-0.036
-0.0356
-0.0352
-0.0348
-0.0344
-0.034
-0.0336
-0.0332
-0.0328
-0.0324
-0.032
-0.0316
-0.0312
-0.0308
-0.0304
-0.03
-0.0296
-0.0292
-0.0288
-0.0284
-0.028
-0.0276
-0.0272
-0.0268
-0.0264
-0.026
-0.0256
-0.0252
-0.0248
-0.0244
-0.024
-0.0236
-0.0232
-0.0228
-0.0224
-0.022
-0.0216
-0.0212
-0.0208
-0.0204
-0.02
-0.0196
-0.0192
-0.0188
-0.0184
-0.018
-0.0176
-0.0172
-0.0168
-0.0164
-0.016
-0.0156
-0.0152
-0.0148
-0.0144
-0.014
-0.0136
-0.0132
-0.0128
-0.0124
-0.012
-0.0116
-0.0112
-0.0108
-0.0104
-0.00999999
-0.00959999
-0.00919999
-0.00879999
-0.00839999
-0.00799999
-0.00759999
-0.00719999
-0.00679999
-0.00639999
-0.00599999
-0.00559999
-0.00519999
-0.00479999
-0.00439999
-0.00399999
-0.00359999
-0.00319999
-0.00279999
-0.00239999
-0.00199999
-0.00159999
-0.00119999
-0.000799994
-0.000399994
5.8055e-09
0.000400006
0.000800006
0.00120001
0.00160001
0.00200001
0.00240001
0.00280001
0.00320001
0.00360001
0.00400001
0.00440001
0.00480001
0.00520001
0.00560001
0.00600001
0.00640001
0.00680001
0.00720001
0.00760001
0.00800001
0.00840001
0.00880001
0.00920001
0.00960001
0.01
0.0104
0.0108
0.0112
0.0116
0.012
0.0124
0.0128
0.0132
0.0136
0.014
0.0144
0.0148
0.0152
0.0156
0.016
0.0164
0.0168
0.0172
0.0176
0.018
0.0184
0.0188
0.0192
0.0196
0.02
0.0204
0.0208
0.0212
0.0216
0.022
0.0224
0.0228
0.0232
0.0236
0.024
0.0244
0.0248
0.0252
0.0256
0.026
0.0264
0.0268
0.0272
0.0276
0.028
0.0284
0.0288
0.0292
0.0296
0.03
0.0304
0.0308
0.0312
0.0316
0.032
0.0324
0.0328
0.0332
0.0336
0.034
0.0344
0.0348
0.0352
0.0356
0.036
0.0364
0.0368
0.0372
0.0376
0.038
0.0384
0.0388
0.0392
0.0396
0.04
0.0404
0.0408
0.0412
0.0416
0.042
0.0424
0.0428
0.0432
0.0436
0.044
0.0444
0.0448
0.0452
0.0456
0.046
0.0464
0.0468
0.0472
0.0476
0.048
0.0484
0.0488
0.0492
0.0496
0.05
0.0504
0.0508
0.0512
0.0516
0.052
0.0524
0.0528
0.0532
0.0536
0.054
0.0544
0.0548
0.0552
0.0556
0.056
0.0564
0.0568
0.0572
0.0576
0.058
0.0584
0.0588
0.0592
0.0588
0.0584
0.058
0.0576
0.0572
0.0568
0.0564
0.056
0.0556
0.0552
0.0548
0.0544
0.054
0.0536
0.0532
0.0528
0.0524
0.052
0.0516
0.0512
0.0508
0.0504
0.05
0.0496
0.0492
0.0488
0.0484
0.048
0.0476
0.0472
0.0468
0.0464
0.046
0.0456
0.0452
0.0448
0.0444
0.044
0.0436
0.0432
0.0428
0.0424
0.042
0.0416
0.0412
0.0408
0.0404
0.04
0.0396
0.0392
0.0388
0.0384
0.038
0.0376
0.0372
0.0368
0.0364
0.036
0.0356
0.0352
0.0348
0.0344
0.034
0.0336
0.0332
0.0328
0.0324
0.032
0.0316
0.0312
0.0308
0.0304
0.03
0.0296
0.0292
0.0288
0.0284
0.028
0.0276
0.0272
0.0268
0.0264
0.026
0.0256
0.0252
0.0248
0.0244
0.024
0.0236
0.0232
0.0228
0.0224
0.022
0.0216
0.0212
0.0208
0.0204
0.02
0.0196
0.0192
0.0188
0.0184
0.018
0.0176
0.0172
0.0168
0.0164
0.016
0.0156
0.0152
0.0148
0.0144
0.014
0.0136
0.0132
0.0128
0.0124
0.012
0.0116
0.0112
0.0108
0.0104
0.01
0.0096
0.0092
0.0088
0.0084
0.008
0.0076
0.0072
0.0068
0.0064
0.006
0.0056
0.0052
0.0048
0.0044
0.004
0.0036
0.0032
0.0028
0.0024
0.002
0.0016
0.0012
0.000800005
0.000400005
4.57347e-09
-0.000399995
-0.000799995
-0.0012
-0.0016
-0.002
-0.0024
-0.0028
-0.0032
-0.0036
-0.004
-0.0044
-0.0048
-0.0052
-0.0056
-0.006
-0.0064
-0.0068
-0.0072
-0.0076
-0.008
-0.0084
-0.0088
-0.0092
-0.0096
-0.01
-0.0104
-0.0108
-0.0112
-0.0116
-0.012
-0.0124
-0.0128
-0.0132
-0.0136
-0.014
-0.0144
-0.0148
-0.0152
-0.0156
-0.016
-0.0164
-0.0168
-0.0172
-0.0176
-0.018
-0.0184
-0.0188
-0.0192
-0.0196
-0.02
-0.0204
-0.0208
-0.0212
-0.0216
-0.022
-0.0224
-0.0228
-0.0232
-0.0236
-0.024
-0.0244
-0.0248
-0.0252
-0.0256
-0.026
-0.0264
-0.0268
-0.0272
-0.0276
-0.028
-0.0284
-0.0288
-0.0292
-0.0296
-0.03
-0.0304
-0.0308
-0.0312
-0.0316
-0.032
-0.0324
-0.0328
-0.0332
-0.0336
-0.034
-0.0344
-0.0348
-0.0352
-0.0356
-0.036
-0.0364
-0.0368
-0.0372
-0.0376
-0.038
-0.0384
-0.0388
-0.0392
-0.0396
-0.04
-0.0404
-0.0408
-0.0412
-0.0416
-0.042
-0.0424
-0.0428
-0.0432
-0.0436
-0.044
-0.0444
-0.0448
-0.0452
-0.0456
-0.046
-0.0464
-0.0468
-0.0472
-0.0476
-0.048
-0.0484
-0.0488
-0.0492
-0.0496
-0.05
-0.0504
-0.0508
-0.0512
-0.0516
-0.052
-0.0524
-0.0528
-0.0532
-0.0536
-0.054
-0.0544
-0.0548
-0.0552
-0.0556
-0.056
-0.0564
-0.0568
-0.0572
-0.0576
-0.058
-0.0584
-0.0588
-0.0592
-0.0588
-0.0584
-0.058
-0.0576
-0.0572
-0.0568
-0.0564
-0.056
-0.0556
-0.0552
-0.0548
-0.0544
-0.054
-0.0536
-0.0532
-0.0528
-0.0524
-0.052
-0.0516
-0.0512
-0.0508
-0.0504
-0.05
-0.0496
-0.0492
-0.0488
-0.0484
-0.048
-0.0476
-0.0472
-0.0468
-0.0464
-0.046
-0.0456
-0.0452
-0.0448
-0.0444
-0.044
-0.0436
-0.0432
-0.0428
-0.0424
-0.042
-0.0416
-0.0412
-0.0408
-0.0404
-0.04
-0.0396
-0.0392
-0.0388
-0.0384
-0.038
-0.0376
-0.0372
-0.0368
-0.0364
-0.036
-0.0356
-0.0352
-0.0348
-0.0344
-0.034
-0.0336
-0.0332
-0.0328
-0.0324
-0.032
-0.0316
-0.0312
-0.0308
-0.0304
-0.03
-0.0296
-0.0292
-0.0288
-0.0284
-0.028
-0.0276
-0.0272
-0.0268
-0.0264
-0.026
-0.0256
-0.0252
-0.0248
-0.0244
-0.024
-0.0236
-0.0232
-0.0228
-0.0224
-0.022
-0.0216
-0.0212
-0.0208
-0.0204
-0.02
-0.0196
-0.0192
-0.0188
-0.0184
-0.018
-0.0176
-0.0172
-0.0168
-0.0164
-0.016
-0.0156
-0.0152
-0.0148
-0.0144
-0.014
-0.0136
-0.0132
-0.0128
-0.0124
-0.012
-0.0116
-0.0112
-0.0108
-0.0104
-0.00999999
-0.00959999
-0.00919999
-0.00879999
-0.00839999
-0.00799999
-0.00759999
-0.00719999
-0.00679999
-0.00639999
-0.00599999
-0.00559999
-0.00519999
-0.00479999
-0.00439999
-0.00399999
-0.00359999
-0.00319999
-0.00279999
-0.00239999
-0.00199999
-0.00159999
-0.00119999
-0.000799993
-0.000399993
6.72506e-09
0.000400007
0.000800007
0.00120001
0.00160001
0.00200001
0.00240001
0.00280001
0.00320001
0.00360001
0.00400001
0.00440001
0.00480001
0.00520001
0.00560001
0.00600001
0.00640001
0.00680001
0.00720001
0.00760001
0.00800001
0.00840001
0.00880001
0.00920001
0.00960001
0.01
0.0104
0.0108
0.0112
0.0116
0.012
0.0124
0.0128
0.0132
0.0136
0.014
0.0144
0.0148
0.0152
0.0156
0.016
0.0164
0.0168
0.0172
0.0176
0.018
0.0184
0.0188
0.0192
0.0196
0.02
0.0204
0.0208
0.0212
0.0216
0.022
0.0224
0.0228
0.0232
0.0236
0.024
0.0244
0.0248
0.0252
0.0256
0.026
0.0264
0.0268
0.0272
0.0276
0.028
0.0284
0.0288
0.0292
0.0296
0.03
0.0304
0.0308
0.0312
0.0316
0.032
0.0324
0.0328
0.0332
0.0336
0.034
0.0344
0.0348
0.0352
0.0356
0.036
0.0364
0.0368
0.0372
0.0376
0.038
0.0384
0.0388
0.0392
0.0396
0.04
0.0404
0.0408
0.0412
0.0416
0.042
0.0424
0.0428
0.0432
0.0436
0.044
0.0444
0.0448
0.0452
0.0456
0.046
0.0464
0.0468
0.0472
0.0476
0.048
0.0484
0.0488
0.0492
0.0496
0.05
0.0504
0.0508
0.0512
0.0516
0.052
0.0524
0.0528
0.0532
0.0536
0.054
0.0544
0.0548
0.0552
0.0556
0.056
0.0564
0.0568
0.0572
0.0576
0.058
0.0584
0.0588
0.0592
0.0588
0.0584
0.058
0.0576
0.0572
0.0568
0.0564
0.056
0.0556
0.0552
0.0548
0.0544
0.054
0.0536
0.0532
0.0528
0.0524
0.052
0.0516
0.0512
0.0508
0.0504
0.05
0.0496
0.0492
0.0488
0.0484
0.048
0.0476
0.0472
0.0468
0.0464
0.046
0.0456
0.0452
0.0448
0.0444
0.044
0.0436
0.0432
0.0428
0.0424
0.042
0.0416
0.0412
0.0408
0.0404
0.04
0.0396
0.0392
0.0388
0.0384
0.038
0.0376
0.0372
0.0368
0.0364
0.036
0.0356
0.0352
0.0348
0.0344
0.034
0.0336
0.0332
0.0328
0.0324
0.032
0.0316
0.0312
0.0308
0.0304
0.03
0.0296
0.0292
0.0288
0.0284
0.028
0.0276
0.0272
0.0268
0.0264
0.026
0.0256
0.0252
0.0248
0.0244
0.024
0.0236
0.0232
0.0228
0.0224
0.022
0.0216
0.0212
0.0208
0.0204
0.02
0.0196
0.0192
0.0188
0.0184
0.018
0.0176
0.0172
0.0168
0.0164
0.016
0.0156
0.0152
0.0148
0.0144
0.014
0.0136
0.0132
0.0128
0.0124
0.012
0.0116
0.0112
0.0108
0.0104
0.01
0.00960001
0.00920001
0.00880001
0.00840001
0.00800001
0.00760001
0.00720001
0.00680001
0.00640001
0.00600001
0.00560001
0.00520001
0.00480001
0.00440001
0.00400001
0.00360001
0.00320001
0.00280001
0.00240001
0.00200001
0.00160001
0.00120001
0.000800005
0.000400005
5.49082e-09
-0.000399995
-0.000799995
-0.00119999
-0.00159999
-0.00199999
-0.00239999
-0.00279999
-0.00319999
-0.00359999
-0.00399999
-0.00439999
-0.00479999
-0.00519999
-0.00559999
-0.00599999
-0.00639999
-0.00679999
-0.00719999
-0.00759999
-0.00799999
-0.00839999
-0.00879999
-0.00919999
-0.00959999
-0.00999999
-0.0104
-0.0108
-0.0112
-0.0116
-0.012
-0.0124
-0.0128
-0.0132
-0.0136
-0.014
-0.0144
-0.0148
-0.0152
-0.0156
-0.016
-0.0164
-0.0168
-0.0172
-0.0176
-0.018
-0.0184
-0.0188
-0.0192
-0.0196
-0.02
-0.0204
-0.0208
-0.0212
-0.0216
-0.022
-0.0224
-0.0228
-0.0232
-0.0236
-0.024
-0.0244
-0.0248
-0.0252
-0.0256
-0.026
-0.0264
-0.0268
-0.0272
-0.0276
-0.028
-0.0284
-0.0288
-0.0292
-0.0296
-0.03
-0.0304
-0.0308
-0.0312
-0.0316
-0.032
-0.0324
-0.0328
-0.0332
-0.0336
-0.034
-0.0344
-0.0348
-0.0352
-0.0356
-0.036
-0.0364
-0.0368
-0.0372
-0.0376
-0.038
-0.0384
-0.0388
-0.0392
-0.0396
-0.04
-0.0404
-0.0408
-0.0412
-0.0416
-0.042
-0.0424
-0.0428
-0.0432
-0.0436
-0.044
-0.0444
-0.0448
-0.0452
-0.0456
-0.046
-0.0464
-0.0468
-0.0472
-0.0476
-0.048
-0.0484
-0.0488
-0.0492
-0.0496
-0.05
-0.0504
-0.0508
-0.0512
-0.0516
-0.052
-0.0524
-0.0528
-0.0532
-0.0536
-0.054
-0.0544
-0.0548
-0.0552
-0.0556
-0.056
-0.0564
-0.0568
-0.0572
-0.0576
-0.058
-0.0584
-0.0588
-0.0592
-0.0588
-0.0584
-0.058
-0.0576
-0.0572
-0.0568
-0.0564
-0.056
-0.0556
-0.0552
-0.0548
-0.0544
-0.054
-0.0536
-0.0532
-0.0528
-0.0524
-0.052
-0.0516
-0.0512
-0.0508
-0.0504
-0.05
-0.0496
-0.0492
-0.0488
-0.0484
-0.048
-0.0476
-0.0472
-0.0468
-0.0464
-0.046
-0.0456
-0.0452
-0.0448
-0.0444
-0.044
-0.0436
-0.0432
-0.0428
-0.0424
-0.042
-0.0416
-0.0412
-0.0408
-0.0404
-0.04
-0.0396
-0.0392
-0.0388
-0.0384
-0.038
-0.0376
-0.0372
-0.0368
-0.0364
-0.036
-0.0356
-0.0352
-0.0348
-0.0344
-0.034
-0.0336
-0.0332
-0.0328
-0.0324
-0.032
-0.0316
-0.0312
-0.0308
-0.0304
-0.03
-0.0296
-0.0292
-0.0288
-0.0284
-0.028
-0.0276
-0.0272
-0.0268
-0.0264
-0.026
-0.0256
-0.0252
-0.0248
-0.0244
-0.024
-0.0236
-0.0232
-0.0228
-0.0224
-0.022
-0.0216
-0.0212
-0.0208
-0.0204
-0.02
-0.0196
-0.0192
-0.0188
-0.0184
-0.018
-0.0176
-0.0172
-0.0168
-0.0164
-0.016
-0.0156
-0.0152
-0.0148
-0.0144
-0.014
-0.0136
-0.0132
-0.0128
-0.0124
-0.012
-0.0116
-0.0112
-0.0108
-0.0104
-0.00999999
-0.00959999
-0.00919999
-0.00879999
-0.00839999
-0.00799999
-0.00759999
-0.00719999
-0.00679999
-0.00639999
-0.00599999
-0.00559999
-0.00519999
-0.00479999
-0.00439999
-0.00399999
-0.00359999
-0.00319999
-0.00279999
-0.00239999
-0.00199999
-0.00159999
-0.00119999
-0.000799992
-0.000399992
7.57428e-09
0.000400008
0.000800008
0.00120001
0.00160001
0.00200001
0.00240001
0.00280001
0.00320001
0.00360001
0.00400001
0.00440001
0.00480001
0.00520001
0.00560001
0.00600001
0.00640001
0.00680001
0.00720001
0.00760001
0.00800001
0.00840001
0.00880001
0.00920001
0.00960001
0.01
0.0104
0.0108
0.0112
0.0116
0.012
0.0124
0.0128
0.0132
0.0136
0.014
0.0144
0.0148
0.0152
0.0156
0.016
0.0164
0.0168
0.0172
0.0176
0.018
0.0184
0.0188
0.0192
0.0196
0.02
0.0204
0.0208
0.0212
0.0216
0.022
0.0224
0.0228
0.0232
0.0236
0.024
0.0244
0.0248
0.0252
0.0256
0.026
0.0264
0.0268
0.0272
0.0276
0.028
0.0284
0.0288
0.0292
0.0296
0.03
0.0304
0.0308
0.0312
0.0316
0.032
0.0324
0.0328
0.0332
0.0336
0.034
0.0344
0.0348
0.0352
0.0356
0.036
0.0364
0.0368
0.0372
0.0376
0.038
0.0384
0.0388
0.0392
0.0396
0.04
0.0404
0.0408
0.0412
0.0416
0.042
0.0424
0.0428
0.0432
0.0436
0.044
0.0444
0.0448
0.0452
0.0456
0.046
0.0464
0.0468
0.0472
0.0476
0.048
0.0484
0.0488
0.0492
0.0496
0.05
0.0504
0.0508
0.0512
0.0516
0.052
0.0524
0.0528
0.0532
0.0536
0.054
0.0544
0.0548
0.0552
0.0556
0.056
0.0564
0.0568
0.0572
0.0576
0.058
0.0584
0.0588
0.0592
0.0596
0.06
0.0604
0.0608
0.0612
0.0616
0.062
0.0624
0.0628
0.0632
0.0636
0.064
0.0644
0.0648
0.0652
0.0656
0.066
0.0664
0.0668
0.0672
0.0676
0.068
0.0684
0.0688
0.0692
0.0696
0.07
0.0704
0.0708
0.0712
0.0716
0.072
0.0724
0.0728
0.0732
0.0736
0.074
0.0744
0.0748
0.0752
0.0756
0.076
0.0764
0.0768
0.0772
0.0776
0.078
0.0784
0.0788
0.0792
0.0796
0.08
0.0804
0.0808
0.0812
0.0816
0.082
0.0824
0.0828
0.0832
0.0836
0.084
0.0844
0.0848
0.0852
0.0856
0.086
0.0864
0.0868
0.0872
0.0876
0.088
0.0884
0.0888
0.0892
0.0896
0.09
0.0904
0.0908
0.0912
0.0916
0.092
0.0924
0.0928
0.0932
0.0936
0.094
0.0944
0.0948
0.0952
0.0956
0.096
0.0964
0.0968
0.0972
0.0976
0.098
0.0984
0.0988
0.0992
0.0996
0.1
0.1004
0.1008
0.1012
0.1016
0.102
0.1024
0.1028
0.1032
0.1036
0.104
0.1044
0.1048
0.1052
0.1056
0.106
0.1064
0.1068
0.1072
0.1076
0.108
0.1084
0.1088
0.1092
0.1096
0.11
0.1104
0.1108
0.1112
0.1116
0.112
0.1124
0.1128
0.1132
0.1136
0.114
0.1144
0.1148
0.1152
0.1156
0.116
0.1164
0.1168
0.1172
0.1176
0.118
0.1184
0.118
0.1176
0.1172
0.1168
0.1164
0.116
0.1156
0.1152
0.1148
0.1144
0.114
0.1136
0.1132
0.1128
0.1124
0.112
0.1116
0.1112
0.1108
0.1104
0.11
0.1096
0.1092
0.1088
0.1084
0.108
0.1076
0.1072
0.1068
0.1064
0.106
0.1056
0.1052
0.1048
0.1044
0.104
0.1036
0.1032
0.1028
0.1024
0.102
0.1016
0.1012
0.1008
0.1004
0.1
0.0996
0.0992
0.0988
0.0984
0.098
0.0976
0.0972
0.0968
0.0964
0.096
0.0956
0.0952
0.0948
0.0944
0.094
0.0936
0.0932
0.0928
0.0924
0.092
0.0916
0.0912
0.0908
0.0904
0.09
0.0896
0.0892
0.0888
0.0884
0.088
0.0876
0.0872
0.0868
0.0864
0.086
0.0856
0.0852
0.0848
0.0844
0.084
0.0836
0.0832
0.0828
0.0824
0.082
0.0816
0.0812
0.0808
0.0804
0.08
0.0796
0.0792
0.0788
0.0784
0.078
0.0776
0.0772
0.0768
0.0764
0.076
0.0756
0.0752
0.0748
0.0744
0.074
0.0736
0.0732
0.0728
0.0724
0.072
0.0716
0.0712
0.0708
0.0704
0.07
0.0696
0.0692
0.0688
0.0684
0.068
0.0676
0.0672
0.0668
0.0664
0.066
0.0656
0.0652
0.0648
0.0644
0.064
0.0636
0.0632
0.0628
0.0624
0.062
0.0616
0.0612
0.0608
0.0604
0.06
0.0596
0.0592
0.0588
0.0584
0.058
0.0576
0.0572
0.0568
0.0564
0.056
0.0556
0.0552
0.0548
0.0544
0.054
0.0536
0.0532
0.0528
0.0524
0.052
0.0516
0.0512
0.0508
0.0504
0.05
0.0496
0.0492
0.0488
0.0484
0.048
0.0476
0.0472
0.0468
0.0464
0.046
0.0456
0.0452
0.0448
0.0444
0.044
0.0436
0.0432
0.0428
0.0424
0.042
0.0416
0.0412
0.0408
0.0404
0.04
0.0396
0.0392
0.0388
0.0384
0.038
0.0376
0.0372
0.0368
0.0364
0.036
0.0356
0.0352
0.0348
0.0344
0.034
0.0336
0.0332
0.0328
0.0324
0.032
0.0316
0.0312
0.0308
0.0304
0.03
0.0296
0.0292
0.0288
0.0284
0.028
0.0276
0.0272
0.0268
0.0264
0.026
0.0256
0.0252
0.0248
0.0244
0.024
0.0236
0.0232
0.0228
0.0224
0.022
0.0216
0.0212
0.0208
0.0204
0.02
0.0196
0.0192
0.0188
0.0184
0.018
0.0176
0.0172
0.0168
0.0164
0.016
0.0156
0.0152
0.0148
0.0144
0.014
0.0136
0.0132
0.0128
0.0124
0.012
0.0116
0.0112
0.0108
0.0104
0.01
0.00960001
0.00920001
0.00880001
0.00840001
0.00800001
0.00760001
0.00720001
0.00680001
0.00640001
0.00600001
0.00560001
0.00520001
0.00480001
0.00440001
0.00400001
0.00360001
0.00320001
0.00280001
0.00240001
0.00200001
0.00160001
0.00120001
0.000800007
0.000400007
6.8399e-09
-0.000399993
-0.000799993
-0.00119999
-0.00159999
-0.00199999
-0.00239999
-0.00279999
-0.00319999
-0.00359999
-0.00399999
-0.00439999
-0.00479999
-0.00519999
-0.00559999
-0.00599999
-0.00639999
-0.00679999
-0.00719999
-0.00759999
-0.00799999
-0.00839999
-0.00879999
-0.00919999
-0.00959999
-0.00999999
-0.0104
-0.0108
-0.0112
-0.0116
-0.012
-0.0124
-0.0128
-0.0132
-0.0136
-0.014
-0.0144
-0.0148
-0.0152
-0.0156
-0.016
-0.0164
-0.0168
-0.0172
-0.0176
-0.018
-0.0184
-0.0188
-0.0192
-0.0196
-0.02
-0.0204
-0.0208
-0.0212
-0.0216
-0.022
-0.0224
-0.0228
-0.0232
-0.0236
-0.024
-0.0244
-0.0248
-0.0252
-0.0256
-0.026
-0.0264
-0.0268
-0.0272
-0.0276
-0.028
-0.0284
-0.0288
-0.0292
-0.0296
-0.03
-0.0304
-0.0308
-0.0312
-0.0316
-0.032
-0.0324
-0.0328
-0.0332
-0.0336
-0.034
-0.0344
-0.0348
-0.0352
-0.0356
-0.036
-0.0364
-0.0368
-0.0372
-0.0376
-0.038
-0.0384
-0.0388
-0.0392
-0.0396
-0.04
-0.0404
-0.0408
-0.0412
-0.0416
-0.042
-0.0424
-0.0428
-0.0432
-0.0436
-0.044
-0.0444
-0.0448
-0.0452
-0.0456
-0.046
-0.0464
-0.0468
-0.0472
-0.0476
-0.048
-0.0484
-0.0488
-0.0492
-0.0496
-0.05
-0.0504
-0.0508
-0.0512
-0.0516
-0.052
-0.0524
-0.0528
-0.0532
-0.0536
-0.054
-0.0544
-0.0548
-0.0552
-0.0556
-0.056
-0.0564
-0.0568
-0.0572
-0.0576
-0.058
-0.0584
-0.0588
-0.0592
-0.0596
-0.06
-0.0604
-0.0608
-0.0612
-0.0616
-0.062
-0.0624
-0.0628
-0.0632
-0.0636
-0.064
-0.0644
-0.0648
-0.0652
-0.0656
-0.066
-0.0664
-0.0668
-0.0672
-0.0676
-0.068
-0.0684
-0.0688
-0.0692
-0.0696
-0.07
-0.0704
-0.0708
-0.0712
-0.0716
-0.072
-0.0724
-0.0728
-0.0732
-0.0736
-0.074
-0.0744
-0.0748
-0.0752
-0.0756
-0.076
-0.0764
-0.0768
-0.0772
-0.0776
-0.078
-0.0784
-0.0788
-0.0792
-0.0796
-0.08
-0.0804
-0.0808
-0.0812
-0.0816
-0.082
-0.0824
-0.0828
-0.0832
-0.0836
-0.084
-0.0844
-0.0848
-0.0852
-0.0856
-0.086
-0.0864
-0.0868
-0.0872
-0.0876
-0.088
-0.0884
-0.0888
-0.0892
-0.0896
-0.09
-0.0904
-0.0908
-0.0912
-0.0916
-0.092
-0.0924
-0.0928
-0.0932
-0.0936
-0.094
-0.0944
-0.0948
-0.0952
-0.0956
-0.096
-0.0964
-0.0968
-0.0972
-0.0976
-0.098
-0.0984
-0.0988
-0.0992
-0.0996
-0.1
-0.1004
-0.1008
-0.1012
-0.1016
-0.102
-0.1024
-0.1028
-0.1032
-0.1036
-0.104
-0.1044
-0.1048
-0.1052
-0.1056
-0.106
-0.1064
-0.1068
-0.1072
-0.1076
-0.108
-0.1084
-0.1088
-0.1092
-0.1096
-0.11
-0.1104
-0.1108
-0.1112
-0.1116
-0.112
-0.1124
-0.1128
-0.1132
-0.1136
-0.114
-0.1144
-0.1148
-0.1152
-0.1156
-0.116
-0.1164
-0.1168
-0.1172
-0.1176
-0.118
-0.1184
-0.118
-0.1176
-0.1172
-0.1168
-0.1164
-0.116
-0.1156
-0.1152
-0.1148
-0.1144
-0.114
-0.1136
-0.1132
-0.1128
-0.1124
-0.112
-0.1116
-0.1112
-0.1108
-0.1104
-0.11
-0.1096
-0.1092
-0.1088
-0.1084
-0.108
-0.1076
-0.1072
-0.1068
-0.1064
-0.106
-0.1056
-0.1052
-0.1048
-0.1044
-0.104
-0.1036
-0.1032
-0.1028
-0.1024
-0.102
-0.1016
-0.1012
-0.1008
-0.1004
-0.1
-0.0996
-0.0992
-0.0988
-0.0984
-0.098
-0.0976
-0.0972
-0.0968
-0.0964
-0.096
-0.0956
-0.0952
-0.0948
-0.0944
-0.094
-0.0936
-0.0932
-0.0928
-0.0924
-0.092
-0.0916
-0.0912
-0.0908
-0.0904
-0.09
-0.0896
-0.0892
-0.0888
-0.0884
-0.088
-0.0876
-0.0872
-0.0868
-0.0864
-0.086
-0.0856
-0.0852
-0.0848
-0.0844
-0.084
-0.0836
-0.0832
-0.0828
-0.0824
-0.082
-0.0816
-0.0812
-0.0808
-0.0804
-0.08
-0.0796
-0.0792
-0.0788
-0.0784
-0.078
-0.0776
-0.0772
-0.0768
-0.0764
-0.076
-0.0756
-0.0752
-0.0748
-0.0744
-0.074
-0.0736
-0.0732
-0.0728
-0.0724
-0.072
-0.0716
-0.0712
-0.0708
-0.0704
-0.07
-0.0696
-0.0692
-0.0688
-0.0684
-0.068
-0.0676
-0.0672
-0.0668
-0.0664
-0.066
-0.0656
-0.0652
-0.0648
-0.0644
-0.064
-0.0636
-0.0632
-0.0628
-0.0624
-0.062
-0.0616
-0.0612
-0.0608
-0.0604
-0.06
-0.0596
-0.0592
-0.0588
-0.0584
-0.058
-0.0576
-0.0572
-0.0568
-0.0564
-0.056
-0.0556
-0.0552
-0.0548
-0.0544
-0.054
-0.0536
-0.0532
-0.0528
-0.0524
-0.052
-0.0516
-0.0512
-0.0508
-0.0504
-0.05
-0.0496
-0.0492
-0.0488
-0.0484
-0.048
-0.0476
-0.0472
-0.0468
-0.0464
-0.046
-0.0456
-0.0452
-0.0448
-0.0444
-0.044
-0.0436
-0.0432
-0.0428
-0.0424
-0.042
-0.0416
-0.0412
-0.0408
-0.0404
-0.04
-0.0396
-0.0392
-0.0388
-0.0384
-0.038
-0.0376
-0.0372
-0.0368
-0.0364
-0.036
-0.0356
-0.0352
-0.0348
-0.0344
-0.034
-0.0336
-0.0332
-0.0328
-0.0324
-0.032
-0.0316
-0.0312
-0.0308
-0.0304
-0.03
-0.0296
-0.0292
-0.0288
-0.0284
-0.028
-0.0276
-0.0272
-0.0268
-0.0264
-0.026
-0.0256
-0.0252
-0.0248
-0.0244
-0.024
-0.0236
-0.0232
-0.0228
-0.0224
-0.022
-0.0216
-0.0212
-0.0208
-0.0204
-0.02
-0.0196
-0.0192
-0.0188
-0.0184
-0.018
-0.0176
-0.0172
-0.0168
-0.0164
-0.016
-0.0156
-0.0152
-0.0148
-0.0144
-0.014
-0.0136
-0.0132
-0.0128
-0.0124
-0.012
-0.0116
-0.0112
-0.0108
-0.0104
-0.00999999
-0.00959999
-0.00919999
-0.00879999
-0.00839999
-0.00799999
-0.00759999
-0.00719999
-0.00679999
-0.00639999
-0.00599999
-0.00559999
-0.00519999
-0.00479999
-0.00439999
-0.00399999
-0.00359999
-0.00319999
-0.00279999
-0.00239999
-0.00199999
-0.00159999
-0.00119999
-0.000799988
-0.000399988
1.1933e-08
0.000400012
0.000800012
0.00120001
0.00160001
0.00200001
0.00240001
0.00280001
0.00320001
0.00360001
0.00400001
0.00440001
0.00480001
0.00520001
0.00560001
0.00600001
0.00640001
0.00680001
0.00720001
0.00760001
0.00800001
0.00840001
0.00880001
0.00920001
0.00960001
0.01
0.0104
0.0108
0.0112
0.0116
0.012
0.0124
0.0128
0.0132
0.0136
0.014
0.0144
0.0148
0.0152
0.0156
0.016
0.0164
0.0168
0.0172
0.0176
0.018
0.0184
0.0188
0.0192
0.0196
0.02
0.0204
0.0208
0.0212
0.0216
0.022
0.0224
0.0228
0.0232
0.0236
0.024
0.0244
0.0248
0.0252
0.0256
0.026
0.0264
0.0268
0.0272
0.0276
0.028
0.0284
0.0288
0.0292
0.0296
0.03
0.0304
0.0308
0.0312
0.0316
0.032
0.0324
0.0328
0.0332
0.0336
0.034
0.0344
0.0348
0.0352
0.0356
0.036
0.0364
0.0368
0.0372
0.0376
0.038
0.0384
0.0388
0.0392
0.0396
0.04
0.0404
0.0408
0.0412
0.0416
0.042
0.0424
0.0428
0.0432
0.0436
0.044
0.0444
0.0448
0.0452
0.0456
0.046
0.0464
0.0468
0.0472
0.0476
0.048
0.0484
0.0488
0.0492
0.0496
0.05
0.0504
0.0508
0.0512
0.0516
0.052
0.0524
0.0528
0.0532
0.0536
0.054
0.0544
0.0548
0.0552
0.0556
0.056
0.0564
0.0568
0.0572
0.0576
0.058
0.0584
0.0588
0.0592
0.0596
0.06
0.0604
0.0608
0.0612
0.0616
0.062
0.0624
0.0628
0.0632
0.0636
0.064
0.0644
0.0648
0.0652
0.0656
0.066
0.0664
0.0668
0.0672
0.0676
0.068
0.0684
0.0688
0.0692
0.0696
0.07
0.0704
0.0708
0.0712
0.0716
0.072
0.0724
0.0728
0.0732
0.0736
0.074
0.0744
0.0748
0.0752
0.0756
0.076
0.0764
0.0768
0.0772
0.0776
0.078
0.0784
0.0788
0.0792
0.0796
0.08
0.0804
0.0808
0.0812
0.0816
0.082
0.0824
0.0828
0.0832
0.0836
0.084
0.0844
0.0848
0.0852
0.0856
0.086
0.0864
0.0868
0.0872
0.0876
0.088
0.0884
0.0888
0.0884
0.088
0.0876
0.0872
0.0868
0.0864
0.086
0.0856
0.0852
0.0848
0.0844
0.084
0.0836
0.0832
0.0828
0.0824
0.082
0.0816
0.0812
0.0808
0.0804
0.08
0.0796
0.0792
0.0788
0.0784
0.078
0.0776
0.0772
0.0768
0.0764
0.076
0.0756
0.0752
0.0748
0.0744
0.074
0.0736
0.0732
0.0728
0.0724
0.072
0.0716
0.0712
0.0708
0.0704
0.07
0.0696
0.0692
0.0688
0.0684
0.068
0.0676
0.0672
0.0668
0.0664
0.066
0.0656
0.0652
0.0648
0.0644
0.064
0.0636
0.0632
0.0628
0.0624
0.062
0.0616
0.0612
0.0608
0.0604
0.06
0.0596
0.0592
0.0588
0.0584
0.058
0.0576
0.0572
0.0568
0.0564
0.056
0.0556
0.0552
0.0548
0.0544
0.054
0.0536
0.0532
0.0528
0.0524
0.052
0.0516
0.0512
0.0508
0.0504
0.05
0.0496
0.0492
0.0488
0.0484
0.048
0.0476
0.0472
0.0468
0.0464
0.046
0.0456
0.0452
0.0448
0.0444
0.044
0.0436
0.0432
0.0428
0.0424
0.042
0.0416
0.0412
0.0408
0.0404
0.04
0.0396
0.0392
0.0388
0.0384
0.038
0.0376
0.0372
0.0368
0.0364
0.036
0.0356
0.0352
0.0348
0.0344
0.034
0.0336
0.0332
0.0328
0.0324
0.032
0.0316
0.0312
0.0308
0.0304
0.03
0.0296
0.0292
0.0288
0.0284
0.028
0.0276
0.0272
0.0268
0.0264
0.026
0.0256
0.0252
0.0248
0.0244
0.024
0.0236
0.0232
0.0228
0.0224
0.022
0.0216
0.0212
0.0208
0.0204
0.02
0.0196
0.0192
0.0188
0.0184
0.018
0.0176
0.0172
0.0168
0.0164
0.016
0.0156
0.0152
0.0148
0.0144
0.014
0.0136
0.0132
0.0128
0.0124
0.012
0.0116
0.0112
0.0108
0.0104
0.01
0.00960001
0.00920001
0.00880001
0.00840001
0.00800001
0.00760001
0.00720001
0.00680001
0.00640001
0.00600001
0.00560001
0.00520001
0.00480001
0.00440001
0.00400001
0.00360001
0.00320001
0.00280001
0.00240001
0.00200001
0.00160001
0.00120001
0.000800011
0.000400011
1.14111e-08
-0.000399989
-0.000799989
-0.00119999
-0.00159999
-0.00199999
-0.00239999
-0.00279999
-0.00319999
-0.00359999
-0.00399999
-0.00439999
-0.00479999
-0.00519999
-0.00559999
-0.00599999
-0.00639999
-0.00679999
-0.00719999
-0.00759999
-0.00799999
-0.00839999
-0.00879999
-0.00919999
-0.00959999
-0.00999999
-0.0104
-0.0108
-0.0112
-0.0116
-0.012
-0.0124
-0.0128
-0.0132
-0.0136
-0.014
-0.0144
-0.0148
-0.0152
-0.0156
-0.016
-0.0164
-0.0168
-0.0172
-0.0176
-0.018
-0.0184
-0.0188
-0.0192
-0.0196
-0.02
-0.0204
-0.0208
-0.0212
-0.0216
-0.022
-0.0224
-0.0228
-0.0232
-0.0236
-0.024
-0.0244
-0.0248
-0.0252
-0.0256
-0.026
-0.0264
-0.0268
-0.0272
-0.0276
-0.028
-0.0284
-0.0288
-0.0292
-0.0296
-0.03
-0.0304
-0.0308
-0.0312
-0.0316
-0.032
-0.0324
-0.0328
-0.0332
-0.0336
-0.034
-0.0344
-0.0348
-0.0352
-0.0356
-0.036
-0.0364
-0.0368
-0.0372
-0.0376
-0.038
-0.0384
-0.0388
-0.0392
-0.0396
-0.04
-0.0404
-0.0408
-0.0412
-0.0416
-0.042
-0.0424
-0.0428
-0.0432
-0.0436
-0.044
-0.0444
-0.0448
-0.0452
-0.0456
-0.046
-0.0464
-0.0468
-0.0472
-0.0476
-0.048
-0.0484
-0.0488
-0.0492
-0.0496
-0.05
-0.0504
-0.0508
-0.0512
-0.0516
-0.052
-0.0524
-0.0528
-0.0532
-0.0536
-0.054
-0.0544
-0.0548
-0.0552
-0.0556
-0.056
-0.0564
-0.0568
-0.0572
-0.0576
-0.058
-0.0584
-0.0588
-0.0592
-0.0596
-0.06
-0.0604
-0.0608
-0.0612
-0.0616
-0.062
-0.0624
-0.0628
-0.0632
-0.0636
-0.064
-0.0644
-0.0648
-0.0652
-0.0656
-0.066
-0.0664
-0.0668
-0.0672
-0.0676
-0.068
-0.0684
-0.0688
-0.0692
-0.0696
-0.07
-0.0704
-0.0708
-0.0712
-0.0716
-0.072
-0.0724
-0.0728
-0.0732
-0.0736
-0.074
-0.0744
-0.0748
-0.0752
-0.0756
-0.076
-0.0764
-0.0768
-0.0772
-0.0776
-0.078
-0.0784
-0.0788
-0.0792
-0.0796
-0.08
-0.0804
-0.0808
-0.0812
-0.0816
-0.082
-0.0824
-0.0828
-0.0832
-0.0836
-0.084
-0.0844
-0.0848
-0.0852
-0.0856
-0.086
-0.0864
-0.0868
-0.0872
-0.0876
-0.088
-0.0884
-0.0888
-0.0884
-0.088
-0.0876
-0.0872
-0.0868
-0.0864
-0.086
-0.0856
-0.0852
-0.0848
-0.0844
-0.084
-0.0836
-0.0832
-0.0828
-0.0824
-0.082
-0.0816
-0.0812
-0.0808
-0.0804
-0.08
-0.0796
-0.0792
-0.0788
-0.0784
-0.078
-0.0776
-0.0772
-0.0768
-0.0764
-0.076
-0.0756
-0.0752
-0.0748
-0.0744
-0.074
-0.0736
-0.0732
-0.0728
-0.0724
-0.072
-0.0716
-0.0712
-0.0708
-0.0704
-0.07
-0.0696
-0.0692
-0.0688
-0.0684
-0.068
-0.0676
-0.0672
-0.0668
-0.0664
-0.066
-0.0656
-0.0652
-0.0648
-0.0644
-0.064
-0.0636
-0.0632
-0.0628
-0.0624
-0.062
-0.0616
-0.0612
-0.0608
-0.0604
-0.06
-0.0596
-0.0592
-0.0588
-0.0584
-0.058
-0.0576
-0.0572
-0.0568
-0.0564
-0.056
-0.0556
-0.0552
-0.0548
-0.0544
-0.054
-0.0536
-0.0532
-0.0528
-0.0524
-0.052
-0.0516
-0.0512
-0.0508
-0.0504
-0.05
-0.0496
-0.0492
-0.0488
-0.0484
-0.048
-0.0476
-0.0472
-0.0468
-0.0464
-0.046
-0.0456
-0.0452
-0.0448
-0.0444
-0.044
-0.0436
-0.0432
-0.0428
-0.0424
-0.042
-0.0416
-0.0412
-0.0408
-0.0404
-0.04
-0.0396
-0.0392
-0.0388
-0.0384
-0.038
-0.0376
-0.0372
-0.0368
-0.0364
-0.036
-0.0356
-0.0352
-0.0348
-0.0344
-0.034
-0.0336
-0.0332
-0.0328
-0.0324
-0.032
-0.0316
-0.0312
-0.0308
-0.0304
-0.03
-0.0296
-0.0292
-0.0288
-0.0284
-0.028
-0.0276
-0.0272
-0.0268
-0.0264
-0.026
-0.0256
-0.0252
-0.0248
-0.0244
-0.024
-0.0236
-0.0232
-0.0228
-0.0224
-0.022
-0.0216
-0.0212
-0.0208
-0.0204
-0.02
-0.0196
-0.0192
-0.0188
-0.0184
-0.018
-0.0176
-0.0172
-0.0168
-0.0164
-0.016
-0.0156
-0.0152
-0.0148
-0.0144
-0.014
-0.0136
-0.0132
-0.0128
-0.0124
-0.012
-0.0116
-0.0112
-0.0108
-0.0104
-0.00999999
-0.00959999
-0.00919999
-0.00879999
-0.00839999
-0.00799999
-0.00759999
-0.00719999
-0.00679999
-0.00639999
-0.00599999
-0.00559999
-0.00519999
-0.00479999
-0.00439999
-0.00399999
-0.00359999
-0.00319999
-0.00279999
-0.00239999
-0.00199999
-0.00159999
-0.00119999
-0.000799987
-0.000399987
1.31825e-08
0.000400013
0.000800013
0.00120001
0.00160001
0.00200001
0.00240001
0.00280001
0.00320001
0.00360001
0.00400001
0.00440001
0.00480001
0.00520001
0.00560001
0.00600001
0.00640001
0.00680001
0.00720001
0.00760001
0.00800001
0.00840001
0.00880001
0.00920001
0.00960001
0.01
0.0104
0.0108
0.0112
0.0116
0.012
0.0124
0.0128
0.0132
0.0136
0.014
0.0144
0.0148
0.0152
0.0156
0.016
0.0164
0.0168
0.0172
0.0176
0.018
0.0184
0.0188
0.0192
0.0196
0.02
0.0204
0.0208
0.0212
0.0216
0.022
0.0224
0.0228
0.0232
0.0236
0.024
0.0244
0.0248
0.0252
0.0256
0.026
0.0264
0.0268
0.0272
0.0276
0.028
0.0284
0.0288
0.0292
0.0296
0.03
0.0304
0.0308
0.0312
0.0316
0.032
0.0324
0.0328
0.0332
0.0336
0.034
0.0344
0.0348
0.0352
0.0356
0.036
0.0364
0.0368
0.0372
0.0376
0.038
0.0384
0.0388
0.0392
0.0396
0.04
0.0404
0.0408
0.0412
0.0416
0.042
0.0424
0.0428
0.0432
0.0436
0.044
0.0444
0.0448
0.0452
0.0456
0.046
0.0464
0.0468
0.0472
0.0476
0.048
0.0484
0.0488
0.0492
0.0496
0.05
0.0504
0.0508
0.0512
0.0516
0.052
0.0524
0.0528
0.0532
0.0536
0.054
0.0544
0.0548
0.0552
0.0556
0.056
0.0564
0.0568
0.0572
0.0576
0.058
0.0584
0.0588
0.0592
0.0596
0.06
0.0604
0.0608
0.0612
0.0616
0.062
0.0624
0.0628
0.0632
0.0636
0.064
0.0644
0.0648
0.0652
0.0656
0.066
0.0664
0.0668
0.0672
0.0676
0.068
0.0684
0.0688
0.0692
0.0696
0.07
0.0704
0.0708
0.0712
0.0716
0.072
0.0724
0.0728
0.0732
0.0736
0.074
0.0744
0.0748
0.0752
0.0756
0.076
0.0764
0.0768
0.0772
0.0776
0.078
0.0784
0.0788
0.0792
0.0796
0.08
0.0804
0.0808
0.0812
0.0816
0.082
0.0824
0.0828
0.0832
0.0836
0.084
0.0844
0.0848
0.0852
0.0856
0.086
0.0864
0.0868
0.0872
0.0876
0.088
0.0884
0.0888
0.0884
0.088
0.0876
0.0872
0.0868
0.0864
0.086
0.0856
0.0852
0.0848
0.0844
0.084
0.0836
0.0832
0.0828
0.0824
0.082
0.0816
0.0812
0.0808
0.0804
0.08
0.0796
0.0792
0.0788
0.0784
0.078
0.0776
0.0772
0.0768
0.0764
0.076
0.0756
0.0752
0.0748
0.0744
0.074
0.0736
0.0732
0.0728
0.0724
0.072
0.0716
0.0712
0.0708
0.0704
0.07
0.0696
0.0692
0.0688
0.0684
0.068
0.0676
0.0672
0.0668
0.0664
0.066
0.0656
0.0652
0.0648
0.0644
0.064
0.0636
0.0632
0.0628
0.0624
0.062
0.0616
0.0612
0.0608
0.0604
0.06
0.0596
0.0592
0.0588
0.0584
0.058
0.0576
0.0572
0.0568
0.0564
0.056
0.0556
0.0552
0.0548
0.0544
0.054
0.0536
0.0532
0.0528
0.0524
0.052
0.0516
0.0512
0.0508
0.0504
0.05
0.0496
0.0492
0.0488
0.0484
0.048
0.0476
0.0472
0.0468
0.0464
0.046
0.0456
0.0452
0.0448
0.0444
0.044
0.0436
0.0432
0.0428
0.0424
0.042
0.0416
0.0412
0.0408
0.0404
0.04
0.0396
0.0392
0.0388
0.0384
0.038
0.0376
0.0372
0.0368
0.0364
0.036
0.0356
0.0352
0.0348
0.0344
0.034
0.0336
0.0332
0.0328
0.0324
0.032
0.0316
0.0312
0.0308
0.0304
0.03
0.0296
0.0292
0.0288
0.0284
0.028
0.0276
0.0272
0.0268
0.0264
0.026
0.0256
0.0252
0.0248
0.0244
0.024
0.0236
0.0232
0.0228
0.0224
0.022
0.0216
0.0212
0.0208
0.0204
0.02
0.0196
0.0192
0.0188
0.0184
0.018
0.0176
0.0172
0.0168
0.0164
0.016
0.0156
0.0152
0.0148
0.0144
0.014
0.0136
0.0132
0.0128
0.0124
0.012
0.0116
0.0112
0.0108
0.0104
0.01
0.00960001
0.00920001
0.00880001
0.00840001
0.00800001
0.00760001
0.00720001
0.00680001
0.00640001
0.00600001
0.00560001
0.00520001
0.00480001
0.00440001
0.00400001
0.00360001
0.00320001
0.00280001
0.00240001
0.00200001
0.00160001
0.00120001
0.000800013
0.000400013
1.26723e-08
-0.000399987
-0.000799987
-0.00119999
-0.00159999
-0.00199999
-0.00239999
-0.00279999
-0.00319999
-0.00359999
-0.00399999
-0.00439999
-0.00479999
-0.00519999
-0.00559999
-0.00599999
-0.00639999
-0.00679999
-0.00719999
-0.00759999
-0.00799999
-0.00839999
-0.00879999
-0.00919999
-0.00959999
-0.00999999
-0.0104
-0.0108
-0.0112
-0.0116
-0.012
-0.0124
-0.0128
-0.0132
-0.0136
-0.014
-0.0144
-0.0148
-0.0152
-0.0156
-0.016
-0.0164
-0.0168
-0.0172
-0.0176
-0.018
-0.0184
-0.0188
-0.0192
-0.0196
-0.02
-0.0204
-0.0208
-0.0212
-0.0216
-0.022
-0.0224
-0.0228
-0.0232
-0.0236
-0.024
-0.0244
-0.0248
-0.0252
-0.0256
-0.026
-0.0264
-0.0268
-0.0272
-0.0276
-0.028
-0.0284
-0.0288
-0.0292
-0.0296
-0.03
-0.0304
-0.0308
-0.0312
-0.0316
-0.032
-0.0324
-0.0328
-0.0332
-0.0336
-0.034
-0.0344
-0.0348
-0.0352
-0.0356
-0.036
-0.0364
-0.0368
-0.0372
-0.0376
-0.038
-0.0384
-0.0388
-0.0392
-0.0396
-0.04
-0.0404
-0.0408
-0.0412
-0.0416
-0.042
-0.0424
-0.0428
-0.0432
-0.0436
-0.044
-0.0444
-0.0448
-0.0452
-0.0456
-0.046
-0.0464
-0.0468
-0.0472
-0.0476
-0.048
-0.0484
-0.0488
-0.0492
-0.0496
-0.05
-0.0504
-0.0508
-0.0512
-0.0516
-0.052
-0.0524
-0.0528
-0.0532
-0.0536
-0.054
-0.0544
-0.0548
-0.0552
-0.0556
-0.056
-0.0564
-0.0568
-0.0572
-0.0576
-0.058
-0.0584
-0.0588
-0.0592
-0.0596
-0.06
-0.0604
-0.0608
-0.0612
-0.0616
-0.062
-0.0624
-0.0628
-0.0632
-0.0636
-0.064
-0.0644
-0.0648
-0.0652
-0.0656
-0.066
-0.0664
-0.0668
-0.0672
-0.0676
-0.068
-0.0684
-0.0688
-0.0692
-0.0696
-0.07
-0.0704
-0.0708
-0.0712
-0.0716
-0.072
-0.0724
-0.0728
-0.0732
-0.0736
-0.074
-0.0744
-0.0748
-0.0752
-0.0756
-0.076
-0.0764
-0.0768
-0.0772
-0.0776
-0.078
-0.0784
-0.0788
-0.0792
-0.0796
-0.08
-0.0804
-0.0808
-0.0812
-0.0816
-0.082
-0.0824
-0.0828
-0.0832
-0.0836
-0.084
-0.0844
-0.0848
-0.0852
-0.0856
-0.086
-0.0864
-0.0868
-0.0872
-0.0876
-0.088
-0.0884
-0.0888
-0.0884
-0.088
-0.0876
-0.0872
-0.0868
-0.0864
-0.086
-0.0856
-0.0852
-0.0848
-0.0844
-0.084
-0.0836
-0.0832
-0.0828
-0.0824
-0.082
-0.0816
-0.0812
-0.0808
-0.0804
-0.08
-0.0796
-0.0792
-0.0788
-0.0784
-0.078
-0.0776
-0.0772
-0.0768
-0.0764
-0.076
-0.0756
-0.0752
-0.0748
-0.0744
-0.074
-0.0736
-0.0732
-0.0728
-0.0724
-0.072
-0.0716
-0.0712
-0.0708
-0.0704
-0.07
-0.0696
-0.0692
-0.0688
-0.0684
-0.068
-0.0676
-0.0672
-0.0668
-0.0664
-0.066
-0.0656
-0.0652
-0.0648
-0.0644
-0.064
-0.0636
-0.0632
-0.0628
-0.0624
-0.062
-0.0616
-0.0612
-0.0608
-0.0604
-0.06
-0.0596
-0.0592
-0.0588
-0.0584
-0.058
-0.0576
-0.0572
-0.0568
-0.0564
-0.056
-0.0556
-0.0552
-0.0548
-0.0544
-0.054
-0.0536
-0.0532
-0.0528
-0.0524
-0.052
-0.0516
-0.0512
-0.0508
-0.0504
-0.05
-0.0496
-0.0492
-0.0488
-0.0484
-0.048
-0.0476
-0.0472
-0.0468
-0.0464
-0.046
-0.0456
-0.0452
-0.0448
-0.0444
-0.044
-0.0436
-0.0432
-0.0428
-0.0424
-0.042
-0.0416
-0.0412
-0.0408
-0.0404
-0.04
-0.0396
-0.0392
-0.0388
-0.0384
-0.038
-0.0376
-0.0372
-0.0368
-0.0364
-0.036
-0.0356
-0.0352
-0.0348
-0.0344
-0.034
-0.0336
-0.0332
-0.0328
-0.0324
-0.032
-0.0316
-0.0312
-0.0308
-0.0304
-0.03
-0.0296
-0.0292
-0.0288
-0.0284
-0.028
-0.0276
-0.0272
-0.0268
-0.0264
-0.026
-0.0256
-0.0252
-0.0248
-0.0244
-0.024
-0.0236
-0.0232
-0.0228
-0.0224
-0.022
-0.0216
-0.0212
-0.0208
-0.0204
-0.02
-0.0196
-0.0192
-0.0188
-0.0184
-0.018
-0.0176
-0.0172
-0.0168
-0.0164
-0.016
-0.0156
-0.0152
-0.0148
-0.0144
-0.014
-0.0136
-0.0132
-0.0128
-0.0124
-0.012
-0.0116
-0.0112
-0.0108
-0.0104
-0.00999999
-0.00959999
-0.00919999
-0.00879999
-0.00839999
-0.00799999
-0.00759999
-0.00719999
-0.00679999
-0.00639999
-0.00599999
-0.00559999
-0.00519999
-0.00479999
-0.00439999
-0.00399999
-0.00359999
-0.00319999
-0.00279999
-0.00239999
-0.00199999
-0.00159999
-0.00119999
-0.000799986
-0.000399986
1.44202e-08
