0.00015
0.0003
0.00045
0.0006
0.00075
0.0009
0.00105
0.0012
0.00135
0.0015
0.00135
0.0012
0.00105
0.0009
0.00075
0.0006
0.00045
0.0003
0.00015
-3.71748e-14
-0.00015
-0.0003
-0.00045
-0.0006
-0.00075
-0.0009
-0.00105
-0.0012
-0.00135
-0.0015
-0.00135
-0.0012
-0.00105
-0.0009
-0.00075
-0.0006
-0.00045
-0.0003
-0.00015
4.26932e-13
0.000149999
0.000299999
0.000449998
0.000599999
0.000749999
0.000899999
0.00105
0.0012
0.00135
0.0015
0.00135
0.0012
0.00105
0.0009
0.00075
0.0006
0.00045
0.0003
0.00015
3.46416e-11
-0.00015
-0.0003
-0.00045
-0.0006
-0.00075
-0.000899999
-0.00105
-0.0012
-0.00135
-0.0015
-0.00135
-0.0012
-0.00105
-0.000899999
-0.00075
-0.0006
-0.00045
-0.0003
-0.00015
1.88911e-11
0.00015
0.000299999
0.000449999
0.000599999
0.000749999
0.000899999
0.00105
0.0012
0.00135
0.0015
0.00135
0.0012
0.00105
0.000899998
0.000749998
0.000599999
0.000449999
0.000299999
0.000149999
-1.14383e-09
-0.000150001
-0.000300001
-0.000450001
-0.000600001
-0.000750001
-0.000900001
-0.00105
-0.0012
-0.00135
-0.0015
-0.00135
-0.0012
-0.00105
-0.000900001
-0.000750001
-0.000600001
-0.000450002
-0.000300002
-0.000150002
-1.88e-09
0.000149998
0.000299998
0.000449998
0.000599998
0.000749998
0.000899998
0.00105
0.0012
0.00135
0.0015
0.00135
0.0012
0.00105
0.000899998
0.000749998
0.000599998
0.000449998
0.000299998
0.000149998
-1.96161e-09
-0.000150002
-0.000300002
-0.000450002
-0.000600002
-0.000750002
-0.000900001
-0.00105
-0.0012
-0.00135
-0.0015
-0.00135
-0.0012
-0.00105
-0.000900001
-0.000750002
-0.000600002
-0.000450002
-0.000300002
-0.000150002
-1.87691e-09
0.000149998
0.000299998
0.000449998
0.000599998
0.000749998
0.000899998
0.00105
0.0012
0.00135
0.0015
0.00135
0.0012
0.00105
0.000899998
0.000749998
0.000599998
0.000449998
0.000299998
0.000149998
-1.95849e-09
-0.000150002
-0.000300002
-0.000450002
-0.000600002
-0.000750002
-0.000900001
-0.00105
-0.0012
-0.00135
-0.0015
-0.00135
-0.0012
-0.00105
-0.000900001
-0.000750002
-0.000600002
-0.000450002
-0.000300002
-0.000150002
-1.87357e-09
0.000149998
0.000299998
0.000449998
0.000599998
0.000749998
0.000899998
0.00105
0.0012
0.00135
0.0015
0.00135
0.0012
0.00105
0.000899998
0.000749998
0.000599998
0.000449998
0.000299998
0.000149998
-1.95513e-09
-0.000150002
-0.000300002
-0.000450002
-0.000600002
-0.000750002
-0.000900001
-0.00105
-0.0012
-0.00135
-0.0015
-0.00135
-0.0012
-0.00105
-0.000900001
-0.000750002
-0.000600002
-0.000450002
-0.000300002
-0.000150002
-1.86998e-09
0.000149998
0.000299998
0.000449998
0.000599998
0.000749998
0.000899998
0.00105
0.0012
0.00135
0.0015
0.00165
0.0018
0.00195
0.0021
0.00195
0.0018
0.00165
0.0015
0.00135
0.0012
0.00105
0.000899997
0.000749998
0.000599998
0.000449998
0.000299998
0.000149998
-1.98253e-09
-0.000150002
-0.000300002
-0.000450002
-0.000600002
-0.000750002
-0.000900001
-0.00105
-0.0012
-0.00135
-0.0015
-0.00165
-0.0018
-0.00195
-0.0021
-0.00195
-0.0018
-0.00165
-0.0015
-0.00135
-0.0012
-0.00105
-0.000900001
-0.000750001
-0.000600002
-0.000450002
-0.000300002
-0.000150002
-1.84079e-09
0.000149998
0.000299998
0.000449998
0.000599998
0.000749998
0.000899998
0.00105
0.0012
0.00135
0.0015
0.00135
0.0012
0.00105
0.000899997
0.000749998
0.000599998
0.000449998
0.000299998
0.000149998
-1.9766e-09
-0.000150002
-0.000300002
-0.000450002
-0.000600002
-0.000750002
-0.000900001
-0.00105
-0.0012
-0.00135
-0.0015
-0.00135
-0.0012
-0.00105
-0.000900001
-0.000750002
-0.000600002
-0.000450002
-0.000300002
-0.000150002
-1.89038e-09
0.000149998
0.000299998
0.000449998
0.000599998
0.000749998
0.000899998
0.00105
0.0012
0.00135
0.0015
0.00135
0.0012
0.00105
0.000899998
0.000749998
0.000599998
0.000449998
0.000299998
0.000149998
-1.97214e-09
-0.000150002
-0.000300002
-0.000450002
-0.000600002
-0.000750002
-0.000900001
-0.00105
-0.0012
-0.00135
-0.0015
-0.00135
-0.0012
-0.00105
-0.000900001
-0.000750002
-0.000600002
-0.000450002
-0.000300002
-0.000150002
-1.88829e-09
0.000149998
0.000299998
0.000449998
0.000599998
0.000749998
0.000899998
0.00105
0.0012
0.00135
0.0015
0.00135
0.0012
0.00105
0.000899998
0.000749998
0.000599998
0.000449998
0.000299998
0.000149998
-1.96991e-09
-0.000150002
-0.000300002
-0.000450002
-0.000600002
-0.000750002
-0.000900001
-0.00105
-0.0012
-0.00135
-0.0015
-0.00135
-0.0012
-0.00105
-0.000900001
-0.000750002
-0.000600002
-0.000450002
-0.000300002
-0.000150002
-1.88593e-09
0.000149998
0.000299998
0.000449998
0.000599998
0.000749998
0.000899998
0.00105
0.0012
0.00135
0.0015
0.00135
0.0012
0.00105
0.000899998
0.000749998
0.000599998
0.000449998
0.000299998
0.000149998
-1.96753e-09
-0.000150002
-0.000300002
-0.000450002
-0.000600002
-0.000750002
-0.000900001
-0.00105
-0.0012
-0.00135
-0.0015
-0.00135
-0.0012
-0.00105
-0.000900001
-0.000750002
-0.000600002
-0.000450002
-0.000300002
-0.000150002
-1.8834e-09
0.000149998
0.000299998
0.000449998
0.000599998
0.000749998
0.000899998
0.00105
0.0012
0.00135
0.0015
0.00135
0.0012
0.00105
0.000899998
0.000749998
0.000599998
0.000449998
0.000299998
0.000149998
-1.96497e-09
-0.000150002
-0.000300002
-0.000450002
-0.000600002
-0.000750002
-0.000900001
-0.00105
-0.0012
-0.00135
-0.0015
-0.00135
-0.0012
-0.00105
-0.000900001
-0.000750002
-0.000600002
-0.000450002
-0.000300002
-0.000150002
-1.88067e-09
0.000149998
0.000299998
0.000449998
0.000599998
0.000749998
0.000899998
0.00105
0.0012
0.00135
0.0015
0.00135
0.0012
0.00105
0.000899998
0.000749998
0.000599998
0.000449998
0.000299998
0.000149998
-1.96223e-09
-0.000150002
-0.000300002
-0.000450002
-0.000600002
-0.000750002
-0.000900001
-0.00105
-0.0012
-0.00135
-0.0015
-0.00135
-0.0012
-0.00105
-0.000900001
-0.000750002
-0.000600002
-0.000450002
-0.000300002
-0.000150002
-1.87775e-09
0.000149998
0.000299998
0.000449998
0.000599998
0.000749998
0.000899998
0.00105
0.0012
0.00135
0.0015
0.00165
0.0018
0.00195
0.0021
0.00225
0.0024
0.00255
0.0027
0.00285
0.0027
0.00255
0.0024
0.00225
0.0021
0.00195
0.0018
0.00165
0.0015
0.00135
0.0012
0.00105
0.000899998
0.000749998
0.000599998
0.000449998
0.000299998
0.000149998
-1.91351e-09
-0.000150002
-0.000300002
-0.000450002
-0.000600002
-0.000750002
-0.000900001
-0.00105
-0.0012
-0.00135
-0.0015
-0.00165
-0.0018
-0.00195
-0.0021
-0.00225
-0.0024
-0.00255
-0.0027
-0.00285
-0.0027
-0.00255
-0.0024
-0.00225
-0.0021
-0.00195
-0.0018
-0.00165
-0.0015
-0.00135
-0.0012
-0.00105
-0.000900002
-0.000750002
-0.000600002
-0.000450002
-0.000300002
-0.000150002
-1.90111e-09
0.000149998
0.000299998
0.000449998
0.000599998
0.000749998
0.000899998
0.00105
0.0012
0.00135
0.0015
0.00165
0.0018
0.00195
0.0021
0.00195
0.0018
0.00165
0.0015
0.00135
0.0012
0.00105
0.000899998
0.000749998
0.000599998
0.000449998
0.000299998
0.000149998
-1.98609e-09
-0.000150002
-0.000300002
-0.000450002
-0.000600002
-0.000750002
-0.000900002
-0.00105
-0.0012
-0.00135
-0.0015
-0.00165
-0.0018
-0.00195
-0.0021
-0.00195
-0.0018
-0.00165
-0.0015
-0.00135
-0.0012
-0.00105
-0.000900001
-0.000750002
-0.000600002
-0.000450002
-0.000300002
-0.000150002
-1.86218e-09
0.000149998
0.000299998
0.000449998
0.000599998
0.000749998
0.000899998
0.00105
0.0012
0.00135
0.0015
0.00165
0.0018
0.00195
0.0021
0.00195
0.0018
0.00165
0.0015
0.00135
0.0012
0.00105
0.000899998
0.000749998
0.000599998
0.000449998
0.000299998
0.000149998
-1.96902e-09
-0.000150002
-0.000300002
-0.000450002
-0.000600002
-0.000750002
-0.000900002
-0.00105
-0.0012
-0.00135
-0.0015
-0.00165
-0.0018
-0.00195
-0.0021
-0.00195
-0.0018
-0.00165
-0.0015
-0.00135
-0.0012
-0.00105
-0.000900001
-0.000750001
-0.000600002
-0.000450002
-0.000300002
-0.000150002
-1.83437e-09
0.000149998
0.000299998
0.000449998
0.000599998
0.000749998
0.000899998
0.00105
0.0012
0.00135
0.0015
0.00165
0.0018
0.00195
0.0021
0.00195
0.0018
0.00165
0.0015
0.00135
0.0012
0.00105
0.000899998
0.000749998
0.000599998
0.000449998
0.000299998
0.000149998
-1.94125e-09
-0.000150002
-0.000300002
-0.000450002
-0.000600002
-0.000750002
-0.000900002
-0.00105
-0.0012
-0.00135
-0.0015
-0.00165
-0.0018
-0.00195
-0.0021
-0.00195
-0.0018
-0.00165
-0.0015
-0.00135
-0.0012
-0.00105
-0.000900001
-0.000750001
-0.000600002
-0.000450002
-0.000300002
-0.000150002
-1.78559e-09
0.000149998
0.000299998
0.000449998
0.000599998
0.000749998
0.000899998
0.00105
0.0012
0.00135
0.0015
0.00165
0.0018
0.00195
0.0021
0.00195
0.0018
0.00165
0.0015
0.00135
0.0012
0.00105
0.000899998
0.000749998
0.000599998
0.000449998
0.000299998
0.000149998
-1.89245e-09
-0.000150002
-0.000300002
-0.000450002
-0.000600002
-0.000750002
-0.000900001
-0.00105
-0.0012
-0.00135
-0.0015
-0.00165
-0.0018
-0.00195
-0.0021
-0.00195
-0.0018
-0.00165
-0.0015
-0.00135
-0.0012
-0.00105
-0.000900001
-0.000750001
-0.000600001
-0.000450001
-0.000300002
-0.000150002
-1.63675e-09
0.000149998
0.000299998
0.000449998
0.000599998
0.000749998
0.000899998
0.00105
0.0012
0.00135
0.0015
0.00165
0.0018
0.00195
0.0021
0.00195
0.0018
0.00165
0.0015
0.00135
0.0012
0.00105
0.000899998
0.000749998
0.000599998
0.000449998
0.000299998
0.000149998
-1.74358e-09
-0.000150002
-0.000300002
-0.000450002
-0.000600001
-0.000750001
-0.000900001
-0.00105
-0.0012
-0.00135
-0.0015
-0.00165
-0.0018
-0.00195
-0.0021
-0.00195
-0.0018
-0.00165
-0.0015
-0.00135
-0.0012
-0.00105
-0.000900001
-0.000750001
-0.000600001
-0.000450002
-0.000300002
-0.000150002
-1.75707e-09
0.000149998
0.000299998
0.000449998
0.000599998
0.000749998
0.000899998
0.00105
0.0012
0.00135
0.0015
0.00165
0.0018
0.00195
0.0021
0.00195
0.0018
0.00165
0.0015
0.00135
0.0012
0.00105
0.000899998
0.000749998
0.000599998
0.000449998
0.000299998
0.000149998
-1.86393e-09
-0.000150002
-0.000300002
-0.000450002
-0.000600002
-0.000750002
-0.000900001
-0.00105
-0.0012
-0.00135
-0.0015
-0.00165
-0.0018
-0.00195
-0.0021
-0.00195
-0.0018
-0.00165
-0.0015
-0.00135
-0.0012
-0.00105
-0.000900001
-0.000750001
-0.000600001
-0.000450001
-0.000300001
-0.000150001
-1.29037e-09
0.000149999
0.000299999
0.000449999
0.000599998
0.000749998
0.000899998
0.00105
0.0012
0.00135
0.0015
0.00165
0.0018
0.00195
0.0021
0.00225
0.0024
0.00255
0.0027
0.00285
0.003
0.00315
0.0033
0.00345
0.0036
0.00375
0.0039
0.00405
0.0042
0.00435
0.0045
0.00465
0.0048
0.00495
0.00509999
0.00524999
0.00539999
0.00554999
0.00569999
0.00554999
0.0054
0.00525
0.0051
0.00495
0.0048
0.00465
0.0045
0.00435
0.0042
0.00405
0.0039
0.00375
0.0036
0.00345
0.0033
0.00315
0.003
0.00285
0.0027
0.00255
0.0024
0.00225
0.0021
0.00195
0.0018
0.00165
0.0015
0.00135
0.0012
0.00105
0.000899999
0.000749999
0.000599999
0.000449999
0.000299999
0.000149999
-1.26896e-09
-0.000150001
-0.000300001
-0.000450001
-0.000600001
-0.000750001
-0.000900001
-0.00105
-0.0012
-0.00135
-0.0015
-0.00165
-0.0018
-0.00195
-0.0021
-0.00225
-0.0024
-0.00255
-0.0027
-0.00285
-0.003
-0.00315
-0.0033
-0.00345
-0.0036
-0.00375
-0.0039
-0.00405
-0.0042
-0.00435
-0.0045
-0.00465
-0.0048
-0.00495
-0.0051
-0.00525
-0.0054
-0.00555
-0.0057
-0.00555
-0.0054
-0.00525
-0.0051
-0.00495
-0.0048
-0.00465
-0.0045
-0.00435
-0.0042
-0.00405
-0.0039
-0.00375
-0.0036
-0.00345
-0.0033
-0.00315
-0.003
-0.00285
-0.0027
-0.00255
-0.0024
-0.00225
-0.0021
-0.00195
-0.0018
-0.00165
-0.0015
-0.00135
-0.0012
-0.00105
-0.000900001
-0.000750001
-0.000600001
-0.000450001
-0.000300001
-0.000150002
-1.52252e-09
0.000149998
0.000299998
0.000449998
0.000599998
0.000749998
0.000899998
0.00105
0.0012
0.00135
0.0015
0.00165
0.0018
0.00195
0.0021
0.00225
0.0024
0.00255
0.0027
0.00285
0.003
0.00315
0.0033
0.00345
0.0036
0.00375
0.0039
0.00405
0.0042
0.00435
0.0042
0.00405
0.0039
0.00375
0.0036
0.00345
0.0033
0.00315
0.003
0.00285
0.0027
0.00255
0.0024
0.00225
0.0021
0.00195
0.0018
0.00165
0.0015
0.00135
0.0012
0.00105
0.000899999
0.000749999
0.000599999
0.000449999
0.000299999
0.000149999
-1.24921e-09
-0.000150001
-0.000300001
-0.000450001
-0.000600001
-0.000750001
-0.000900001
-0.00105
-0.0012
-0.00135
-0.0015
-0.00165
-0.0018
-0.00195
-0.0021
-0.00225
-0.0024
-0.00255
-0.0027
-0.00285
-0.003
-0.00315
-0.0033
-0.00345
-0.0036
-0.00375
-0.0039
-0.00405
-0.0042
-0.00435
-0.0042
-0.00405
-0.0039
-0.00375
-0.0036
-0.00345
-0.0033
-0.00315
-0.003
-0.00285
-0.0027
-0.00255
-0.0024
-0.00225
-0.0021
-0.00195
-0.0018
-0.00165
-0.0015
-0.00135
-0.0012
-0.00105
-0.000900001
-0.000750002
-0.000600002
-0.000450002
-0.000300002
-0.000150002
-1.6182e-09
0.000149998
0.000299998
0.000449998
0.000599998
0.000749998
0.000899998
0.00105
0.0012
0.00135
0.0015
0.00165
0.0018
0.00195
0.0021
0.00225
0.0024
0.00255
0.0027
0.00285
0.003
0.00315
0.0033
0.00345
0.0036
0.00375
0.0039
0.00405
0.0042
0.00435
0.0042
0.00405
0.0039
0.00375
0.0036
0.00345
0.0033
0.00315
0.003
0.00285
0.0027
0.00255
0.0024
0.00225
0.0021
0.00195
0.0018
0.00165
0.0015
0.00135
0.0012
0.00105
0.000899999
0.000749999
0.000599999
0.000449999
0.000299999
0.000149999
-1.31703e-09
-0.000150001
-0.000300001
-0.000450001
-0.000600001
-0.000750001
-0.000900001
-0.00105
-0.0012
-0.00135
-0.0015
-0.00165
-0.0018
-0.00195
-0.0021
-0.00225
-0.0024
-0.00255
-0.0027
-0.00285
-0.003
-0.00315
-0.0033
-0.00345
-0.0036
-0.00375
-0.0039
-0.00405
-0.0042
-0.00435
-0.0042
-0.00405
-0.0039
-0.00375
-0.0036
-0.00345
-0.0033
-0.00315
-0.003
-0.00285
-0.0027
-0.00255
-0.0024
-0.00225
-0.0021
-0.00195
-0.0018
-0.00165
-0.0015
-0.00135
-0.0012
-0.00105
-0.000900002
-0.000750002
-0.000600002
-0.000450002
-0.000300002
-0.000150002
-1.68576e-09
0.000149998
0.000299998
0.000449998
0.000599998
0.000749998
0.000899998
0.00105
0.0012
0.00135
0.0015
0.00165
0.0018
0.00195
0.0021
0.00225
0.0024
0.00255
0.0027
0.00285
0.003
0.00315
0.0033
0.00345
0.0036
0.00375
0.0039
0.00405
0.0042
0.00435
0.0042
0.00405
0.0039
0.00375
0.0036
0.00345
0.0033
0.00315
0.003
0.00285
0.0027
0.00255
0.0024
0.00225
0.0021
0.00195
0.0018
0.00165
0.0015
0.00135
0.0012
0.00105
0.000899998
0.000749998
0.000599999
0.000449999
0.000299999
0.000149999
-1.38384e-09
-0.000150001
-0.000300001
-0.000450001
-0.000600001
-0.000750001
-0.000900001
-0.00105
-0.0012
-0.00135
-0.0015
-0.00165
-0.0018
-0.00195
-0.0021
-0.00225
-0.0024
-0.00255
-0.0027
-0.00285
-0.003
-0.00315
-0.0033
-0.00345
-0.0036
-0.00375
-0.0039
-0.00405
-0.0042
-0.00435
-0.0042
-0.00405
-0.0039
-0.00375
-0.0036
-0.00345
-0.0033
-0.00315
-0.003
-0.00285
-0.0027
-0.00255
-0.0024
-0.00225
-0.0021
-0.00195
-0.0018
-0.00165
-0.0015
-0.00135
-0.0012
-0.00105
-0.000900002
-0.000750002
-0.000600002
-0.000450002
-0.000300002
-0.000150002
-1.75192e-09
0.000149998
0.000299998
0.000449998
0.000599998
0.000749998
0.000899998
0.00105
0.0012
0.00135
0.0015
0.00165
0.0018
0.00195
0.0021
0.00225
0.0024
0.00255
0.0027
0.00285
0.003
0.00315
0.0033
0.00345
0.0036
0.00375
0.0039
0.00405
0.0042
0.00435
0.0045
0.00465
0.0048
0.00495
0.0051
0.00524999
0.00539999
0.00554999
0.00569999
0.00584999
0.00599999
0.00614999
0.00629999
0.00644999
0.00659999
0.00674999
0.00689999
0.00704999
0.00719999
0.00734999
0.00749999
0.00764999
0.00779999
0.00794999
0.00809999
0.00824999
0.00839999
0.00854999
0.00839999
0.00824999
0.00809999
0.00794999
0.00779999
0.00764999
0.00749999
0.00734999
0.0072
0.00705
0.0069
0.00675
0.0066
0.00645
0.0063
0.00615
0.006
0.00585
0.0057
0.00555
0.0054
0.00525
0.0051
0.00495
0.0048
0.00465
0.0045
0.00435
0.0042
0.00405
0.0039
0.00375
0.0036
0.00345
0.0033
0.00315
0.003
0.00285
0.0027
0.00255
0.0024
0.00225
0.0021
0.00195
0.0018
0.00165
0.0015
0.00135
0.0012
0.00105
0.000899998
0.000749998
0.000599998
0.000449998
0.000299999
0.000149999
-1.45188e-09
-0.000150001
-0.000300001
-0.000450001
-0.000600001
-0.000750001
-0.000900001
-0.00105
-0.0012
-0.00135
-0.0015
-0.00165
-0.0018
-0.00195
-0.0021
-0.00225
-0.0024
-0.00255
-0.0027
-0.00285
-0.003
-0.00315
-0.0033
-0.00345
-0.0036
-0.00375
-0.0039
-0.00405
-0.0042
-0.00435
-0.0045
-0.00465
-0.0048
-0.00495
-0.0051
-0.00525
-0.0054
-0.00555
-0.0057
-0.00585
-0.006
-0.00615
-0.0063
-0.00645
-0.0066
-0.00675
-0.0069
-0.00705
-0.0072
-0.00735
-0.0075
-0.00765
-0.0078
-0.00795
-0.0081
-0.00825
-0.0084
-0.00855
-0.0084
-0.00825
-0.0081
-0.00795
-0.0078
-0.00765
-0.0075
-0.00735
-0.0072
-0.00705
-0.0069
-0.00675
-0.0066
-0.00645
-0.0063
-0.00615
-0.006
-0.00585
-0.0057
-0.00555
-0.0054
-0.00525
-0.0051
-0.00495
-0.0048
-0.00465
-0.0045
-0.00435
-0.0042
-0.00405
-0.0039
-0.00375
-0.0036
-0.00345
-0.0033
-0.00315
-0.003
-0.00285
-0.0027
-0.00255
-0.0024
-0.00225
-0.0021
-0.00195
-0.0018
-0.00165
-0.0015
-0.00135
-0.0012
-0.00105
-0.000900002
-0.000750002
-0.000600002
-0.000450002
-0.000300002
-0.000150002
-1.98088e-09
0.000149998
0.000299998
0.000449998
0.000599998
0.000749998
0.000899998
0.00105
0.0012
0.00135
0.0015
0.00165
0.0018
0.00195
0.0021
0.00225
0.0024
0.00255
0.0027
0.00285
0.003
0.00315
0.0033
0.00345
0.0036
0.00375
0.0039
0.00405
0.0042
0.00435
0.0045
0.00465
0.0048
0.00495
0.0051
0.00525
0.0054
0.00555
0.0057
0.00585
0.006
0.00615
0.0063
0.00645
0.0066
0.00645
0.0063
0.00615
0.006
0.00585
0.0057
0.00555
0.0054
0.00525
0.0051
0.00495
0.0048
0.00465
0.0045
0.00435
0.0042
0.00405
0.0039
0.00375
0.0036
0.00345
0.0033
0.00315
0.003
0.00285
0.0027
0.00255
0.0024
0.00225
0.0021
0.00195
0.0018
0.00165
0.0015
0.00135
0.0012
0.00105
0.000899998
0.000749998
0.000599999
0.000449999
0.000299999
0.000149999
-1.42397e-09
-0.000150001
-0.000300001
-0.000450001
-0.000600001
-0.000750001
-0.000900001
-0.00105
-0.0012
-0.00135
-0.0015
-0.00165
-0.0018
-0.00195
-0.0021
-0.00225
-0.0024
-0.00255
-0.0027
-0.00285
-0.003
-0.00315
-0.0033
-0.00345
-0.0036
-0.00375
-0.0039
-0.00405
-0.0042
-0.00435
-0.0045
-0.00465
-0.0048
-0.00495
-0.0051
-0.00525
-0.0054
-0.00555
-0.0057
-0.00585
-0.006
-0.00615
-0.0063
-0.00645
-0.0066
-0.00645
-0.0063
-0.00615
-0.006
-0.00585
-0.0057
-0.00555
-0.0054
-0.00525
-0.0051
-0.00495
-0.0048
-0.00465
-0.0045
-0.00435
-0.0042
-0.00405
-0.0039
-0.00375
-0.0036
-0.00345
-0.0033
-0.00315
-0.003
-0.00285
-0.0027
-0.00255
-0.0024
-0.00225
-0.0021
-0.00195
-0.0018
-0.00165
-0.0015
-0.00135
-0.0012
-0.00105
-0.000900002
-0.000750002
-0.000600002
-0.000450002
-0.000300002
-0.000150002
-2.04833e-09
0.000149998
0.000299998
0.000449998
0.000599998
0.000749998
0.000899998
0.00105
0.0012
0.00135
0.0015
0.00165
0.0018
0.00195
0.0021
0.00225
0.0024
0.00255
0.0027
0.00285
0.003
0.00315
0.0033
0.00345
0.0036
0.00375
0.0039
0.00405
0.0042
0.00435
0.0045
0.00465
0.0048
0.00495
0.0051
0.00525
0.0054
0.00555
0.0057
0.00585
0.006
0.00615
0.0063
0.00645
0.0066
0.00645
0.0063
0.00615
0.006
0.00585
0.0057
0.00555
0.0054
0.00525
0.0051
0.00495
0.0048
0.00465
0.0045
0.00435
0.0042
0.00405
0.0039
0.00375
0.0036
0.00345
0.0033
0.00315
0.003
0.00285
0.0027
0.00255
0.0024
0.00225
0.0021
0.00195
0.0018
0.00165
0.0015
0.00135
0.0012
0.00105
0.000899998
0.000749998
0.000599998
0.000449998
0.000299998
0.000149999
-1.47396e-09
-0.000150001
-0.000300001
-0.000450001
-0.000600001
-0.000750001
-0.000900001
-0.00105
-0.0012
-0.00135
-0.0015
-0.00165
-0.0018
-0.00195
-0.0021
-0.00225
-0.0024
-0.00255
-0.0027
-0.00285
-0.003
-0.00315
-0.0033
-0.00345
-0.0036
-0.00375
-0.0039
-0.00405
-0.0042
-0.00435
-0.0045
-0.00465
-0.0048
-0.00495
-0.0051
-0.00525
-0.0054
-0.00555
-0.0057
-0.00585
-0.006
-0.00615
-0.0063
-0.00645
-0.0066
-0.00645
-0.0063
-0.00615
-0.006
-0.00585
-0.0057
-0.00555
-0.0054
-0.00525
-0.0051
-0.00495
-0.0048
-0.00465
-0.0045
-0.00435
-0.0042
-0.00405
-0.0039
-0.00375
-0.0036
-0.00345
-0.0033
-0.00315
-0.003
-0.00285
-0.0027
-0.00255
-0.0024
-0.00225
-0.0021
-0.00195
-0.0018
-0.00165
-0.0015
-0.00135
-0.0012
-0.00105
-0.000900002
-0.000750002
-0.000600002
-0.000450002
-0.000300002
-0.000150002
-2.0947e-09
0.000149998
0.000299998
0.000449998
0.000599998
0.000749998
0.000899998
0.00105
0.0012
0.00135
0.0015
0.00165
0.0018
0.00195
0.0021
0.00225
0.0024
0.00255
0.0027
0.00285
0.003
0.00315
0.0033
0.00345
0.0036
0.00375
0.0039
0.00405
0.0042
0.00435
0.0045
0.00465
0.0048
0.00495
0.0051
0.00525
0.0054
0.00555
0.0057
0.00585
0.006
0.00615
0.0063
0.00645
0.0066
0.00645
0.0063
0.00615
0.006
0.00585
0.0057
0.00555
0.0054
0.00525
0.0051
0.00495
0.0048
0.00465
0.0045
0.00435
0.0042
0.00405
0.0039
0.00375
0.0036
0.00345
0.0033
0.00315
0.003
0.00285
0.0027
0.00255
0.0024
0.00225
0.0021
0.00195
0.0018
0.00165
0.0015
0.00135
0.0012
0.00105
0.000899998
0.000749998
0.000599998
0.000449998
0.000299998
0.000149998
-1.5194e-09
-0.000150002
-0.000300001
-0.000450001
-0.000600001
-0.000750001
-0.000900001
-0.00105
-0.0012
-0.00135
-0.0015
-0.00165
-0.0018
-0.00195
-0.0021
-0.00225
-0.0024
-0.00255
-0.0027
-0.00285
-0.003
-0.00315
-0.0033
-0.00345
-0.0036
-0.00375
-0.0039
-0.00405
-0.0042
-0.00435
-0.0045
-0.00465
-0.0048
-0.00495
-0.0051
-0.00525
-0.0054
-0.00555
-0.0057
-0.00585
-0.006
-0.00615
-0.0063
-0.00645
-0.0066
-0.00645
-0.0063
-0.00615
-0.006
-0.00585
-0.0057
-0.00555
-0.0054
-0.00525
-0.0051
-0.00495
-0.0048
-0.00465
-0.0045
-0.00435
-0.0042
-0.00405
-0.0039
-0.00375
-0.0036
-0.00345
-0.0033
-0.00315
-0.003
-0.00285
-0.0027
-0.00255
-0.0024
-0.00225
-0.0021
-0.00195
-0.0018
-0.00165
-0.0015
-0.00135
-0.0012
-0.00105
-0.000900002
-0.000750002
-0.000600002
-0.000450002
-0.000300002
-0.000150002
-2.13617e-09
0.000149998
0.000299998
0.000449998
0.000599998
0.000749998
0.000899998
0.00105
0.0012
0.00135
0.0015
0.00165
0.0018
0.00195
0.0021
0.00225
0.0024
0.00255
0.0027
0.00285
0.003
0.00315
0.0033
0.00345
0.0036
0.00375
0.0039
0.00405
0.0042
0.00435
0.0045
0.00465
0.0048
0.00495
0.0051
0.00525
0.0054
0.00555
0.0057
0.00585
0.006
0.00615
0.0063
0.00645
0.0066
0.00675
0.00689999
0.00704999
0.00719999
0.00734999
0.00749999
0.00764999
0.00779999
0.00794999
0.00809999
0.00824999
0.00839999
0.00854999
0.00869999
0.00884999
0.00899999
0.00914999
0.00929999
0.00944999
0.00959999
0.00974999
0.00989999
0.01005
0.0102
0.01035
0.0105
0.01065
0.0108
0.01095
0.0111
0.01125
0.0114
0.01155
0.0117
0.01155
0.0114
0.01125
0.0111
0.01095
0.0108
0.01065
0.0105
0.01035
0.0102
0.01005
0.00989999
0.00974999
0.0096
0.00945
0.0093
0.00915
0.009
0.00885
0.0087
0.00855
0.0084
0.00825
0.0081
0.00795
0.0078
0.00765
0.0075
0.00735
0.0072
0.00705
0.0069
0.00675
0.0066
0.00645
0.0063
0.00615
0.006
0.00585
0.0057
0.00555
0.0054
0.00525
0.0051
0.00495
0.0048
0.00465
0.0045
0.00435
0.0042
0.00405
0.0039
0.00375
0.0036
0.00345
0.0033
0.00315
0.003
0.00285
0.0027
0.00255
0.0024
0.00225
0.0021
0.00195
0.0018
0.00165
0.0015
0.00135
0.0012
0.00105
0.000899998
0.000749998
0.000599998
0.000449998
0.000299998
0.000149998
-1.59122e-09
-0.000150002
-0.000300002
-0.000450002
-0.000600002
-0.000750002
-0.000900002
-0.00105
-0.0012
-0.00135
-0.0015
-0.00165
-0.0018
-0.00195
-0.0021
-0.00225
-0.0024
-0.00255
-0.0027
-0.00285
-0.003
-0.00315
-0.0033
-0.00345
-0.0036
-0.00375
-0.0039
-0.00405
-0.0042
-0.00435
-0.0045
-0.00465
-0.0048
-0.00495
-0.0051
-0.00525
-0.0054
-0.00555
-0.0057
-0.00585
-0.006
-0.00615
-0.0063
-0.00645
-0.0066
-0.00675
-0.0069
-0.00705
-0.0072
-0.00735
-0.0075
-0.00765
-0.0078
-0.00795
-0.0081
-0.00825
-0.0084
-0.00855
-0.0087
-0.00885
-0.009
-0.00915
-0.0093
-0.00945
-0.0096
-0.00975
-0.0099
-0.01005
-0.0102
-0.01035
-0.0105
-0.01065
-0.0108
-0.01095
-0.0111
-0.01125
-0.0114
-0.01155
-0.0117
-0.01155
-0.0114
-0.01125
-0.0111
-0.01095
-0.0108
-0.01065
-0.0105
-0.01035
-0.0102
-0.01005
-0.0099
-0.00975
-0.0096
-0.00945
-0.0093
-0.00915
-0.009
-0.00885
-0.0087
-0.00855
-0.0084
-0.00825
-0.0081
-0.00795
-0.0078
-0.00765
-0.0075
-0.00735
-0.0072
-0.00705
-0.0069
-0.00675
-0.0066
-0.00645
-0.0063
-0.00615
-0.006
-0.00585
-0.0057
-0.00555
-0.0054
-0.00525
-0.0051
-0.00495
-0.0048
-0.00465
-0.0045
-0.00435
-0.0042
-0.00405
-0.0039
-0.00375
-0.0036
-0.00345
-0.0033
-0.00315
-0.003
-0.00285
-0.0027
-0.00255
-0.0024
-0.00225
-0.0021
-0.00195
-0.0018
-0.00165
-0.0015
-0.00135
-0.0012
-0.00105
-0.000900002
-0.000750002
-0.000600002
-0.000450002
-0.000300002
-0.000150002
-2.37181e-09
0.000149998
0.000299998
0.000449998
0.000599998
0.000749998
0.000899998
0.00105
0.0012
0.00135
0.0015
0.00165
0.0018
0.00195
0.0021
0.00225
0.0024
0.00255
0.0027
0.00285
0.003
0.00315
0.0033
0.00345
0.0036
0.00375
0.0039
0.00405
0.0042
0.00435
0.0045
0.00465
0.0048
0.00495
0.0051
0.00525
0.0054
0.00555
0.0057
0.00585
0.006
0.00615
0.0063
0.00645
0.0066
0.00675
0.0069
0.00705
0.0072
0.00735
0.0075
0.00765
0.0078
0.00795
0.0081
0.00825
0.0084
0.00855
0.0084
0.00825
0.0081
0.00795
0.0078
0.00765
0.0075
0.00735
0.0072
0.00705
0.0069
0.00675
0.0066
0.00645
0.0063
0.00615
0.006
0.00585
0.0057
0.00555
0.0054
0.00525
0.0051
0.00495
0.0048
0.00465
0.0045
0.00435
0.0042
0.00405
0.0039
0.00375
0.0036
0.00345
0.0033
0.00315
0.003
0.00285
0.0027
0.00255
0.0024
0.00225
0.0021
0.00195
0.0018
0.00165
0.0015
0.00135
0.0012
0.00105
0.000899998
0.000749998
0.000599998
0.000449998
0.000299998
0.000149998
-1.58613e-09
-0.000150002
-0.000300002
-0.000450002
-0.000600002
-0.000750002
-0.000900002
-0.00105
-0.0012
-0.00135
-0.0015
-0.00165
-0.0018
-0.00195
-0.0021
-0.00225
-0.0024
-0.00255
-0.0027
-0.00285
-0.003
-0.00315
-0.0033
-0.00345
-0.0036
-0.00375
-0.0039
-0.00405
-0.0042
-0.00435
-0.0045
-0.00465
-0.0048
-0.00495
-0.0051
-0.00525
-0.0054
-0.00555
-0.0057
-0.00585
-0.006
-0.00615
-0.0063
-0.00645
-0.0066
-0.00675
-0.0069
-0.00705
-0.0072
-0.00735
-0.0075
-0.00765
-0.0078
-0.00795
-0.0081
-0.00825
-0.0084
-0.00855
-0.0084
-0.00825
-0.0081
-0.00795
-0.0078
-0.00765
-0.0075
-0.00735
-0.0072
-0.00705
-0.0069
-0.00675
-0.0066
-0.00645
-0.0063
-0.00615
-0.006
-0.00585
-0.0057
-0.00555
-0.0054
-0.00525
-0.0051
-0.00495
-0.0048
-0.00465
-0.0045
-0.00435
-0.0042
-0.00405
-0.0039
-0.00375
-0.0036
-0.00345
-0.0033
-0.00315
-0.003
-0.00285
-0.0027
-0.00255
-0.0024
-0.00225
-0.0021
-0.00195
-0.0018
-0.00165
-0.0015
-0.00135
-0.0012
-0.00105
-0.000900002
-0.000750002
-0.000600002
-0.000450002
-0.000300002
-0.000150002
-2.32804e-09
0.000149998
0.000299998
0.000449998
0.000599998
0.000749998
0.000899998
0.00105
0.0012
0.00135
0.0015
0.00165
0.0018
0.00195
0.0021
0.00225
0.0024
0.00255
0.0027
0.00285
0.003
0.00315
0.0033
0.00345
0.0036
0.00375
0.0039
0.00405
0.0042
0.00435
0.0045
0.00465
0.0048
0.00495
0.0051
0.00525
0.0054
0.00555
0.0057
0.00585
0.006
0.00615
0.0063
0.00645
0.0066
0.00675
0.0069
0.00705
0.0072
0.00735
0.0075
0.00765
0.0078
0.00795
0.0081
0.00825
0.0084
0.00855
0.0084
0.00825
0.0081
0.00795
0.0078
0.00765
0.0075
0.00735
0.0072
0.00705
0.0069
0.00675
0.0066
0.00645
0.0063
0.00615
0.006
0.00585
0.0057
0.00555
0.0054
0.00525
0.0051
0.00495
0.0048
0.00465
0.0045
0.00435
0.0042
0.00405
0.0039
0.00375
0.0036
0.00345
0.0033
0.00315
0.003
0.00285
0.0027
0.00255
0.0024
0.00225
0.0021
0.00195
0.0018
0.00165
0.0015
0.00135
0.0012
0.00105
0.000899998
0.000749998
0.000599998
0.000449998
0.000299998
0.000149998
-1.52438e-09
-0.000150002
-0.000300002
-0.000450001
-0.000600001
-0.000750001
-0.000900001
-0.00105
-0.0012
-0.00135
-0.0015
-0.00165
-0.0018
-0.00195
-0.0021
-0.00225
-0.0024
-0.00255
-0.0027
-0.00285
-0.003
-0.00315
-0.0033
-0.00345
-0.0036
-0.00375
-0.0039
-0.00405
-0.0042
-0.00435
-0.0045
-0.00465
-0.0048
-0.00495
-0.0051
-0.00525
-0.0054
-0.00555
-0.0057
-0.00585
-0.006
-0.00615
-0.0063
-0.00645
-0.0066
-0.00675
-0.0069
-0.00705
-0.0072
-0.00735
-0.0075
-0.00765
-0.0078
-0.00795
-0.0081
-0.00825
-0.0084
-0.00855
-0.0084
-0.00825
-0.0081
-0.00795
-0.0078
-0.00765
-0.0075
-0.00735
-0.0072
-0.00705
-0.0069
-0.00675
-0.0066
-0.00645
-0.0063
-0.00615
-0.006
-0.00585
-0.0057
-0.00555
-0.0054
-0.00525
-0.0051
-0.00495
-0.0048
-0.00465
-0.0045
-0.00435
-0.0042
-0.00405
-0.0039
-0.00375
-0.0036
-0.00345
-0.0033
-0.00315
-0.003
-0.00285
-0.0027
-0.00255
-0.0024
-0.00225
-0.0021
-0.00195
-0.0018
-0.00165
-0.0015
-0.00135
-0.0012
-0.00105
-0.000900002
-0.000750002
-0.000600002
-0.000450002
-0.000300002
-0.000150002
-2.28167e-09
0.000149998
0.000299998
0.000449998
0.000599998
0.000749998
0.000899998
0.00105
0.0012
0.00135
0.0015
0.00165
0.0018
0.00195
0.0021
0.00225
0.0024
0.00255
0.0027
0.00285
0.003
0.00315
0.0033
0.00345
0.0036
0.00375
0.0039
0.00405
0.0042
0.00435
0.0045
0.00465
0.0048
0.00495
0.0051
0.00525
0.0054
0.00555
0.0057
0.00585
0.006
0.00615
0.0063
0.00645
0.0066
0.00675
0.0069
0.00705
0.0072
0.00735
0.0075
0.00765
0.0078
0.00795
0.0081
0.00825
0.0084
0.00855
0.0087
0.00885
0.00899999
0.00914999
0.00929999
0.00944999
0.00959999
0.00974999
0.00989999
0.01005
0.0102
0.01035
0.0105
0.01065
0.0108
0.01095
0.0111
0.01125
0.0114
0.01155
0.0117
0.01185
0.012
0.01215
0.0123
0.01245
0.0126
0.01275
0.0129
0.01305
0.0132
0.01335
0.0135
0.01365
0.0138
0.01395
0.0141
0.01425
0.0144
0.01455
0.0147
0.01485
0.015
0.01515
0.0153
0.01545
0.0156
0.01575
0.0159
0.01605
0.0162
0.01635
0.0165
0.01665
0.0168
0.01695
0.0171
0.01725
0.0174
0.01755
0.0177
0.01785
0.018
0.01815
0.0183
0.01845
0.0186
0.01875
0.0189
0.01905
0.0192
0.01935
0.0195
0.01965
0.0198
0.01995
0.0201
0.02025
0.0204
0.02025
0.0201
0.01995
0.0198
0.01965
0.0195
0.01935
0.0192
0.01905
0.0189
0.01875
0.0186
0.01845
0.0183
0.01815
0.018
0.01785
0.0177
0.01755
0.0174
0.01725
0.0171
0.01695
0.0168
0.01665
0.0165
0.01635
0.0162
0.01605
0.0159
0.01575
0.0156
0.01545
0.0153
0.01515
0.015
0.01485
0.0147
0.01455
0.0144
0.01425
0.0141
0.01395
0.0138
0.01365
0.0135
0.01335
0.0132
0.01305
0.0129
0.01275
0.0126
0.01245
0.0123
0.01215
0.012
0.01185
0.0117
0.01155
0.0114
0.01125
0.0111
0.01095
0.0108
0.01065
0.0105
0.01035
0.0102
0.01005
0.0099
0.00975
0.0096
0.00945
0.0093
0.00915
0.009
0.00885
0.0087
0.00855
0.0084
0.00825
0.0081
0.00795
0.0078
0.00765
0.0075
0.00735
0.0072
0.00705
0.0069
0.00675
0.0066
0.00645
0.0063
0.00615
0.006
0.00585
0.0057
0.00555
0.0054
0.00525
0.0051
0.00495
0.0048
0.00465
0.0045
0.00435
0.0042
0.00405
0.0039
0.00375
0.0036
0.00345
0.0033
0.00315
0.003
0.00285
0.0027
0.00255
0.0024
0.00225
0.0021
0.00195
0.0018
0.00165
0.0015
0.00135
0.0012
0.00105
0.000899998
0.000749998
0.000599998
0.000449998
0.000299998
0.000149998
-1.60986e-09
-0.000150002
-0.000300002
-0.000450002
-0.000600002
-0.000750002
-0.000900002
-0.00105
-0.0012
-0.00135
-0.0015
-0.00165
-0.0018
-0.00195
-0.0021
-0.00225
-0.0024
-0.00255
-0.0027
-0.00285
-0.003
-0.00315
-0.0033
-0.00345
-0.0036
-0.00375
-0.0039
-0.00405
-0.0042
-0.00435
-0.0045
-0.00465
-0.0048
-0.00495
-0.0051
-0.00525
-0.0054
-0.00555
-0.0057
-0.00585
-0.006
-0.00615
-0.0063
-0.00645
-0.0066
-0.00675
-0.0069
-0.00705
-0.0072
-0.00735
-0.0075
-0.00765
-0.0078
-0.00795
-0.0081
-0.00825
-0.0084
-0.00855
-0.0087
-0.00885
-0.009
-0.00915
-0.0093
-0.00945
-0.0096
-0.00975
-0.0099
-0.01005
-0.0102
-0.01035
-0.0105
-0.01065
-0.0108
-0.01095
-0.0111
-0.01125
-0.0114
-0.01155
-0.0117
-0.01185
-0.012
-0.01215
-0.0123
-0.01245
-0.0126
-0.01275
-0.0129
-0.01305
-0.0132
-0.01335
-0.0135
-0.01365
-0.0138
-0.01395
-0.0141
-0.01425
-0.0144
-0.01455
-0.0147
-0.01485
-0.015
-0.01515
-0.0153
-0.01545
-0.0156
-0.01575
-0.0159
-0.01605
-0.0162
-0.01635
-0.0165
-0.01665
-0.0168
-0.01695
-0.0171
-0.01725
-0.0174
-0.01755
-0.0177
-0.01785
-0.018
-0.01815
-0.0183
-0.01845
-0.0186
-0.01875
-0.0189
-0.01905
-0.0192
-0.01935
-0.0195
-0.01965
-0.0198
-0.01995
-0.0201
-0.02025
-0.0204
-0.02025
-0.0201
-0.01995
-0.0198
-0.01965
-0.0195
-0.01935
-0.0192
-0.01905
-0.0189
-0.01875
-0.0186
-0.01845
-0.0183
-0.01815
-0.018
-0.01785
-0.0177
-0.01755
-0.0174
-0.01725
-0.0171
-0.01695
-0.0168
-0.01665
-0.0165
-0.01635
-0.0162
-0.01605
-0.0159
-0.01575
-0.0156
-0.01545
-0.0153
-0.01515
-0.015
-0.01485
-0.0147
-0.01455
-0.0144
-0.01425
-0.0141
-0.01395
-0.0138
-0.01365
-0.0135
-0.01335
-0.0132
-0.01305
-0.0129
-0.01275
-0.0126
-0.01245
-0.0123
-0.01215
-0.012
-0.01185
-0.0117
-0.01155
-0.0114
-0.01125
-0.0111
-0.01095
-0.0108
-0.01065
-0.0105
-0.01035
-0.0102
-0.01005
-0.0099
-0.00975
-0.0096
-0.00945
-0.0093
-0.00915
-0.009
-0.00885
-0.0087
-0.00855
-0.0084
-0.00825
-0.0081
-0.00795
-0.0078
-0.00765
-0.0075
-0.00735
-0.0072
-0.00705
-0.0069
-0.00675
-0.0066
-0.00645
-0.0063
-0.00615
-0.006
-0.00585
-0.0057
-0.00555
-0.0054
-0.00525
-0.0051
-0.00495
-0.0048
-0.00465
-0.0045
-0.00435
-0.0042
-0.00405
-0.0039
-0.00375
-0.0036
-0.00345
-0.0033
-0.00315
-0.003
-0.00285
-0.0027
-0.00255
-0.0024
-0.00225
-0.0021
-0.00195
-0.0018
-0.00165
-0.0015
-0.00135
-0.0012
-0.00105
-0.000900003
-0.000750003
-0.000600003
-0.000450003
-0.000300003
-0.000150003
-2.67366e-09
0.000149997
0.000299997
0.000449997
0.000599997
0.000749997
0.000899997
0.00105
0.0012
0.00135
0.0015
0.00165
0.0018
0.00195
0.0021
0.00225
0.0024
0.00255
0.0027
0.00285
0.003
0.00315
0.0033
0.00345
0.0036
0.00375
0.0039
0.00405
0.0042
0.00435
0.0045
0.00465
0.0048
0.00495
0.0051
0.00525
0.0054
0.00555
0.0057
0.00585
0.006
0.00615
0.0063
0.00645
0.0066
0.00675
0.0069
0.00705
0.0072
0.00735
0.0075
0.00765
0.0078
0.00795
0.0081
0.00825
0.0084
0.00855
0.0087
0.00885
0.009
0.00915
0.0093
0.00945
0.0096
0.00975
0.0099
0.01005
0.0102
0.01035
0.0105
0.01065
0.0108
0.01095
0.0111
0.01125
0.0114
0.01155
0.0117
0.01185
0.012
0.01215
0.0123
0.01245
0.0126
0.01275
0.0129
0.01305
0.0132
0.01335
0.0135
0.01365
0.0138
0.01395
0.0141
0.01425
0.0144
0.01455
0.0147
0.01485
0.015
0.01515
0.0153
0.01515
0.015
0.01485
0.0147
0.01455
0.0144
0.01425
0.0141
0.01395
0.0138
0.01365
0.0135
0.01335
0.0132
0.01305
0.0129
0.01275
0.0126
0.01245
0.0123
0.01215
0.012
0.01185
0.0117
0.01155
0.0114
0.01125
0.0111
0.01095
0.0108
0.01065
0.0105
0.01035
0.0102
0.01005
0.0099
0.00975
0.0096
0.00945
0.0093
0.00915
0.009
0.00885
0.0087
0.00855
0.0084
0.00825
0.0081
0.00795
0.0078
0.00765
0.0075
0.00735
0.0072
0.00705
0.0069
0.00675
0.0066
0.00645
0.0063
0.00615
0.006
0.00585
0.0057
0.00555
0.0054
0.00525
0.0051
0.00495
0.0048
0.00465
0.0045
0.00435
0.0042
0.00405
0.0039
0.00375
0.0036
0.00345
0.0033
0.00315
0.003
0.00285
0.0027
0.00255
0.0024
0.00225
0.0021
0.00195
0.0018
0.00165
0.0015
0.00135
0.0012
0.00105
0.000899998
0.000749998
0.000599998
0.000449998
0.000299998
0.000149998
-1.71451e-09
-0.000150002
-0.000300002
-0.000450002
-0.000600002
-0.000750002
-0.000900002
-0.00105
-0.0012
-0.00135
-0.0015
-0.00165
-0.0018
-0.00195
-0.0021
-0.00225
-0.0024
-0.00255
-0.0027
-0.00285
-0.003
-0.00315
-0.0033
-0.00345
-0.0036
-0.00375
-0.0039
-0.00405
-0.0042
-0.00435
-0.0045
-0.00465
-0.0048
-0.00495
-0.0051
-0.00525
-0.0054
-0.00555
-0.0057
-0.00585
-0.006
-0.00615
-0.0063
-0.00645
-0.0066
-0.00675
-0.0069
-0.00705
-0.0072
-0.00735
-0.0075
-0.00765
-0.0078
-0.00795
-0.0081
-0.00825
-0.0084
-0.00855
-0.0087
-0.00885
-0.009
-0.00915
-0.0093
-0.00945
-0.0096
-0.00975
-0.0099
-0.01005
-0.0102
-0.01035
-0.0105
-0.01065
-0.0108
-0.01095
-0.0111
-0.01125
-0.0114
-0.01155
-0.0117
-0.01185
-0.012
-0.01215
-0.0123
-0.01245
-0.0126
-0.01275
-0.0129
-0.01305
-0.0132
-0.01335
-0.0135
-0.01365
-0.0138
-0.01395
-0.0141
-0.01425
-0.0144
-0.01455
-0.0147
-0.01485
-0.015
-0.01515
-0.0153
-0.01515
-0.015
-0.01485
-0.0147
-0.01455
-0.0144
-0.01425
-0.0141
-0.01395
-0.0138
-0.01365
-0.0135
-0.01335
-0.0132
-0.01305
-0.0129
-0.01275
-0.0126
-0.01245
-0.0123
-0.01215
-0.012
-0.01185
-0.0117
-0.01155
-0.0114
-0.01125
-0.0111
-0.01095
-0.0108
-0.01065
-0.0105
-0.01035
-0.0102
-0.01005
-0.0099
-0.00975
-0.0096
-0.00945
-0.0093
-0.00915
-0.009
-0.00885
-0.0087
-0.00855
-0.0084
-0.00825
-0.0081
-0.00795
-0.0078
-0.00765
-0.0075
-0.00735
-0.0072
-0.00705
-0.0069
-0.00675
-0.0066
-0.00645
-0.0063
-0.00615
-0.006
-0.00585
-0.0057
-0.00555
-0.0054
-0.00525
-0.0051
-0.00495
-0.0048
-0.00465
-0.0045
-0.00435
-0.0042
-0.00405
-0.0039
-0.00375
-0.0036
-0.00345
-0.0033
-0.00315
-0.003
-0.00285
-0.0027
-0.00255
-0.0024
-0.00225
-0.0021
-0.00195
-0.0018
-0.00165
-0.0015
-0.00135
-0.0012
-0.00105
-0.000900004
-0.000750004
-0.000600004
-0.000450004
-0.000300004
-0.000150004
-3.77922e-09
0.000149996
0.000299996
0.000449996
0.000599996
0.000749996
0.000899996
0.00105
0.0012
0.00135
0.0015
0.00165
0.0018
0.00195
0.0021
0.00225
0.0024
0.00255
0.0027
0.00285
0.003
0.00315
0.0033
0.00345
0.0036
0.00375
0.0039
0.00405
0.0042
0.00435
0.0045
0.00465
0.0048
0.00495
0.0051
0.00525
0.0054
0.00555
0.0057
0.00585
0.006
0.00615
0.0063
0.00645
0.0066
0.00675
0.0069
0.00705
0.0072
0.00735
0.0075
0.00765
0.0078
0.00795
0.0081
0.00825
0.0084
0.00855
0.0087
0.00885
0.009
0.00915
0.0093
0.00945
0.0096
0.00975
0.0099
0.01005
0.0102
0.01035
0.0105
0.01065
0.0108
0.01095
0.0111
0.01125
0.0114
0.01155
0.0117
0.01185
0.012
0.01215
0.0123
0.01245
0.0126
0.01275
0.0129
0.01305
0.0132
0.01335
0.0135
0.01365
0.0138
0.01395
0.0141
0.01425
0.0144
0.01455
0.0147
0.01485
0.015
0.01515
0.0153
0.01515
0.015
0.01485
0.0147
0.01455
0.0144
0.01425
0.0141
0.01395
0.0138
0.01365
0.0135
0.01335
0.0132
0.01305
0.0129
0.01275
0.0126
0.01245
0.0123
0.01215
0.012
0.01185
0.0117
0.01155
0.0114
0.01125
0.0111
0.01095
0.0108
0.01065
0.0105
0.01035
0.0102
0.01005
0.0099
0.00975
0.0096
0.00945
0.0093
0.00915
0.009
0.00885
0.0087
0.00855
0.0084
0.00825
0.0081
0.00795
0.0078
0.00765
0.0075
0.00735
0.0072
0.00705
0.0069
0.00675
0.0066
0.00645
0.0063
0.00615
0.006
0.00585
0.0057
0.00555
0.0054
0.00525
0.0051
0.00495
0.0048
0.00465
0.0045
0.00435
0.0042
0.00405
0.0039
0.00375
0.0036
0.00345
0.0033
0.00315
0.003
0.00285
0.0027
0.00255
0.0024
0.00225
0.0021
0.00195
0.0018
0.00165
0.0015
0.00135
0.0012
0.00105
0.000899997
0.000749997
0.000599997
0.000449997
0.000299997
0.000149997
-2.81724e-09
-0.000150003
-0.000300003
-0.000450003
-0.000600003
-0.000750003
-0.000900003
-0.00105
-0.0012
-0.00135
-0.0015
-0.00165
-0.0018
-0.00195
-0.0021
-0.00225
-0.0024
-0.00255
-0.0027
-0.00285
-0.003
-0.00315
-0.0033
-0.00345
-0.0036
-0.00375
-0.0039
-0.00405
-0.0042
-0.00435
-0.0045
-0.00465
-0.0048
-0.00495
-0.0051
-0.00525
-0.0054
-0.00555
-0.0057
-0.00585
-0.006
-0.00615
-0.0063
-0.00645
-0.0066
-0.00675
-0.0069
-0.00705
-0.0072
-0.00735
-0.0075
-0.00765
-0.0078
-0.00795
-0.0081
-0.00825
-0.0084
-0.00855
-0.0087
-0.00885
-0.009
-0.00915
-0.0093
-0.00945
-0.0096
-0.00975
-0.0099
-0.01005
-0.0102
-0.01035
-0.0105
-0.01065
-0.0108
-0.01095
-0.0111
-0.01125
-0.0114
-0.01155
-0.0117
-0.01185
-0.012
-0.01215
-0.0123
-0.01245
-0.0126
-0.01275
-0.0129
-0.01305
-0.0132
-0.01335
-0.0135
-0.01365
-0.0138
-0.01395
-0.0141
-0.01425
-0.0144
-0.01455
-0.0147
-0.01485
-0.015
-0.01515
-0.0153
-0.01515
-0.015
-0.01485
-0.0147
-0.01455
-0.0144
-0.01425
-0.0141
-0.01395
-0.0138
-0.01365
-0.0135
-0.01335
-0.0132
-0.01305
-0.0129
-0.01275
-0.0126
-0.01245
-0.0123
-0.01215
-0.012
-0.01185
-0.0117
-0.01155
-0.0114
-0.01125
-0.0111
-0.01095
-0.0108
-0.01065
-0.0105
-0.01035
-0.0102
-0.01005
-0.0099
-0.00975
-0.0096
-0.00945
-0.0093
-0.00915
-0.009
-0.00885
-0.0087
-0.00855
-0.0084
-0.00825
-0.0081
-0.00795
-0.0078
-0.00765
-0.0075
-0.00735
-0.0072
-0.00705
-0.0069
-0.00675
-0.0066
-0.00645
-0.0063
-0.00615
-0.006
-0.00585
-0.0057
-0.00555
-0.0054
-0.00525
-0.0051
-0.00495
-0.0048
-0.00465
-0.0045
-0.00435
-0.0042
-0.00405
-0.0039
-0.00375
-0.0036
-0.00345
-0.0033
-0.00315
-0.003
-0.00285
-0.0027
-0.00255
-0.0024
-0.00225
-0.0021
-0.00195
-0.0018
-0.00165
-0.0015
-0.00135
-0.0012
-0.00105
-0.000900004
-0.000750004
-0.000600004
-0.000450004
-0.000300004
-0.000150004
-4.13797e-09
0.000149996
0.000299996
0.000449996
0.000599996
0.000749996
0.000899996
0.00105
0.0012
0.00135
0.0015
0.00165
0.0018
0.00195
0.0021
0.00225
0.0024
0.00255
0.0027
0.00285
0.003
0.00315
0.0033
0.00345
0.0036
0.00375
0.0039
0.00405
0.0042
0.00435
0.0045
0.00465
0.0048
0.00495
0.0051
0.00525
0.0054
0.00555
0.0057
0.00585
0.006
0.00615
0.0063
0.00645
0.0066
0.00675
0.0069
0.00705
0.0072
0.00735
0.0075
0.00765
0.0078
0.00795
0.0081
0.00825
0.0084
0.00855
0.0087
0.00885
0.009
0.00915
0.0093
0.00945
0.0096
0.00975
0.0099
0.01005
0.0102
0.01035
0.0105
0.01065
0.0108
0.01095
0.0111
0.01125
0.0114
0.01155
0.0117
0.01185
0.012
0.01215
0.0123
0.01245
0.0126
0.01275
0.0129
0.01305
0.0132
0.01335
0.0135
0.01365
0.0138
0.01395
0.0141
0.01425
0.0144
0.01455
0.0147
0.01485
0.015
0.01515
0.0153
0.01545
0.0156
0.01575
0.0159
0.01605
0.0162
0.01635
0.0165
0.01665
0.0168
0.01695
0.0171
0.01725
0.0174
0.01755
0.0177
0.01785
0.018
0.01815
0.0183
0.01845
0.0186
0.01875
0.0189
0.01905
0.0192
0.01935
0.0195
0.01965
0.0198
0.01995
0.0201
0.02025
0.0204
0.02055
0.0207
0.02085
0.021
0.02115
0.0213
0.02145
0.0216
0.02175
0.0219
0.02205
0.0222
0.02235
0.0225
0.02265
0.0228
0.02295
0.0231
0.02325
0.0234
0.02355
0.0237
0.02385
0.024
0.02415
0.0243
0.02445
0.0246
0.02475
0.0249
0.02505
0.0252
0.02535
0.0255
0.02565
0.0258
0.02595
0.0261
0.02625
0.0264
0.02655
0.0267
0.02685
0.027
0.02715
0.0273
0.02745
0.0276
0.02775
0.0279
0.02805
0.0282
0.02835
0.0285
0.02865
0.0288
0.02895
0.0291
0.02895
0.0288
0.02865
0.0285
0.02835
0.0282
0.02805
0.0279
0.02775
0.0276
0.02745
0.0273
0.02715
0.027
0.02685
0.0267
0.02655
0.0264
0.02625
0.0261
0.02595
0.0258
0.02565
0.0255
0.02535
0.0252
0.02505
0.0249
0.02475
0.0246
0.02445
0.0243
0.02415
0.024
0.02385
0.0237
0.02355
0.0234
0.02325
0.0231
0.02295
0.0228
0.02265
0.0225
0.02235
0.0222
0.02205
0.0219
0.02175
0.0216
0.02145
0.0213
0.02115
0.021
0.02085
0.0207
0.02055
0.0204
0.02025
0.0201
0.01995
0.0198
0.01965
0.0195
0.01935
0.0192
0.01905
0.0189
0.01875
0.0186
0.01845
0.0183
0.01815
0.018
0.01785
0.0177
0.01755
0.0174
0.01725
0.0171
0.01695
0.0168
0.01665
0.0165
0.01635
0.0162
0.01605
0.0159
0.01575
0.0156
0.01545
0.0153
0.01515
0.015
0.01485
0.0147
0.01455
0.0144
0.01425
0.0141
0.01395
0.0138
0.01365
0.0135
0.01335
0.0132
0.01305
0.0129
0.01275
0.0126
0.01245
0.0123
0.01215
0.012
0.01185
0.0117
0.01155
0.0114
0.01125
0.0111
0.01095
0.0108
0.01065
0.0105
0.01035
0.0102
0.01005
0.0099
0.00975
0.0096
0.00945
0.0093
0.00915
0.009
0.00885
0.0087
0.00855
0.0084
0.00825
0.0081
0.00795
0.0078
0.00765
0.0075
0.00735
0.0072
0.00705
0.0069
0.00675
0.0066
0.00645
0.0063
0.00615
0.006
0.00585
0.0057
0.00555
0.0054
0.00525
0.0051
0.00495
0.0048
0.00465
0.0045
0.00435
0.0042
0.00405
0.0039
0.00375
0.0036
0.00345
0.0033
0.00315
0.003
0.00285
0.0027
0.00255
0.0024
0.00225
0.0021
0.00195
0.0018
0.00165
0.0015
0.00135
0.0012
0.00105
0.000899997
0.000749997
0.000599997
0.000449997
0.000299997
0.000149997
-3.368e-09
-0.000150003
-0.000300003
-0.000450003
-0.000600003
-0.000750003
-0.000900003
-0.00105
-0.0012
-0.00135
-0.0015
-0.00165
-0.0018
-0.00195
-0.0021
-0.00225
-0.0024
-0.00255
-0.0027
-0.00285
-0.003
-0.00315
-0.0033
-0.00345
-0.0036
-0.00375
-0.0039
-0.00405
-0.0042
-0.00435
-0.0045
-0.00465
-0.0048
-0.00495
-0.0051
-0.00525
-0.0054
-0.00555
-0.0057
-0.00585
-0.006
-0.00615
-0.0063
-0.00645
-0.0066
-0.00675
-0.0069
-0.00705
-0.0072
-0.00735
-0.0075
-0.00765
-0.0078
-0.00795
-0.0081
-0.00825
-0.0084
-0.00855
-0.0087
-0.00885
-0.009
-0.00915
-0.0093
-0.00945
-0.0096
-0.00975
-0.0099
-0.01005
-0.0102
-0.01035
-0.0105
-0.01065
-0.0108
-0.01095
-0.0111
-0.01125
-0.0114
-0.01155
-0.0117
-0.01185
-0.012
-0.01215
-0.0123
-0.01245
-0.0126
-0.01275
-0.0129
-0.01305
-0.0132
-0.01335
-0.0135
-0.01365
-0.0138
-0.01395
-0.0141
-0.01425
-0.0144
-0.01455
-0.0147
-0.01485
-0.015
-0.01515
-0.0153
-0.01545
-0.0156
-0.01575
-0.0159
-0.01605
-0.0162
-0.01635
-0.0165
-0.01665
-0.0168
-0.01695
-0.0171
-0.01725
-0.0174
-0.01755
-0.0177
-0.01785
-0.018
-0.01815
-0.0183
-0.01845
-0.0186
-0.01875
-0.0189
-0.01905
-0.0192
-0.01935
-0.0195
-0.01965
-0.0198
-0.01995
-0.0201
-0.02025
-0.0204
-0.02055
-0.0207
-0.02085
-0.021
-0.02115
-0.0213
-0.02145
-0.0216
-0.02175
-0.0219
-0.02205
-0.0222
-0.02235
-0.0225
-0.02265
-0.0228
-0.02295
-0.0231
-0.02325
-0.0234
-0.02355
-0.0237
-0.02385
-0.024
-0.02415
-0.0243
-0.02445
-0.0246
-0.02475
-0.0249
-0.02505
-0.0252
-0.02535
-0.0255
-0.02565
-0.0258
-0.02595
-0.0261
-0.02625
-0.0264
-0.02655
-0.0267
-0.02685
-0.027
-0.02715
-0.0273
-0.02745
-0.0276
-0.02775
-0.0279
-0.02805
-0.0282
-0.02835
-0.0285
-0.02865
-0.0288
-0.02895
-0.0291
-0.02895
-0.0288
-0.02865
-0.0285
-0.02835
-0.0282
-0.02805
-0.0279
-0.02775
-0.0276
-0.02745
-0.0273
-0.02715
-0.027
-0.02685
-0.0267
-0.02655
-0.0264
-0.02625
-0.0261
-0.02595
-0.0258
-0.02565
-0.0255
-0.02535
-0.0252
-0.02505
-0.0249
-0.02475
-0.0246
-0.02445
-0.0243
-0.02415
-0.024
-0.02385
-0.0237
-0.02355
-0.0234
-0.02325
-0.0231
-0.02295
-0.0228
-0.02265
-0.0225
-0.02235
-0.0222
-0.02205
-0.0219
-0.02175
-0.0216
-0.02145
-0.0213
-0.02115
-0.021
-0.02085
-0.0207
-0.02055
-0.0204
-0.02025
-0.0201
-0.01995
-0.0198
-0.01965
-0.0195
-0.01935
-0.0192
-0.01905
-0.0189
-0.01875
-0.0186
-0.01845
-0.0183
-0.01815
-0.018
-0.01785
-0.0177
-0.01755
-0.0174
-0.01725
-0.0171
-0.01695
-0.0168
-0.01665
-0.0165
-0.01635
-0.0162
-0.01605
-0.0159
-0.01575
-0.0156
-0.01545
-0.0153
-0.01515
-0.015
-0.01485
-0.0147
-0.01455
-0.0144
-0.01425
-0.0141
-0.01395
-0.0138
-0.01365
-0.0135
-0.01335
-0.0132
-0.01305
-0.0129
-0.01275
-0.0126
-0.01245
-0.0123
-0.01215
-0.012
-0.01185
-0.0117
-0.01155
-0.0114
-0.01125
-0.0111
-0.01095
-0.0108
-0.01065
-0.0105
-0.01035
-0.0102
-0.01005
-0.0099
-0.00975
-0.0096
-0.00945
-0.0093
-0.00915
-0.009
-0.00885
-0.0087
-0.00855
-0.0084
-0.00825
-0.0081
-0.00795
-0.0078
-0.00765
-0.0075
-0.00735
-0.0072
-0.00705
-0.0069
-0.00675
-0.0066
-0.00645
-0.0063
-0.00615
-0.006
-0.00585
-0.0057
-0.00555
-0.0054
-0.00525
-0.0051
-0.00495
-0.0048
-0.00465
-0.0045
-0.00435
-0.0042
-0.00405
-0.0039
-0.00375
-0.0036
-0.00345
-0.0033
-0.00315
-0.003
-0.00285
-0.0027
-0.00255
-0.0024
-0.00225
-0.0021
-0.00195
-0.0018
-0.00165
-0.0015
-0.00135
-0.0012
-0.00105
-0.000900004
-0.000750004
-0.000600004
-0.000450004
-0.000300004
-0.000150004
-3.75732e-09
0.000149996
0.000299996
0.000449996
0.000599996
0.000749996
0.000899996
0.00105
0.0012
0.00135
0.0015
0.00165
0.0018
0.00195
0.0021
0.00225
0.0024
0.00255
0.0027
0.00285
0.003
0.00315
0.0033
0.00345
0.0036
0.00375
0.0039
0.00405
0.0042
0.00435
0.0045
0.00465
0.0048
0.00495
0.0051
0.00525
0.0054
0.00555
0.0057
0.00585
0.006
0.00615
0.0063
0.00645
0.0066
0.00675
0.0069
0.00705
0.0072
0.00735
0.0075
0.00765
0.0078
0.00795
0.0081
0.00825
0.0084
0.00855
0.0087
0.00885
0.009
0.00915
0.0093
0.00945
0.0096
0.00975
0.0099
0.01005
0.0102
0.01035
0.0105
0.01065
0.0108
0.01095
0.0111
0.01125
0.0114
0.01155
0.0117
0.01185
0.012
0.01215
0.0123
0.01245
0.0126
0.01275
0.0129
0.01305
0.0132
0.01335
0.0135
0.01365
0.0138
0.01395
0.0141
0.01425
0.0144
0.01455
0.0147
0.01485
0.015
0.01515
0.0153
0.01545
0.0156
0.01575
0.0159
0.01605
0.0162
0.01635
0.0165
0.01665
0.0168
0.01695
0.0171
0.01725
0.0174
0.01755
0.0177
0.01785
0.018
0.01815
0.0183
0.01845
0.0186
0.01875
0.0189
0.01905
0.0192
0.01935
0.0195
0.01965
0.0198
0.01995
0.0201
0.02025
0.0204
0.02055
0.0207
0.02085
0.021
0.02115
0.0213
0.02145
0.0216
0.02175
0.0216
0.02145
0.0213
0.02115
0.021
0.02085
0.0207
0.02055
0.0204
0.02025
0.0201
0.01995
0.0198
0.01965
0.0195
0.01935
0.0192
0.01905
0.0189
0.01875
0.0186
0.01845
0.0183
0.01815
0.018
0.01785
0.0177
0.01755
0.0174
0.01725
0.0171
0.01695
0.0168
0.01665
0.0165
0.01635
0.0162
0.01605
0.0159
0.01575
0.0156
0.01545
0.0153
0.01515
0.015
0.01485
0.0147
0.01455
0.0144
0.01425
0.0141
0.01395
0.0138
0.01365
0.0135
0.01335
0.0132
0.01305
0.0129
0.01275
0.0126
0.01245
0.0123
0.01215
0.012
0.01185
0.0117
0.01155
0.0114
0.01125
0.0111
0.01095
0.0108
0.01065
0.0105
0.01035
0.0102
0.01005
0.0099
0.00975
0.0096
0.00945
0.0093
0.00915
0.009
0.00885
0.0087
0.00855
0.0084
0.00825
0.0081
0.00795
0.0078
0.00765
0.0075
0.00735
0.0072
0.00705
0.0069
0.00675
0.0066
0.00645
0.0063
0.00615
0.006
0.00585
0.0057
0.00555
0.0054
0.00525
0.0051
0.00495
0.0048
0.00465
0.0045
0.00435
0.0042
0.00405
0.0039
0.00375
0.0036
0.00345
0.0033
0.00315
0.003
0.00285
0.0027
0.00255
0.0024
0.00225
0.0021
0.00195
0.0018
0.00165
0.0015
0.00135
0.0012
0.00105
0.000899997
0.000749997
0.000599997
0.000449997
0.000299997
0.000149997
-3.1187e-09
-0.000150003
-0.000300003
-0.000450003
-0.000600003
-0.000750003
-0.000900003
-0.00105
-0.0012
-0.00135
-0.0015
-0.00165
-0.0018
-0.00195
-0.0021
-0.00225
-0.0024
-0.00255
-0.0027
-0.00285
-0.003
-0.00315
-0.0033
-0.00345
-0.0036
-0.00375
-0.0039
-0.00405
-0.0042
-0.00435
-0.0045
-0.00465
-0.0048
-0.00495
-0.0051
-0.00525
-0.0054
-0.00555
-0.0057
-0.00585
-0.006
-0.00615
-0.0063
-0.00645
-0.0066
-0.00675
-0.0069
-0.00705
-0.0072
-0.00735
-0.0075
-0.00765
-0.0078
-0.00795
-0.0081
-0.00825
-0.0084
-0.00855
-0.0087
-0.00885
-0.009
-0.00915
-0.0093
-0.00945
-0.0096
-0.00975
-0.0099
-0.01005
-0.0102
-0.01035
-0.0105
-0.01065
-0.0108
-0.01095
-0.0111
-0.01125
-0.0114
-0.01155
-0.0117
-0.01185
-0.012
-0.01215
-0.0123
-0.01245
-0.0126
-0.01275
-0.0129
-0.01305
-0.0132
-0.01335
-0.0135
-0.01365
-0.0138
-0.01395
-0.0141
-0.01425
-0.0144
-0.01455
-0.0147
-0.01485
-0.015
-0.01515
-0.0153
-0.01545
-0.0156
-0.01575
-0.0159
-0.01605
-0.0162
-0.01635
-0.0165
-0.01665
-0.0168
-0.01695
-0.0171
-0.01725
-0.0174
-0.01755
-0.0177
-0.01785
-0.018
-0.01815
-0.0183
-0.01845
-0.0186
-0.01875
-0.0189
-0.01905
-0.0192
-0.01935
-0.0195
-0.01965
-0.0198
-0.01995
-0.0201
-0.02025
-0.0204
-0.02055
-0.0207
-0.02085
-0.021
-0.02115
-0.0213
-0.02145
-0.0216
-0.02175
-0.0216
-0.02145
-0.0213
-0.02115
-0.021
-0.02085
-0.0207
-0.02055
-0.0204
-0.02025
-0.0201
-0.01995
-0.0198
-0.01965
-0.0195
-0.01935
-0.0192
-0.01905
-0.0189
-0.01875
-0.0186
-0.01845
-0.0183
-0.01815
-0.018
-0.01785
-0.0177
-0.01755
-0.0174
-0.01725
-0.0171
-0.01695
-0.0168
-0.01665
-0.0165
-0.01635
-0.0162
-0.01605
-0.0159
-0.01575
-0.0156
-0.01545
-0.0153
-0.01515
-0.015
-0.01485
-0.0147
-0.01455
-0.0144
-0.01425
-0.0141
-0.01395
-0.0138
-0.01365
-0.0135
-0.01335
-0.0132
-0.01305
-0.0129
-0.01275
-0.0126
-0.01245
-0.0123
-0.01215
-0.012
-0.01185
-0.0117
-0.01155
-0.0114
-0.01125
-0.0111
-0.01095
-0.0108
-0.01065
-0.0105
-0.01035
-0.0102
-0.01005
-0.0099
-0.00975
-0.0096
-0.00945
-0.0093
-0.00915
-0.009
-0.00885
-0.0087
-0.00855
-0.0084
-0.00825
-0.0081
-0.00795
-0.0078
-0.00765
-0.0075
-0.00735
-0.0072
-0.00705
-0.0069
-0.00675
-0.0066
-0.00645
-0.0063
-0.00615
-0.006
-0.00585
-0.0057
-0.00555
-0.0054
-0.00525
-0.0051
-0.00495
-0.0048
-0.00465
-0.0045
-0.00435
-0.0042
-0.00405
-0.0039
-0.00375
-0.0036
-0.00345
-0.0033
-0.00315
-0.003
-0.00285
-0.0027
-0.00255
-0.0024
-0.00225
-0.0021
-0.00195
-0.0018
-0.00165
-0.0015
-0.00135
-0.0012
-0.00105
-0.000900004
-0.000750004
-0.000600004
-0.000450004
-0.000300004
-0.000150004
-4.06784e-09
0.000149996
0.000299996
0.000449996
0.000599996
0.000749996
0.000899996
0.00105
0.0012
0.00135
0.0015
0.00165
0.0018
0.00195
0.0021
0.00225
0.0024
0.00255
0.0027
0.00285
0.003
0.00315
0.0033
0.00345
0.0036
0.00375
0.0039
0.00405
0.0042
0.00435
0.0045
0.00465
0.0048
0.00495
0.0051
0.00525
0.0054
0.00555
0.0057
0.00585
0.006
0.00615
0.0063
0.00645
0.0066
0.00675
0.0069
0.00705
0.0072
0.00735
0.0075
0.00765
0.0078
0.00795
0.0081
0.00825
0.0084
0.00855
0.0087
0.00885
0.009
0.00915
0.0093
0.00945
0.0096
0.00975
0.0099
0.01005
0.0102
0.01035
0.0105
0.01065
0.0108
0.01095
0.0111
0.01125
0.0114
0.01155
0.0117
0.01185
0.012
0.01215
0.0123
0.01245
0.0126
0.01275
0.0129
0.01305
0.0132
0.01335
0.0135
0.01365
0.0138
0.01395
0.0141
0.01425
0.0144
0.01455
0.0147
0.01485
0.015
0.01515
0.0153
0.01545
0.0156
0.01575
0.0159
0.01605
0.0162
0.01635
0.0165
0.01665
0.0168
0.01695
0.0171
0.01725
0.0174
0.01755
0.0177
0.01785
0.018
0.01815
0.0183
0.01845
0.0186
0.01875
0.0189
0.01905
0.0192
0.01935
0.0195
0.01965
0.0198
0.01995
0.0201
0.02025
0.0204
0.02055
0.0207
0.02085
0.021
0.02115
0.0213
0.02145
0.0216
0.02175
0.0216
0.02145
0.0213
0.02115
0.021
0.02085
0.0207
0.02055
0.0204
0.02025
0.0201
0.01995
0.0198
0.01965
0.0195
0.01935
0.0192
0.01905
0.0189
0.01875
0.0186
0.01845
0.0183
0.01815
0.018
0.01785
0.0177
0.01755
0.0174
0.01725
0.0171
0.01695
0.0168
0.01665
0.0165
0.01635
0.0162
0.01605
0.0159
0.01575
0.0156
0.01545
0.0153
0.01515
0.015
0.01485
0.0147
0.01455
0.0144
0.01425
0.0141
0.01395
0.0138
0.01365
0.0135
0.01335
0.0132
0.01305
0.0129
0.01275
0.0126
0.01245
0.0123
0.01215
0.012
0.01185
0.0117
0.01155
0.0114
0.01125
0.0111
0.01095
0.0108
0.01065
0.0105
0.01035
0.0102
0.01005
0.0099
0.00975
0.0096
0.00945
0.0093
0.00915
0.009
0.00885
0.0087
0.00855
0.0084
0.00825
0.0081
0.00795
0.0078
0.00765
0.0075
0.00735
0.0072
0.00705
0.0069
0.00675
0.0066
0.00645
0.0063
0.00615
0.006
0.00585
0.0057
0.00555
0.0054
0.00525
0.0051
0.00495
0.0048
0.00465
0.0045
0.00435
0.0042
0.00405
0.0039
0.00375
0.0036
0.00345
0.0033
0.00315
0.003
0.00285
0.0027
0.00255
0.0024
0.00225
0.0021
0.00195
0.0018
0.00165
0.0015
0.00135
0.0012
0.00105
0.000899997
0.000749997
0.000599997
0.000449997
0.000299997
0.000149997
-3.43797e-09
-0.000150003
-0.000300003
-0.000450003
-0.000600003
-0.000750003
-0.000900003
-0.00105
-0.0012
-0.00135
-0.0015
-0.00165
-0.0018
-0.00195
-0.0021
-0.00225
-0.0024
-0.00255
-0.0027
-0.00285
-0.003
-0.00315
-0.0033
-0.00345
-0.0036
-0.00375
-0.0039
-0.00405
-0.0042
-0.00435
-0.0045
-0.00465
-0.0048
-0.00495
-0.0051
-0.00525
-0.0054
-0.00555
-0.0057
-0.00585
-0.006
-0.00615
-0.0063
-0.00645
-0.0066
-0.00675
-0.0069
-0.00705
-0.0072
-0.00735
-0.0075
-0.00765
-0.0078
-0.00795
-0.0081
-0.00825
-0.0084
-0.00855
-0.0087
-0.00885
-0.009
-0.00915
-0.0093
-0.00945
-0.0096
-0.00975
-0.0099
-0.01005
-0.0102
-0.01035
-0.0105
-0.01065
-0.0108
-0.01095
-0.0111
-0.01125
-0.0114
-0.01155
-0.0117
-0.01185
-0.012
-0.01215
-0.0123
-0.01245
-0.0126
-0.01275
-0.0129
-0.01305
-0.0132
-0.01335
-0.0135
-0.01365
-0.0138
-0.01395
-0.0141
-0.01425
-0.0144
-0.01455
-0.0147
-0.01485
-0.015
-0.01515
-0.0153
-0.01545
-0.0156
-0.01575
-0.0159
-0.01605
-0.0162
-0.01635
-0.0165
-0.01665
-0.0168
-0.01695
-0.0171
-0.01725
-0.0174
-0.01755
-0.0177
-0.01785
-0.018
-0.01815
-0.0183
-0.01845
-0.0186
-0.01875
-0.0189
-0.01905
-0.0192
-0.01935
-0.0195
-0.01965
-0.0198
-0.01995
-0.0201
-0.02025
-0.0204
-0.02055
-0.0207
-0.02085
-0.021
-0.02115
-0.0213
-0.02145
-0.0216
-0.02175
-0.0216
-0.02145
-0.0213
-0.02115
-0.021
-0.02085
-0.0207
-0.02055
-0.0204
-0.02025
-0.0201
-0.01995
-0.0198
-0.01965
-0.0195
-0.01935
-0.0192
-0.01905
-0.0189
-0.01875
-0.0186
-0.01845
-0.0183
-0.01815
-0.018
-0.01785
-0.0177
-0.01755
-0.0174
-0.01725
-0.0171
-0.01695
-0.0168
-0.01665
-0.0165
-0.01635
-0.0162
-0.01605
-0.0159
-0.01575
-0.0156
-0.01545
-0.0153
-0.01515
-0.015
-0.01485
-0.0147
-0.01455
-0.0144
-0.01425
-0.0141
-0.01395
-0.0138
-0.01365
-0.0135
-0.01335
-0.0132
-0.01305
-0.0129
-0.01275
-0.0126
-0.01245
-0.0123
-0.01215
-0.012
-0.01185
-0.0117
-0.01155
-0.0114
-0.01125
-0.0111
-0.01095
-0.0108
-0.01065
-0.0105
-0.01035
-0.0102
-0.01005
-0.0099
-0.00975
-0.0096
-0.00945
-0.0093
-0.00915
-0.009
-0.00885
-0.0087
-0.00855
-0.0084
-0.00825
-0.0081
-0.00795
-0.0078
-0.00765
-0.0075
-0.00735
-0.0072
-0.00705
-0.0069
-0.00675
-0.0066
-0.00645
-0.0063
-0.00615
-0.006
-0.00585
-0.0057
-0.00555
-0.0054
-0.00525
-0.0051
-0.00495
-0.0048
-0.00465
-0.0045
-0.00435
-0.0042
-0.00405
-0.0039
-0.00375
-0.0036
-0.00345
-0.0033
-0.00315
-0.003
-0.00285
-0.0027
-0.00255
-0.0024
-0.00225
-0.0021
-0.00195
-0.0018
-0.00165
-0.0015
-0.00135
-0.0012
-0.00105
-0.000900004
-0.000750004
-0.000600004
-0.000450004
-0.000300004
-0.000150004
-4.32506e-09
