0.00018
0.00036
0.00054
0.00072
0.0009
0.00108
0.00126
0.00144
0.00162
0.0018
0.00162
0.00144
0.00126
0.00108
0.0009
0.00072
0.00054
0.00036
0.00018
-3.8191e-14
-0.00018
-0.00036
-0.00054
-0.00072
-0.0009
-0.00108
-0.00126
-0.00144
-0.00162
-0.0018
-0.00162
-0.00144
-0.00126
-0.00108
-0.0009
-0.00072
-0.00054
-0.00036
-0.00018
-3.06426e-13
0.000180001
0.000360001
0.000540001
0.000720001
0.000900001
0.00108
0.00126
0.00144
0.00162
0.0018
0.00162
0.00144
0.00126
0.00108
0.000899998
0.000719998
0.000539998
0.000359997
0.000179997
-3.23246e-09
-0.000180003
-0.000360004
-0.000540004
-0.000720004
-0.000900005
-0.00108001
-0.00126001
-0.00144001
-0.00162001
-0.00180001
-0.00162001
-0.00144001
-0.00126001
-0.00108001
-0.000900005
-0.000720004
-0.000540004
-0.000360004
-0.000180004
-3.25932e-09
0.000179997
0.000359997
0.000539998
0.000719998
0.000899998
0.00108
0.00126
0.00144
0.00162
0.0018
0.00162
0.00144
0.00126
0.00108
0.000899999
0.000719998
0.000539998
0.000359998
0.000179998
-2.63906e-09
-0.000180003
-0.000360003
-0.000540003
-0.000720004
-0.000900004
-0.00108
-0.00126
-0.00144001
-0.00162001
-0.00180001
-0.00162001
-0.00144001
-0.00126001
-0.00108
-0.000900004
-0.000720004
-0.000540003
-0.000360003
-0.000180003
-2.66159e-09
0.000179998
0.000359998
0.000539998
0.000719999
0.000899999
0.00108
0.00126
0.00144
0.00162
0.0018
0.00162
0.00144
0.00126
0.00108
0.000899999
0.000719999
0.000539999
0.000359998
0.000179998
-2.0898e-09
-0.000180002
-0.000360003
-0.000540003
-0.000720003
-0.000900004
-0.00108
-0.00126
-0.00144
-0.00162001
-0.00180001
-0.00162001
-0.00144001
-0.00126
-0.00108
-0.000900004
-0.000720003
-0.000540003
-0.000360003
-0.000180002
-2.10501e-09
0.000179998
0.000359998
0.000539999
0.000719999
0.000899999
0.00108
0.00126
0.00144
0.00162
0.0018
0.00162
0.00144
0.00126
0.00108
0.0009
0.00072
0.000539999
0.000359999
0.000179999
-1.54472e-09
-0.000180002
-0.000360002
-0.000540002
-0.000720003
-0.000900003
-0.00108
-0.00126
-0.00144
-0.00162001
-0.00180001
-0.00162001
-0.00144
-0.00126
-0.00108
-0.000900003
-0.000720003
-0.000540002
-0.000360002
-0.000180002
-1.55197e-09
0.000179999
0.000359999
0.000539999
0.00072
0.0009
0.00108
0.00126
0.00144
0.00162
0.0018
0.00162
0.00144
0.00126
0.00108
0.000900001
0.00072
0.00054
0.00036
0.000179999
-9.76179e-10
-0.000180001
-0.000360002
-0.000540002
-0.000720002
-0.000900002
-0.00108
-0.00126
-0.00144
-0.00162
-0.00180001
-0.00162
-0.00144
-0.00126
-0.00108
-0.000900002
-0.000720002
-0.000540002
-0.000360001
-0.000180001
-9.74169e-10
0.000179999
0.00036
0.00054
0.00072
0.000900001
0.00108
0.00126
0.00144
0.00162
0.0018
0.00198
0.00216001
0.00234001
0.00252001
0.00234001
0.00216001
0.00198001
0.0018
0.00162
0.00144
0.00126
0.00108
0.000900002
0.000720001
0.000540001
0.00036
0.00018
-2.50327e-10
-0.000180001
-0.000360001
-0.000540001
-0.000720002
-0.000900002
-0.00108
-0.00126
-0.00144
-0.00162
-0.0018
-0.00198001
-0.00216001
-0.00234001
-0.00252001
-0.00234001
-0.00216001
-0.00198001
-0.00180001
-0.00162
-0.00144
-0.00126
-0.00108
-0.000900002
-0.000720002
-0.000540002
-0.000360001
-0.000180001
-7.99599e-10
0.000179999
0.00036
0.00054
0.00072
0.000900001
0.00108
0.00126
0.00144
0.00162
0.0018
0.00198
0.0018
0.00162
0.00144
0.00126
0.00108
0.000900001
0.000720001
0.000540001
0.00036
0.00018
-3.02676e-10
-0.000180001
-0.000360001
-0.000540001
-0.000720001
-0.000900002
-0.00108
-0.00126
-0.00144
-0.00162
-0.0018
-0.00198001
-0.00180001
-0.00162
-0.00144
-0.00126
-0.00108
-0.000900002
-0.000720002
-0.000540001
-0.000360001
-0.000180001
-5.23835e-10
0.00018
0.00036
0.00054
0.000720001
0.000900001
0.00108
0.00126
0.00144
0.00162
0.0018
0.00198001
0.0018
0.00162
0.00144
0.00126
0.00108
0.000900002
0.000720001
0.000540001
0.000360001
0.00018
8.70415e-11
-0.00018
-0.00036
-0.000540001
-0.000720001
-0.000900001
-0.00108
-0.00126
-0.00144
-0.00162
-0.0018
-0.00198001
-0.0018
-0.00162
-0.00144
-0.00126
-0.00108
-0.000900002
-0.000720001
-0.000540001
-0.000360001
-0.00018
-1.23125e-10
0.00018
0.000360001
0.000540001
0.000720002
0.000900002
0.00108
0.00126
0.00144
0.00162
0.00180001
0.00198001
0.00180001
0.00162
0.00144
0.00126
0.00108
0.000900003
0.000720002
0.000540002
0.000360001
0.000180001
9.11626e-10
-0.000179999
-0.00036
-0.00054
-0.00072
-0.000900001
-0.00108
-0.00126
-0.00144
-0.00162
-0.0018
-0.00198
-0.0018
-0.00162
-0.00144
-0.00126
-0.00108
-0.000900001
-0.00072
-0.00054
-0.00036
-0.00018
7.09207e-10
0.000180001
0.000360001
0.000540001
0.000720002
0.000900002
0.00108
0.00126
0.00144
0.00162
0.00180001
0.00198001
0.00180001
0.00162
0.00144
0.00126
0.00108
0.000900003
0.000720002
0.000540002
0.000360002
0.000180001
9.84871e-10
-0.000179999
-0.00036
-0.00054
-0.00072
-0.000900001
-0.00108
-0.00126
-0.00144
-0.00162
-0.0018
-0.00198
-0.0018
-0.00162
-0.00144
-0.00126
-0.00108
-0.000900001
-0.00072
-0.00054
-0.00036
-0.000179999
7.83079e-10
0.000180001
0.000360001
0.000540002
0.000720002
0.000900002
0.00108
0.00126
0.00144
0.00162
0.00180001
0.00198001
0.00180001
0.00162
0.00144
0.00126
0.00108
0.000900003
0.000720002
0.000540002
0.000360002
0.000180001
1.0734e-09
-0.000179999
-0.000359999
-0.00054
-0.00072
-0.0009
-0.00108
-0.00126
-0.00144
-0.00162
-0.0018
-0.00198
-0.0018
-0.00162
-0.00144
-0.00126
-0.00108
-0.000900001
-0.00072
-0.00054
-0.00036
-0.000179999
8.72399e-10
0.000180001
0.000360001
0.000540002
0.000720002
0.000900002
0.00108
0.00126
0.00144
0.00162
0.00180001
0.00198001
0.00180001
0.00162001
0.00144
0.00126
0.00108
0.000900003
0.000720002
0.000540002
0.000360002
0.000180001
1.17696e-09
-0.000179999
-0.000359999
-0.00054
-0.00072
-0.0009
-0.00108
-0.00126
-0.00144
-0.00162
-0.0018
-0.00198
-0.0018
-0.00162
-0.00144
-0.00126
-0.00108
-0.000900001
-0.00072
-0.00054
-0.00036
-0.000179999
9.76921e-10
0.000180001
0.000360001
0.000540002
0.000720002
0.000900002
0.00108
0.00126
0.00144
0.00162
0.00180001
0.00198001
0.00216001
0.00234001
0.00252001
0.00270001
0.00288001
0.00306001
0.00324001
0.00342001
0.00324001
0.00306001
0.00288001
0.00270001
0.00252001
0.00234001
0.00216001
0.00198001
0.0018
0.00162
0.00144
0.00126
0.00108
0.000900003
0.000720002
0.000540002
0.000360002
0.000180002
1.28061e-09
-0.000179999
-0.000359999
-0.00054
-0.00072
-0.0009
-0.00108
-0.00126
-0.00144
-0.00162
-0.0018
-0.00198
-0.00216
-0.00234001
-0.00252001
-0.00270001
-0.00288001
-0.00306001
-0.00324001
-0.00342001
-0.00324001
-0.00306001
-0.00288001
-0.00270001
-0.00252
-0.00234
-0.00216
-0.00198
-0.0018
-0.00162
-0.00144
-0.00126
-0.00108
-0.0009
-0.00072
-0.000539999
-0.000359999
-0.000179999
1.22727e-09
0.000180001
0.000360002
0.000540002
0.000720002
0.000900002
0.00108
0.00126
0.00144
0.00162
0.00180001
0.00198001
0.00216001
0.00234001
0.00252001
0.00234001
0.00216001
0.00198001
0.00180001
0.00162001
0.00144
0.00126
0.00108
0.000900003
0.000720003
0.000540002
0.000360002
0.000180002
1.66575e-09
-0.000179999
-0.000359999
-0.000539999
-0.000719999
-0.0009
-0.00108
-0.00126
-0.00144
-0.00162
-0.0018
-0.00198
-0.00216
-0.00234
-0.00252001
-0.00234
-0.00216
-0.00198
-0.0018
-0.00162
-0.00144
-0.00126
-0.00108
-0.0009
-0.00072
-0.000539999
-0.000359999
-0.000179999
1.358e-09
0.000180002
0.000360002
0.000540002
0.000720002
0.000900003
0.00108
0.00126
0.00144
0.00162
0.00180001
0.00198001
0.00216001
0.00234001
0.00252001
0.00234001
0.00216001
0.00198001
0.00180001
0.00162001
0.00144
0.00126
0.00108
0.000900003
0.000720003
0.000540003
0.000360002
0.000180002
1.85171e-09
-0.000179998
-0.000359999
-0.000539999
-0.000719999
-0.0009
-0.00108
-0.00126
-0.00144
-0.00162
-0.0018
-0.00198
-0.00216
-0.00234
-0.00252001
-0.00234
-0.00216
-0.00198
-0.0018
-0.00162
-0.00144
-0.00126
-0.00108
-0.0009
-0.00072
-0.000539999
-0.000359999
-0.000179999
1.53896e-09
0.000180002
0.000360002
0.000540002
0.000720003
0.000900003
0.00108
0.00126
0.00144
0.00162
0.00180001
0.00198001
0.00216001
0.00234001
0.00252001
0.00234001
0.00216001
0.00198001
0.00180001
0.00162001
0.00144
0.00126
0.00108
0.000900004
0.000720003
0.000540003
0.000360003
0.000180002
2.02769e-09
-0.000179998
-0.000359998
-0.000539999
-0.000719999
-0.000899999
-0.00108
-0.00126
-0.00144
-0.00162
-0.0018
-0.00198
-0.00216
-0.00234
-0.00252001
-0.00234
-0.00216
-0.00198
-0.0018
-0.00162
-0.00144
-0.00126
-0.00108
-0.0009
-0.000719999
-0.000539999
-0.000359999
-0.000179999
1.71576e-09
0.000180002
0.000360002
0.000540002
0.000720003
0.000900003
0.00108
0.00126
0.00144
0.00162
0.00180001
0.00198001
0.00216001
0.00234001
0.00252001
0.00234001
0.00216001
0.00198001
0.00180001
0.00162001
0.00144001
0.00126
0.00108
0.000900004
0.000720003
0.000540003
0.000360003
0.000180002
2.20052e-09
-0.000179998
-0.000359998
-0.000539999
-0.000719999
-0.000899999
-0.00108
-0.00126
-0.00144
-0.00162
-0.0018
-0.00198
-0.00216
-0.00234
-0.00252
-0.00234
-0.00216
-0.00198
-0.0018
-0.00162
-0.00144
-0.00126
-0.00108
-0.000899999
-0.000719999
-0.000539999
-0.000359999
-0.000179998
1.88936e-09
0.000180002
0.000360002
0.000540003
0.000720003
0.000900003
0.00108
0.00126
0.00144
0.00162001
0.00180001
0.00198001
0.00216001
0.00234001
0.00252001
0.00234001
0.00216001
0.00198001
0.00180001
0.00162001
0.00144001
0.00126
0.00108
0.000900004
0.000720004
0.000540003
0.000360003
0.000180003
2.37094e-09
-0.000179998
-0.000359998
-0.000539998
-0.000719999
-0.000899999
-0.00108
-0.00126
-0.00144
-0.00162
-0.0018
-0.00198
-0.00216
-0.00234
-0.00252
-0.00234
-0.00216
-0.00198
-0.0018
-0.00162
-0.00144
-0.00126
-0.00108
-0.000899999
-0.000719999
-0.000539999
-0.000359998
-0.000179998
2.06052e-09
0.000180002
0.000360003
0.000540003
0.000720003
0.000900003
0.00108
0.00126
0.00144
0.00162001
0.00180001
0.00198001
0.00216001
0.00234001
0.00252001
0.00234001
0.00216001
0.00198001
0.00180001
0.00162001
0.00144001
0.00126
0.00108
0.000900004
0.000720004
0.000540003
0.000360003
0.000180003
2.53949e-09
-0.000179998
-0.000359998
-0.000539998
-0.000719999
-0.000899999
-0.00108
-0.00126
-0.00144
-0.00162
-0.0018
-0.00198
-0.00216
-0.00234
-0.00252
-0.00234
-0.00216
-0.00198
-0.0018
-0.00162
-0.00144
-0.00126
-0.00108
-0.000899999
-0.000719999
-0.000539999
-0.000359998
-0.000179998
2.22977e-09
0.000180002
0.000360003
0.000540003
0.000720003
0.000900004
0.00108
0.00126
0.00144
0.00162001
0.00180001
0.00198001
0.00216001
0.00234001
0.00252001
0.00270001
0.00288001
0.00306001
0.00324001
0.00342001
0.00360001
0.00378001
0.00396001
0.00414001
0.00432001
0.00450001
0.00468001
0.00486001
0.00504002
0.00522002
0.00540002
0.00558002
0.00576002
0.00594002
0.00612002
0.00630002
0.00648002
0.00666002
0.00684002
0.00702002
0.00684002
0.00666002
0.00648002
0.00630002
0.00612001
0.00594001
0.00576001
0.00558001
0.00540001
0.00522001
0.00504001
0.00486001
0.00468001
0.00450001
0.00432001
0.00414001
0.00396001
0.00378001
0.00360001
0.00342001
0.00324001
0.00306
0.00288
0.0027
0.00252
0.00234
0.00216
0.00198
0.0018
0.00162
0.00144
0.00126
0.00108
0.000900003
0.000720003
0.000540003
0.000360003
0.000180003
2.46248e-09
-0.000179998
-0.000359998
-0.000539998
-0.000719998
-0.000899998
-0.00108
-0.00126
-0.00144
-0.00162
-0.0018
-0.00198
-0.00216
-0.00234
-0.00252
-0.0027
-0.00288001
-0.00306001
-0.00324001
-0.00342001
-0.00360001
-0.00378001
-0.00396001
-0.00414001
-0.00432001
-0.00450001
-0.00468001
-0.00486001
-0.00504001
-0.00522001
-0.00540001
-0.00558001
-0.00576001
-0.00594001
-0.00612001
-0.00630001
-0.00648001
-0.00666001
-0.00684001
-0.00702001
-0.00684001
-0.00666001
-0.00648001
-0.00630001
-0.00612001
-0.00594001
-0.00576001
-0.00558001
-0.00540001
-0.00522
-0.00504
-0.00486
-0.00468
-0.0045
-0.00432
-0.00414
-0.00396
-0.00378
-0.0036
-0.00342
-0.00324
-0.00306
-0.00288
-0.0027
-0.00252
-0.00234
-0.00216
-0.00198
-0.0018
-0.00162
-0.00144
-0.00126
-0.00108
-0.000899997
-0.000719997
-0.000539997
-0.000359997
-0.000179997
3.45358e-09
0.000180004
0.000360004
0.000540004
0.000720004
0.000900004
0.00108
0.00126
0.00144
0.00162
0.0018
0.00198
0.00216
0.00234
0.00252
0.00270001
0.00288001
0.00306001
0.00324001
0.00342001
0.00360001
0.00378001
0.00396001
0.00414001
0.00432001
0.00450001
0.00468001
0.00486001
0.00504001
0.00522001
0.00504001
0.00486001
0.00468001
0.00450001
0.00432001
0.00414001
0.00396001
0.00378001
0.00360001
0.00342001
0.00324
0.00306
0.00288
0.0027
0.00252
0.00234
0.00216
0.00198
0.0018
0.00162
0.00144
0.00126
0.00108
0.000900003
0.000720003
0.000540003
0.000360003
0.000180002
2.39419e-09
-0.000179998
-0.000359998
-0.000539998
-0.000719998
-0.000899998
-0.00108
-0.00126
-0.00144
-0.00162
-0.0018
-0.00198
-0.00216
-0.00234
-0.00252
-0.0027
-0.00288
-0.00306
-0.00324
-0.00342
-0.0036
-0.00378
-0.00396
-0.00414
-0.00432
-0.0045
-0.00468
-0.00486
-0.00504
-0.00522
-0.00504
-0.00486
-0.00468
-0.0045
-0.00432
-0.00414
-0.00396
-0.00378
-0.0036
-0.00342
-0.00324
-0.00306
-0.00288
-0.0027
-0.00252
-0.00234
-0.00216
-0.00198
-0.0018
-0.00162
-0.00144
-0.00126
-0.00108
-0.000899997
-0.000719996
-0.000539996
-0.000359996
-0.000179996
3.84167e-09
0.000180004
0.000360004
0.000540004
0.000720004
0.000900004
0.00108
0.00126
0.00144
0.00162
0.0018
0.00198
0.00216
0.00234001
0.00252001
0.00270001
0.00288001
0.00306001
0.00324001
0.00342001
0.00360001
0.00378001
0.00396001
0.00414001
0.00432001
0.00450001
0.00468001
0.00486001
0.00504001
0.00522001
0.00504001
0.00486001
0.00468001
0.00450001
0.00432001
0.00414001
0.00396001
0.00378001
0.00360001
0.00342001
0.00324001
0.00306
0.00288
0.0027
0.00252
0.00234
0.00216
0.00198
0.0018
0.00162
0.00144
0.00126
0.00108
0.000900003
0.000720003
0.000540003
0.000360003
0.000180003
2.6508e-09
-0.000179997
-0.000359998
-0.000539998
-0.000719998
-0.000899998
-0.00108
-0.00126
-0.00144
-0.00162
-0.0018
-0.00198
-0.00216
-0.00234
-0.00252
-0.0027
-0.00288
-0.00306
-0.00324
-0.00342
-0.0036
-0.00378
-0.00396
-0.00414
-0.00432
-0.0045
-0.00468
-0.00486
-0.00504
-0.00522
-0.00504
-0.00486
-0.00468
-0.0045
-0.00432
-0.00414
-0.00396
-0.00378
-0.0036
-0.00342
-0.00324
-0.00306
-0.00288
-0.0027
-0.00252
-0.00234
-0.00216
-0.00198
-0.0018
-0.00162
-0.00144
-0.00126
-0.00108
-0.000899996
-0.000719996
-0.000539996
-0.000359996
-0.000179996
4.10896e-09
0.000180004
0.000360004
0.000540004
0.000720004
0.000900004
0.00108
0.00126
0.00144
0.00162
0.0018
0.00198001
0.00216001
0.00234001
0.00252001
0.00270001
0.00288001
0.00306001
0.00324001
0.00342001
0.00360001
0.00378001
0.00396001
0.00414001
0.00432001
0.00450001
0.00468001
0.00486001
0.00504001
0.00522001
0.00504001
0.00486001
0.00468001
0.00450001
0.00432001
0.00414001
0.00396001
0.00378001
0.00360001
0.00342001
0.00324001
0.00306001
0.00288
0.0027
0.00252
0.00234
0.00216
0.00198
0.0018
0.00162
0.00144
0.00126
0.00108
0.000900003
0.000720003
0.000540003
0.000360003
0.000180003
2.91301e-09
-0.000179997
-0.000359997
-0.000539997
-0.000719997
-0.000899998
-0.00108
-0.00126
-0.00144
-0.00162
-0.0018
-0.00198
-0.00216
-0.00234
-0.00252
-0.0027
-0.00288
-0.00306
-0.00324
-0.00342
-0.0036
-0.00378
-0.00396
-0.00414
-0.00432
-0.0045
-0.00468
-0.00486
-0.00504
-0.00522
-0.00504
-0.00486
-0.00468
-0.0045
-0.00432
-0.00414
-0.00396
-0.00378
-0.0036
-0.00342
-0.00324
-0.00306
-0.00288
-0.0027
-0.00252
-0.00234
-0.00216
-0.00198
-0.0018
-0.00162
-0.00144
-0.00126
-0.00108
-0.000899996
-0.000719996
-0.000539996
-0.000359996
-0.000179996
4.37183e-09
0.000180004
0.000360005
0.000540005
0.000720005
0.000900005
0.00108
0.00126
0.00144001
0.00162001
0.00180001
0.00198001
0.00216001
0.00234001
0.00252001
0.00270001
0.00288001
0.00306001
0.00324001
0.00342001
0.00360001
0.00378001
0.00396001
0.00414001
0.00432001
0.00450001
0.00468001
0.00486001
0.00504001
0.00522001
0.00540001
0.00558001
0.00576001
0.00594002
0.00612002
0.00630002
0.00648002
0.00666002
0.00684002
0.00702002
0.00720002
0.00738002
0.00756002
0.00774002
0.00792002
0.00810002
0.00828002
0.00846002
0.00864002
0.00882002
0.00900002
0.00918002
0.00936002
0.00954002
0.00972002
0.00990002
0.01008
0.01026
0.01044
0.01026
0.01008
0.00990002
0.00972002
0.00954002
0.00936002
0.00918002
0.00900002
0.00882002
0.00864002
0.00846002
0.00828001
0.00810001
0.00792001
0.00774001
0.00756001
0.00738001
0.00720001
0.00702001
0.00684001
0.00666001
0.00648001
0.00630001
0.00612001
0.00594001
0.00576001
0.00558001
0.00540001
0.00522001
0.00504001
0.00486001
0.00468001
0.00450001
0.00432001
0.00414001
0.00396001
0.00378
0.0036
0.00342
0.00324
0.00306
0.00288
0.0027
0.00252
0.00234
0.00216
0.00198
0.0018
0.00162
0.00144
0.00126
0.00108
0.000900004
0.000720004
0.000540004
0.000360003
0.000180003
3.33956e-09
-0.000179997
-0.000359997
-0.000539997
-0.000719997
-0.000899997
-0.00108
-0.00126
-0.00144
-0.00162
-0.0018
-0.00198
-0.00216
-0.00234
-0.00252
-0.0027
-0.00288
-0.00306
-0.00324
-0.00342
-0.0036
-0.00378
-0.00396
-0.00414
-0.00432
-0.0045
-0.00468
-0.00486
-0.00504
-0.00522
-0.0054
-0.00558
-0.00576001
-0.00594001
-0.00612001
-0.00630001
-0.00648001
-0.00666001
-0.00684001
-0.00702001
-0.00720001
-0.00738001
-0.00756001
-0.00774001
-0.00792001
-0.00810001
-0.00828001
-0.00846001
-0.00864001
-0.00882001
-0.00900001
-0.00918001
-0.00936001
-0.00954001
-0.00972001
-0.00990001
-0.01008
-0.01026
-0.01044
-0.01026
-0.01008
-0.00990001
-0.00972001
-0.00954001
-0.00936001
-0.00918001
-0.00900001
-0.00882001
-0.00864001
-0.00846001
-0.00828
-0.0081
-0.00792
-0.00774
-0.00756
-0.00738
-0.0072
-0.00702
-0.00684
-0.00666
-0.00648
-0.0063
-0.00612
-0.00594
-0.00576
-0.00558
-0.0054
-0.00522
-0.00504
-0.00486
-0.00468
-0.0045
-0.00432
-0.00414
-0.00396
-0.00378
-0.0036
-0.00342
-0.00324
-0.00306
-0.00288
-0.0027
-0.00252
-0.00234
-0.00216
-0.00198
-0.0018
-0.00162
-0.00144
-0.00125999
-0.00107999
-0.000899995
-0.000719995
-0.000539995
-0.000359995
-0.000179995
5.39769e-09
0.000180005
0.000360006
0.000540006
0.000720006
0.000900006
0.00108001
0.00126001
0.00144001
0.00162001
0.00180001
0.00198001
0.00216001
0.00234001
0.00252001
0.00270001
0.00288001
0.00306001
0.00324001
0.00342001
0.00360001
0.00378001
0.00396001
0.00414001
0.00432001
0.00450001
0.00468001
0.00486001
0.00504001
0.00522001
0.00540001
0.00558001
0.00576001
0.00594001
0.00612001
0.00630001
0.00648001
0.00666001
0.00684001
0.00702001
0.00720001
0.00738001
0.00756001
0.00774001
0.00792001
0.00810002
0.00792001
0.00774001
0.00756001
0.00738001
0.00720001
0.00702001
0.00684001
0.00666001
0.00648001
0.00630001
0.00612001
0.00594001
0.00576001
0.00558001
0.00540001
0.00522001
0.00504001
0.00486001
0.00468001
0.00450001
0.00432001
0.00414001
0.00396001
0.00378001
0.0036
0.00342
0.00324
0.00306
0.00288
0.0027
0.00252
0.00234
0.00216
0.00198
0.0018
0.00162
0.00144
0.00126
0.00108
0.000900004
0.000720004
0.000540003
0.000360003
0.000180003
3.26484e-09
-0.000179997
-0.000359997
-0.000539997
-0.000719997
-0.000899997
-0.00108
-0.00126
-0.00144
-0.00162
-0.0018
-0.00198
-0.00216
-0.00234
-0.00252
-0.0027
-0.00288
-0.00306
-0.00324
-0.00342
-0.0036
-0.00378
-0.00396
-0.00414
-0.00432
-0.0045
-0.00468
-0.00486
-0.00504
-0.00522
-0.0054
-0.00558
-0.00576
-0.00594
-0.00612
-0.0063
-0.00648
-0.00666
-0.00684
-0.00702
-0.0072
-0.00738
-0.00756
-0.00774
-0.00792001
-0.00810001
-0.00792001
-0.00774
-0.00756
-0.00738
-0.0072
-0.00702
-0.00684
-0.00666
-0.00648
-0.0063
-0.00612
-0.00594
-0.00576
-0.00558
-0.0054
-0.00522
-0.00504
-0.00486
-0.00468
-0.0045
-0.00432
-0.00414
-0.00396
-0.00378
-0.0036
-0.00342
-0.00324
-0.00306
-0.00288
-0.0027
-0.00252
-0.00233999
-0.00215999
-0.00197999
-0.00179999
-0.00161999
-0.00143999
-0.00125999
-0.00107999
-0.000899995
-0.000719994
-0.000539994
-0.000359994
-0.000179994
5.72643e-09
0.000180006
0.000360006
0.000540006
0.000720006
0.000900006
0.00108001
0.00126001
0.00144001
0.00162001
0.00180001
0.00198001
0.00216001
0.00234001
0.00252001
0.00270001
0.00288001
0.00306001
0.00324001
0.00342001
0.00360001
0.00378001
0.00396001
0.00414001
0.00432001
0.00450001
0.00468001
0.00486001
0.00504001
0.00522001
0.00540001
0.00558001
0.00576001
0.00594001
0.00612001
0.00630001
0.00648001
0.00666001
0.00684001
0.00702001
0.00720001
0.00738001
0.00756001
0.00774001
0.00792002
0.00810002
0.00792002
0.00774001
0.00756001
0.00738001
0.00720001
0.00702001
0.00684001
0.00666001
0.00648001
0.00630001
0.00612001
0.00594001
0.00576001
0.00558001
0.00540001
0.00522001
0.00504001
0.00486001
0.00468001
0.00450001
0.00432001
0.00414001
0.00396001
0.00378001
0.00360001
0.00342001
0.00324
0.00306
0.00288
0.0027
0.00252
0.00234
0.00216
0.00198
0.0018
0.00162
0.00144
0.00126
0.00108
0.000900004
0.000720004
0.000540004
0.000360004
0.000180004
3.5253e-09
-0.000179997
-0.000359997
-0.000539997
-0.000719997
-0.000899997
-0.00108
-0.00126
-0.00144
-0.00162
-0.0018
-0.00198
-0.00216
-0.00234
-0.00252
-0.0027
-0.00288
-0.00306
-0.00324
-0.00342
-0.0036
-0.00378
-0.00396
-0.00414
-0.00432
-0.0045
-0.00468
-0.00486
-0.00504
-0.00522
-0.0054
-0.00558
-0.00576
-0.00594
-0.00612
-0.0063
-0.00648
-0.00666
-0.00684
-0.00702
-0.0072
-0.00738
-0.00756
-0.00774
-0.00792001
-0.00810001
-0.00792001
-0.00774
-0.00756
-0.00738
-0.0072
-0.00702
-0.00684
-0.00666
-0.00648
-0.0063
-0.00612
-0.00594
-0.00576
-0.00558
-0.0054
-0.00522
-0.00504
-0.00486
-0.00468
-0.0045
-0.00432
-0.00414
-0.00396
-0.00378
-0.0036
-0.00342
-0.00324
-0.00306
-0.00287999
-0.00269999
-0.00251999
-0.00233999
-0.00215999
-0.00197999
-0.00179999
-0.00161999
-0.00143999
-0.00125999
-0.00107999
-0.000899994
-0.000719994
-0.000539994
-0.000359994
-0.000179994
5.98216e-09
0.000180006
0.000360006
0.000540006
0.000720006
0.000900006
0.00108001
0.00126001
0.00144001
0.00162001
0.00180001
0.00198001
0.00216001
0.00234001
0.00252001
0.00270001
0.00288001
0.00306001
0.00324001
0.00342001
0.00360001
0.00378001
0.00396001
0.00414001
0.00432001
0.00450001
0.00468001
0.00486001
0.00504001
0.00522001
0.00540001
0.00558001
0.00576001
0.00594001
0.00612001
0.00630001
0.00648001
0.00666001
0.00684001
0.00702001
0.00720001
0.00738001
0.00756001
0.00774001
0.00792002
0.00810002
0.00792002
0.00774001
0.00756001
0.00738001
0.00720001
0.00702001
0.00684001
0.00666001
0.00648001
0.00630001
0.00612001
0.00594001
0.00576001
0.00558001
0.00540001
0.00522001
0.00504001
0.00486001
0.00468001
0.00450001
0.00432001
0.00414001
0.00396001
0.00378001
0.00360001
0.00342001
0.00324001
0.00306001
0.00288001
0.0027
0.00252
0.00234
0.00216
0.00198
0.0018
0.00162
0.00144
0.00126
0.00108
0.000900004
0.000720004
0.000540004
0.000360004
0.000180004
3.77589e-09
-0.000179996
-0.000359996
-0.000539996
-0.000719996
-0.000899997
-0.00108
-0.00126
-0.00144
-0.00162
-0.0018
-0.00198
-0.00216
-0.00234
-0.00252
-0.0027
-0.00288
-0.00306
-0.00324
-0.00342
-0.0036
-0.00378
-0.00396
-0.00414
-0.00432
-0.0045
-0.00468
-0.00486
-0.00504
-0.00522
-0.0054
-0.00558
-0.00576
-0.00594
-0.00612
-0.0063
-0.00648
-0.00666
-0.00684
-0.00702
-0.0072
-0.00738
-0.00756
-0.00774
-0.00792
-0.00810001
-0.00792
-0.00774
-0.00756
-0.00738
-0.0072
-0.00702
-0.00684
-0.00666
-0.00648
-0.0063
-0.00612
-0.00594
-0.00576
-0.00558
-0.0054
-0.00522
-0.00504
-0.00486
-0.00468
-0.0045
-0.00432
-0.00414
-0.00396
-0.00378
-0.0036
-0.00341999
-0.00323999
-0.00305999
-0.00287999
-0.00269999
-0.00251999
-0.00233999
-0.00215999
-0.00197999
-0.00179999
-0.00161999
-0.00143999
-0.00125999
-0.00107999
-0.000899994
-0.000719994
-0.000539994
-0.000359994
-0.000179994
6.22753e-09
0.000180006
0.000360006
0.000540006
0.000720006
0.000900006
0.00108001
0.00126001
0.00144001
0.00162001
0.00180001
0.00198001
0.00216001
0.00234001
0.00252001
0.00270001
0.00288001
0.00306001
0.00324001
0.00342001
0.00360001
0.00378001
0.00396001
0.00414001
0.00432001
0.00450001
0.00468001
0.00486001
0.00504001
0.00522001
0.00540001
0.00558001
0.00576001
0.00594001
0.00612001
0.00630001
0.00648001
0.00666001
0.00684001
0.00702001
0.00720001
0.00738001
0.00756001
0.00774001
0.00792002
0.00810002
0.00828002
0.00846002
0.00864002
0.00882002
0.00900002
0.00918002
0.00936002
0.00954002
0.00972002
0.00990002
0.01008
0.01026
0.01044
0.01062
0.0108
0.01098
0.01116
0.01134
0.01152
0.0117
0.01188
0.01206
0.01224
0.01242
0.0126
0.01278
0.01296
0.01314
0.01332
0.0135
0.01368
0.01386
0.01404
0.01386
0.01368
0.0135
0.01332
0.01314
0.01296
0.01278
0.0126
0.01242
0.01224
0.01206
0.01188
0.0117
0.01152
0.01134
0.01116
0.01098
0.0108
0.01062
0.01044
0.01026
0.01008
0.00990001
0.00972001
0.00954001
0.00936001
0.00918001
0.00900001
0.00882001
0.00864001
0.00846001
0.00828001
0.00810001
0.00792001
0.00774001
0.00756001
0.00738001
0.00720001
0.00702001
0.00684001
0.00666001
0.00648001
0.00630001
0.00612001
0.00594001
0.00576001
0.00558001
0.00540001
0.00522001
0.00504001
0.00486001
0.00468001
0.00450001
0.00432001
0.00414001
0.00396001
0.00378001
0.00360001
0.00342001
0.00324001
0.00306001
0.00288
0.0027
0.00252
0.00234
0.00216
0.00198
0.0018
0.00162
0.00144
0.00126
0.00108
0.000900004
0.000720004
0.000540004
0.000360004
0.000180004
4.22901e-09
-0.000179996
-0.000359996
-0.000539996
-0.000719996
-0.000899996
-0.00108
-0.00126
-0.00144
-0.00162
-0.0018
-0.00198
-0.00216
-0.00234
-0.00252
-0.0027
-0.00288
-0.00306
-0.00324
-0.00342
-0.0036
-0.00378
-0.00396
-0.00414
-0.00432
-0.0045
-0.00468
-0.00486
-0.00504
-0.00522
-0.0054
-0.00558
-0.00576
-0.00594
-0.00612
-0.0063
-0.00648
-0.00666
-0.00684
-0.00702
-0.0072
-0.00738
-0.00756
-0.00774
-0.00792
-0.0081
-0.00828
-0.00846001
-0.00864001
-0.00882001
-0.00900001
-0.00918001
-0.00936001
-0.00954001
-0.00972001
-0.00990001
-0.01008
-0.01026
-0.01044
-0.01062
-0.0108
-0.01098
-0.01116
-0.01134
-0.01152
-0.0117
-0.01188
-0.01206
-0.01224
-0.01242
-0.0126
-0.01278
-0.01296
-0.01314
-0.01332
-0.0135
-0.01368
-0.01386
-0.01404
-0.01386
-0.01368
-0.0135
-0.01332
-0.01314
-0.01296
-0.01278
-0.0126
-0.01242
-0.01224
-0.01206
-0.01188
-0.0117
-0.01152
-0.01134
-0.01116
-0.01098
-0.0108
-0.01062
-0.01044
-0.01026
-0.01008
-0.0099
-0.00972
-0.00954
-0.00936
-0.00918
-0.009
-0.00882
-0.00864
-0.00846
-0.00828
-0.0081
-0.00792
-0.00774
-0.00756
-0.00738
-0.0072
-0.00701999
-0.00683999
-0.00665999
-0.00647999
-0.00629999
-0.00611999
-0.00593999
-0.00575999
-0.00557999
-0.00539999
-0.00521999
-0.00503999
-0.00485999
-0.00467999
-0.00449999
-0.00431999
-0.00413999
-0.00395999
-0.00377999
-0.00359999
-0.00341999
-0.00323999
-0.00305999
-0.00287999
-0.00269999
-0.00251999
-0.00233999
-0.00215999
-0.00197999
-0.00179999
-0.00161999
-0.00143999
-0.00125999
-0.00107999
-0.000899993
-0.000719993
-0.000539993
-0.000359993
-0.000179993
7.23495e-09
0.000180007
0.000360007
0.000540007
0.000720007
0.000900007
0.00108001
0.00126001
0.00144001
0.00162001
0.00180001
0.00198001
0.00216001
0.00234001
0.00252001
0.00270001
0.00288001
0.00306001
0.00324001
0.00342001
0.00360001
0.00378001
0.00396001
0.00414001
0.00432001
0.00450001
0.00468001
0.00486001
0.00504001
0.00522001
0.00540001
0.00558001
0.00576001
0.00594001
0.00612001
0.00630001
0.00648001
0.00666001
0.00684001
0.00702001
0.00720001
0.00738001
0.00756001
0.00774001
0.00792001
0.00810001
0.00828001
0.00846001
0.00864001
0.00882001
0.00900001
0.00918001
0.00936001
0.00954001
0.00972001
0.00990002
0.01008
0.01026
0.01044
0.01026
0.01008
0.00990001
0.00972001
0.00954001
0.00936001
0.00918001
0.00900001
0.00882001
0.00864001
0.00846001
0.00828001
0.00810001
0.00792001
0.00774001
0.00756001
0.00738001
0.00720001
0.00702001
0.00684001
0.00666001
0.00648001
0.00630001
0.00612001
0.00594001
0.00576001
0.00558001
0.00540001
0.00522001
0.00504001
0.00486001
0.00468001
0.00450001
0.00432001
0.00414001
0.00396001
0.00378001
0.00360001
0.00342001
0.00324001
0.00306001
0.00288001
0.0027
0.00252
0.00234
0.00216
0.00198
0.0018
0.00162
0.00144
0.00126
0.00108
0.000900004
0.000720004
0.000540004
0.000360004
0.000180004
4.24821e-09
-0.000179996
-0.000359996
-0.000539996
-0.000719996
-0.000899996
-0.00108
-0.00126
-0.00144
-0.00162
-0.0018
-0.00198
-0.00216
-0.00234
-0.00252
-0.0027
-0.00288
-0.00306
-0.00324
-0.00342
-0.0036
-0.00378
-0.00396
-0.00414
-0.00432
-0.0045
-0.00468
-0.00486
-0.00504
-0.00522
-0.0054
-0.00558
-0.00576
-0.00594
-0.00612
-0.0063
-0.00648
-0.00666
-0.00684
-0.00702
-0.0072
-0.00738
-0.00756
-0.00774
-0.00792
-0.0081
-0.00828
-0.00846
-0.00864
-0.00882
-0.009
-0.00918
-0.00936
-0.00954
-0.00972
-0.0099
-0.01008
-0.01026
-0.01044
-0.01026
-0.01008
-0.0099
-0.00972
-0.00954
-0.00936
-0.00918
-0.009
-0.00882
-0.00864
-0.00846
-0.00828
-0.0081
-0.00792
-0.00774
-0.00756
-0.00738
-0.00719999
-0.00701999
-0.00683999
-0.00665999
-0.00647999
-0.00629999
-0.00611999
-0.00593999
-0.00575999
-0.00557999
-0.00539999
-0.00521999
-0.00503999
-0.00485999
-0.00467999
-0.00449999
-0.00431999
-0.00413999
-0.00395999
-0.00377999
-0.00359999
-0.00341999
-0.00323999
-0.00305999
-0.00287999
-0.00269999
-0.00251999
-0.00233999
-0.00215999
-0.00197999
-0.00179999
-0.00161999
-0.00143999
-0.00125999
-0.00107999
-0.000899993
-0.000719993
-0.000539993
-0.000359993
-0.000179993
7.48672e-09
0.000180008
0.000360008
0.000540008
0.000720008
0.000900008
0.00108001
0.00126001
0.00144001
0.00162001
0.00180001
0.00198001
0.00216001
0.00234001
0.00252001
0.00270001
0.00288001
0.00306001
0.00324001
0.00342001
0.00360001
0.00378001
0.00396001
0.00414001
0.00432001
0.00450001
0.00468001
0.00486001
0.00504001
0.00522001
0.00540001
0.00558001
0.00576001
0.00594001
0.00612001
0.00630001
0.00648001
0.00666001
0.00684001
0.00702001
0.00720001
0.00738001
0.00756001
0.00774001
0.00792001
0.00810001
0.00828001
0.00846001
0.00864001
0.00882001
0.00900001
0.00918001
0.00936001
0.00954001
0.00972001
0.00990002
0.01008
0.01026
0.01044
0.01026
0.01008
0.00990001
0.00972001
0.00954001
0.00936001
0.00918001
0.00900001
0.00882001
0.00864001
0.00846001
0.00828001
0.00810001
0.00792001
0.00774001
0.00756001
0.00738001
0.00720001
0.00702001
0.00684001
0.00666001
0.00648001
0.00630001
0.00612001
0.00594001
0.00576001
0.00558001
0.00540001
0.00522001
0.00504001
0.00486001
0.00468001
0.00450001
0.00432001
0.00414001
0.00396001
0.00378001
0.00360001
0.00342001
0.00324001
0.00306001
0.00288001
0.00270001
0.00252001
0.00234001
0.00216001
0.00198
0.0018
0.00162
0.00144
0.00126
0.00108
0.000900005
0.000720005
0.000540005
0.000360005
0.000180004
4.42926e-09
-0.000179996
-0.000359996
-0.000539996
-0.000719996
-0.000899996
-0.00108
-0.00126
-0.00144
-0.00162
-0.0018
-0.00198
-0.00216
-0.00234
-0.00252
-0.0027
-0.00288
-0.00306
-0.00324
-0.00342
-0.0036
-0.00378
-0.00396
-0.00414
-0.00432
-0.0045
-0.00468
-0.00486
-0.00504
-0.00522
-0.0054
-0.00558
-0.00576
-0.00594
-0.00612
-0.0063
-0.00648
-0.00666
-0.00684
-0.00702
-0.0072
-0.00738
-0.00756
-0.00774
-0.00792
-0.0081
-0.00828
-0.00846
-0.00864
-0.00882
-0.009
-0.00918
-0.00936
-0.00954
-0.00972
-0.0099
-0.01008
-0.01026
-0.01044
-0.01026
-0.01008
-0.0099
-0.00972
-0.00954
-0.00936
-0.00918
-0.009
-0.00882
-0.00864
-0.00846
-0.00828
-0.0081
-0.00792
-0.00774
-0.00756
-0.00737999
-0.00719999
-0.00701999
-0.00683999
-0.00665999
-0.00647999
-0.00629999
-0.00611999
-0.00593999
-0.00575999
-0.00557999
-0.00539999
-0.00521999
-0.00503999
-0.00485999
-0.00467999
-0.00449999
-0.00431999
-0.00413999
-0.00395999
-0.00377999
-0.00359999
-0.00341999
-0.00323999
-0.00305999
-0.00287999
-0.00269999
-0.00251999
-0.00233999
-0.00215999
-0.00197999
-0.00179999
-0.00161999
-0.00143999
-0.00125999
-0.00107999
-0.000899992
-0.000719992
-0.000539992
-0.000359992
-0.000179992
7.6359e-09
0.000180008
0.000360008
0.000540008
0.000720008
0.000900008
0.00108001
0.00126001
0.00144001
0.00162001
0.00180001
0.00198001
0.00216001
0.00234001
0.00252001
0.00270001
0.00288001
0.00306001
0.00324001
0.00342001
0.00360001
0.00378001
0.00396001
0.00414001
0.00432001
0.00450001
0.00468001
0.00486001
0.00504001
0.00522001
0.00540001
0.00558001
0.00576001
0.00594001
0.00612001
0.00630001
0.00648001
0.00666001
0.00684001
0.00702001
0.00720001
0.00738001
0.00756001
0.00774001
0.00792001
0.00810001
0.00828001
0.00846001
0.00864001
0.00882001
0.00900001
0.00918001
0.00936001
0.00954001
0.00972001
0.00990002
0.01008
0.01026
0.01044
0.01062
0.0108
0.01098
0.01116
0.01134
0.01152
0.0117
0.01188
0.01206
0.01224
0.01242
0.0126
0.01278
0.01296
0.01314
0.01332
0.0135
0.01368
0.01386
0.01404
0.01422
0.0144
0.01458
0.01476
0.01494
0.01512
0.0153
0.01548
0.01566
0.01584
0.01602
0.0162
0.01638
0.01656
0.01674
0.01692
0.0171
0.01728
0.01746
0.01764
0.01782
0.018
0.01818
0.01836
0.01854
0.01872
0.0189
0.01908
0.01926
0.01944
0.01962
0.0198
0.01998
0.02016
0.02034
0.02052
0.0207
0.02088
0.02106
0.02124
0.02142
0.0216
0.02178
0.02196
0.02214
0.02232
0.0225
0.02268
0.02286
0.02304
0.02322
0.0234
0.02358
0.02376
0.02394
0.02412
0.0243
0.02448
0.02466
0.02448
0.0243
0.02412
0.02394
0.02376
0.02358
0.0234
0.02322
0.02304
0.02286
0.02268
0.0225
0.02232
0.02214
0.02196
0.02178
0.0216
0.02142
0.02124
0.02106
0.02088
0.0207
0.02052
0.02034
0.02016
0.01998
0.0198
0.01962
0.01944
0.01926
0.01908
0.0189
0.01872
0.01854
0.01836
0.01818
0.018
0.01782
0.01764
0.01746
0.01728
0.0171
0.01692
0.01674
0.01656
0.01638
0.0162
0.01602
0.01584
0.01566
0.01548
0.0153
0.01512
0.01494
0.01476
0.01458
0.0144
0.01422
0.01404
0.01386
0.01368
0.0135
0.01332
0.01314
0.01296
0.01278
0.0126
0.01242
0.01224
0.01206
0.01188
0.0117
0.01152
0.01134
0.01116
0.01098
0.0108
0.01062
0.01044
0.01026
0.01008
0.00990001
0.00972001
0.00954001
0.00936001
0.00918001
0.00900001
0.00882001
0.00864001
0.00846001
0.00828001
0.00810001
0.00792001
0.00774001
0.00756001
0.00738001
0.00720001
0.00702001
0.00684001
0.00666001
0.00648001
0.00630001
0.00612001
0.00594001
0.00576001
0.00558001
0.00540001
0.00522001
0.00504001
0.00486001
0.00468001
0.00450001
0.00432001
0.00414001
0.00396001
0.00378001
0.00360001
0.00342001
0.00324001
0.00306001
0.00288001
0.00270001
0.00252001
0.00234001
0.00216001
0.00198001
0.00180001
0.00162001
0.00144001
0.00126001
0.00108001
0.000900005
0.000720005
0.000540005
0.000360005
0.000180005
5.20099e-09
-0.000179995
-0.000359995
-0.000539995
-0.000719995
-0.000899995
-0.00107999
-0.00126
-0.00144
-0.00162
-0.0018
-0.00198
-0.00216
-0.00234
-0.00252
-0.0027
-0.00288
-0.00306
-0.00324
-0.00342
-0.0036
-0.00378
-0.00396
-0.00414
-0.00432
-0.0045
-0.00468
-0.00486
-0.00504
-0.00522
-0.0054
-0.00558
-0.00576
-0.00594
-0.00612
-0.0063
-0.00648
-0.00666
-0.00684
-0.00702
-0.0072
-0.00738
-0.00756
-0.00774
-0.00792
-0.0081
-0.00828
-0.00846
-0.00864
-0.00882
-0.009
-0.00918
-0.00936
-0.00954
-0.00972
-0.0099
-0.01008
-0.01026
-0.01044
-0.01062
-0.0108
-0.01098
-0.01116
-0.01134
-0.01152
-0.0117
-0.01188
-0.01206
-0.01224
-0.01242
-0.0126
-0.01278
-0.01296
-0.01314
-0.01332
-0.0135
-0.01368
-0.01386
-0.01404
-0.01422
-0.0144
-0.01458
-0.01476
-0.01494
-0.01512
-0.0153
-0.01548
-0.01566
-0.01584
-0.01602
-0.0162
-0.01638
-0.01656
-0.01674
-0.01692
-0.0171
-0.01728
-0.01746
-0.01764
-0.01782
-0.018
-0.01818
-0.01836
-0.01854
-0.01872
-0.0189
-0.01908
-0.01926
-0.01944
-0.01962
-0.0198
-0.01998
-0.02016
-0.02034
-0.02052
-0.0207
-0.02088
-0.02106
-0.02124
-0.02142
-0.0216
-0.02178
-0.02196
-0.02214
-0.02232
-0.0225
-0.02268
-0.02286
-0.02304
-0.02322
-0.0234
-0.02358
-0.02376
-0.02394
-0.02412
-0.0243
-0.02448
-0.02466
-0.02448
-0.0243
-0.02412
-0.02394
-0.02376
-0.02358
-0.0234
-0.02322
-0.02304
-0.02286
-0.02268
-0.0225
-0.02232
-0.02214
-0.02196
-0.02178
-0.0216
-0.02142
-0.02124
-0.02106
-0.02088
-0.0207
-0.02052
-0.02034
-0.02016
-0.01998
-0.0198
-0.01962
-0.01944
-0.01926
-0.01908
-0.0189
-0.01872
-0.01854
-0.01836
-0.01818
-0.018
-0.01782
-0.01764
-0.01746
-0.01728
-0.0171
-0.01692
-0.01674
-0.01656
-0.01638
-0.0162
-0.01602
-0.01584
-0.01566
-0.01548
-0.0153
-0.01512
-0.01494
-0.01476
-0.01458
-0.0144
-0.01422
-0.01404
-0.01386
-0.01368
-0.0135
-0.01332
-0.01314
-0.01296
-0.01278
-0.0126
-0.01242
-0.01224
-0.01206
-0.01188
-0.0117
-0.01152
-0.01134
-0.01116
-0.01098
-0.0108
-0.01062
-0.01044
-0.01026
-0.01008
-0.00989999
-0.00971999
-0.00953999
-0.00935999
-0.00917999
-0.00899999
-0.00881999
-0.00863999
-0.00845999
-0.00827999
-0.00809999
-0.00791999
-0.00773999
-0.00755999
-0.00737999
-0.00719999
-0.00701999
-0.00683999
-0.00665999
-0.00647999
-0.00629999
-0.00611999
-0.00593999
-0.00575999
-0.00557999
-0.00539999
-0.00521999
-0.00503999
-0.00485999
-0.00467999
-0.00449999
-0.00431999
-0.00413999
-0.00395999
-0.00377999
-0.00359999
-0.00341999
-0.00323999
-0.00305999
-0.00287999
-0.00269999
-0.00251999
-0.00233999
-0.00215999
-0.00197999
-0.00179999
-0.00161999
-0.00143999
-0.00125999
-0.00107999
-0.000899991
-0.000719991
-0.000539991
-0.000359991
-0.000179991
9.34851e-09
0.000180009
0.000360009
0.000540009
0.000720009
0.000900009
0.00108001
0.00126001
0.00144001
0.00162001
0.00180001
0.00198001
0.00216001
0.00234001
0.00252001
0.00270001
0.00288001
0.00306001
0.00324001
0.00342001
0.00360001
0.00378001
0.00396001
0.00414001
0.00432001
0.00450001
0.00468001
0.00486001
0.00504001
0.00522001
0.00540001
0.00558001
0.00576001
0.00594001
0.00612001
0.00630001
0.00648001
0.00666001
0.00684001
0.00702001
0.00720001
0.00738001
0.00756001
0.00774001
0.00792001
0.00810001
0.00828001
0.00846001
0.00864001
0.00882001
0.00900001
0.00918001
0.00936001
0.00954001
0.00972001
0.00990001
0.01008
0.01026
0.01044
0.01062
0.0108
0.01098
0.01116
0.01134
0.01152
0.0117
0.01188
0.01206
0.01224
0.01242
0.0126
0.01278
0.01296
0.01314
0.01332
0.0135
0.01368
0.01386
0.01404
0.01422
0.0144
0.01458
0.01476
0.01494
0.01512
0.0153
0.01548
0.01566
0.01584
0.01602
0.0162
0.01638
0.01656
0.01674
0.01692
0.0171
0.01728
0.01746
0.01764
0.01782
0.018
0.01818
0.01836
0.01854
0.01836
0.01818
0.018
0.01782
0.01764
0.01746
0.01728
0.0171
0.01692
0.01674
0.01656
0.01638
0.0162
0.01602
0.01584
0.01566
0.01548
0.0153
0.01512
0.01494
0.01476
0.01458
0.0144
0.01422
0.01404
0.01386
0.01368
0.0135
0.01332
0.01314
0.01296
0.01278
0.0126
0.01242
0.01224
0.01206
0.01188
0.0117
0.01152
0.01134
0.01116
0.01098
0.0108
0.01062
0.01044
0.01026
0.01008
0.00990001
0.00972001
0.00954001
0.00936001
0.00918001
0.00900001
0.00882001
0.00864001
0.00846001
0.00828001
0.00810001
0.00792001
0.00774001
0.00756001
0.00738001
0.00720001
0.00702001
0.00684001
0.00666001
0.00648001
0.00630001
0.00612001
0.00594001
0.00576001
0.00558001
0.00540001
0.00522001
0.00504001
0.00486001
0.00468001
0.00450001
0.00432001
0.00414001
0.00396001
0.00378001
0.00360001
0.00342001
0.00324001
0.00306001
0.00288001
0.00270001
0.00252001
0.00234001
0.00216001
0.00198001
0.00180001
0.00162001
0.00144001
0.00126001
0.00108001
0.000900006
0.000720006
0.000540006
0.000360006
0.000180006
5.59104e-09
-0.000179994
-0.000359994
-0.000539994
-0.000719994
-0.000899994
-0.00107999
-0.00125999
-0.00143999
-0.00161999
-0.00179999
-0.00197999
-0.00215999
-0.00233999
-0.00251999
-0.00269999
-0.00287999
-0.00305999
-0.00323999
-0.00341999
-0.00359999
-0.00377999
-0.00395999
-0.00413999
-0.00431999
-0.00449999
-0.00467999
-0.00485999
-0.00503999
-0.00521999
-0.00539999
-0.00558
-0.00576
-0.00594
-0.00612
-0.0063
-0.00648
-0.00666
-0.00684
-0.00702
-0.0072
-0.00738
-0.00756
-0.00774
-0.00792
-0.0081
-0.00828
-0.00846
-0.00864
-0.00882
-0.009
-0.00918
-0.00936
-0.00954
-0.00972
-0.0099
-0.01008
-0.01026
-0.01044
-0.01062
-0.0108
-0.01098
-0.01116
-0.01134
-0.01152
-0.0117
-0.01188
-0.01206
-0.01224
-0.01242
-0.0126
-0.01278
-0.01296
-0.01314
-0.01332
-0.0135
-0.01368
-0.01386
-0.01404
-0.01422
-0.0144
-0.01458
-0.01476
-0.01494
-0.01512
-0.0153
-0.01548
-0.01566
-0.01584
-0.01602
-0.0162
-0.01638
-0.01656
-0.01674
-0.01692
-0.0171
-0.01728
-0.01746
-0.01764
-0.01782
-0.018
-0.01818
-0.01836
-0.01854
-0.01836
-0.01818
-0.018
-0.01782
-0.01764
-0.01746
-0.01728
-0.0171
-0.01692
-0.01674
-0.01656
-0.01638
-0.0162
-0.01602
-0.01584
-0.01566
-0.01548
-0.0153
-0.01512
-0.01494
-0.01476
-0.01458
-0.0144
-0.01422
-0.01404
-0.01386
-0.01368
-0.0135
-0.01332
-0.01314
-0.01296
-0.01278
-0.0126
-0.01242
-0.01224
-0.01206
-0.01188
-0.0117
-0.01152
-0.01134
-0.01116
-0.01098
-0.0108
-0.01062
-0.01044
-0.01026
-0.01008
-0.00989999
-0.00971999
-0.00953999
-0.00935999
-0.00917999
-0.00899999
-0.00881999
-0.00863999
-0.00845999
-0.00827999
-0.00809999
-0.00791999
-0.00773999
-0.00755999
-0.00737999
-0.00719999
-0.00701999
-0.00683999
-0.00665999
-0.00647999
-0.00629999
-0.00611999
-0.00593999
-0.00575999
-0.00557999
-0.00539999
-0.00521999
-0.00503999
-0.00485999
-0.00467999
-0.00449999
-0.00431999
-0.00413999
-0.00395999
-0.00377999
-0.00359999
-0.00341999
-0.00323999
-0.00305999
-0.00287999
-0.00269999
-0.00251999
-0.00233999
-0.00215999
-0.00197999
-0.00179999
-0.00161999
-0.00143999
-0.00125999
-0.00107999
-0.000899993
-0.000719993
-0.000539993
-0.000359993
-0.000179993
6.81635e-09
0.000180007
0.000360007
0.000540007
0.000720007
0.000900007
0.00108001
0.00126001
0.00144001
0.00162001
0.00180001
0.00198001
0.00216001
0.00234001
0.00252001
0.00270001
0.00288001
0.00306001
0.00324001
0.00342001
0.00360001
0.00378001
0.00396001
0.00414001
0.00432001
0.00450001
0.00468001
0.00486001
0.00504001
0.00522001
0.00540001
0.00558001
0.00576001
0.00594001
0.00612001
0.00630001
0.00648001
0.00666001
0.00684001
0.00702001
0.00720001
0.00738001
0.00756001
0.00774001
0.00792001
0.00810001
0.00828001
0.00846001
0.00864001
0.00882001
0.00900001
0.00918001
0.00936001
0.00954001
0.00972001
0.00990001
0.01008
0.01026
0.01044
0.01062
0.0108
0.01098
0.01116
0.01134
0.01152
0.0117
0.01188
0.01206
0.01224
0.01242
0.0126
0.01278
0.01296
0.01314
0.01332
0.0135
0.01368
0.01386
0.01404
0.01422
0.0144
0.01458
0.01476
0.01494
0.01512
0.0153
0.01548
0.01566
0.01584
0.01602
0.0162
0.01638
0.01656
0.01674
0.01692
0.0171
0.01728
0.01746
0.01764
0.01782
0.018
0.01818
0.01836
0.01854
0.01836
0.01818
0.018
0.01782
0.01764
0.01746
0.01728
0.0171
0.01692
0.01674
0.01656
0.01638
0.0162
0.01602
0.01584
0.01566
0.01548
0.0153
0.01512
0.01494
0.01476
0.01458
0.0144
0.01422
0.01404
0.01386
0.01368
0.0135
0.01332
0.01314
0.01296
0.01278
0.0126
0.01242
0.01224
0.01206
0.01188
0.0117
0.01152
0.01134
0.01116
0.01098
0.0108
0.01062
0.01044
0.01026
0.01008
0.0099
0.00972
0.00954
0.00936
0.00918
0.009
0.00882
0.00864
0.00846
0.00828
0.0081
0.00792
0.00774
0.00756
0.00738
0.0072
0.00702
0.00684
0.00666
0.00648
0.0063
0.00612
0.00594
0.00576
0.00558
0.0054
0.00522
0.00504
0.00486
0.00468
0.0045
0.00432
0.00414
0.00396
0.00378
0.0036
0.00342
0.00324
0.00306
0.00288
0.0027
0.00252
0.00234
0.00216
0.00198
0.0018
0.00162
0.00144
0.00126
0.00108
0.000900003
0.000720003
0.000540003
0.000360003
0.000180003
3.05095e-09
-0.000179997
-0.000359997
-0.000539997
-0.000719997
-0.000899997
-0.00108
-0.00126
-0.00144
-0.00162
-0.0018
-0.00198
-0.00216
-0.00234
-0.00252
-0.0027
-0.00288
-0.00306
-0.00324
-0.00342
-0.0036
-0.00378
-0.00396
-0.00414
-0.00432
-0.0045
-0.00468
-0.00486
-0.00504
-0.00522
-0.0054
-0.00558
-0.00576
-0.00594
-0.00612
-0.0063
-0.00648
-0.00666
-0.00684
-0.00702
-0.0072
-0.00738
-0.00756
-0.00774
-0.00792
-0.0081
-0.00828
-0.00846
-0.00864
-0.00882
-0.009
-0.00918
-0.00936
-0.00954
-0.00972
-0.0099
-0.01008
-0.01026
-0.01044
-0.01062
-0.0108
-0.01098
-0.01116
-0.01134
-0.01152
-0.0117
-0.01188
-0.01206
-0.01224
-0.01242
-0.0126
-0.01278
-0.01296
-0.01314
-0.01332
-0.0135
-0.01368
-0.01386
-0.01404
-0.01422
-0.0144
-0.01458
-0.01476
-0.01494
-0.01512
-0.0153
-0.01548
-0.01566
-0.01584
-0.01602
-0.0162
-0.01638
-0.01656
-0.01674
-0.01692
-0.0171
-0.01728
-0.01746
-0.01764
-0.01782
-0.018
-0.01818
-0.01836
-0.01854
-0.01836
-0.01818
-0.018
-0.01782
-0.01764
-0.01746
-0.01728
-0.0171
-0.01692
-0.01674
-0.01656
-0.01638
-0.0162
-0.01602
-0.01584
-0.01566
-0.01548
-0.0153
-0.01512
-0.01494
-0.01476
-0.01458
-0.0144
-0.01422
-0.01404
-0.01386
-0.01368
-0.0135
-0.01332
-0.01314
-0.01296
-0.01278
-0.0126
-0.01242
-0.01224
-0.01206
-0.01188
-0.0117
-0.01152
-0.01134
-0.01116
-0.01098
-0.0108
-0.01062
-0.01044
-0.01026
-0.01008
-0.00989999
-0.00971999
-0.00953999
-0.00935999
-0.00917999
-0.00899999
-0.00881999
-0.00863999
-0.00845999
-0.00827999
-0.00809999
-0.00791999
-0.00773999
-0.00755999
-0.00737999
-0.00719999
-0.00701999
-0.00683999
-0.00665999
-0.00647999
-0.00629999
-0.00611999
-0.00593999
-0.00575999
-0.00557999
-0.00539999
-0.00521999
-0.00503999
-0.00485999
-0.00467999
-0.00449999
-0.00431999
-0.00413999
-0.00395999
-0.00377999
-0.00359999
-0.00341999
-0.00323999
-0.00305999
-0.00287999
-0.00269999
-0.00251999
-0.00233999
-0.00215999
-0.00197999
-0.00179999
-0.00161999
-0.00143999
-0.00125999
-0.00107999
-0.000899993
-0.000719993
-0.000539993
-0.000359993
-0.000179993
6.93208e-09
0.000180007
0.000360007
0.000540007
0.000720007
0.000900007
0.00108001
0.00126001
0.00144001
0.00162001
0.00180001
0.00198001
0.00216001
0.00234001
0.00252001
0.00270001
0.00288001
0.00306001
0.00324001
0.00342001
0.00360001
0.00378001
0.00396001
0.00414001
0.00432001
0.00450001
0.00468001
0.00486001
0.00504001
0.00522001
0.00540001
0.00558001
0.00576001
0.00594001
0.00612001
0.00630001
0.00648001
0.00666001
0.00684001
0.00702001
0.00720001
0.00738001
0.00756001
0.00774001
0.00792001
0.00810001
0.00828001
0.00846001
0.00864001
0.00882001
0.00900001
0.00918001
0.00936001
0.00954001
0.00972001
0.00990001
0.01008
0.01026
0.01044
0.01062
0.0108
0.01098
0.01116
0.01134
0.01152
0.0117
0.01188
0.01206
0.01224
0.01242
0.0126
0.01278
0.01296
0.01314
0.01332
0.0135
0.01368
0.01386
0.01404
0.01422
0.0144
0.01458
0.01476
0.01494
0.01512
0.0153
0.01548
0.01566
0.01584
0.01602
0.0162
0.01638
0.01656
0.01674
0.01692
0.0171
0.01728
0.01746
0.01764
0.01782
0.018
0.01818
0.01836
0.01854
0.01872
0.0189
0.01908
0.01926
0.01944
0.01962
0.0198
0.01998
0.02016
0.02034
0.02052
0.0207
0.02088
0.02106
0.02124
0.02142
0.0216
0.02178
0.02196
0.02214
0.02232
0.0225
0.02268
0.02286
0.02304
0.02322
0.0234
0.02358
0.02376
0.02394
0.02412
0.0243
0.02448
0.02466
0.02484
0.02502
0.0252
0.02538
0.02556
0.02574
0.02592
0.0261
0.02628
0.02646
0.02664
0.02682
0.027
0.02718
0.02736
0.02754
0.02772
0.0279
0.02808
0.02826
0.02844
0.02862
0.0288
0.02898
0.02916
0.02934
0.02952
0.0297
0.02988
0.03006
0.03024
0.03042
0.0306
0.03078
0.03096
0.03114
0.03132
0.0315
0.03168
0.03186
0.03204
0.03222
0.0324
0.03258
0.03276
0.03294
0.03312
0.0333
0.03348
0.03366
0.03384
0.03402
0.0342
0.03438
0.03456
0.03474
0.03492
0.0351
0.03528
0.0351
0.03492
0.03474
0.03456
0.03438
0.0342
0.03402
0.03384
0.03366
0.03348
0.0333
0.03312
0.03294
0.03276
0.03258
0.0324
0.03222
0.03204
0.03186
0.03168
0.0315
0.03132
0.03114
0.03096
0.03078
0.0306
0.03042
0.03024
0.03006
0.02988
0.0297
0.02952
0.02934
0.02916
0.02898
0.0288
0.02862
0.02844
0.02826
0.02808
0.0279
0.02772
0.02754
0.02736
0.02718
0.027
0.02682
0.02664
0.02646
0.02628
0.0261
0.02592
0.02574
0.02556
0.02538
0.0252
0.02502
0.02484
0.02466
0.02448
0.0243
0.02412
0.02394
0.02376
0.02358
0.0234
0.02322
0.02304
0.02286
0.02268
0.0225
0.02232
0.02214
0.02196
0.02178
0.0216
0.02142
0.02124
0.02106
0.02088
0.0207
0.02052
0.02034
0.02016
0.01998
0.0198
0.01962
0.01944
0.01926
0.01908
0.0189
0.01872
0.01854
0.01836
0.01818
0.018
0.01782
0.01764
0.01746
0.01728
0.0171
0.01692
0.01674
0.01656
0.01638
0.0162
0.01602
0.01584
0.01566
0.01548
0.0153
0.01512
0.01494
0.01476
0.01458
0.0144
0.01422
0.01404
0.01386
0.01368
0.0135
0.01332
0.01314
0.01296
0.01278
0.0126
0.01242
0.01224
0.01206
0.01188
0.0117
0.01152
0.01134
0.01116
0.01098
0.0108
0.01062
0.01044
0.01026
0.01008
0.00990001
0.00972001
0.00954001
0.00936
0.00918
0.009
0.00882
0.00864
0.00846
0.00828
0.0081
0.00792
0.00774
0.00756
0.00738
0.0072
0.00702
0.00684
0.00666
0.00648
0.0063
0.00612
0.00594
0.00576
0.00558
0.0054
0.00522
0.00504
0.00486
0.00468
0.0045
0.00432
0.00414
0.00396
0.00378
0.0036
0.00342
0.00324
0.00306
0.00288
0.0027
0.00252
0.00234
0.00216
0.00198
0.0018
0.00162
0.00144
0.00126
0.00108
0.000900005
0.000720005
0.000540004
0.000360004
0.000180004
4.46146e-09
-0.000179996
-0.000359996
-0.000539996
-0.000719996
-0.000899996
-0.00108
-0.00126
-0.00144
-0.00162
-0.0018
-0.00198
-0.00216
-0.00234
-0.00252
-0.0027
-0.00288
-0.00306
-0.00324
-0.00342
-0.0036
-0.00378
-0.00396
-0.00414
-0.00432
-0.0045
-0.00468
-0.00486
-0.00504
-0.00522
-0.0054
-0.00558
-0.00576
-0.00594
-0.00612
-0.0063
-0.00648
-0.00666
-0.00684
-0.00702
-0.0072
-0.00738
-0.00756
-0.00774
-0.00792
-0.0081
-0.00828
-0.00846
-0.00864
-0.00882
-0.009
-0.00918
-0.00936
-0.00954
-0.00972
-0.0099
-0.01008
-0.01026
-0.01044
-0.01062
-0.0108
-0.01098
-0.01116
-0.01134
-0.01152
-0.0117
-0.01188
-0.01206
-0.01224
-0.01242
-0.0126
-0.01278
-0.01296
-0.01314
-0.01332
-0.0135
-0.01368
-0.01386
-0.01404
-0.01422
-0.0144
-0.01458
-0.01476
-0.01494
-0.01512
-0.0153
-0.01548
-0.01566
-0.01584
-0.01602
-0.0162
-0.01638
-0.01656
-0.01674
-0.01692
-0.0171
-0.01728
-0.01746
-0.01764
-0.01782
-0.018
-0.01818
-0.01836
-0.01854
-0.01872
-0.0189
-0.01908
-0.01926
-0.01944
-0.01962
-0.0198
-0.01998
-0.02016
-0.02034
-0.02052
-0.0207
-0.02088
-0.02106
-0.02124
-0.02142
-0.0216
-0.02178
-0.02196
-0.02214
-0.02232
-0.0225
-0.02268
-0.02286
-0.02304
-0.02322
-0.0234
-0.02358
-0.02376
-0.02394
-0.02412
-0.0243
-0.02448
-0.02466
-0.02484
-0.02502
-0.0252
-0.02538
-0.02556
-0.02574
-0.02592
-0.0261
-0.02628
-0.02646
-0.02664
-0.02682
-0.027
-0.02718
-0.02736
-0.02754
-0.02772
-0.0279
-0.02808
-0.02826
-0.02844
-0.02862
-0.0288
-0.02898
-0.02916
-0.02934
-0.02952
-0.0297
-0.02988
-0.03006
-0.03024
-0.03042
-0.0306
-0.03078
-0.03096
-0.03114
-0.03132
-0.0315
-0.03168
-0.03186
-0.03204
-0.03222
-0.0324
-0.03258
-0.03276
-0.03294
-0.03312
-0.0333
-0.03348
-0.03366
-0.03384
-0.03402
-0.0342
-0.03438
-0.03456
-0.03474
-0.03492
-0.0351
-0.03528
-0.0351
-0.03492
-0.03474
-0.03456
-0.03438
-0.0342
-0.03402
-0.03384
-0.03366
-0.03348
-0.0333
-0.03312
-0.03294
-0.03276
-0.03258
-0.0324
-0.03222
-0.03204
-0.03186
-0.03168
-0.0315
-0.03132
-0.03114
-0.03096
-0.03078
-0.0306
-0.03042
-0.03024
-0.03006
-0.02988
-0.0297
-0.02952
-0.02934
-0.02916
-0.02898
-0.0288
-0.02862
-0.02844
-0.02826
-0.02808
-0.0279
-0.02772
-0.02754
-0.02736
-0.02718
-0.027
-0.02682
-0.02664
-0.02646
-0.02628
-0.0261
-0.02592
-0.02574
-0.02556
-0.02538
-0.0252
-0.02502
-0.02484
-0.02466
-0.02448
-0.0243
-0.02412
-0.02394
-0.02376
-0.02358
-0.0234
-0.02322
-0.02304
-0.02286
-0.02268
-0.0225
-0.02232
-0.02214
-0.02196
-0.02178
-0.0216
-0.02142
-0.02124
-0.02106
-0.02088
-0.0207
-0.02052
-0.02034
-0.02016
-0.01998
-0.0198
-0.01962
-0.01944
-0.01926
-0.01908
-0.0189
-0.01872
-0.01854
-0.01836
-0.01818
-0.018
-0.01782
-0.01764
-0.01746
-0.01728
-0.0171
-0.01692
-0.01674
-0.01656
-0.01638
-0.0162
-0.01602
-0.01584
-0.01566
-0.01548
-0.0153
-0.01512
-0.01494
-0.01476
-0.01458
-0.0144
-0.01422
-0.01404
-0.01386
-0.01368
-0.0135
-0.01332
-0.01314
-0.01296
-0.01278
-0.0126
-0.01242
-0.01224
-0.01206
-0.01188
-0.0117
-0.01152
-0.01134
-0.01116
-0.01098
-0.0108
-0.01062
-0.01044
-0.01026
-0.01008
-0.00989999
-0.00971999
-0.00953999
-0.00935999
-0.00917999
-0.00899999
-0.00881999
-0.00863999
-0.00845999
-0.00827999
-0.00809999
-0.00791999
-0.00773999
-0.00755999
-0.00737999
-0.00719999
-0.00701999
-0.00683999
-0.00665999
-0.00647999
-0.00629999
-0.00611999
-0.00593999
-0.00575999
-0.00557999
-0.00539999
-0.00521999
-0.00503999
-0.00485999
-0.00467999
-0.00449999
-0.00431999
-0.00413999
-0.00395999
-0.00377999
-0.00359999
-0.00341999
-0.00323999
-0.00305999
-0.00287999
-0.00269999
-0.00251999
-0.00233999
-0.00215999
-0.00197999
-0.00179999
-0.00161999
-0.00143999
-0.00125999
-0.00107999
-0.000899992
-0.000719992
-0.000539992
-0.000359992
-0.000179992
8.38444e-09
0.000180008
0.000360008
0.000540008
0.000720008
0.000900008
0.00108001
0.00126001
0.00144001
0.00162001
0.00180001
0.00198001
0.00216001
0.00234001
0.00252001
0.00270001
0.00288001
0.00306001
0.00324001
0.00342001
0.00360001
0.00378001
0.00396001
0.00414001
0.00432001
0.00450001
0.00468001
0.00486001
0.00504001
0.00522001
0.00540001
0.00558001
0.00576001
0.00594001
0.00612001
0.00630001
0.00648001
0.00666001
0.00684001
0.00702001
0.00720001
0.00738001
0.00756001
0.00774001
0.00792001
0.00810001
0.00828001
0.00846001
0.00864001
0.00882001
0.00900001
0.00918001
0.00936001
0.00954001
0.00972001
0.00990001
0.01008
0.01026
0.01044
0.01062
0.0108
0.01098
0.01116
0.01134
0.01152
0.0117
0.01188
0.01206
0.01224
0.01242
0.0126
0.01278
0.01296
0.01314
0.01332
0.0135
0.01368
0.01386
0.01404
0.01422
0.0144
0.01458
0.01476
0.01494
0.01512
0.0153
0.01548
0.01566
0.01584
0.01602
0.0162
0.01638
0.01656
0.01674
0.01692
0.0171
0.01728
0.01746
0.01764
0.01782
0.018
0.01818
0.01836
0.01854
0.01872
0.0189
0.01908
0.01926
0.01944
0.01962
0.0198
0.01998
0.02016
0.02034
0.02052
0.0207
0.02088
0.02106
0.02124
0.02142
0.0216
0.02178
0.02196
0.02214
0.02232
0.0225
0.02268
0.02286
0.02304
0.02322
0.0234
0.02358
0.02376
0.02394
0.02412
0.0243
0.02448
0.02466
0.02484
0.02502
0.0252
0.02538
0.02556
0.02574
0.02592
0.0261
0.02628
0.02646
0.02628
0.0261
0.02592
0.02574
0.02556
0.02538
0.0252
0.02502
0.02484
0.02466
0.02448
0.0243
0.02412
0.02394
0.02376
0.02358
0.0234
0.02322
0.02304
0.02286
0.02268
0.0225
0.02232
0.02214
0.02196
0.02178
0.0216
0.02142
0.02124
0.02106
0.02088
0.0207
0.02052
0.02034
0.02016
0.01998
0.0198
0.01962
0.01944
0.01926
0.01908
0.0189
0.01872
0.01854
0.01836
0.01818
0.018
0.01782
0.01764
0.01746
0.01728
0.0171
0.01692
0.01674
0.01656
0.01638
0.0162
0.01602
0.01584
0.01566
0.01548
0.0153
0.01512
0.01494
0.01476
0.01458
0.0144
0.01422
0.01404
0.01386
0.01368
0.0135
0.01332
0.01314
0.01296
0.01278
0.0126
0.01242
0.01224
0.01206
0.01188
0.0117
0.01152
0.01134
0.01116
0.01098
0.0108
0.01062
0.01044
0.01026
0.01008
0.00990001
0.00972001
0.00954001
0.00936001
0.00918001
0.00900001
0.00882001
0.00864001
0.00846001
0.00828001
0.00810001
0.00792001
0.00774001
0.00756001
0.00738001
0.00720001
0.00702001
0.00684001
0.00666001
0.00648001
0.00630001
0.00612001
0.00594001
0.00576001
0.00558001
0.00540001
0.00522001
0.00504001
0.00486001
0.00468001
0.00450001
0.00432001
0.00414001
0.00396001
0.00378001
0.00360001
0.00342001
0.00324001
0.00306001
0.00288001
0.00270001
0.00252001
0.00234001
0.00216001
0.00198001
0.00180001
0.00162001
0.00144001
0.00126001
0.00108001
0.000900006
0.000720006
0.000540006
0.000360006
0.000180006
5.79355e-09
-0.000179994
-0.000359994
-0.000539994
-0.000719994
-0.000899994
-0.00107999
-0.00125999
-0.00143999
-0.00161999
-0.00179999
-0.00197999
-0.00215999
-0.00233999
-0.00251999
-0.00269999
-0.00287999
-0.00305999
-0.00323999
-0.00341999
-0.00359999
-0.00377999
-0.00395999
-0.00413999
-0.00431999
-0.00449999
-0.00467999
-0.00485999
-0.00503999
-0.00521999
-0.00539999
-0.00557999
-0.00575999
-0.00593999
-0.00611999
-0.00629999
-0.00647999
-0.00665999
-0.00683999
-0.00701999
-0.00719999
-0.00737999
-0.00755999
-0.00773999
-0.00791999
-0.00809999
-0.00827999
-0.00845999
-0.00863999
-0.00881999
-0.00899999
-0.00917999
-0.00935999
-0.00953999
-0.00971999
-0.00989999
-0.01008
-0.01026
-0.01044
-0.01062
-0.0108
-0.01098
-0.01116
-0.01134
-0.01152
-0.0117
-0.01188
-0.01206
-0.01224
-0.01242
-0.0126
-0.01278
-0.01296
-0.01314
-0.01332
-0.0135
-0.01368
-0.01386
-0.01404
-0.01422
-0.0144
-0.01458
-0.01476
-0.01494
-0.01512
-0.0153
-0.01548
-0.01566
-0.01584
-0.01602
-0.0162
-0.01638
-0.01656
-0.01674
-0.01692
-0.0171
-0.01728
-0.01746
-0.01764
-0.01782
-0.018
-0.01818
-0.01836
-0.01854
-0.01872
-0.0189
-0.01908
-0.01926
-0.01944
-0.01962
-0.0198
-0.01998
-0.02016
-0.02034
-0.02052
-0.0207
-0.02088
-0.02106
-0.02124
-0.02142
-0.0216
-0.02178
-0.02196
-0.02214
-0.02232
-0.0225
-0.02268
-0.02286
-0.02304
-0.02322
-0.0234
-0.02358
-0.02376
-0.02394
-0.02412
-0.0243
-0.02448
-0.02466
-0.02484
-0.02502
-0.0252
-0.02538
-0.02556
-0.02574
-0.02592
-0.0261
-0.02628
-0.02646
-0.02628
-0.0261
-0.02592
-0.02574
-0.02556
-0.02538
-0.0252
-0.02502
-0.02484
-0.02466
-0.02448
-0.0243
-0.02412
-0.02394
-0.02376
-0.02358
-0.0234
-0.02322
-0.02304
-0.02286
-0.02268
-0.0225
-0.02232
-0.02214
-0.02196
-0.02178
-0.0216
-0.02142
-0.02124
-0.02106
-0.02088
-0.0207
-0.02052
-0.02034
-0.02016
-0.01998
-0.0198
-0.01962
-0.01944
-0.01926
-0.01908
-0.0189
-0.01872
-0.01854
-0.01836
-0.01818
-0.018
-0.01782
-0.01764
-0.01746
-0.01728
-0.0171
-0.01692
-0.01674
-0.01656
-0.01638
-0.0162
-0.01602
-0.01584
-0.01566
-0.01548
-0.0153
-0.01512
-0.01494
-0.01476
-0.01458
-0.0144
-0.01422
-0.01404
-0.01386
-0.01368
-0.0135
-0.01332
-0.01314
-0.01296
-0.01278
-0.0126
-0.01242
-0.01224
-0.01206
-0.01188
-0.0117
-0.01152
-0.01134
-0.01116
-0.01098
-0.0108
-0.01062
-0.01044
-0.01026
-0.01008
-0.00989999
-0.00971999
-0.00953999
-0.00935999
-0.00917999
-0.00899999
-0.00881999
-0.00863999
-0.00845999
-0.00827999
-0.00809999
-0.00791999
-0.00773999
-0.00755999
-0.00737999
-0.00719999
-0.00701999
-0.00683999
-0.00665999
-0.00647999
-0.00629999
-0.00611999
-0.00593999
-0.00575999
-0.00557999
-0.00539999
-0.00521999
-0.00503999
-0.00485999
-0.00467999
-0.00449999
-0.00431999
-0.00413999
-0.00395999
-0.00377999
-0.00359999
-0.00341999
-0.00323999
-0.00305999
-0.00287999
-0.00269999
-0.00251999
-0.00233999
-0.00215999
-0.00197999
-0.00179999
-0.00161999
-0.00143999
-0.00125999
-0.00107999
-0.00089999
-0.00071999
-0.00053999
-0.00035999
-0.00017999
9.7392e-09
0.00018001
0.00036001
0.00054001
0.00072001
0.00090001
0.00108001
0.00126001
0.00144001
0.00162001
0.00180001
0.00198001
0.00216001
0.00234001
0.00252001
0.00270001
0.00288001
0.00306001
0.00324001
0.00342001
0.00360001
0.00378001
0.00396001
0.00414001
0.00432001
0.00450001
0.00468001
0.00486001
0.00504001
0.00522001
0.00540001
0.00558001
0.00576001
0.00594001
0.00612001
0.00630001
0.00648001
0.00666001
0.00684001
0.00702001
0.00720001
0.00738001
0.00756001
0.00774001
0.00792001
0.00810001
0.00828001
0.00846001
0.00864001
0.00882001
0.00900001
0.00918001
0.00936001
0.00954001
0.00972001
0.00990001
0.01008
0.01026
0.01044
0.01062
0.0108
0.01098
0.01116
0.01134
0.01152
0.0117
0.01188
0.01206
0.01224
0.01242
0.0126
0.01278
0.01296
0.01314
0.01332
0.0135
0.01368
0.01386
0.01404
0.01422
0.0144
0.01458
0.01476
0.01494
0.01512
0.0153
0.01548
0.01566
0.01584
0.01602
0.0162
0.01638
0.01656
0.01674
0.01692
0.0171
0.01728
0.01746
0.01764
0.01782
0.018
0.01818
0.01836
0.01854
0.01872
0.0189
0.01908
0.01926
0.01944
0.01962
0.0198
0.01998
0.02016
0.02034
0.02052
0.0207
0.02088
0.02106
0.02124
0.02142
0.0216
0.02178
0.02196
0.02214
0.02232
0.0225
0.02268
0.02286
0.02304
0.02322
0.0234
0.02358
0.02376
0.02394
0.02412
0.0243
0.02448
0.02466
0.02484
0.02502
0.0252
0.02538
0.02556
0.02574
0.02592
0.0261
0.02628
0.02646
0.02628
0.0261
0.02592
0.02574
0.02556
0.02538
0.0252
0.02502
0.02484
0.02466
0.02448
0.0243
0.02412
0.02394
0.02376
0.02358
0.0234
0.02322
0.02304
0.02286
0.02268
0.0225
0.02232
0.02214
0.02196
0.02178
0.0216
0.02142
0.02124
0.02106
0.02088
0.0207
0.02052
0.02034
0.02016
0.01998
0.0198
0.01962
0.01944
0.01926
0.01908
0.0189
0.01872
0.01854
0.01836
0.01818
0.018
0.01782
0.01764
0.01746
0.01728
0.0171
0.01692
0.01674
0.01656
0.01638
0.0162
0.01602
0.01584
0.01566
0.01548
0.0153
0.01512
0.01494
0.01476
0.01458
0.0144
0.01422
0.01404
0.01386
0.01368
0.0135
0.01332
0.01314
0.01296
0.01278
0.0126
0.01242
0.01224
0.01206
0.01188
0.0117
0.01152
0.01134
0.01116
0.01098
0.0108
0.01062
0.01044
0.01026
0.01008
0.00990001
0.00972001
0.00954001
0.00936001
0.00918001
0.00900001
0.00882001
0.00864001
0.00846001
0.00828001
0.00810001
0.00792001
0.00774001
0.00756001
0.00738001
0.00720001
0.00702001
0.00684001
0.00666001
0.00648001
0.00630001
0.00612001
0.00594001
0.00576001
0.00558001
0.00540001
0.00522001
0.00504001
0.00486001
0.00468001
0.00450001
0.00432001
0.00414001
0.00396001
0.00378001
0.00360001
0.00342001
0.00324001
0.00306001
0.00288001
0.00270001
0.00252001
0.00234001
0.00216001
0.00198001
0.00180001
0.00162001
0.00144001
0.00126001
0.00108001
0.000900007
0.000720007
0.000540007
0.000360007
0.000180007
7.17734e-09
-0.000179993
-0.000359993
-0.000539993
-0.000719993
-0.000899993
-0.00107999
-0.00125999
-0.00143999
-0.00161999
-0.00179999
-0.00197999
-0.00215999
-0.00233999
-0.00251999
-0.00269999
-0.00287999
-0.00305999
-0.00323999
-0.00341999
-0.00359999
-0.00377999
-0.00395999
-0.00413999
-0.00431999
-0.00449999
-0.00467999
-0.00485999
-0.00503999
-0.00521999
-0.00539999
-0.00557999
-0.00575999
-0.00593999
-0.00611999
-0.00629999
-0.00647999
-0.00665999
-0.00683999
-0.00701999
-0.00719999
-0.00737999
-0.00755999
-0.00773999
-0.00791999
-0.00809999
-0.00827999
-0.00845999
-0.00863999
-0.00881999
-0.00899999
-0.00917999
-0.00935999
-0.00953999
-0.00971999
-0.00989999
-0.01008
-0.01026
-0.01044
-0.01062
-0.0108
-0.01098
-0.01116
-0.01134
-0.01152
-0.0117
-0.01188
-0.01206
-0.01224
-0.01242
-0.0126
-0.01278
-0.01296
-0.01314
-0.01332
-0.0135
-0.01368
-0.01386
-0.01404
-0.01422
-0.0144
-0.01458
-0.01476
-0.01494
-0.01512
-0.0153
-0.01548
-0.01566
-0.01584
-0.01602
-0.0162
-0.01638
-0.01656
-0.01674
-0.01692
-0.0171
-0.01728
-0.01746
-0.01764
-0.01782
-0.018
-0.01818
-0.01836
-0.01854
-0.01872
-0.0189
-0.01908
-0.01926
-0.01944
-0.01962
-0.0198
-0.01998
-0.02016
-0.02034
-0.02052
-0.0207
-0.02088
-0.02106
-0.02124
-0.02142
-0.0216
-0.02178
-0.02196
-0.02214
-0.02232
-0.0225
-0.02268
-0.02286
-0.02304
-0.02322
-0.0234
-0.02358
-0.02376
-0.02394
-0.02412
-0.0243
-0.02448
-0.02466
-0.02484
-0.02502
-0.0252
-0.02538
-0.02556
-0.02574
-0.02592
-0.0261
-0.02628
-0.02646
-0.02628
-0.0261
-0.02592
-0.02574
-0.02556
-0.02538
-0.0252
-0.02502
-0.02484
-0.02466
-0.02448
-0.0243
-0.02412
-0.02394
-0.02376
-0.02358
-0.0234
-0.02322
-0.02304
-0.02286
-0.02268
-0.0225
-0.02232
-0.02214
-0.02196
-0.02178
-0.0216
-0.02142
-0.02124
-0.02106
-0.02088
-0.0207
-0.02052
-0.02034
-0.02016
-0.01998
-0.0198
-0.01962
-0.01944
-0.01926
-0.01908
-0.0189
-0.01872
-0.01854
-0.01836
-0.01818
-0.018
-0.01782
-0.01764
-0.01746
-0.01728
-0.0171
-0.01692
-0.01674
-0.01656
-0.01638
-0.0162
-0.01602
-0.01584
-0.01566
-0.01548
-0.0153
-0.01512
-0.01494
-0.01476
-0.01458
-0.0144
-0.01422
-0.01404
-0.01386
-0.01368
-0.0135
-0.01332
-0.01314
-0.01296
-0.01278
-0.0126
-0.01242
-0.01224
-0.01206
-0.01188
-0.0117
-0.01152
-0.01134
-0.01116
-0.01098
-0.0108
-0.01062
-0.01044
-0.01026
-0.01008
-0.00989999
-0.00971999
-0.00953999
-0.00935999
-0.00917999
-0.00899999
-0.00881999
-0.00863999
-0.00845999
-0.00827999
-0.00809999
-0.00791999
-0.00773999
-0.00755999
-0.00737999
-0.00719999
-0.00701999
-0.00683999
-0.00665999
-0.00647999
-0.00629999
-0.00611999
-0.00593999
-0.00575999
-0.00557999
-0.00539999
-0.00521999
-0.00503999
-0.00485999
-0.00467999
-0.00449999
-0.00431999
-0.00413999
-0.00395999
-0.00377999
-0.00359999
-0.00341999
-0.00323999
-0.00305999
-0.00287999
-0.00269999
-0.00251999
-0.00233999
-0.00215999
-0.00197999
-0.00179999
-0.00161999
-0.00143999
-0.00125999
-0.00107999
-0.000899989
-0.000719989
-0.000539989
-0.000359989
-0.000179989
1.08963e-08
