134.724
269.447
404.171
538.895
673.364
805.803
934.881
1060.11
1181.44
1298.94
1160.07
1017.57
878.439
749.652
636.82
533.602
437.178
346.51
260.559
178.287
98.655
20.6248
-56.8423
-134.785
-214.242
-296.251
-381.851
-472.081
-567.979
-670.584
-608.034
-545.485
-482.935
-420.385
-357.835
-295.285
-232.735
-170.185
-107.636
-45.8524
12.8224
69.4347
125.353
181.945
240.58
302.625
369.449
442.42
523.469
626.005
561.194
496.383
431.572
366.761
301.951
237.14
172.329
107.518
42.7074
-22.1034
-85.0708
-145.154
-203.587
-261.605
-320.442
-381.331
-445.509
-514.208
-588.663
-670.109
-607.585
-545.061
-482.538
-420.014
-357.49
-294.966
-232.442
-169.918
-107.394
-45.6369
13.0119
69.598
125.49
182.056
240.663
302.682
369.479
442.424
523.446
625.957
561.148
496.34
431.531
366.723
301.915
237.106
172.298
107.489
42.681
-22.1274
-85.0924
-145.173
-203.604
-261.619
-320.453
-381.341
-445.516
-514.212
-588.666
-670.109
-607.585
-545.062
-482.538
-420.014
-357.49
-294.966
-232.442
-169.919
-107.395
-45.6374
13.0113
69.5974
125.489
182.055
240.663
302.681
369.478
442.422
523.444
625.954
561.146
496.337
431.529
366.721
301.913
237.104
172.296
107.488
42.6796
-22.1286
-85.0935
-145.174
-203.605
-261.62
-320.454
-381.341
-445.516
-514.212
-588.665
-670.109
-607.585
-545.061
-482.537
-420.014
-357.49
-294.966
-232.442
-169.918
-107.395
-45.6374
13.0114
69.5974
125.489
182.055
240.663
302.681
369.478
442.422
523.444
625.954
561.145
496.337
431.529
366.721
301.913
237.104
172.296
107.488
42.6796
-22.1287
-85.0936
-145.174
-203.605
-261.62
-320.454
-381.341
-445.516
-514.212
-588.665
-670.109
-607.585
-545.061
-482.537
-420.014
-357.49
-294.966
-232.442
-169.918
-107.395
-45.6374
13.0113
69.5974
125.489
182.055
240.663
302.681
369.478
442.422
523.444
625.954
561.145
496.337
431.529
366.721
301.912
237.104
172.296
107.488
42.6795
-22.1287
-85.0936
-145.174
-203.605
-261.62
-320.454
-381.341
-445.516
-514.213
-588.665
-670.109
-607.585
-545.061
-482.537
-420.014
-357.49
-294.966
-232.442
-169.919
-107.395
-45.6374
13.0113
69.5974
125.489
182.055
240.663
302.681
369.478
442.422
523.444
625.954
752.143
897.976
1059.42
1232.43
1090.78
944.336
806.625
691.193
597.202
510.803
431.136
357.4
288.792
224.51
163.754
105.721
49.6095
-5.38198
-60.0552
-115.212
-171.654
-230.183
-291.601
-356.708
-426.308
-501.202
-582.191
-670.078
-775.164
-904.433
-1053.4
-1217.58
-1075.04
-927.443
-790.675
-680.575
-591.926
-511.242
-437.611
-370.125
-307.873
-249.944
-195.429
-143.417
-92.998
-43.2616
6.70238
57.8041
110.954
167.062
227.039
291.794
362.238
439.282
524.38
630.237
758.913
640.903
549.369
465.5
388.473
317.468
251.663
190.237
132.367
77.2321
24.0112
-28.1177
-79.976
-132.385
-186.167
-242.143
-301.135
-363.964
-431.452
-504.421
-583.691
-670.085
-773.97
-652.848
-564.399
-484.262
-411.488
-345.133
-284.249
-227.889
-175.109
-124.96
-76.4977
-28.774
19.157
68.2418
119.427
173.659
231.884
295.048
364.099
439.982
524.187
629.367
757.54
639.935
548.496
464.715
387.769
316.839
251.101
189.737
131.923
76.84
23.6659
-28.4201
-80.2393
-132.613
-186.362
-242.307
-301.27
-364.072
-431.533
-504.476
-583.721
-670.089
-773.951
-652.835
-564.387
-484.251
-411.478
-345.124
-284.24
-227.882
-175.102
-124.955
-76.4927
-28.7696
19.1607
68.2449
119.429
173.661
231.885
295.049
364.1
439.983
524.186
629.366
757.539
639.934
548.496
464.714
387.769
316.838
251.101
189.736
131.923
76.8397
23.6657
-28.4204
-80.2395
-132.613
-186.362
-242.307
-301.27
-364.072
-431.533
-504.476
-583.721
-670.089
-773.951
-652.835
-564.387
-484.251
-411.478
-345.124
-284.24
-227.882
-175.103
-124.955
-76.4927
-28.7697
19.1607
68.2449
119.429
173.661
231.885
295.049
364.1
439.982
524.186
629.366
757.539
639.934
548.496
464.714
387.769
316.838
251.101
189.736
131.923
76.8396
23.6656
-28.4204
-80.2396
-132.613
-186.362
-242.307
-301.27
-364.072
-431.534
-504.476
-583.721
-670.089
-773.952
-652.835
-564.388
-484.251
-411.478
-345.124
-284.24
-227.882
-175.103
-124.955
-76.4928
-28.7698
19.1606
68.2448
119.429
173.661
231.885
295.049
364.099
439.982
524.186
629.366
757.539
639.934
548.495
464.714
387.769
316.838
251.101
189.736
131.923
76.8395
23.6655
-28.4205
-80.2397
-132.613
-186.362
-242.307
-301.27
-364.072
-431.534
-504.476
-583.721
-670.089
-773.952
-652.835
-564.388
-484.251
-411.478
-345.124
-284.241
-227.882
-175.103
-124.955
-76.4928
-28.7698
19.1605
68.2447
119.429
173.66
231.885
295.049
364.099
439.982
524.186
629.366
757.538
639.934
548.495
464.714
387.769
316.838
251.101
189.736
131.923
76.8395
23.6654
-28.4206
-80.2398
-132.613
-186.362
-242.307
-301.27
-364.072
-431.534
-504.476
-583.721
-670.089
-773.952
-652.835
-564.388
-484.251
-411.478
-345.124
-284.241
-227.882
-175.103
-124.955
-76.4929
-28.7699
19.1605
68.2447
119.429
173.66
231.885
295.049
364.099
439.982
524.186
629.365
757.538
904.737
1067
1240.35
1420.82
1604.46
1787.28
1965.33
2134.64
1996.84
1854.14
1708.45
1561.64
1415.61
1272.26
1133.47
1001.13
877.147
763.398
661.605
568.805
482.659
402.335
327
255.821
187.967
122.604
58.8996
-3.97808
-66.8619
-130.584
-195.978
-263.876
-335.109
-410.512
-490.916
-577.154
-670.058
-779.446
-911.867
-1062.96
-1228.36
-1403.71
-1584.64
-1766.79
-1945.8
-2117.31
-1979.11
-1835.4
-1688.34
-1540.1
-1392.85
-1248.76
-1109.98
-978.689
-857.049
-747.228
-650.892
-563.822
-483.787
-409.827
-340.982
-276.293
-214.801
-155.546
-97.5693
-39.9105
18.3895
78.2901
140.751
206.731
277.19
353.088
435.384
525.55
635.609
767.407
917.103
1080.86
1254.83
1113.43
966.944
827.766
708.299
612.052
524.155
443.112
368.114
298.351
233.015
171.297
112.387
55.4748
-0.247339
-55.5892
-111.36
-168.369
-227.426
-289.339
-354.918
-424.973
-500.312
-581.745
-670.08
-775.565
-905.127
-1054.29
-1218.58
-1076.05
-928.454
-791.596
-681.269
-592.544
-511.79
-438.097
-370.555
-308.252
-250.277
-195.721
-143.672
-93.2201
-43.4539
6.5369
57.6631
110.835
166.964
226.961
291.735
362.199
439.262
524.38
630.253
758.941
906.495
1068.97
1242.41
1100.87
954.399
816
698.693
603.779
516.716
436.439
362.144
293.024
228.276
167.094
108.672
52.2063
-3.10863
-58.0779
-113.507
-170.2
-228.962
-290.6
-355.916
-425.718
-500.809
-581.996
-670.082
-775.345
-904.746
-1053.8
-1218.03
-1075.49
-927.897
-791.088
-680.887
-592.203
-511.488
-437.83
-370.318
-308.043
-250.094
-195.561
-143.532
-93.0984
-43.3487
6.62718
57.7398
110.9
167.017
227.002
291.766
362.218
439.27
524.377
630.24
758.921
906.471
1068.94
1242.38
1100.84
954.37
815.973
698.671
603.76
516.699
436.424
362.13
293.012
228.265
167.084
108.663
52.1988
-3.11525
-58.0837
-113.512
-170.204
-228.966
-290.603
-355.919
-425.72
-500.811
-581.996
-670.082
-775.345
-904.745
-1053.8
-1218.03
-1075.49
-927.896
-791.087
-680.886
-592.203
-511.487
-437.829
-370.318
-308.043
-250.094
-195.56
-143.532
-93.0982
-43.3486
6.62731
57.7399
110.9
167.017
227.002
291.766
362.218
439.27
524.377
630.24
758.921
906.47
1068.94
1242.38
1100.84
954.369
815.972
698.671
603.76
516.699
436.424
362.13
293.012
228.265
167.084
108.663
52.1987
-3.11536
-58.0838
-113.512
-170.204
-228.966
-290.603
-355.919
-425.72
-500.811
-581.996
-670.082
-775.345
-904.745
-1053.8
-1218.03
-1075.49
-927.897
-791.088
-680.886
-592.203
-511.488
-437.829
-370.318
-308.043
-250.094
-195.561
-143.532
-93.0983
-43.3487
6.62723
57.7398
110.899
167.017
227.002
291.766
362.218
439.27
524.377
630.24
758.921
906.47
1068.94
1242.38
1100.84
954.369
815.972
698.671
603.759
516.698
436.424
362.13
293.012
228.265
167.084
108.663
52.1986
-3.11544
-58.0839
-113.512
-170.204
-228.966
-290.603
-355.919
-425.72
-500.811
-581.996
-670.082
-775.345
-904.745
-1053.8
-1218.03
-1075.49
-927.897
-791.088
-680.886
-592.203
-511.488
-437.83
-370.318
-308.043
-250.094
-195.561
-143.532
-93.0984
-43.3487
6.62716
57.7397
110.899
167.017
227.002
291.766
362.218
439.27
524.376
630.24
758.921
906.47
1068.94
1242.38
1100.84
954.369
815.972
698.671
603.759
516.698
436.423
362.13
293.012
228.265
167.084
108.663
52.1985
-3.11553
-58.084
-113.512
-170.204
-228.966
-290.603
-355.919
-425.72
-500.811
-581.997
-670.082
-775.346
-904.745
-1053.8
-1218.03
-1075.49
-927.897
-791.088
-680.886
-592.203
-511.488
-437.83
-370.318
-308.043
-250.094
-195.561
-143.532
-93.0984
-43.3488
6.62708
57.7397
110.899
167.017
227.002
291.766
362.218
439.27
524.376
630.24
758.921
906.47
1068.94
1242.38
1422.83
1606.37
1789.02
1966.84
2135.89
2292.22
2431.87
2550.89
2645.35
2711.28
2744.74
2792.31
2868.14
2942.44
3015.28
3086.71
3156.78
3225.54
3293.03
3359.32
3424.45
3488.39
3551.24
3613.06
3673.89
3536.58
3394.57
3248.61
3099.42
2947.74
2794.3
2639.84
2485.08
2330.77
2177.64
2026.41
1877.83
1732.63
1591.53
1455.28
1324.61
1200.24
1082.92
973.383
872.353
780.569
698.763
625.818
558.158
495.27
436.735
382.137
331.057
283.077
237.781
194.749
153.564
113.808
75.0643
36.9139
-1.06057
-39.277
-78.1532
-118.107
-159.556
-202.918
-248.612
-297.054
-348.662
-403.855
-463.051
-526.666
-595.119
-668.828
-760.263
-879.483
-1021.63
-1181.82
-1355.21
-1536.92
-1722.08
-1905.83
-2083.29
-2249.61
-2399.92
-2529.34
-2633.01
-2706.06
-2743.63
-2790.82
-2866.61
-2940.87
-3013.67
-3085.06
-3155.09
-3223.81
-3291.27
-3357.53
-3422.62
-3486.52
-3549.34
-3611.13
-3671.93
-3534.08
-3390.56
-3242.26
-3090.05
-2934.81
-2777.42
-2618.76
-2459.7
-2301.12
-2143.91
-1988.94
-1837.08
-1689.22
-1546.24
-1409.02
-1278.42
-1155.34
-1040.65
-935.223
-839.945
-755.692
-683.342
-621.81
-564.744
-511.373
-461.464
-414.784
-371.099
-330.177
-291.785
-255.689
-221.656
-189.453
-158.846
-129.604
-101.493
-74.2784
-47.7287
-21.6102
4.31009
30.2654
56.4889
83.2136
110.673
139.099
168.727
199.788
232.516
267.144
303.905
343.032
384.759
429.319
476.944
527.868
582.324
640.545
706.846
795.549
905.604
1034.43
1179.45
1338.09
1507.76
1685.89
1869.89
2057.19
2245.21
2105.24
1956.65
1802.23
1644.76
1487.02
1331.82
1181.92
1040.12
909.217
791.986
691.216
609.697
545.166
485.205
428.878
375.987
326.332
279.714
235.934
194.793
156.09
119.627
85.2053
52.6244
21.6856
-7.81057
-36.0633
-63.2718
-89.6354
-115.353
-140.625
-165.65
-190.627
-215.755
-241.235
-267.264
-294.043
-321.77
-350.645
-380.868
-412.637
-446.152
-481.611
-519.215
-559.163
-601.654
-646.887
-695.061
-746.376
-801.031
-860.183
-934.955
-1026.93
-1134.13
-1254.58
-1386.3
-1527.32
-1675.66
-1532.25
-1376.19
-1214.54
-1054.37
-902.757
-766.767
-653.469
-569.934
-515.757
-467.156
-421.566
-378.845
-338.85
-301.439
-266.47
-233.8
-203.288
-174.791
-148.167
-123.273
-99.9683
-78.1098
-57.5553
-38.1628
-19.79
-2.29457
14.4656
30.6326
46.3489
61.7565
76.9978
92.2148
107.55
123.145
139.143
155.685
172.915
190.973
210.003
230.146
251.545
274.342
298.679
324.698
352.542
382.353
414.273
448.444
485.008
524.108
565.886
610.712
669.384
746.409
839.915
948.03
1068.88
1200.6
1053.23
893.693
741.679
616.875
538.312
482.968
430.734
381.479
335.075
291.39
250.294
211.659
175.353
141.247
109.211
79.1147
50.8281
24.2214
-0.835454
-24.4725
-46.8197
-68.0069
-88.1644
-107.422
-125.909
-143.757
-161.095
-178.053
-194.761
-211.349
-227.947
-244.684
-261.692
-279.1
-297.038
-315.636
-335.024
-355.332
-376.69
-399.227
-423.075
-448.362
-475.22
-503.777
-534.164
-566.511
-600.948
-637.604
-676.611
-718.097
-762.193
-809.148
-867.866
-942.65
-1031.84
-1133.77
-1246.79
-1369.23
-1223.07
-1063.04
-902.566
-755.123
-634.162
-553.139
-502.765
-455.627
-411.36
-369.836
-330.924
-294.495
-260.421
-228.572
-198.818
-171.031
-145.081
-120.839
-98.1757
-76.9615
-57.0674
-38.364
-20.7222
-4.01252
11.8942
27.1272
41.8158
56.0893
70.077
83.9081
97.7119
111.618
125.755
140.252
155.24
170.846
187.201
204.433
222.672
242.048
262.689
284.724
308.284
333.497
360.493
389.4
420.348
453.467
488.885
526.733
567.138
610.465
667.752
743.632
836.217
943.619
1063.95
1195.32
1047.87
888.311
736.631
612.83
535.868
480.68
428.592
379.477
333.203
289.642
248.663
210.138
173.936
139.927
107.982
77.9719
49.7661
23.2352
-1.75055
-25.3207
-47.605
-68.7331
-88.8347
-108.04
-126.477
-144.277
-161.57
-178.484
-195.15
-211.697
-228.255
-244.954
-261.923
-279.292
-297.191
-315.749
-335.096
-355.362
-376.676
-399.169
-422.969
-448.206
-475.011
-503.512
-533.84
-566.124
-600.494
-637.08
-676.01
-717.416
-761.426
-808.27
-866.732
-941.261
-1030.2
-1131.88
-1244.66
-1366.87
-1220.69
-1060.62
-900.201
-752.96
-632.434
-552.158
-501.92
-454.837
-410.623
-369.148
-330.283
-293.898
-259.866
-228.056
-198.339
-170.586
-144.668
-120.455
-97.8196
-76.6312
-56.761
-38.0797
-20.4582
-3.76735
12.1221
27.3393
42.0134
56.2736
70.2491
84.0691
97.8628
111.759
125.888
140.378
155.358
170.958
187.306
204.532
222.766
242.136
262.771
284.801
308.355
333.562
360.551
389.452
420.393
453.504
488.914
526.752
567.147
610.463
667.739
743.611
836.189
943.586
1063.91
1195.28
1335.8
1483.58
1636.74
1793.39
1951.63
2109.59
2265.36
2417.07
2562.83
2700.74
2828.92
2945.47
3048.52
3136.17
3206.54
3257.73
3287.85
3304.12
3346.95
3389.23
3430.97
3472.24
3512.96
3553.24
3593.04
3632.37
3671.28
3709.72
3747.74
3785.36
3647.02
3502.08
3351.46
3196.12
3037
2875.04
2711.17
2546.35
2381.51
2217.6
2055.55
1896.31
1740.82
1590.01
1444.84
1306.25
1175.16
1052.54
939.312
836.424
744.816
665.431
599.21
547.094
504.054
463.029
423.93
386.687
351.231
317.49
285.397
254.88
225.87
198.297
172.092
147.183
123.503
100.98
79.5445
59.1273
39.6582
21.0675
3.28517
-13.7585
-30.1334
-45.9095
-61.1564
-75.9441
-90.3425
-104.421
-118.25
-131.9
-145.439
-158.938
-172.467
-186.095
-199.893
-213.93
-228.276
-243.002
-258.175
-273.868
-290.149
-307.088
-324.756
-343.221
-362.554
-382.825
-404.104
-426.46
-449.963
-474.683
-500.691
-528.055
-556.845
-587.132
-618.986
-652.475
-687.671
-724.642
-763.459
-804.234
-856.201
-925.164
-1009.41
-1107.24
-1216.94
-1336.79
-1465.1
-1600.16
-1740.24
-1883.66
-2028.69
-2173.63
-2316.76
-2456.39
-2590.81
-2718.29
-2837.15
-2945.65
-3042.11
-3124.81
-3192.03
-3242.08
-3273.24
-3284.39
-3326.95
-3368.98
-3410.48
-3451.49
-3491.98
-3532.01
-3571.57
-3610.67
-3649.34
-3687.56
-3725.35
-3762.75
-3624.13
-3478.42
-3326.62
-3169.76
-3008.86
-2844.94
-2679.03
-2512.15
-2345.31
-2179.54
-2015.85
-1855.28
-1698.85
-1547.56
-1402.46
-1264.54
-1134.85
-1014.4
-904.205
-805.294
-718.688
-645.407
-586.472
-542.765
-505.93
-470.562
-436.619
-404.06
-372.842
-342.924
-314.264
-286.819
-260.549
-235.412
-211.364
-188.365
-166.373
-145.346
-125.241
-106.018
-87.6341
-70.0475
-53.2163
-37.0988
-21.6531
-6.83735
7.39036
21.0719
34.249
46.9637
59.2577
71.173
82.7514
94.0347
105.065
115.884
126.533
137.055
147.491
157.883
168.274
178.704
189.215
199.851
210.652
221.66
232.917
244.465
256.347
268.603
281.275
294.406
308.037
322.211
336.969
352.352
368.404
385.165
402.677
420.983
440.124
460.142
481.079
502.977
525.878
549.823
574.855
601.014
628.344
656.886
686.682
717.773
750.202
785.064
829.921
885.68
951.63
1027.06
1111.27
1203.54
1303.16
1409.42
1521.61
1639.03
1494.79
1336.84
1173.19
1011.83
860.769
728
621.527
549.349
503.205
459.226
416.965
376.373
337.406
300.015
264.154
229.777
196.835
165.284
135.075
106.163
78.4994
52.0385
26.7333
2.53702
-20.5972
-42.7161
-63.8665
-84.0952
-103.449
-121.975
-139.719
-156.729
-173.051
-188.732
-203.819
-218.358
-232.397
-245.982
-259.16
-271.978
-284.483
-296.721
-308.739
-320.584
-332.303
-343.942
-355.549
-367.17
-378.852
-390.642
-402.586
-414.731
-427.125
-439.813
-452.843
-466.262
-480.116
-494.452
-509.317
-524.757
-540.82
-557.552
-575.001
-593.212
-612.233
-632.11
-652.89
-674.62
-697.348
-721.118
-745.979
-771.978
-799.16
-827.573
-857.264
-888.279
-920.665
-954.469
-989.737
-1026.72
-1071.04
-1124.74
-1187.23
-1257.88
-1336.09
-1421.25
-1512.75
-1609.96
-1712.29
-1819.12
-1675.5
-1518.3
-1353.84
-1188.47
-1028.52
-880.3
-750.156
-644.415
-569.406
-525.191
-486.158
-448.738
-412.885
-378.554
-345.7
-314.277
-284.241
-255.546
-228.148
-202
-177.059
-153.279
-130.614
-109.02
-88.4512
-68.863
-50.2101
-32.4473
-15.5295
0.588479
15.9517
30.6052
44.5943
57.964
70.7595
83.0259
94.8083
106.152
117.102
127.703
138.001
148.04
157.866
167.524
177.059
186.516
195.941
205.378
214.872
224.47
234.215
244.152
254.328
264.787
275.575
286.736
298.315
310.358
322.91
336.016
349.721
364.07
379.108
394.881
411.433
428.81
447.057
466.219
486.341
507.468
529.646
552.919
577.332
602.932
629.762
657.868
687.295
718.088
750.293
785.001
829.729
885.374
951.225
1026.57
1110.7
1202.91
1302.48
1408.71
1520.87
1638.27
1494.03
1336.06
1172.38
1010.99
859.884
727.069
620.544
548.311
502.225
458.319
416.126
375.601
336.695
299.363
263.557
229.232
196.34
164.835
134.671
105.8
78.1755
51.7517
26.4815
2.31845
-20.7842
-42.8732
-63.9951
-84.1965
-103.524
-122.024
-139.744
-156.73
-173.029
-188.687
-203.751
-218.268
-232.284
-245.846
-259.001
-271.795
-284.275
-296.487
-308.479
-320.296
-331.986
-343.595
-355.17
-366.757
-378.403
-390.154
-402.058
-414.161
-426.51
-439.151
-452.13
-465.496
-479.293
-493.569
-508.371
-523.745
-539.737
-556.395
-573.765
-591.893
-610.827
-630.613
-651.297
-672.926
-695.548
-719.208
-743.953
-769.83
-796.885
-825.165
-854.717
-885.588
-917.823
-951.47
-986.576
-1023.31
-1067.01
-1120.09
-1181.95
-1251.97
-1329.56
-1414.09
-1504.97
-1601.58
-1703.32
-1809.57
-1665.89
-1508.57
-1344.04
-1178.74
-1019.08
-871.488
-742.401
-638.242
-565.438
-522.377
-483.47
-446.17
-410.433
-376.214
-343.468
-312.149
-282.212
-253.613
-226.307
-200.248
-175.391
-151.692
-129.105
-107.585
-87.0875
-67.5671
-48.9788
-31.2777
-14.4185
1.64358
16.9537
31.5569
45.4982
58.8227
71.5753
83.8012
95.5453
106.853
117.769
128.338
138.605
148.616
158.416
168.049
177.561
186.996
196.4
205.818
215.294
224.875
234.604
244.527
254.689
265.134
275.909
287.058
298.626
310.658
323.199
336.294
349.989
364.328
379.356
395.119
411.66
429.027
447.263
466.413
486.523
507.637
529.801
553.06
577.459
603.042
629.855
657.943
687.351
718.123
750.306
784.99
829.697
885.323
951.158
1026.49
1110.61
1202.81
1302.37
1408.59
1520.75
1638.15
1493.9
1335.93
1172.22
1010.78
859.599
726.665
619.974
547.519
501.453
457.612
415.48
375.012
336.16
298.879
263.122
228.842
195.993
164.528
134.401
105.566
77.9752
51.583
26.3427
2.2078
-20.8682
-42.9319
-64.0296
-84.2079
-103.513
-121.992
-139.692
-156.657
-172.936
-188.574
-203.619
-218.116
-232.112
-245.654
-258.787
-271.56
-284.017
-296.206
-308.173
-319.964
-331.627
-343.207
-354.751
-366.306
-377.918
-389.633
-401.498
-413.56
-425.865
-438.459
-451.39
-464.702
-478.444
-492.662
-507.401
-522.709
-538.632
-555.216
-572.509
-590.556
-609.404
-629.099
-649.688
-671.218
-693.735
-717.285
-741.916
-767.672
-794.602
-822.751
-852.166
-882.894
-914.98
-948.472
-983.416
-1019.92
-1063.01
-1115.48
-1176.71
-1246.11
-1323.06
-1406.97
-1497.23
-1593.24
-1694.39
-1800.07
-1656.33
-1498.89
-1334.29
-1169.05
-1009.7
-862.756
-734.753
-632.214
-561.665
-519.586
-480.803
-443.623
-408.002
-373.893
-341.254
-310.038
-280.2
-251.696
-224.481
-198.51
-173.737
-150.118
-127.608
-106.162
-85.7346
-66.2814
-47.7572
-30.1171
-13.3162
2.69055
17.9481
32.5013
46.3953
59.6749
72.385
84.5707
96.2769
107.549
118.431
128.968
139.206
149.189
158.962
168.57
178.059
187.473
196.856
206.255
215.713
225.277
234.99
244.898
255.046
265.479
276.241
287.378
298.935
310.956
323.486
336.571
350.256
364.584
379.602
395.355
411.886
429.242
447.467
466.605
486.703
507.805
529.956
553.201
577.584
603.151
629.947
658.017
687.406
718.158
750.318
784.98
829.665
885.273
951.091
1026.41
1110.52
1202.7
1302.26
1408.47
1520.63
1638.02
1759.94
1885.68
2014.52
2145.75
2278.66
2412.55
2546.69
2680.39
2812.93
2943.6
3071.68
3196.48
3317.27
3433.34
3544
3648.51
3746.19
3836.3
3918.15
3991.02
4054.21
4106.99
4148.67
4178.52
4195.84
4206.81
4239.63
4272.14
4304.29
4336.12
4367.64
4398.85
4429.75
4460.35
4322.38
4178.37
4029.01
3875
3717.04
3555.81
3392
3226.33
3059.46
2892.11
2724.96
2558.71
2394.05
2231.67
2072.27
1916.54
1765.18
1618.87
1478.32
1344.21
1217.24
1098.1
987.49
886.098
794.619
713.747
644.175
586.597
541.706
505.372
470.316
436.423
403.665
372.015
341.444
311.926
283.432
255.936
229.41
203.825
179.156
155.373
132.45
110.359
89.0718
68.5618
48.8011
29.7622
11.4174
-6.26072
-23.2998
-39.7273
-55.5709
-70.8581
-85.6164
-99.8735
-113.657
-126.994
-139.912
-152.44
-164.603
-176.431
-187.951
-199.189
-210.174
-220.934
-231.495
-241.886
-252.133
-262.265
-272.309
-282.292
-292.243
-302.188
-312.156
-322.173
-332.267
-342.467
-352.799
-363.291
-373.97
-384.864
-396.002
-407.409
-419.114
-431.144
-443.528
-456.291
-469.463
-483.07
-497.14
-511.701
-526.78
-542.405
-558.603
-575.402
-592.829
-610.913
-629.679
-649.157
-669.374
-690.356
-712.133
-734.73
-758.177
-782.5
-807.726
-833.885
-861.002
-889.106
-918.224
-948.384
-979.613
-1011.94
-1049.88
-1097.58
-1154.42
-1219.79
-1293.08
-1373.67
-1460.94
-1554.3
-1653.11
-1756.78
-1864.67
-1976.2
-2090.73
-2207.65
-2326.36
-2446.23
-2566.66
-2687.04
-2806.74
-2925.15
-3041.67
-3155.67
-3266.55
-3373.69
-3476.48
-3574.3
-3666.54
-3752.59
-3831.84
-3903.66
-3967.46
-4022.6
-4068.49
-4104.5
-4130.03
-4144.46
-4156.4
-4188.27
-4219.79
-4251
-4281.9
-4312.49
-4342.79
-4372.79
-4234.56
-4089.82
-3939.34
-3783.9
-3624.26
-3461.18
-3295.44
-3127.81
-2959.06
-2789.95
-2621.25
-2453.73
-2288.16
-2125.31
-1965.95
-1810.84
-1660.76
-1516.47
-1378.74
-1248.35
-1126.05
-1012.62
-908.832
-815.447
-733.236
-662.968
-605.413
-561.337
-528.952
-498.524
-469.006
-440.38
-412.627
-385.729
-359.667
-334.422
-309.976
-286.31
-263.407
-241.247
-219.811
-199.082
-179.04
-159.668
-140.947
-122.857
-105.381
-88.5002
-72.1958
-56.4493
-41.2423
-26.5561
-12.3723
1.32778
14.5626
27.3506
39.7105
51.6607
63.2198
74.4064
85.2389
95.736
105.916
115.798
125.4
134.74
143.838
152.711
161.379
169.859
178.171
186.333
194.363
202.281
210.103
217.85
225.54
233.19
240.82
248.449
256.094
263.774
271.509
279.315
287.213
295.22
303.355
311.637
320.083
328.713
337.546
346.599
355.891
365.441
375.267
385.388
395.823
406.589
417.706
429.192
441.065
453.345
466.049
479.196
492.805
506.894
521.482
536.587
552.228
568.424
585.192
602.552
620.522
639.12
658.365
678.277
698.872
720.17
742.189
764.948
788.465
812.759
837.848
863.751
890.487
919.979
956.917
1001.19
1052.46
1110.37
1174.56
1244.69
1320.41
1401.36
1487.19
1577.56
1672.12
1770.5
1626.54
1468.63
1303.54
1138.03
978.885
832.869
706.755
607.315
541.319
501.457
463.411
426.495
390.687
355.965
322.307
289.69
258.092
227.491
197.865
169.191
141.448
114.613
88.6632
63.5772
39.3325
15.9069
-6.7218
-28.5759
-49.6775
-70.049
-89.7125
-108.69
-127.005
-144.678
-161.732
-178.189
-194.071
-209.402
-224.202
-238.494
-252.301
-265.644
-278.546
-291.029
-303.115
-314.827
-326.186
-337.216
-347.937
-358.373
-368.546
-378.477
-388.19
-397.706
-407.047
-416.236
-425.296
-434.247
-443.113
-451.916
-460.677
-469.42
-478.166
-486.938
-495.757
-504.647
-513.629
-522.725
-531.959
-541.351
-550.924
-560.701
-570.704
-580.954
-591.475
-602.288
-613.416
-624.88
-636.704
-648.908
-661.517
-674.551
-688.033
-701.985
-716.43
-731.389
-746.885
-762.941
-779.577
-796.818
-814.684
-833.198
-852.382
-872.259
-892.851
-914.179
-936.267
-959.136
-982.809
-1007.31
-1032.65
-1058.87
-1085.98
-1114.01
-1142.97
-1172.89
-1206.08
-1245.47
-1290.79
-1341.76
-1398.09
-1459.49
-1525.68
-1596.36
-1671.25
-1750.06
-1832.51
-1918.3
-1774.71
-1617.27
-1451.78
-1284.01
-1119.78
-964.883
-825.108
-706.254
-614.118
-554.497
-519.517
-486.165
-453.861
-422.583
-392.311
-363.024
-334.699
-307.316
-280.854
-255.29
-230.604
-206.774
-183.78
-161.599
-140.211
-119.594
-99.727
-80.5884
-62.157
-44.4116
-27.3308
-10.8933
4.92224
20.1371
34.7725
48.8499
62.3905
75.4156
87.9466
100.005
111.611
122.788
133.555
143.935
153.949
163.618
172.963
182.005
190.767
199.269
207.532
215.579
223.429
231.105
238.628
246.019
253.299
260.491
267.614
274.69
281.742
288.789
295.853
302.956
310.119
317.363
324.71
332.181
339.796
347.579
355.548
363.727
372.137
380.798
389.732
398.96
408.504
418.385
428.624
439.243
450.263
461.705
473.59
485.94
498.776
512.119
525.992
540.414
555.408
570.994
587.194
604.029
621.522
639.691
658.561
678.15
698.482
719.576
741.455
764.14
787.652
812.012
837.242
863.362
890.396
920.236
957.498
1002.07
1053.61
1111.76
1176.17
1246.49
1322.37
1403.47
1489.43
1579.91
1674.54
1772.99
1629.05
1471.17
1306.06
1140.47
981.116
834.735
708.054
607.804
540.714
500.676
462.725
425.9
390.18
355.541
321.961
289.42
257.894
227.361
197.8
169.187
141.502
114.722
88.825
63.7887
39.591
16.21
-6.37657
-28.1907
-49.2545
-69.5902
-89.2197
-108.165
-126.449
-144.093
-161.119
-177.549
-193.406
-208.712
-223.488
-237.757
-251.541
-264.862
-277.742
-290.204
-302.268
-313.958
-325.296
-336.303
-347.002
-357.414
-367.563
-377.469
-387.156
-396.645
-405.958
-415.118
-424.146
-433.064
-441.896
-450.662
-459.385
-468.087
-476.79
-485.516
-494.288
-503.127
-512.056
-521.096
-530.27
-539.6
-549.108
-558.815
-568.745
-578.919
-589.359
-600.088
-611.127
-622.499
-634.226
-646.329
-658.831
-671.755
-685.121
-698.953
-713.272
-728.1
-743.46
-759.374
-775.863
-792.95
-810.657
-829.006
-848.019
-867.718
-888.126
-909.264
-931.155
-953.82
-977.282
-1001.56
-1026.68
-1052.67
-1079.54
-1107.32
-1136.02
-1165.68
-1198
-1236.4
-1280.73
-1330.69
-1386.01
-1446.39
-1511.56
-1581.22
-1655.1
-1732.91
-1814.36
-1899.18
-1755.48
-1597.82
-1432.14
-1264.42
-1100.62
-946.689
-808.602
-692.318
-603.798
-549.005
-514.73
-481.538
-449.389
-418.263
-388.139
-358.995
-330.809
-303.562
-277.231
-251.795
-227.234
-203.525
-180.647
-158.58
-137.302
-116.792
-97.0276
-77.989
-59.6543
-42.0025
-25.0121
-8.66197
7.06914
22.2025
36.7593
50.7609
64.2284
77.1832
89.6465
101.64
113.183
124.3
135.009
145.334
155.294
164.912
174.208
183.204
191.921
200.38
208.602
216.609
224.423
232.063
239.552
246.911
254.16
261.322
268.417
275.467
282.493
289.516
296.558
303.639
310.782
318.006
325.334
332.787
340.385
348.151
356.106
364.27
372.665
381.312
390.232
399.448
408.979
418.848
429.074
439.681
450.689
462.118
473.992
486.33
499.153
512.485
526.344
540.753
555.733
571.306
587.491
604.312
621.788
639.942
658.794
678.366
698.678
719.753
741.611
764.274
787.763
812.099
837.304
863.398
890.403
920.215
957.451
1002
1053.51
1111.64
1176.04
1246.34
1322.22
1403.3
1489.25
1579.72
1674.35
1772.79
1874.7
1979.73
2087.51
2197.72
2309.99
2423.97
2539.32
2655.68
2772.71
2890.05
3007.36
3124.28
3240.47
3355.57
3469.24
3581.12
3690.87
3798.13
3902.56
4003.8
4101.51
4195.33
4284.92
4369.92
4449.99
4524.78
4593.93
4657.09
4713.92
4764.07
4807.18
4842.91
4870.9
4890.81
4902.28
4910.34
4936.11
4961.62
4986.86
5011.84
5036.56
5061.03
5085.23
5109.18
5132.88
5156.32
5179.5
5202.44
5225.12
5247.56
5269.74
5291.68
5313.37
5334.81
5356.01
5376.97
5397.68
5418.15
5438.37
5458.35
5478.08
5497.57
5516.82
5535.83
5554.61
5573.16
5591.49
5609.58
5627.45
5645.1
5662.54
5679.75
5696.75
5713.53
5730.11
5746.46
5762.6
5778.53
5794.26
5656.81
5514.19
5366.83
5215.16
5059.62
4900.62
4738.59
4573.98
4407.19
4238.68
4068.85
3898.15
3727
3555.82
3385.06
3215.14
3046.48
2879.51
2714.68
2552.39
2393.09
2237.2
2085.15
1937.37
1794.29
1656.34
1523.95
1397.54
1277.54
1164.39
1058.51
960.334
870.287
788.8
716.302
653.222
599.988
557.03
524.777
499.669
475.185
451.213
427.744
404.774
382.294
360.298
338.778
317.729
297.143
277.013
257.333
238.095
219.293
200.919
182.968
165.431
148.302
131.575
115.241
99.2955
83.7301
68.5383
53.7132
39.248
25.1358
11.3696
-2.05746
-15.1522
-27.9215
-40.3724
-52.5116
-64.346
-75.8827
-87.1283
-98.0899
-108.774
-119.188
-129.339
-139.233
-148.878
-158.28
-167.446
-176.382
-185.097
-193.597
-201.888
-209.978
-217.874
-225.582
-233.109
-240.462
-247.648
-254.674
-261.547
-268.273
-274.861
-281.315
-287.644
-293.854
-299.953
-305.946
-311.841
-317.645
-323.365
-329.007
-334.579
-340.087
-345.538
-350.939
-356.298
-361.62
-366.913
-372.183
-377.439
-382.685
-387.93
-393.18
-398.443
-403.724
-409.031
-414.371
-419.751
-425.177
-430.656
-436.196
-441.803
-447.484
-453.247
-459.097
-465.041
-471.088
-477.243
-483.513
-489.906
-496.428
-503.085
-509.886
-516.837
-523.945
-531.216
-538.657
-546.277
-554.08
-562.074
-570.267
-578.665
-587.274
-596.102
-605.156
-614.442
-623.968
-633.74
-643.765
-654.05
-664.603
-675.429
-686.535
-697.93
-709.619
-721.609
-733.907
-746.521
-759.457
-772.721
-786.322
-800.265
-814.558
-829.207
-844.22
-859.603
-875.363
-891.507
-908.042
-924.975
-942.313
-960.062
-978.229
-996.823
-1015.85
-1035.31
-1055.22
-1075.59
-1096.41
-1117.7
-1139.46
-1161.87
-1189.08
-1222.72
-1262.48
-1308.09
-1359.26
-1415.69
-1477.1
-1543.2
-1613.71
-1688.32
-1766.77
-1848.75
-1933.99
-2022.19
-2113.06
-2206.32
-2301.67
-2398.84
-2497.53
-2597.45
-2698.32
-2799.85
-2901.75
-3003.72
-3105.5
-3206.77
-3307.27
-3406.69
-3504.76
-3601.18
-3695.66
-3787.93
-3877.68
-3964.63
-4048.49
-4128.98
-4205.81
-4278.69
-4347.32
-4411.43
-4470.72
-4524.91
-4573.71
-4616.83
-4653.98
-4684.87
-4709.23
-4726.74
-4737.14
-4742.69
-4766.44
-4789.96
-4813.22
-4836.24
-4859.02
-4881.55
-4903.84
-4925.9
-4947.71
-4969.28
-4990.62
-5011.72
-5032.58
-5053.21
-5073.6
-5093.76
-5113.69
-5133.39
-5152.85
-5172.09
-5191.08
-5209.85
-5228.38
-5246.69
-5264.78
-5282.64
-5300.28
-5317.7
-5334.91
-5351.91
-5368.7
-5385.28
-5401.65
-5417.81
-5433.78
-5449.54
-5465.1
-5480.44
-5495.59
-5510.55
-5372.83
-5229.46
-5080.93
-4927.75
-4770.42
-4609.44
-4445.31
-4278.54
-4109.62
-3939.06
-3767.35
-3595
-3422.52
-3250.39
-3079.13
-2909.23
-2741.2
-2575.54
-2412.74
-2253.32
-2097.77
-1946.59
-1800.28
-1659.35
-1524.3
-1395.63
-1273.83
-1159.42
-1052.89
-954.747
-865.488
-785.617
-715.634
-656.04
-607.339
-570.03
-544.453
-523.356
-502.613
-482.22
-462.172
-442.467
-423.101
-404.069
-385.369
-366.996
-348.947
-331.218
-313.806
-296.706
-279.916
-263.431
-247.247
-231.362
-215.771
-200.47
-185.456
-170.725
-156.274
-142.099
-128.195
-114.56
-101.19
-88.0804
-75.2283
-62.6298
-50.2811
-38.1786
-26.3185
-14.6973
-3.31111
7.84369
18.7708
29.474
39.9568
50.2231
60.2765
70.1207
79.7594
89.1964
98.4352
107.48
116.333
125
133.484
141.788
149.916
157.871
165.659
173.281
180.743
188.047
195.197
202.197
209.051
215.762
222.335
228.772
235.078
241.256
247.31
253.243
259.06
264.764
270.358
275.847
281.234
286.522
291.716
296.819
301.836
306.768
311.621
316.398
321.103
325.739
330.31
334.82
339.272
343.671
348.019
352.321
356.58
360.8
364.985
369.138
373.263
377.364
381.445
385.508
389.559
393.6
397.635
401.668
405.703
409.743
413.792
417.854
421.933
426.031
430.154
434.304
438.485
442.701
446.956
451.253
455.596
459.989
464.435
468.939
473.503
478.132
482.829
487.598
492.442
497.366
502.373
507.467
512.651
517.929
523.305
528.782
534.365
540.057
545.861
551.781
557.822
563.986
570.278
576.701
583.258
589.954
596.793
603.777
610.911
618.198
625.642
633.247
641.016
648.953
657.062
665.347
673.811
682.457
691.291
700.314
709.532
718.947
728.564
738.385
748.416
758.659
769.118
779.797
790.7
801.829
813.19
824.786
836.62
848.696
861.017
873.589
886.413
899.494
912.836
926.442
940.316
954.462
968.883
983.583
998.566
1013.84
1029.4
1045.25
1061.4
1077.85
1094.61
1111.67
1129.11
1148.88
1171.91
1198.14
1227.47
1259.81
1295.09
1333.21
1374.1
1417.67
1463.83
1512.51
1563.61
1617.05
1672.75
1730.63
1790.59
1852.56
1916.45
1982.17
2049.65
2118.79
2189.52
2261.74
2119.36
1964.21
1800.11
1630.89
1460.38
1292.41
1130.79
979.348
841.919
722.325
624.391
551.941
508.803
482.286
456.222
430.603
405.425
380.682
356.37
332.485
309.021
285.974
263.34
241.113
219.289
197.863
176.831
156.188
135.929
116.049
96.544
77.4093
58.64
40.2314
22.1789
4.47781
-12.8766
-29.889
-46.5641
-62.9066
-78.9211
-94.6123
-109.985
-125.044
-139.793
-154.238
-168.383
-182.233
-195.793
-209.067
-222.059
-234.776
-247.22
-259.397
-271.313
-282.97
-294.374
-305.53
-316.443
-327.116
-337.556
-347.766
-357.75
-367.515
-377.064
-386.402
-395.535
-404.465
-413.199
-421.741
-430.096
-438.267
-446.261
-454.082
-461.733
-469.221
-476.549
-483.723
-490.747
-497.626
-504.364
-510.966
-517.438
-523.782
-530.005
-536.111
-542.104
-547.989
-553.772
-559.456
-565.046
-570.548
-575.965
-581.302
-586.564
-591.757
-596.883
-601.949
-606.958
-611.916
-616.827
-621.696
-626.528
-631.326
-636.097
-640.844
-645.572
-650.287
-654.992
-659.692
-664.392
-669.097
-673.812
-678.54
-683.287
-688.058
-692.857
-697.688
-702.557
-707.468
-712.426
-717.436
-722.502
-727.629
-732.821
-738.084
-743.421
-748.838
-754.34
-759.931
-765.615
-771.398
-777.283
-783.277
-789.383
-795.606
-801.951
-808.422
-815.025
-821.764
-828.643
-835.667
-842.841
-850.17
-857.658
-865.311
-873.131
-881.126
-889.298
-897.653
-906.195
-914.93
-923.861
-932.994
-942.333
-951.882
-961.648
-971.633
-981.843
-992.283
-1002.96
-1013.87
-1025.03
-1036.43
-1048.09
-1060.01
-1072.18
-1084.63
-1097.35
-1110.34
-1123.61
-1137.17
-1151.03
-1165.17
-1179.62
-1194.37
-1209.43
-1224.8
-1240.49
-1256.51
-1272.85
-1289.53
-1306.54
-1323.9
-1341.6
-1359.65
-1378.06
-1396.83
-1416.06
-1437.21
-1460.74
-1486.58
-1514.68
-1544.98
-1577.42
-1611.93
-1648.45
-1686.93
-1727.31
-1769.53
-1813.52
-1859.22
-1906.58
-1955.54
-2006.03
-2058
-2111.38
-2166.11
-2022.95
-1865.97
-1699.77
-1528.96
-1358.13
-1191.89
-1034.82
-891.543
-766.642
-664.723
-590.384
-548.226
-524.302
-500.808
-477.738
-455.085
-432.847
-411.018
-389.593
-368.569
-347.94
-327.701
-307.85
-288.379
-269.286
-250.565
-232.212
-214.223
-196.592
-179.315
-162.387
-145.804
-129.562
-113.655
-98.0791
-82.8298
-67.9022
-53.2919
-38.9943
-25.0047
-11.3185
2.06884
15.162
27.9654
40.4839
52.7219
64.6841
76.375
87.7994
98.9617
109.867
120.519
130.922
141.083
151.004
160.69
170.147
179.379
188.39
197.185
205.769
214.146
222.32
230.297
238.081
245.677
253.088
260.321
267.379
274.267
280.989
287.551
293.956
300.21
306.317
312.281
318.108
323.801
329.366
334.807
340.128
345.335
350.431
355.422
360.312
365.105
369.807
374.421
378.953
383.407
387.787
392.099
396.346
400.534
404.667
408.749
412.786
416.781
420.74
424.667
428.566
432.443
436.301
440.146
443.982
447.814
451.645
455.482
459.328
463.188
467.066
470.968
474.898
478.86
482.859
486.899
490.986
495.124
499.317
503.57
507.888
512.275
516.736
521.275
525.898
530.607
535.41
540.309
545.309
550.415
555.633
560.965
566.417
571.994
577.699
583.538
589.516
595.636
601.904
608.324
614.9
621.638
628.542
635.615
642.865
650.293
657.906
665.708
673.703
681.896
690.292
698.895
707.71
716.742
725.994
735.472
745.181
755.124
765.307
775.733
786.409
797.337
808.524
819.973
831.689
843.677
855.941
868.485
881.316
894.436
907.851
921.565
935.583
949.91
964.55
979.507
994.786
1010.39
1026.33
1042.6
1059.22
1076.18
1093.49
1111.15
1129.23
1149.64
1173.28
1200.09
1229.96
1262.83
1298.6
1337.18
1378.51
1422.49
1469.04
1518.07
1569.5
1623.26
1679.24
1737.38
1797.58
1859.77
1923.85
1989.75
2057.38
2126.66
2197.5
2269.82
2127.47
1972.39
1808.34
1639.11
1468.46
1300.19
1138.05
985.823
847.289
726.22
626.392
551.579
505.558
479.088
453.299
427.949
403.033
378.547
354.485
330.844
307.619
284.805
262.397
240.392
218.784
197.568
176.741
156.297
136.233
116.543
97.2222
78.267
59.6724
41.4339
23.5468
6.00647
-11.1916
-28.052
-44.5794
-60.7783
-76.6534
-92.2092
-107.45
-122.382
-137.007
-151.332
-165.36
-179.097
-192.547
-205.714
-218.604
-231.22
-243.567
-255.651
-267.474
-279.043
-290.362
-301.435
-312.266
-322.862
-333.225
-343.361
-353.274
-362.969
-372.451
-381.723
-390.792
-399.66
-408.333
-416.816
-425.113
-433.228
-441.167
-448.934
-456.533
-463.968
-471.246
-478.37
-485.344
-492.174
-498.864
-505.419
-511.842
-518.14
-524.316
-530.375
-536.321
-542.16
-547.895
-553.532
-559.074
-564.528
-569.896
-575.184
-580.396
-585.538
-590.613
-595.626
-600.582
-605.485
-610.34
-615.151
-619.924
-624.662
-629.371
-634.054
-638.717
-643.365
-648
-652.629
-657.256
-661.886
-666.522
-671.17
-675.835
-680.52
-685.231
-689.972
-694.747
-699.562
-704.42
-709.327
-714.287
-719.305
-724.385
-729.531
-734.75
-740.044
-745.418
-750.878
-756.428
-762.072
-767.815
-773.662
-779.617
-785.684
-791.869
-798.176
-804.61
-811.174
-817.875
-824.716
-831.701
-838.837
-846.126
-853.574
-861.186
-868.965
-876.918
-885.047
-893.357
-901.855
-910.543
-919.426
-928.51
-937.798
-947.296
-957.008
-966.938
-977.091
-987.472
-998.085
-1008.93
-1020.03
-1031.36
-1042.95
-1054.8
-1066.9
-1079.27
-1091.9
-1104.81
-1118
-1131.47
-1145.23
-1159.28
-1173.63
-1188.28
-1203.24
-1218.5
-1234.08
-1249.98
-1266.2
-1282.76
-1299.64
-1316.87
-1334.43
-1352.35
-1370.61
-1389.23
-1408.68
-1430.38
-1454.37
-1480.6
-1509.01
-1539.53
-1572.12
-1606.71
-1643.24
-1681.66
-1721.91
-1763.93
-1807.67
-1853.05
-1900.04
-1948.56
-1998.56
-2049.98
-2102.77
-1959.29
-1801.63
-1634.77
-1463.68
-1293.36
-1128.79
-974.939
-836.802
-719.358
-627.588
-566.476
-536.927
-513.217
-489.931
-467.066
-444.616
-422.577
-400.944
-379.713
-358.879
-338.438
-318.385
-298.715
-279.424
-260.507
-241.96
-223.778
-205.956
-188.491
-171.377
-154.609
-138.184
-122.097
-106.343
-90.9167
-75.8147
-61.0321
-46.5642
-32.4065
-18.5544
-5.00336
8.25124
21.214
33.8894
46.2821
58.3967
70.2377
81.8097
93.1173
104.165
114.958
125.499
135.795
145.849
155.666
165.251
174.608
183.742
192.658
201.359
209.85
218.137
226.224
234.114
241.814
249.327
256.657
263.811
270.791
277.604
284.252
290.742
297.077
303.261
309.301
315.2
320.962
326.593
332.096
337.477
342.741
347.89
352.931
357.868
362.705
367.447
372.099
376.665
381.149
385.557
389.892
394.16
398.365
402.511
406.604
410.647
414.646
418.604
422.527
426.419
430.285
434.128
437.955
441.768
445.574
449.376
453.18
456.988
460.808
464.641
468.495
472.372
476.278
480.216
484.193
488.212
492.277
496.394
500.567
504.801
509.1
513.468
517.911
522.433
527.038
531.731
536.517
541.399
546.384
551.475
556.677
561.994
567.432
572.994
578.685
584.511
590.474
596.581
602.835
609.241
615.804
622.528
629.418
636.478
643.713
651.128
658.727
666.515
674.496
682.675
691.057
699.645
708.445
717.461
726.699
736.161
745.853
755.78
765.946
776.355
787.013
797.924
809.092
820.522
832.218
844.186
856.429
868.953
881.761
894.859
908.251
921.941
935.935
950.236
964.85
979.78
995.032
1010.61
1026.52
1042.76
1059.35
1076.27
1093.55
1111.18
1129.22
1149.6
1173.21
1199.98
1229.83
1262.67
1298.41
1336.97
1378.27
1422.23
1468.76
1517.77
1569.19
1622.93
1678.9
1737.02
1797.21
1859.38
1923.46
1989.35
2056.97
2126.24
2197.07
2269.39
2343.1
2418.13
2494.38
2571.78
2650.24
2729.68
2810.01
2891.16
2973.02
3055.53
3138.6
3222.15
3306.08
3390.32
3474.79
3559.39
3644.05
3728.68
3813.2
3897.52
3981.56
4065.24
4148.47
4231.17
4313.25
4394.63
4475.23
4554.97
4633.75
4711.5
4788.13
4863.56
4937.7
5010.47
5081.79
5151.57
5219.73
5286.18
5350.84
5413.64
5474.47
5533.26
5589.93
5644.39
5696.56
5746.35
5793.69
5838.48
5880.64
5920.09
5956.74
5990.52
6021.33
6049.1
6073.73
6095.15
6113.27
6128.01
6139.29
6147.01
6151.1
6155.94
6166.17
6176.22
6186.1
6195.8
6205.33
6214.69
6223.87
6232.88
6241.69
6250.33
6258.8
6267.09
6275.21
6283.16
6290.94
6298.54
6305.96
6313.2
6320.26
6327.15
6333.87
6340.42
6346.8
6353
6359.03
6364.86
6370.52
6376
6381.31
6386.45
6391.41
6254.09
6111.82
5964.96
5813.88
5658.95
5500.51
5338.95
5174.61
5007.87
4839.09
4668.63
4496.86
4324.14
4150.83
3977.3
3803.91
3631.02
3459
3288.21
3119.02
2951.78
2786.87
2624.64
2465.47
2309.7
2157.72
2009.87
1866.52
1728.05
1594.8
1467.15
1345.46
1230.09
1121.41
1019.77
925.552
839.106
760.801
690.999
630.065
578.361
536.253
504.102
482.141
464.052
446.196
428.57
411.174
394.005
377.061
360.342
343.844
327.566
311.506
295.662
280.033
264.617
249.412
234.415
219.626
205.042
190.662
176.483
162.504
148.723
135.138
121.748
108.55
95.5424
82.7239
70.0924
57.6461
45.3831
33.3016
21.3998
9.67574
-1.8723
-13.2462
-24.4477
-35.4788
-46.3412
-57.0368
-67.5674
-77.9349
-88.141
-98.1876
-108.077
-117.81
-127.389
-136.816
-146.093
-155.221
-164.203
-173.039
-181.733
-190.286
-198.699
-206.975
-215.115
-223.122
-230.996
-238.741
-246.357
-253.846
-261.211
-268.453
-275.574
-282.576
-289.461
-296.23
-302.886
-309.429
-315.863
-322.189
-328.408
-334.523
-340.535
-346.447
-352.259
-357.975
-363.595
-369.121
-374.556
-379.901
-385.159
-390.33
-395.417
-400.421
-405.345
-410.19
-414.958
-419.65
-424.27
-428.818
-433.296
-437.707
-442.052
-446.332
-450.551
-454.709
-458.808
-462.85
-466.838
-470.772
-474.655
-478.489
-482.275
-486.015
-489.712
-493.366
-496.98
-500.555
-504.094
-507.598
-511.07
-514.51
-517.92
-521.304
-524.661
-527.995
-531.307
-534.599
-537.873
-541.13
-544.373
-547.603
-550.821
-554.031
-557.234
-560.431
-563.624
-566.816
-570.008
-573.202
-576.399
-579.602
-582.812
-586.032
-589.263
-592.506
-595.765
-599.04
-602.333
-605.646
-608.982
-612.342
-615.727
-619.14
-622.582
-626.056
-629.562
-633.104
-636.682
-640.299
-643.956
-647.656
-651.399
-655.189
-659.026
-662.913
-666.851
-670.843
-674.889
-678.993
-683.155
-687.378
-691.663
-696.013
-700.428
-704.912
-709.465
-714.09
-718.788
-723.562
-728.413
-733.342
-738.353
-743.446
-748.623
-753.887
-759.238
-764.68
-770.213
-775.841
-781.563
-787.383
-793.302
-799.321
-805.444
-811.671
-818.005
-824.446
-830.998
-837.662
-844.44
-851.333
-858.344
-865.474
-872.725
-880.099
-887.598
-895.223
-902.977
-910.861
-918.877
-927.028
-935.314
-943.737
-952.3
-961.004
-969.852
-978.844
-987.983
-997.271
-1006.71
-1016.3
-1026.04
-1035.95
-1046
-1056.22
-1066.6
-1077.14
-1087.85
-1098.73
-1109.77
-1120.98
-1132.37
-1143.93
-1155.67
-1167.58
-1179.68
-1191.96
-1204.42
-1217.06
-1229.89
-1242.91
-1256.13
-1269.53
-1283.13
-1296.93
-1310.92
-1325.11
-1339.51
-1354.11
-1369.99
-1388.2
-1408.67
-1431.35
-1456.19
-1483.12
-1512.1
-1543.06
-1575.96
-1610.74
-1647.33
-1685.69
-1725.77
-1767.49
-1810.81
-1855.68
-1902.03
-1949.82
-1998.98
-2049.46
-2101.2
-2154.16
-2208.27
-2263.47
-2319.72
-2376.96
-2435.12
-2494.16
-2554.03
-2614.65
-2675.99
-2737.97
-2800.56
-2863.68
-2927.3
-2991.34
-3055.76
-3120.5
-3185.5
-3250.71
-3316.07
-3381.53
-3447.03
-3512.51
-3577.93
-3643.21
-3708.32
-3773.19
-3837.77
-3902
-3965.83
-4029.2
-4092.05
-4154.33
-4215.99
-4276.96
-4337.2
-4396.65
-4455.24
-4512.93
-4569.66
-4625.38
-4680.02
-4733.54
-4785.88
-4836.98
-4886.78
-4935.24
-4982.29
-5027.88
-5071.95
-5114.45
-5155.33
-5194.52
-5231.97
-5267.63
-5301.44
-5333.35
-5363.29
-5391.22
-5417.08
-5440.8
-5462.35
-5481.65
-5498.66
-5513.32
-5525.58
-5535.37
-5542.65
-5547.35
-5549.43
-5554.71
-5561.75
-5568.63
-5575.37
-5581.93
-5588.34
-5594.59
-5600.69
-5606.64
-5612.43
-5618.08
-5623.57
-5628.9
-5634.07
-5639.08
-5643.93
-5648.63
-5653.18
-5657.57
-5519.79
-5376.22
-5227.37
-5073.72
-4915.78
-4754.05
-4589.01
-4421.17
-4251.03
-4079.07
-3905.8
-3731.72
-3557.32
-3383.09
-3209.54
-3037.16
-2866.45
-2697.9
-2532.02
-2369.29
-2210.22
-2055.31
-1905.04
-1759.92
-1620.44
-1487.11
-1360.41
-1240.84
-1128.9
-1025.1
-929.912
-843.849
-767.405
-701.076
-645.359
-600.751
-567.749
-546.816
-531.313
-515.987
-500.838
-485.863
-471.062
-456.434
-441.977
-427.689
-413.571
-399.62
-385.836
-372.216
-358.761
-345.468
-332.337
-319.367
-306.555
-293.902
-281.405
-269.064
-256.877
-244.843
-232.961
-221.229
-209.647
-198.213
-186.927
-175.786
-164.79
-153.937
-143.226
-132.656
-122.227
-111.935
-101.781
-91.7634
-81.8805
-72.1313
-62.5147
-53.0293
-43.6741
-34.4477
-25.349
-16.3767
-7.52972
1.19323
9.79335
18.2718
26.6299
34.8688
42.9897
50.9938
58.8823
66.6565
74.3175
81.8666
89.3049
96.6338
103.854
110.968
117.975
124.878
131.677
138.374
144.971
151.467
157.864
164.164
170.368
176.477
182.493
188.415
194.246
199.987
205.639
211.204
216.682
222.074
227.382
232.608
237.752
242.815
247.799
252.705
257.534
262.288
266.967
271.573
276.107
280.57
284.963
289.288
293.546
297.738
301.865
305.929
309.93
313.87
317.751
321.572
325.336
329.044
332.697
336.296
339.842
343.337
346.781
350.177
353.525
356.826
360.082
363.293
366.462
369.589
372.675
375.722
378.731
381.703
384.639
387.541
390.409
393.246
396.051
398.827
401.574
404.295
406.989
409.658
412.304
414.927
417.529
420.111
422.675
425.221
427.75
430.264
432.765
435.253
437.729
440.195
442.651
445.1
447.543
449.98
452.412
454.842
457.269
459.696
462.124
464.554
466.986
469.423
471.865
474.314
476.771
479.236
481.712
484.2
486.7
489.214
491.743
494.289
496.852
499.434
502.036
504.659
507.304
509.973
512.667
515.386
518.133
520.909
523.714
526.549
529.417
532.319
535.254
538.226
541.234
544.28
547.366
550.492
553.66
556.871
560.126
563.426
566.773
570.168
573.612
577.106
580.651
584.249
587.901
591.608
595.371
599.192
603.071
607.01
611.01
615.073
619.199
623.39
627.647
631.971
636.363
640.825
645.357
649.962
654.64
659.392
664.22
669.125
674.107
679.169
684.312
689.536
694.843
700.234
705.711
711.273
716.924
722.664
728.493
734.414
740.428
746.535
752.738
759.036
765.432
771.927
778.521
785.216
792.014
798.915
805.921
813.033
820.251
827.578
835.015
842.562
850.221
857.993
865.88
873.882
882.001
890.238
898.594
907.071
915.669
924.39
933.234
942.205
951.301
960.525
969.879
979.362
988.976
998.723
1008.6
1018.62
1028.77
1039.06
1049.49
1060.05
1070.76
1081.61
1092.61
1103.75
1115.03
1126.46
1138.04
1149.77
1161.65
1173.68
1186.19
1200.32
1216.16
1233.67
1252.81
1273.57
1295.91
1319.8
1345.2
1372.1
1400.45
1430.22
1461.4
1493.94
1527.81
1562.98
1599.44
1637.13
1676.03
1716.12
1757.36
1799.72
1843.16
1887.67
1933.21
1979.74
2027.24
2075.68
2125.02
2175.24
2226.31
2278.18
2330.85
2188.28
2032.49
1867.12
1695.84
1522.31
1350.2
1183.16
1024.86
878.966
749.132
639.024
552.304
492.633
463.252
445.607
428.169
410.935
393.904
377.074
360.445
344.015
327.782
311.745
295.903
280.254
264.796
249.529
234.451
219.56
204.855
190.335
175.999
161.844
147.869
134.073
120.455
107.013
93.7458
80.6517
67.7295
54.9778
42.3951
29.9799
17.731
5.64684
-6.27399
-18.0329
-29.6313
-41.0706
-52.3523
-63.4777
-74.4482
-85.2654
-95.9306
-106.445
-116.811
-127.028
-137.1
-147.026
-156.809
-166.45
-175.951
-185.312
-194.535
-203.622
-212.574
-221.393
-230.079
-238.635
-247.062
-255.36
-263.532
-271.579
-279.503
-287.304
-294.985
-302.546
-309.989
-317.316
-324.528
-331.626
-338.612
-345.487
-352.253
-358.91
-365.461
-371.907
-378.25
-384.49
-390.629
-396.668
-402.61
-408.455
-414.204
-419.86
-425.424
-430.896
-436.28
-441.574
-446.783
-451.906
-456.945
-461.902
-466.777
-471.574
-476.291
-480.933
-485.499
-489.991
-494.41
-498.758
-503.037
-507.248
-511.391
-515.47
-519.484
-523.436
-527.326
-531.157
-534.93
-538.646
-542.306
-545.912
-549.466
-552.968
-556.421
-559.825
-563.182
-566.494
-569.762
-572.987
-576.171
-579.315
-582.42
-585.489
-588.522
-591.52
-594.486
-597.421
-600.326
-603.202
-606.051
-608.875
-611.674
-614.451
-617.206
-619.941
-622.658
-625.357
-628.041
-630.71
-633.367
-636.012
-638.647
-641.274
-643.893
-646.507
-649.116
-651.722
-654.327
-656.931
-659.537
-662.146
-664.759
-667.377
-670.003
-672.637
-675.281
-677.936
-680.603
-683.285
-685.982
-688.696
-691.429
-694.181
-696.955
-699.751
-702.571
-705.417
-708.289
-711.19
-714.121
-717.082
-720.077
-723.105
-726.169
-729.269
-732.408
-735.586
-738.805
-742.067
-745.373
-748.724
-752.122
-755.568
-759.063
-762.61
-766.209
-769.862
-773.57
-777.335
-781.158
-785.04
-788.984
-792.989
-797.059
-801.194
-805.395
-809.664
-814.003
-818.413
-822.895
-827.451
-832.082
-836.789
-841.575
-846.44
-851.385
-856.413
-861.525
-866.721
-872.005
-877.376
-882.836
-888.387
-894.031
-899.767
-905.599
-911.528
-917.554
-923.679
-929.906
-936.234
-942.666
-949.203
-955.846
-962.597
-969.457
-976.428
-983.51
-990.707
-998.018
-1005.45
-1012.99
-1020.65
-1028.44
-1036.35
-1044.38
-1052.53
-1060.81
-1069.22
-1077.76
-1086.43
-1095.23
-1104.16
-1113.23
-1122.44
-1131.78
-1141.26
-1150.88
-1160.65
-1170.55
-1180.61
-1190.8
-1201.15
-1211.64
-1222.29
-1233.08
-1244.03
-1255.14
-1266.4
-1277.82
-1289.39
-1301.13
-1313.04
-1325.64
-1339.25
-1353.83
-1369.38
-1385.88
-1403.31
-1421.65
-1440.9
-1461.02
-1482.01
-1503.84
-1526.51
-1549.99
-1574.27
-1599.33
-1625.16
-1651.74
-1679.04
-1707.07
-1735.79
-1765.19
-1618.97
-1455.49
-1283.33
-1111.07
-947.291
-800.574
-679.502
-592.657
-548.62
-530.728
-513.088
-495.67
-478.469
-461.486
-444.719
-428.165
-411.824
-395.694
-379.773
-364.059
-348.551
-333.248
-318.147
-303.248
-288.548
-274.046
-259.74
-245.629
-231.711
-217.985
-204.449
-191.101
-177.94
-164.964
-152.172
-139.561
-127.131
-114.88
-102.806
-90.9072
-79.1826
-67.6303
-56.2489
-45.0365
-33.9918
-23.113
-12.3986
-1.847
8.54346
18.7744
28.8473
38.7638
48.5256
58.1342
67.5912
76.8983
86.057
95.0689
103.936
112.659
121.24
129.681
137.983
146.148
154.177
162.072
169.835
177.467
184.97
192.345
199.595
206.72
213.722
220.603
227.364
234.008
240.535
246.947
253.246
259.433
265.511
271.48
277.342
283.099
288.753
294.304
299.755
305.108
310.363
315.522
320.588
325.561
330.443
335.236
339.942
344.561
349.096
353.549
357.92
362.211
366.425
370.562
374.624
378.613
382.531
386.378
390.157
393.869
397.516
401.1
404.621
408.082
411.484
414.829
418.119
421.354
424.537
427.669
430.752
433.787
436.776
439.721
442.623
445.484
448.305
451.088
453.835
456.547
459.225
461.872
464.489
467.078
469.64
472.176
474.689
477.18
479.65
482.102
484.536
486.955
489.36
491.752
494.133
496.506
498.87
501.229
503.583
505.934
508.284
510.634
512.987
515.343
517.704
520.072
522.448
524.834
527.232
529.642
532.068
534.51
536.97
539.449
541.95
544.473
547.021
549.595
552.196
554.826
557.487
560.181
562.908
565.671
568.471
571.31
574.189
577.11
580.075
583.085
586.142
589.246
592.401
595.608
598.867
602.181
605.552
608.981
612.469
616.018
619.63
623.306
627.048
630.858
634.737
638.686
642.708
646.804
650.976
655.224
659.551
663.959
668.448
673.021
677.68
682.424
687.258
692.181
697.195
702.303
707.506
712.804
718.201
723.697
729.295
734.995
740.799
746.709
752.727
758.854
765.092
771.442
777.906
784.485
791.182
797.997
804.932
811.99
819.171
826.477
833.91
841.471
849.162
856.984
864.94
873.03
881.257
889.621
898.125
906.77
915.558
924.49
933.568
942.793
952.168
961.693
971.371
981.202
991.189
1001.33
1011.64
1022.1
1032.72
1043.51
1054.47
1065.59
1076.87
1088.33
1099.96
1111.77
1123.74
1135.9
1148.23
1160.74
1173.43
1186.62
1201.42
1217.89
1236.02
1255.76
1277.09
1299.98
1324.4
1350.32
1377.7
1406.52
1436.75
1468.36
1501.31
1535.57
1571.12
1607.93
1645.96
1685.19
1725.58
1767.11
1809.73
1853.43
1898.18
1943.93
1990.67
2038.36
2086.98
2136.48
2186.84
2238.04
2290.03
2342.8
2200.29
2044.6
1879.34
1708.08
1534.42
1361.96
1194.29
1035
887.687
755.937
643.346
553.508
490.015
456.46
439.232
422.204
405.374
388.742
372.305
356.063
340.014
324.157
308.49
293.012
277.722
262.618
247.699
232.964
218.41
204.038
189.844
175.829
161.991
148.328
134.838
121.522
108.376
95.4004
82.5932
69.9531
57.4787
45.1687
33.0216
21.0362
9.21098
-2.45535
-13.9642
-25.3168
-36.5147
-47.5593
-58.4517
-69.1935
-79.7861
-90.2306
-100.529
-110.682
-120.691
-130.557
-140.283
-149.868
-159.316
-168.626
-177.801
-186.842
-195.75
-204.526
-213.172
-221.689
-230.08
-238.343
-246.483
-254.499
-262.393
-270.167
-277.821
-285.358
-292.778
-300.083
-307.274
-314.353
-321.321
-328.18
-334.93
-341.574
-348.112
-354.545
-360.877
-367.106
-373.236
-379.267
-385.201
-391.039
-396.782
-402.432
-407.991
-413.459
-418.837
-424.129
-429.334
-434.453
-439.49
-444.444
-449.317
-454.111
-458.827
-463.466
-468.029
-472.519
-476.936
-481.282
-485.558
-489.765
-493.905
-497.979
-501.989
-505.936
-509.822
-513.646
-517.412
-521.121
-524.773
-528.37
-531.914
-535.406
-538.847
-542.239
-545.583
-548.88
-552.132
-555.34
-558.505
-561.63
-564.714
-567.76
-570.769
-573.743
-576.682
-579.588
-582.463
-585.307
-588.123
-590.911
-593.673
-596.411
-599.125
-601.817
-604.488
-607.141
-609.775
-612.393
-614.996
-617.585
-620.161
-622.727
-625.283
-627.83
-630.371
-632.906
-635.437
-637.965
-640.492
-643.018
-645.546
-648.077
-650.612
-653.152
-655.698
-658.253
-660.818
-663.393
-665.981
-668.582
-671.198
-673.831
-676.481
-679.15
-681.84
-684.552
-687.287
-690.046
-692.831
-695.644
-698.485
-701.357
-704.259
-707.195
-710.165
-713.17
-716.212
-719.292
-722.413
-725.574
-728.777
-732.024
-735.316
-738.655
-742.041
-745.477
-748.964
-752.502
-756.093
-759.74
-763.442
-767.202
-771.02
-774.899
-778.839
-782.842
-786.91
-791.043
-795.243
-799.511
-803.85
-808.259
-812.741
-817.296
-821.927
-826.635
-831.42
-836.285
-841.23
-846.258
-851.369
-856.564
-861.846
-867.216
-872.674
-878.223
-883.863
-889.596
-895.424
-901.348
-907.368
-913.487
-919.706
-926.026
-932.449
-938.976
-945.608
-952.347
-959.194
-966.15
-973.217
-980.396
-987.689
-995.097
-1002.62
-1010.26
-1018.02
-1025.9
-1033.91
-1042.03
-1050.28
-1058.66
-1067.16
-1075.8
-1084.56
-1093.45
-1102.48
-1111.64
-1120.94
-1130.37
-1139.94
-1149.65
-1159.5
-1169.49
-1179.63
-1189.91
-1200.34
-1210.92
-1221.65
-1232.52
-1243.55
-1254.73
-1266.07
-1277.56
-1289.46
-1302.3
-1316.09
-1330.8
-1346.42
-1362.93
-1380.32
-1398.58
-1417.69
-1437.62
-1458.38
-1479.93
-1502.27
-1525.37
-1549.24
-1573.83
-1599.16
-1625.18
-1651.9
-1679.29
-1532.32
-1367.47
-1194.69
-1023.9
-865.039
-728.043
-622.848
-559.387
-537.178
-519.462
-501.968
-484.692
-467.633
-450.79
-434.162
-417.745
-401.54
-385.545
-369.757
-354.175
-338.798
-323.624
-308.651
-293.878
-279.303
-264.925
-250.742
-236.753
-222.955
-209.348
-195.929
-182.697
-169.651
-156.789
-144.109
-131.61
-119.29
-107.148
-95.1812
-83.3891
-71.7697
-60.3215
-49.0429
-37.9323
-26.9881
-16.2086
-5.59243
4.86215
15.1567
25.2928
35.2721
45.0961
54.7664
64.2847
73.6525
82.8714
91.943
100.869
109.651
118.29
126.788
135.147
143.369
151.454
159.404
167.222
174.908
182.464
189.893
197.194
204.371
211.424
218.355
225.167
231.859
238.434
244.894
251.241
257.474
263.598
269.612
275.518
281.319
287.015
292.609
298.101
303.494
308.789
313.988
319.092
324.103
329.022
333.851
338.592
343.246
347.814
352.299
356.703
361.025
365.269
369.436
373.527
377.543
381.488
385.361
389.165
392.902
396.572
400.178
403.721
407.203
410.624
413.988
417.295
420.547
423.746
426.893
429.99
433.038
436.04
438.995
441.907
444.777
447.606
450.396
453.149
455.866
458.548
461.198
463.817
466.406
468.967
471.502
474.013
476.5
478.966
481.411
483.839
486.249
488.645
491.026
493.396
495.756
498.106
500.45
502.788
505.122
507.453
509.783
512.115
514.448
516.786
519.129
521.479
523.838
526.207
528.589
530.983
533.393
535.819
538.264
540.728
543.214
545.723
548.257
550.817
553.404
556.021
558.669
561.35
564.065
566.815
569.603
572.43
575.298
578.207
581.161
584.159
587.205
590.299
593.443
596.639
599.888
603.192
606.553
609.971
613.449
616.989
620.591
624.258
627.991
631.791
635.66
639.601
643.614
647.7
651.863
656.102
660.42
664.819
669.299
673.863
678.512
683.248
688.072
692.987
697.992
703.091
708.284
713.574
718.961
724.448
730.036
735.726
741.521
747.422
753.43
759.547
765.774
772.114
778.568
785.137
791.823
798.627
805.552
812.598
819.768
827.062
834.483
842.033
849.711
857.522
865.465
873.542
881.756
890.107
898.598
907.229
916.003
924.92
933.984
943.194
952.554
962.064
971.725
981.541
991.511
1001.64
1011.92
1022.37
1032.98
1043.75
1054.68
1065.78
1077.05
1088.49
1100.1
1111.88
1123.84
1135.97
1148.28
1160.77
1173.44
1186.61
1201.38
1217.83
1235.94
1255.66
1276.97
1299.84
1324.25
1350.14
1377.51
1406.32
1436.53
1468.12
1501.06
1535.31
1570.85
1607.65
1645.67
1684.88
1725.26
1766.78
1809.4
1853.09
1897.82
1943.57
1990.31
2037.99
2086.6
2136.09
2186.45
2237.64
2289.63
2342.39
2395.89
2450.11
2505
2560.53
2616.69
2673.44
2730.74
2788.57
2846.9
2905.7
2964.93
3024.57
3084.58
3144.94
3205.62
3266.57
3327.79
3389.23
3450.86
3512.66
3574.58
3636.62
3698.72
3760.87
3823.02
3885.16
3947.25
4009.27
4071.17
4132.93
4194.52
4255.91
4317.07
4377.97
4438.58
4498.86
4558.8
4618.35
4677.49
4736.18
4794.4
4852.12
4909.3
4965.92
5021.94
5077.34
5132.08
5186.13
5239.47
5292.06
5343.88
5394.89
5445.06
5494.36
5542.76
5590.24
5636.75
5682.28
5726.79
5770.24
5812.62
5853.88
5894.01
5932.96
5970.71
6007.23
6042.48
6076.45
6109.09
6140.37
6170.28
6198.76
6225.81
6251.38
6275.44
6297.97
6318.93
6338.3
6356.04
6372.12
6386.51
6399.19
6410.12
6419.27
6426.61
6432.12
6435.75
6437.48
6435.95
6432.95
6429.76
6426.36
6422.76
6418.97
6414.98
6410.79
6406.41
6401.84
6397.08
6392.12
6386.98
6381.65
6376.13
6370.43
6364.54
6358.46
6352.21
6345.77
6339.15
6332.36
6325.38
6318.23
6310.9
6303.4
6295.73
6287.88
6279.86
6271.67
6263.31
6254.79
6246.09
6237.22
6228.18
6218.98
6209.62
6200.1
6190.41
6180.57
6170.57
6160.4
6150.07
6139.59
6128.95
6118.16
6107.22
6096.12
6084.87
6073.46
6061.92
6050.22
6038.37
6026.38
6014.25
6001.96
5989.54
5976.99
5964.28
5951.45
5813.78
5670.5
5522.07
5368.92
5211.49
5050.23
4885.57
4717.97
4547.86
4375.68
4201.88
4026.9
3851.18
3675.16
3499.29
3324
3149.75
2976.96
2806.09
2637.57
2471.86
2309.38
2150.58
1995.91
1845.8
1700.7
1561.05
1427.29
1299.87
1179.22
1065.8
960.03
862.365
773.246
693.113
622.41
561.577
511.058
471.295
442.728
425.802
415.078
404.445
393.899
383.44
373.069
362.784
352.585
342.472
332.445
322.502
312.644
302.87
293.179
283.572
274.047
264.605
255.245
245.966
236.768
227.652
218.615
209.658
200.781
191.982
183.263
174.621
166.057
157.57
149.161
140.827
132.57
124.388
116.282
108.25
100.293
92.4095
84.5996
76.8628
69.1987
61.6068
54.0867
46.6381
39.2604
31.9532
24.7162
17.5489
10.4509
3.42178
-3.53892
-10.4316
-17.2567
-24.0146
-30.7057
-37.3305
-43.8894
-50.3829
-56.8112
-63.1749
-69.4744
-75.71
-81.8823
-87.9917
-94.0385
-100.023
-105.946
-111.808
-117.609
-123.349
-129.03
-134.651
-140.212
-145.715
-151.16
-156.547
-161.876
-167.148
-172.364
-177.523
-182.627
-187.675
-192.668
-197.607
-202.492
-207.323
-212.101
-216.826
-221.498
-226.119
-230.688
-235.206
-239.673
-244.09
-248.456
-252.774
-257.042
-261.262
-265.434
-269.558
-273.634
-277.664
-281.647
-285.584
-289.476
-293.322
-297.123
-300.88
-304.593
-308.263
-311.889
-315.473
-319.014
-322.514
-325.972
-329.389
-332.765
-336.101
-339.398
-342.655
-345.873
-349.053
-352.195
-355.299
-358.366
-361.396
-364.39
-367.348
-370.27
-373.157
-376.01
-378.828
-381.612
-384.363
-387.081
-389.767
-392.42
-395.041
-397.632
-400.191
-402.72
-405.219
-407.688
-410.128
-412.539
-414.922
-417.277
-419.604
-421.905
-424.178
-426.426
-428.647
-430.844
-433.015
-435.162
-437.284
-439.383
-441.459
-443.511
-445.541
-447.55
-449.536
-451.502
-453.446
-455.371
-457.275
-459.16
-461.026
-462.873
-464.702
-466.513
-468.307
-470.084
-471.844
-473.588
-475.317
-477.03
-478.729
-480.413
-482.082
-483.739
-485.382
-487.012
-488.631
-490.237
-491.832
-493.415
-494.988
-496.551
-498.104
-499.648
-501.183
-502.709
-504.227
-505.738
-507.241
-508.738
-510.228
-511.712
-513.19
-514.663
-516.132
-517.596
-519.057
-520.514
-521.968
-523.419
-524.868
-526.315
-527.761
-529.206
-530.651
-532.096
-533.54
-534.986
-536.433
-537.881
-539.332
-540.785
-542.24
-543.699
-545.162
-546.629
-548.101
-549.577
-551.059
-552.547
-554.041
-555.541
-557.049
-558.564
-560.087
-561.619
-563.159
-564.709
-566.268
-567.837
-569.417
-571.007
-572.609
-574.223
-575.849
-577.487
-579.138
-580.803
-582.482
-584.175
-585.882
-587.605
-589.343
-591.097
-592.868
-594.655
-596.46
-598.282
-600.122
-601.981
-603.859
-605.756
-607.673
-609.61
-611.567
-613.546
-615.546
-617.568
-619.612
-621.679
-623.769
-625.883
-628.02
-630.182
-632.369
-634.581
-636.819
-639.082
-641.373
-643.69
-646.034
-648.407
-650.807
-653.236
-655.694
-658.182
-660.7
-663.247
-665.826
-668.436
-671.077
-673.75
-676.456
-679.194
-681.966
-684.771
-687.611
-690.485
-693.394
-696.338
-699.319
-702.335
-705.388
-708.478
-711.606
-714.771
-717.975
-721.217
-724.499
-727.82
-731.182
-734.583
-738.026
-741.51
-745.035
-748.603
-752.213
-755.867
-759.563
-763.304
-767.088
-770.917
-774.792
-778.712
-782.677
-786.689
-790.748
-794.854
-799.008
-803.21
-807.46
-811.759
-816.107
-820.505
-824.953
-829.452
-834.002
-838.603
-843.256
-847.961
-852.719
-857.53
-862.394
-867.313
-872.285
-877.313
-882.396
-887.534
-892.728
-897.979
-903.287
-908.652
-914.075
-919.556
-925.095
-930.694
-936.352
-942.07
-947.848
-953.687
-959.587
-965.548
-971.571
-977.657
-983.806
-990.017
-996.293
-1002.63
-1009.04
-1015.51
-1022.04
-1028.64
-1035.31
-1042.04
-1048.84
-1055.71
-1062.64
-1069.64
-1076.72
-1083.86
-1091.07
-1098.35
-1105.7
-1113.12
-1120.61
-1128.18
-1135.82
-1143.53
-1151.31
-1159.16
-1167.09
-1175.1
-1183.26
-1192.21
-1202.04
-1212.73
-1224.28
-1236.67
-1249.88
-1263.91
-1278.73
-1294.34
-1310.72
-1327.86
-1345.74
-1364.34
-1383.67
-1403.7
-1424.41
-1445.8
-1467.85
-1490.55
-1513.87
-1537.82
-1562.38
-1587.52
-1613.24
-1639.53
-1666.36
-1693.74
-1721.63
-1750.03
-1778.93
-1808.31
-1838.16
-1868.46
-1899.19
-1930.36
-1961.94
-1993.91
-2026.27
-2059
-2092.09
-2125.52
-2159.27
-2193.35
-2227.72
-2262.39
-2297.32
-2332.52
-2367.97
-2403.64
-2439.54
-2475.64
-2511.93
-2548.4
-2585.03
-2621.81
-2658.73
-2695.77
-2732.92
-2770.16
-2807.48
-2844.87
-2882.31
-2919.8
-2957.31
-2994.83
-3032.34
-3069.84
-3107.32
-3144.75
-3182.12
-3219.42
-3256.63
-3293.75
-3330.75
-3367.63
-3404.37
-3440.95
-3477.37
-3513.6
-3549.64
-3585.47
-3621.08
-3656.45
-3691.57
-3726.43
-3761
-3795.29
-3829.27
-3862.93
-3896.26
-3929.23
-3961.85
-3994.1
-4025.95
-4057.41
-4088.44
-4119.05
-4149.21
-4178.92
-4208.15
-4236.9
-4265.15
-4292.89
-4320.1
-4346.77
-4372.89
-4398.44
-4423.4
-4447.77
-4471.53
-4494.67
-4517.17
-4539.02
-4560.21
-4580.72
-4600.53
-4619.64
-4638.03
-4655.69
-4672.6
-4688.74
-4704.11
-4718.7
-4732.48
-4745.44
-4757.58
-4768.87
-4779.3
-4788.86
-4797.54
-4805.31
-4812.17
-4818.11
-4823.11
-4827.15
-4830.22
-4832.31
-4833.41
-4830.59
-4823.32
-4815.92
-4808.4
-4800.75
-4792.98
-4785.09
-4777.06
-4768.92
-4760.66
-4752.28
-4743.78
-4735.16
-4726.41
-4717.56
-4708.59
-4699.5
-4690.3
-4680.98
-4671.56
-4662.02
-4652.37
-4642.62
-4632.75
-4622.78
-4484.12
-4338.12
-4185.56
-4027.22
-3863.89
-3696.36
-3525.41
-3351.82
-3176.39
-2999.89
-2823.12
-2646.86
-2471.89
-2298.99
-2128.97
-1962.59
-1800.64
-1643.92
-1493.2
-1349.27
-1212.92
-1084.93
-966.092
-857.183
-758.991
-672.303
-597.903
-536.577
-489.111
-456.289
-438.897
-430.445
-422.084
-413.784
-405.546
-397.369
-389.253
-381.198
-373.204
-365.27
-357.396
-349.581
-341.827
-334.131
-326.494
-318.917
-311.397
-303.936
-296.533
-289.187
-281.899
-274.668
-267.494
-260.376
-253.315
-246.31
-239.361
-232.467
-225.629
-218.846
-212.118
-205.444
-198.824
-192.259
-185.747
-179.289
-172.884
-166.532
-160.233
-153.986
-147.791
-141.649
-135.558
-129.518
-123.53
-117.592
-111.706
-105.869
-100.083
-94.3464
-88.6596
-83.0221
-77.4336
-71.894
-66.403
-60.9602
-55.5655
-50.2185
-44.9191
-39.6669
-34.4617
-29.3032
-24.1912
-19.1255
-14.1056
-9.13151
-4.20281
0.680725
5.51935
10.3133
15.0629
19.7684
24.43
29.048
33.6226
38.1542
42.6429
47.0891
51.493
55.8548
60.1749
64.4534
68.6907
72.8869
77.0425
81.1575
85.2324
89.2672
93.2624
97.2182
101.135
105.012
108.851
112.652
116.414
120.139
123.826
127.476
131.088
134.664
138.203
141.706
145.173
148.604
151.999
155.359
158.685
161.975
165.231
168.453
171.641
174.795
177.915
181.003
184.057
187.079
190.069
193.026
195.951
198.845
201.708
204.539
207.34
210.11
212.849
215.559
218.239
220.889
223.51
226.102
228.665
231.2
233.707
236.185
238.636
241.059
243.456
245.825
248.168
250.484
252.774
255.038
257.276
259.49
261.678
263.841
265.98
268.094
270.184
272.251
274.294
276.313
278.31
280.284
282.235
284.164
286.072
287.957
289.821
291.664
293.486
295.287
297.068
298.828
300.569
302.29
303.992
305.675
307.338
308.984
310.61
312.219
313.81
315.384
316.94
318.479
320.001
321.507
322.997
324.47
325.928
327.371
328.798
330.21
331.608
332.991
334.36
335.716
337.057
338.385
339.7
341.002
342.292
343.569
344.835
346.088
347.33
348.56
349.78
350.988
352.187
353.375
354.553
355.721
356.88
358.029
359.17
360.302
361.425
362.541
363.648
364.748
365.84
366.926
368.004
369.076
370.141
371.201
372.254
373.302
374.345
375.383
376.416
377.444
378.468
379.489
380.505
381.518
382.528
383.534
384.539
385.54
386.54
387.537
388.533
389.528
390.521
391.514
392.506
393.497
394.489
395.481
396.473
397.465
398.459
399.454
400.451
401.449
402.449
403.452
404.457
405.464
406.475
407.489
408.507
409.528
410.554
411.584
412.618
413.658
414.702
415.752
416.808
417.869
418.937
420.011
421.092
422.179
423.274
424.377
425.487
426.605
427.731
428.866
430.01
431.162
432.324
433.496
434.677
435.869
437.07
438.283
439.506
440.74
441.986
443.243
444.513
445.794
447.088
448.394
449.714
451.047
452.393
453.753
455.126
456.515
457.917
459.335
460.767
462.215
463.678
465.157
466.652
468.164
469.692
471.236
472.798
474.378
475.975
477.59
479.223
480.874
482.545
484.234
485.942
487.67
489.417
491.185
492.972
494.781
496.61
498.459
500.331
502.224
504.138
506.075
508.034
510.015
512.02
514.047
516.098
518.173
520.271
522.394
524.541
526.713
528.909
531.131
533.378
535.651
537.95
540.275
542.627
545.005
547.411
549.843
552.304
554.792
557.308
559.852
562.425
565.027
567.658
570.318
573.008
575.728
578.478
581.258
584.069
586.911
589.784
592.689
595.625
598.593
601.594
604.627
607.693
610.791
613.923
617.089
620.288
623.521
626.789
630.091
633.428
636.801
640.208
643.651
647.13
650.646
654.197
657.785
661.41
665.073
668.773
672.51
676.285
680.099
683.951
687.842
691.772
695.741
699.75
703.798
707.887
712.015
716.185
720.395
724.646
728.939
733.273
737.649
742.067
746.528
751.031
755.577
760.167
764.8
769.476
774.197
778.961
783.77
788.624
793.523
798.467
803.457
808.492
813.574
818.702
823.876
829.097
834.365
839.681
845.044
850.455
855.914
861.422
866.978
872.583
878.237
883.941
889.694
895.498
901.351
907.255
913.21
919.216
925.273
931.381
937.666
944.534
952.011
960.089
968.762
978.022
987.862
998.275
1009.25
1020.79
1032.88
1045.51
1058.68
1072.37
1086.6
1101.33
1116.57
1132.32
1148.56
1165.28
1182.48
1200.16
1218.3
1236.9
1255.94
1275.44
1295.36
1315.72
1336.5
1357.69
1379.29
1401.29
1423.68
1446.46
1469.61
1493.14
1517.03
1541.28
1565.88
1590.82
1616.09
1641.7
1667.62
1693.86
1720.4
1747.24
1774.38
1801.8
1829.5
1684.41
1522.67
1350.34
1173.53
998.312
830.775
677.007
543.092
435.119
359.173
321.34
313.157
306.052
299.001
292.003
285.057
278.164
271.322
264.533
257.795
251.109
244.474
237.89
231.357
224.875
218.442
212.06
205.728
199.446
193.213
187.029
180.894
174.808
168.77
162.781
156.84
150.947
145.101
139.303
133.552
127.848
122.191
116.58
111.016
105.498
100.025
94.5983
89.2168
83.8805
78.5892
73.3425
68.1404
62.9826
57.8688
52.7988
47.7724
42.7894
37.8495
32.9526
28.0984
23.2866
18.5171
13.7896
9.10388
4.45976
-0.143011
-4.70466
-9.22541
-13.7055
-18.1451
-22.5445
-26.9039
-31.2236
-35.5036
-39.7444
-43.9461
-48.1089
-52.233
-56.3187
-60.3662
-64.3758
-68.3476
-72.2818
-76.1788
-80.0387
-83.8618
-87.6482
-91.3982
-95.1121
-98.79
-102.432
-106.039
-109.61
-113.147
-116.648
-120.115
-123.548
-126.946
-130.311
-133.641
-136.939
-140.203
-143.434
-146.632
-149.798
-152.931
-156.032
-159.101
-162.139
-165.145
-168.12
-171.064
-173.977
-176.86
-179.712
-182.534
-185.327
-188.089
-190.823
-193.527
-196.202
-198.848
-201.466
-204.055
-206.617
-209.15
-211.656
-214.135
-216.586
-219.011
-221.409
-223.78
-226.125
-228.444
-230.737
-233.004
-235.246
-237.463
-239.655
-241.822
-243.965
-246.084
-248.178
-250.249
-252.296
-254.32
-256.321
-258.299
-260.254
-262.186
-264.097
-265.985
-267.852
-269.697
-271.521
-273.324
-275.106
-276.867
-278.607
-280.328
-282.029
-283.709
-285.371
-287.013
-288.636
-290.24
-291.825
-293.392
-294.941
-296.472
-297.985
-299.481
-300.959
-302.421
-303.865
-305.293
-306.705
-308.1
-309.48
-310.844
-312.192
-313.525
-314.843
-316.146
-317.435
-318.709
-319.969
-321.216
-322.448
-323.667
-324.873
-326.066
-327.246
-328.414
-329.569
-330.713
-331.844
-332.964
-334.072
-335.169
-336.255
-337.33
-338.395
-339.449
-340.494
-341.528
-342.553
-343.569
-344.575
-345.572
-346.561
-347.541
-348.513
-349.477
-350.433
-351.381
-352.322
-353.256
-354.183
-355.104
-356.017
-356.925
-357.826
-358.722
-359.612
-360.497
-361.377
-362.251
-363.121
-363.987
-364.848
-365.706
-366.559
-367.409
-368.256
-369.1
-369.94
-370.779
-371.614
-372.448
-373.279
-374.109
-374.937
-375.764
-376.59
-377.415
-378.239
-379.063
-379.887
-380.711
-381.535
-382.359
-383.185
-384.011
-384.838
-385.667
-386.498
-387.33
-388.164
-389.001
-389.84
-390.682
-391.527
-392.375
-393.227
-394.082
-394.941
-395.804
-396.672
-397.544
-398.42
-399.302
-400.189
-401.082
-401.98
-402.884
-403.794
-404.71
-405.634
-406.563
-407.5
-408.444
-409.396
-410.355
-411.323
-412.298
-413.282
-414.274
-415.275
-416.285
-417.305
-418.334
-419.373
-420.421
-421.48
-422.549
-423.629
-424.72
-425.822
-426.935
-428.059
-429.196
-430.344
-431.504
-432.677
-433.863
-435.061
-436.273
-437.498
-438.736
-439.988
-441.254
-442.535
-443.83
-445.139
-446.464
-447.803
-449.158
-450.528
-451.915
-453.317
-454.735
-456.17
-457.622
-459.091
-460.577
-462.08
-463.6
-465.139
-466.695
-468.27
-469.864
-471.476
-473.107
-474.757
-476.427
-478.116
-479.825
-481.554
-483.303
-485.073
-486.864
-488.676
-490.508
-492.363
-494.239
-496.136
-498.056
-499.999
-501.963
-503.951
-505.961
-507.995
-510.052
-512.133
-514.238
-516.367
-518.52
-520.698
-522.9
-525.128
-527.381
-529.659
-531.963
-534.293
-536.649
-539.032
-541.441
-543.877
-546.339
-548.83
-551.347
-553.893
-556.466
-559.068
-561.697
-564.356
-567.043
-569.76
-572.506
-575.281
-578.086
-580.921
-583.786
-586.682
-589.608
-592.565
-595.553
-598.573
-601.624
-604.707
-607.821
-610.969
-614.148
-617.36
-620.605
-623.883
-627.195
-630.54
-633.919
-637.332
-640.779
-644.261
-647.777
-651.328
-654.915
-658.536
-662.194
-665.887
-669.616
-673.382
-677.184
-681.022
-684.898
-688.811
-692.761
-696.749
-700.774
-704.838
-708.94
-713.081
-717.26
-721.478
-725.736
-730.033
-734.369
-738.747
-743.275
-748.016
-752.967
-758.127
-763.493
-769.063
-774.834
-780.806
-786.975
-793.339
-799.896
-806.644
-813.581
-820.704
-828.012
-835.502
-843.171
-680.732
-518.162
-438.416
-428.552
-418.771
-409.07
-399.451
-389.911
-380.45
-371.069
-361.767
-352.543
-343.397
-334.329
-325.339
-316.425
-307.588
-298.827
-290.142
-281.533
-272.999
-264.539
-256.154
-247.843
-239.606
-231.441
-223.35
-215.331
-207.385
-199.51
-191.706
-183.974
-176.312
-168.72
-161.198
-153.746
-146.363
-139.049
-131.803
-124.625
-117.515
-110.472
-103.496
-96.587
-89.7438
-82.9663
-76.2543
-69.6073
-63.025
-56.507
-50.0529
-43.6624
-37.3351
-31.0705
-24.8684
-18.7284
-12.65
-6.633
-0.676898
5.21863
11.054
16.8295
22.5456
28.2025
33.8008
39.3408
44.8228
50.2472
55.6145
60.9248
66.1788
71.3766
76.5187
81.6055
86.6373
91.6145
96.5375
101.407
106.222
110.985
115.695
120.352
124.958
129.512
134.014
138.466
142.867
147.218
151.52
155.772
159.975
164.129
168.236
172.294
176.305
180.268
184.185
188.056
191.88
195.659
199.393
203.082
206.726
210.326
213.882
217.395
220.865
224.292
227.677
231.02
234.322
237.582
240.802
243.981
247.12
250.219
253.28
256.301
259.283
262.228
265.135
268.004
270.836
273.632
276.391
279.114
281.802
284.455
287.072
289.656
292.205
294.721
297.203
299.652
302.069
304.453
306.806
309.127
311.417
313.677
315.906
318.105
320.275
322.415
324.527
326.61
328.665
330.692
332.692
334.665
336.611
338.531
340.425
342.294
344.138
345.956
347.751
349.521
351.268
352.992
354.693
356.371
358.027
359.662
361.275
362.867
364.438
365.99
367.521
369.033
370.525
371.999
373.455
374.892
376.312
377.715
379.1
380.469
381.822
383.16
384.481
385.788
387.08
388.358
389.622
390.872
392.11
393.334
394.546
395.746
396.934
398.111
399.277
400.433
401.578
402.714
403.84
404.957
406.065
407.165
408.257
409.342
410.419
411.49
412.554
413.612
414.664
415.711
416.753
417.791
418.824
419.853
420.879
421.902
422.922
423.94
424.956
425.97
426.983
427.995
429.007
430.018
431.03
432.043
433.056
434.071
435.088
436.107
437.128
438.152
439.18
440.211
441.246
442.286
443.33
444.379
445.434
446.495
447.562
448.635
449.716
450.804
451.9
453.003
454.116
455.237
456.367
457.507
458.657
459.817
460.989
462.171
463.364
464.57
465.787
467.018
468.261
469.517
470.788
472.072
473.371
474.684
476.013
477.358
478.718
480.095
481.488
482.898
484.326
485.772
487.236
488.718
490.22
491.74
493.281
494.841
496.422
498.024
499.646
501.291
502.957
504.646
506.357
508.091
509.849
511.63
513.436
515.266
517.121
519.002
520.908
522.84
524.798
526.783
528.796
530.836
532.903
534.999
537.124
539.278
541.461
543.674
545.917
548.19
550.495
552.83
555.197
557.597
560.028
562.493
564.99
567.521
570.086
572.685
575.319
577.987
580.691
583.431
586.207
589.019
591.868
594.755
597.679
600.641
603.641
606.68
609.758
612.876
616.033
619.231
622.469
625.748
629.069
632.431
635.835
639.282
642.772
646.304
649.881
653.501
657.165
660.875
664.629
668.429
672.274
676.166
680.104
684.09
688.122
692.202
696.331
700.507
704.733
709.008
713.332
717.706
722.13
726.605
731.131
735.709
740.338
745.02
749.754
754.54
759.381
764.274
769.222
774.224
779.281
784.393
789.561
794.785
800.064
805.401
810.794
816.245
821.753
827.32
832.945
838.629
844.372
850.175
856.038
861.962
867.946
873.991
880.097
886.266
892.496
898.79
905.146
911.565
918.049
924.596
931.208
938.004
945.373
953.34
961.898
971.039
980.756
991.042
1001.89
1013.29
1025.24
1037.74
1050.76
1064.31
1078.39
1092.97
1108.06
1123.65
1139.72
1156.29
1173.32
1190.83
1208.8
1227.23
1246.11
1265.42
1285.17
1305.35
1325.95
1346.96
1368.37
1390.19
1412.4
1434.99
1457.95
1481.29
1504.99
1529.05
1553.46
1578.21
1603.29
1628.7
1654.43
1680.47
1706.83
1733.48
1760.42
1787.64
1815.15
1842.92
1697.95
1536.43
1364.28
1187.45
1011.85
843.412
688.073
551.756
440.391
359.907
316.233
306.261
299.431
292.652
285.923
279.245
272.617
266.038
259.509
253.03
246.599
240.218
233.885
227.601
221.366
215.178
209.038
202.946
196.902
190.905
184.955
179.051
173.195
167.384
161.62
155.902
150.23
144.603
139.022
133.485
127.994
122.547
117.145
111.787
106.473
101.203
95.9771
90.7942
85.6545
80.5578
75.5039
70.4926
65.5236
60.5967
55.7118
50.8686
46.0669
41.3065
36.5872
31.9087
27.2709
22.6735
18.1164
13.5992
9.12186
4.68409
0.285674
-4.07358
-8.3939
-12.6755
-16.9186
-21.1234
-25.29
-29.4189
-33.51
-37.5637
-41.5802
-45.5597
-49.5024
-53.4084
-57.2781
-61.1117
-64.9092
-68.6711
-72.3974
-76.0884
-79.7443
-83.3654
-86.9517
-90.5036
-94.0213
-97.5049
-100.955
-104.371
-107.754
-111.103
-114.42
-117.704
-120.956
-124.175
-127.362
-130.517
-133.64
-136.732
-139.793
-142.822
-145.821
-148.789
-151.727
-154.635
-157.513
-160.361
-163.179
-165.968
-168.728
-171.459
-174.161
-176.835
-179.481
-182.098
-184.688
-187.25
-189.785
-192.292
-194.773
-197.226
-199.654
-202.054
-204.429
-206.778
-209.101
-211.399
-213.671
-215.918
-218.141
-220.338
-222.512
-224.661
-226.786
-228.888
-230.965
-233.02
-235.051
-237.06
-239.045
-241.009
-242.95
-244.868
-246.765
-248.641
-250.495
-252.327
-254.139
-255.93
-257.7
-259.45
-261.18
-262.89
-264.58
-266.251
-267.903
-269.535
-271.148
-272.743
-274.319
-275.878
-277.418
-278.94
-280.445
-281.932
-283.402
-284.856
-286.292
-287.712
-289.116
-290.503
-291.875
-293.231
-294.572
-295.897
-297.208
-298.503
-299.784
-301.051
-302.303
-303.542
-304.766
-305.978
-307.175
-308.36
-309.532
-310.691
-311.838
-312.973
-314.095
-315.206
-316.305
-317.392
-318.469
-319.534
-320.589
-321.633
-322.667
-323.691
-324.705
-325.709
-326.704
-327.689
-328.666
-329.633
-330.592
-331.543
-332.485
-333.42
-334.346
-335.266
-336.177
-337.082
-337.98
-338.871
-339.755
-340.634
-341.506
-342.372
-343.233
-344.089
-344.939
-345.784
-346.624
-347.46
-348.292
-349.119
-349.943
-350.762
-351.579
-352.392
-353.201
-354.009
-354.813
-355.615
-356.415
-357.213
-358.009
-358.803
-359.596
-360.388
-361.179
-361.97
-362.759
-363.549
-364.338
-365.128
-365.918
-366.708
-367.5
-368.292
-369.085
-369.88
-370.677
-371.475
-372.276
-373.079
-373.884
-374.692
-375.503
-376.317
-377.134
-377.955
-378.779
-379.608
-380.441
-381.278
-382.12
-382.967
-383.818
-384.675
-385.538
-386.406
-387.28
-388.16
-389.047
-389.94
-390.84
-391.746
-392.66
-393.582
-394.511
-395.448
-396.393
-397.346
-398.307
-399.278
-400.257
-401.245
-402.243
-403.25
-404.267
-405.294
-406.331
-407.378
-408.436
-409.505
-410.585
-411.676
-412.778
-413.893
-415.019
-416.157
-417.308
-418.471
-419.646
-420.835
-422.037
-423.252
-424.481
-425.724
-426.981
-428.252
-429.537
-430.837
-432.152
-433.482
-434.827
-436.188
-437.565
-438.957
-440.366
-441.791
-443.233
-444.691
-446.166
-447.659
-449.169
-450.697
-452.243
-453.806
-455.388
-456.989
-458.608
-460.246
-461.903
-463.58
-465.276
-466.992
-468.728
-470.484
-472.261
-474.058
-475.876
-477.715
-479.576
-481.458
-483.361
-485.287
-487.235
-489.205
-491.197
-493.213
-495.251
-497.313
-499.398
-501.507
-503.639
-505.796
-507.976
-510.182
-512.412
-514.667
-516.947
-519.252
-521.583
-523.94
-526.322
-528.731
-531.166
-533.628
-536.117
-538.633
-541.176
-543.746
-546.344
-548.971
-551.625
-554.307
-557.018
-559.758
-562.527
-565.325
-568.152
-571.009
-573.896
-576.813
-579.76
-582.738
-585.746
-588.785
-591.855
-594.957
-598.09
-601.255
-604.451
-607.68
-610.942
-614.236
-617.562
-620.922
-624.315
-627.742
-631.202
-634.696
-638.224
-641.786
-645.383
-649.015
-652.681
-656.383
-660.12
-663.893
-667.702
-671.546
-675.427
-679.344
-683.298
-687.289
-691.317
-695.382
-699.484
-703.625
-707.803
-712.096
-716.589
-721.28
-726.166
-731.245
-736.516
-741.977
-747.625
-753.458
-759.475
-765.673
-772.05
-778.605
-785.335
-792.238
-628.086
-477.443
-434.676
-424.845
-415.095
-405.425
-395.836
-386.326
-376.895
-367.544
-358.272
-349.077
-339.961
-330.922
-321.96
-313.075
-304.267
-295.535
-286.878
-278.297
-269.79
-261.358
-253
-244.717
-236.506
-228.369
-220.304
-212.312
-204.392
-196.543
-188.765
-181.059
-173.422
-165.856
-158.36
-150.933
-143.575
-136.285
-129.064
-121.911
-114.825
-107.806
-100.854
-93.9683
-87.1486
-80.3946
-73.7058
-67.0819
-60.5225
-54.0273
-47.5958
-41.2277
-34.9226
-28.6801
-22.5
-16.3817
-10.3249
-4.32935
1.60546
7.47986
13.2942
19.0489
24.7443
30.3808
35.9588
41.4785
46.9405
52.3451
57.6925
62.9833
68.2178
73.3964
78.5194
83.5872
88.6002
93.5587
98.4632
103.314
108.111
112.856
117.548
122.187
126.775
131.312
135.797
140.231
144.616
148.95
153.234
157.47
161.656
165.794
169.884
173.927
177.921
181.869
185.77
189.625
193.434
197.198
200.916
204.59
208.219
211.805
215.346
218.845
222.3
225.713
229.084
232.413
235.701
238.947
242.153
245.319
248.444
251.531
254.578
257.586
260.555
263.487
266.381
269.238
272.058
274.841
277.588
280.299
282.975
285.616
288.222
290.793
293.331
295.835
298.306
300.744
303.15
305.524
307.865
310.176
312.455
314.704
316.923
319.112
321.271
323.401
325.503
327.576
329.621
331.639
333.629
335.592
337.529
339.44
341.325
343.184
345.019
346.829
348.615
350.377
352.115
353.83
355.522
357.192
358.84
360.466
362.071
363.655
365.219
366.762
368.286
369.79
371.275
372.742
374.19
375.62
377.032
378.428
379.806
381.169
382.515
383.845
385.16
386.46
387.746
389.017
390.275
391.519
392.75
393.968
395.174
396.368
397.55
398.721
399.881
401.031
402.171
403.301
404.421
405.533
406.636
407.731
408.817
409.897
410.969
412.034
413.093
414.146
415.194
416.236
417.273
418.306
419.335
420.36
421.381
422.399
423.415
424.429
425.44
426.45
427.459
428.467
429.475
430.482
