201.639
403.277
604.886
803.564
994.487
1176.49
1349.79
1514.98
1672.72
1823.68
1615.51
1399.82
1184.88
978.978
790.391
626.862
483.39
353.853
234.951
123.388
15.8635
-90.92
-200.261
-315.458
-439.809
-576.613
-733.529
-936.598
-1177.27
-1440.72
-1227.14
-1006.58
-804.355
-645.125
-517.933
-406.943
-308.9
-220.549
-138.635
-59.9029
18.9006
101.032
189.747
288.299
399.943
529.44
704.935
925.605
1177.74
1447.63
1235.28
1016.48
813.687
648.958
514.261
394.875
287.959
190.669
100.165
13.6042
-71.8542
-159.052
-250.832
-350.034
-459.501
-582.075
-725.085
-918.154
-1153.37
-1415.16
-1201.2
-980.851
-781.474
-628.179
-503.821
-395.266
-299.305
-212.728
-132.328
-54.8946
22.7794
103.904
191.686
289.337
400.063
528.524
703.015
923.02
1174.8
1444.61
1232.23
1013.44
810.92
646.829
512.452
393.347
286.676
189.6
99.2821
12.8841
-72.4319
-159.504
-251.17
-350.267
-459.634
-582.109
-725.017
-918.009
-1153.18
-1414.96
-1201
-980.648
-781.295
-628.047
-503.712
-395.175
-299.23
-212.667
-132.279
-54.8559
22.8097
103.926
191.702
289.346
400.066
528.52
703.005
923.008
1174.79
1444.6
1232.21
1013.43
810.907
646.819
512.444
393.34
286.67
189.595
99.2776
12.8803
-72.4352
-159.507
-251.172
-350.269
-459.636
-582.111
-725.019
-918.011
-1153.19
-1414.96
-1201
-980.65
-781.297
-628.048
-503.712
-395.176
-299.23
-212.668
-132.279
-54.8559
22.8096
103.926
191.702
289.346
400.066
528.52
703.005
923.008
1174.79
1444.6
1232.21
1013.43
810.907
646.819
512.444
393.34
286.67
189.595
99.2777
12.8803
-72.4351
-159.507
-251.172
-350.269
-459.636
-582.111
-725.019
-918.011
-1153.19
-1414.96
-1201
-980.65
-781.297
-628.048
-503.712
-395.176
-299.23
-212.668
-132.279
-54.8559
22.8096
103.926
191.702
289.346
400.066
528.52
703.005
923.008
1174.79
1444.6
1232.21
1013.43
810.907
646.819
512.444
393.34
286.67
189.595
99.2777
12.8803
-72.4351
-159.507
-251.172
-350.269
-459.636
-582.111
-725.019
-918.011
-1153.19
-1414.96
-1201
-980.65
-781.297
-628.048
-503.712
-395.176
-299.23
-212.668
-132.279
-54.8559
22.8096
103.926
191.702
289.346
400.066
528.52
703.005
923.008
1174.79
1444.6
1718.71
1983.37
2224.84
2429.39
2222.13
2006.53
1786.96
1567.78
1353.36
1148.06
956.237
782.267
630.188
496.201
375.685
265.756
163.527
66.1165
-29.3617
-125.792
-226.058
-333.044
-449.636
-578.718
-727.481
-924.392
-1161.62
-1423.93
-1696.1
-1962.89
-2209.07
-2419.42
-2211.49
-1994.24
-1772.6
-1551.48
-1335.8
-1130.48
-940.429
-770.576
-625.289
-499.403
-387.727
-286.923
-193.649
-104.568
-16.3409
74.3726
170.911
276.614
394.821
530.245
709.859
932.881
1185.92
1455.59
1243.35
1024.52
821.029
654.612
519.069
398.94
291.372
193.516
102.518
15.5287
-70.3041
-157.832
-249.906
-349.377
-459.097
-581.918
-725.163
-918.386
-1153.68
-1415.49
-1201.54
-981.179
-781.762
-628.393
-504
-395.414
-299.427
-212.828
-132.409
-54.9602
22.7275
103.863
191.657
289.317
400.054
528.524
703.023
923.032
1174.81
1444.63
1232.24
1013.46
810.932
646.838
512.46
393.354
286.681
189.604
99.2857
12.8869
-72.4299
-159.502
-251.169
-350.267
-459.635
-582.11
-725.019
-918.012
-1153.19
-1414.96
-1201
-980.651
-781.298
-628.049
-503.713
-395.176
-299.231
-212.668
-132.279
-54.8562
22.8094
103.926
191.702
289.346
400.066
528.52
703.005
923.008
1174.79
1444.6
1232.21
1013.43
810.907
646.819
512.444
393.34
286.67
189.595
99.2777
12.8803
-72.4351
-159.507
-251.172
-350.269
-459.636
-582.111
-725.019
-918.011
-1153.19
-1414.96
-1201
-980.65
-781.297
-628.048
-503.712
-395.176
-299.23
-212.668
-132.279
-54.8559
22.8096
103.926
191.702
289.346
400.066
528.52
703.005
923.008
1174.79
1444.6
1232.21
1013.43
810.907
646.819
512.444
393.34
286.67
189.595
99.2776
12.8803
-72.4352
-159.507
-251.172
-350.269
-459.636
-582.111
-725.019
-918.011
-1153.19
-1414.96
-1201
-980.65
-781.297
-628.048
-503.712
-395.176
-299.23
-212.668
-132.279
-54.8559
22.8096
103.926
191.702
289.346
400.066
528.52
703.005
923.008
1174.79
1444.6
1232.21
1013.43
810.907
646.819
512.444
393.34
286.67
189.595
99.2776
12.8803
-72.4352
-159.507
-251.172
-350.269
-459.636
-582.111
-725.019
-918.011
-1153.19
-1414.96
-1201
-980.65
-781.297
-628.048
-503.712
-395.176
-299.23
-212.668
-132.279
-54.8559
22.8096
103.926
191.702
289.346
400.066
528.52
703.005
923.008
1174.79
1444.6
1232.21
1013.43
810.907
646.819
512.444
393.34
286.67
189.595
99.2777
12.8803
-72.4351
-159.507
-251.172
-350.269
-459.636
-582.111
-725.019
-918.011
-1153.19
-1414.96
-1201
-980.65
-781.297
-628.048
-503.712
-395.176
-299.23
-212.668
-132.279
-54.8559
22.8096
103.926
191.702
289.346
400.066
528.52
703.005
923.008
1174.79
1444.6
1718.71
1983.37
2224.84
2429.39
2583.28
2672.75
2731.53
2844.32
2953.7
2746.24
2529.39
2306.52
2081.03
1856.29
1635.68
1422.6
1220.42
1032.52
862.286
713.101
585.787
472.898
371.741
280.148
195.949
116.978
41.0662
-33.9547
-110.253
-189.996
-275.352
-368.49
-471.577
-586.782
-721.327
-908.444
-1140.55
-1401.52
-1675.25
-1945.61
-2196.5
-2411.79
-2575.38
-2671.14
-2731.53
-2844.33
-2953.71
-2745.42
-2526.39
-2300.5
-2071.6
-1843.57
-1620.26
-1405.55
-1203.29
-1017.35
-851.591
-709.884
-592.603
-489.629
-398.194
-316.279
-241.863
-172.927
-107.45
-43.4127
21.2049
88.4229
160.261
238.74
325.879
423.698
534.218
677.997
871.918
1104.19
1362.92
1636.23
1912.24
2179.06
1969.74
1749.81
1526.35
1306.46
1097.25
905.802
739.227
601.855
481.364
373.428
275.889
186.591
103.376
24.0882
-53.4309
-131.338
-211.79
-296.943
-388.956
-489.986
-602.188
-727.762
-890.804
-1101.43
-1346.44
-1612.63
-1886.77
-2155.68
-1945.4
-1723.27
-1497.41
-1275.96
-1067.05
-878.826
-719.412
-591.951
-481.254
-383.387
-295.947
-216.529
-142.73
-72.1463
-2.37261
68.9945
144.359
226.126
316.697
418.479
533.874
682.413
879.466
1113.47
1372.76
1645.7
1920.63
2185.89
1976.62
1756.77
1533.35
1313.39
1103.91
911.915
744.433
606.112
485.016
376.548
278.544
188.841
105.273
25.6788
-52.1071
-130.248
-210.908
-296.251
-388.441
-489.641
-602.016
-727.77
-890.962
-1101.69
-1346.74
-1612.93
-1887.05
-2155.92
-1945.64
-1723.51
-1497.65
-1276.19
-1067.28
-879.028
-719.578
-592.084
-481.366
-383.481
-296.025
-216.595
-142.785
-72.1912
-2.40945
68.9647
144.336
226.108
316.685
418.472
533.874
682.418
879.475
1113.48
1372.78
1645.71
1920.64
2185.9
1976.63
1756.78
1533.36
1313.4
1103.92
911.923
744.439
606.117
485.02
376.552
278.547
188.843
105.276
25.6807
-52.1055
-130.247
-210.907
-296.25
-388.44
-489.641
-602.016
-727.769
-890.963
-1101.69
-1346.74
-1612.93
-1887.05
-2155.92
-1945.64
-1723.51
-1497.65
-1276.19
-1067.28
-879.028
-719.578
-592.084
-481.366
-383.481
-296.025
-216.595
-142.785
-72.1912
-2.40944
68.9647
144.336
226.108
316.685
418.473
533.874
682.418
879.476
1113.48
1372.78
1645.71
1920.64
2185.9
1976.63
1756.78
1533.36
1313.4
1103.92
911.923
744.439
606.117
485.021
376.552
278.547
188.843
105.276
25.6808
-52.1054
-130.247
-210.907
-296.25
-388.44
-489.641
-602.015
-727.769
-890.962
-1101.69
-1346.74
-1612.93
-1887.05
-2155.92
-1945.64
-1723.51
-1497.65
-1276.19
-1067.28
-879.028
-719.578
-592.084
-481.365
-383.481
-296.025
-216.595
-142.785
-72.191
-2.40928
68.9649
144.336
226.108
316.685
418.473
533.874
682.418
879.476
1113.48
1372.78
1645.71
1920.64
2185.9
1976.63
1756.78
1533.36
1313.4
1103.92
911.923
744.44
606.118
485.021
376.552
278.548
188.844
105.276
25.681
-52.1052
-130.247
-210.907
-296.25
-388.44
-489.64
-602.015
-727.769
-890.962
-1101.68
-1346.74
-1612.93
-1887.05
-2155.92
-1945.64
-1723.51
-1497.65
-1276.19
-1067.28
-879.028
-719.578
-592.084
-481.366
-383.481
-296.025
-216.595
-142.785
-72.1911
-2.40938
68.9648
144.336
226.108
316.685
418.473
533.874
682.418
879.476
1113.48
1372.78
1645.71
1920.64
2185.9
1976.63
1756.78
1533.36
1313.4
1103.92
911.923
744.439
606.117
485.021
376.552
278.547
188.843
105.276
25.6808
-52.1054
-130.247
-210.907
-296.25
-388.44
-489.64
-602.015
-727.769
-890.962
-1101.69
-1346.74
-1612.93
-1887.05
-2155.92
-1945.64
-1723.51
-1497.65
-1276.19
-1067.28
-879.027
-719.577
-592.083
-481.365
-383.48
-296.025
-216.594
-142.784
-72.1907
-2.40893
68.9653
144.336
226.108
316.686
418.473
533.875
682.419
879.477
1113.48
1372.78
1645.71
1920.64
2185.9
2429.84
2640.81
2807.16
2917.23
2959.37
3059.85
3162.94
3263.14
3360.62
3455.54
3548
3638.21
3726.32
3812.48
3896.75
3979.32
4060.23
4139.53
4217.34
4293.73
4368.74
4442.42
4514.83
4586
4378.7
4161.32
3935.69
3703.66
3467.06
3227.74
2987.55
2748.32
2511.9
2280.13
2054.84
1837.89
1631.12
1436.36
1255.46
1090.27
942.615
814.348
707.309
620.662
542.997
472.268
407.868
349.19
295.626
246.57
201.413
159.55
120.372
83.2724
47.644
12.8794
-21.6284
-56.4869
-92.3031
-129.684
-169.238
-211.571
-257.291
-307.004
-361.319
-420.842
-486.181
-557.943
-636.735
-723.165
-849.615
-1037.14
-1270.52
-1534.52
-1813.93
-2093.51
-2358.05
-2592.31
-2781.08
-2909.13
-2961.23
-3057.16
-3160.16
-3260.27
-3357.66
-3452.5
-3544.88
-3635.01
-3723.04
-3809.12
-3893.33
-3975.82
-4056.66
-4135.89
-4213.63
-4289.95
-4364.89
-4438.51
-4510.86
-4581.96
-4373.99
-4154.72
-3926.23
-3690.57
-3449.81
-3206.02
-2961.26
-2717.6
-2477.1
-2241.83
-2013.85
-1795.23
-1588.03
-1394.32
-1216.16
-1055.62
-914.765
-795.657
-700.364
-627.012
-560.137
-497.713
-439.493
-385.233
-334.685
-287.604
-243.744
-202.859
-164.703
-129.03
-95.5946
-64.15
-34.4505
-6.2502
20.6969
46.6367
71.8153
96.4785
120.872
145.243
169.836
194.898
220.674
247.411
275.354
304.75
335.844
368.882
404.111
441.776
482.123
525.399
571.849
621.719
675.255
732.703
794.31
860.32
937.491
1048.62
1192.18
1364.23
1560.84
1778.06
2011.95
2258.58
2513.99
2301.11
2071.25
1832.68
1593.65
1362.42
1147.25
956.404
798.141
680.718
595.946
517.09
443.274
374.236
309.713
249.443
193.163
140.61
91.5221
45.6367
2.69119
-37.577
-75.4303
-111.131
-144.943
-177.127
-207.946
-237.664
-266.541
-294.842
-322.828
-350.762
-378.907
-407.525
-436.879
-467.23
-498.843
-531.978
-566.9
-603.869
-643.15
-685.004
-729.694
-777.483
-828.632
-883.405
-942.064
-1004.87
-1072.09
-1143.98
-1224.8
-1333.96
-1471.12
-1632.84
-1815.69
-2016.24
-2231.05
-2456.7
-2689.74
-2476.84
-2246.41
-2005.92
-1762.89
-1524.8
-1299.14
-1093.39
-915.067
-771.644
-670.616
-596.847
-528.095
-464.091
-404.576
-349.292
-297.98
-250.38
-206.235
-165.286
-127.273
-91.9388
-59.0238
-28.2696
0.582621
27.7916
53.616
78.3146
102.146
125.369
148.243
171.025
193.976
217.352
241.415
266.421
292.63
320.3
349.69
381.059
414.666
450.769
489.627
531.499
576.644
625.319
677.785
734.299
795.121
860.509
937.213
1047.96
1191.23
1363.05
1559.5
1776.62
2010.47
2257.09
2512.54
2299.65
2069.77
1831.16
1592.11
1360.88
1145.74
954.972
796.839
679.616
594.966
516.2
442.467
373.505
309.052
248.845
192.623
140.123
91.0849
45.2453
2.34269
-37.885
-75.6997
-111.363
-145.138
-177.285
-208.067
-237.746
-266.584
-294.843
-322.784
-350.669
-378.762
-407.322
-436.614
-466.897
-498.436
-531.49
-566.323
-603.196
-642.371
-684.111
-728.677
-776.331
-827.334
-881.95
-940.44
-1003.07
-1070.09
-1141.77
-1222.04
-1330.37
-1466.69
-1627.59
-1809.65
-2009.45
-2223.57
-2448.58
-2681.08
-2468.14
-2237.61
-1997.05
-1754.03
-1516.1
-1290.82
-1085.75
-908.436
-766.449
-667.332
-593.821
-525.302
-461.515
-402.204
-347.109
-295.973
-248.537
-204.544
-163.734
-125.851
-90.6345
-57.8281
-27.1729
1.58911
28.7161
54.4664
79.098
102.869
126.038
148.863
171.602
194.513
217.854
241.884
266.861
293.043
320.688
350.054
381.4
414.984
451.063
489.896
531.741
576.857
625.502
677.933
734.408
795.187
860.528
937.182
1047.89
1191.12
1362.92
1559.35
1776.46
2010.3
2256.92
2512.38
2299.49
2069.59
1830.96
1591.88
1360.61
1145.43
954.603
796.407
679.113
594.5
515.788
442.104
373.185
308.77
248.598
192.408
139.937
90.9252
45.1101
2.23054
-37.975
-75.7678
-111.41
-145.161
-177.285
-208.042
-237.694
-266.501
-294.727
-322.631
-350.475
-378.522
-407.032
-436.267
-466.488
-497.957
-530.935
-565.683
-602.464
-641.539
-683.168
-727.614
-775.137
-826
-880.464
-938.791
-1001.24
-1068.08
-1139.56
-1219.31
-1326.8
-1462.29
-1622.37
-1803.64
-2002.69
-2216.11
-2440.49
-2672.44
-2459.45
-2228.82
-1988.2
-1745.19
-1507.43
-1282.54
-1078.14
-901.862
-761.331
-664.077
-590.813
-522.525
-458.955
-399.845
-344.939
-293.978
-246.705
-202.862
-162.191
-124.436
-89.3375
-56.6388
-26.0821
2.59028
29.6359
55.3124
79.8774
103.589
126.704
149.48
172.175
195.047
218.354
242.352
267.3
293.455
321.075
350.417
381.74
415.3
451.355
490.164
531.983
577.07
625.683
678.08
734.517
795.254
860.547
937.151
1047.82
1191.01
1362.79
1559.21
1776.3
2010.14
2256.76
2512.22
2772.57
3033.87
3292.16
3543.5
3783.94
4009.52
4216.31
4400.34
4557.69
4684.39
4776.49
4830.06
4859.09
4924.64
4989.16
5052.67
5115.2
5176.73
5237.32
5297
5355.78
5413.65
5470.62
5526.75
5582.05
5636.45
5690.05
5742.87
5536.03
5319.64
5094.98
4863.35
4626.05
4384.35
4139.55
3892.95
3645.82
3399.47
3155.18
2914.24
2677.94
2447.58
2224.44
2009.81
1804.99
1611.26
1429.91
1262.24
1109.54
973.087
854.183
754.115
674.174
609.77
549.038
491.462
436.914
385.265
336.387
290.152
246.431
205.097
166.02
129.072
94.126
61.0526
29.7238
0.0113015
-28.2132
-55.0781
-80.7116
-105.242
-128.798
-151.507
-173.498
-194.899
-215.839
-236.446
-256.847
-277.172
-297.549
-318.105
-338.97
-360.271
-382.138
-404.697
-428.078
-452.409
-477.818
-504.433
-532.383
-561.796
-592.801
-625.524
-660.096
-696.644
-735.297
-776.182
-819.429
-865.165
-913.519
-964.619
-1018.59
-1075.57
-1135.68
-1201.37
-1294.51
-1417.69
-1567.39
-1740.12
-1932.39
-2140.69
-2361.53
-2591.41
-2826.83
-3064.3
-3300.31
-3531.37
-3753.98
-3964.64
-4159.85
-4336.13
-4489.96
-4617.85
-4716.3
-4781.81
-4810.9
-4861.09
-4924.78
-4987.47
-5049.2
-5109.93
-5169.74
-5228.64
-5286.66
-5343.79
-5400.03
-5455.43
-5510.02
-5563.72
-5616.63
-5668.77
-5461.48
-5243.83
-5017.25
-4783.17
-4543.01
-4298.2
-4050.15
-3800.3
-3550.08
-3300.9
-3054.19
-2811.38
-2573.9
-2343.16
-2120.6
-1907.63
-1705.69
-1516.2
-1340.59
-1180.27
-1036.68
-911.243
-805.38
-720.52
-657.646
-603.795
-552.337
-503.193
-456.289
-411.545
-368.885
-328.232
-289.509
-252.639
-217.544
-184.147
-152.371
-122.14
-93.3755
-66.0008
-39.9388
-15.1123
8.55582
31.1427
52.7254
73.3811
93.187
112.22
130.558
148.277
165.455
182.168
198.495
214.511
230.295
245.924
261.473
277.022
292.646
308.423
324.43
340.744
357.443
374.603
392.301
410.615
429.622
449.399
470.023
491.572
514.122
537.75
562.534
588.551
615.877
644.591
674.769
706.488
739.826
774.859
811.665
850.321
890.904
933.49
978.159
1024.99
1074.05
1127.32
1199.06
1290.95
1401.5
1529.23
1672.64
1830.24
2000.54
2182.04
2373.26
2572.71
2778.89
2990.31
3205.49
2994.16
2766.8
2528.37
2283.88
2038.31
1796.65
1563.89
1345.01
1145.01
968.867
821.578
708.128
631.064
564.969
501.756
441.335
383.616
328.507
275.919
225.759
177.939
132.366
88.9509
47.6024
8.22981
-29.2574
-64.9499
-98.9384
-131.314
-162.166
-191.587
-219.666
-246.494
-272.163
-296.762
-320.383
-343.115
-365.051
-386.279
-406.892
-426.979
-446.632
-465.941
-484.996
-503.889
-522.71
-541.549
-560.498
-579.647
-599.087
-618.908
-639.201
-660.057
-681.566
-703.819
-726.907
-750.92
-775.95
-802.086
-829.419
-858.041
-888.041
-919.511
-952.541
-987.221
-1023.64
-1061.9
-1102.07
-1144.26
-1188.56
-1235.05
-1283.82
-1334.97
-1388.59
-1444.76
-1509.18
-1590.61
-1687.98
-1800.07
-1925.66
-2063.52
-2212.43
-2371.17
-2538.51
-2713.23
-2894.1
-3079.91
-3269.43
-3057.67
-2829.07
-2588.73
-2341.77
-2093.28
-1848.37
-1612.14
-1389.69
-1186.15
-1006.59
-856.141
-739.895
-662.74
-604.276
-548.514
-495.367
-444.748
-396.571
-350.75
-307.198
-265.828
-226.554
-189.289
-153.947
-120.441
-88.6856
-58.593
-30.0772
-3.05165
22.5702
46.875
69.9491
91.879
112.751
132.653
151.669
169.888
187.395
204.278
220.621
236.513
252.04
267.287
282.343
297.292
312.222
327.22
342.371
357.762
373.48
389.611
406.243
423.46
441.351
460.001
479.497
499.925
521.372
543.925
567.67
592.693
619.082
646.922
676.3
707.303
740.017
774.529
810.925
849.292
889.715
932.283
977.081
1024.2
1073.71
1127.6
1199.9
1292.29
1403.27
1531.35
1675.06
1832.89
2003.36
2184.99
2376.29
2575.77
2781.94
2993.31
3208.41
2997.09
2769.72
2531.28
2286.74
2041.09
1799.28
1566.31
1347.14
1146.75
970.116
822.213
708.017
630.425
564.461
501.37
441.06
383.443
328.428
275.925
225.844
178.094
132.587
89.2303
47.9354
8.61179
-28.8306
-64.4819
-98.4322
-130.772
-161.59
-190.978
-219.026
-245.823
-271.459
-296.026
-319.612
-342.308
-364.205
-385.392
-405.958
-425.996
-445.594
-464.842
-483.832
-502.652
-521.393
-540.145
-558.999
-578.043
-597.37
-617.067
-637.226
-657.937
-679.29
-701.375
-724.282
-748.101
-772.922
-798.836
-825.932
-854.301
-884.033
-915.217
-947.944
-982.304
-1018.39
-1056.28
-1096.08
-1137.88
-1181.76
-1227.81
-1276.12
-1326.79
-1379.9
-1435.55
-1498.09
-1577.3
-1672.43
-1782.29
-1905.66
-2041.34
-2188.11
-2344.77
-2510.12
-2682.94
-2862.02
-3046.16
-3234.14
-3022.25
-2793.35
-2552.7
-2305.53
-2057.1
-1812.65
-1577.44
-1356.71
-1155.71
-979.687
-833.888
-723.562
-652.325
-594.39
-539.135
-486.474
-436.321
-388.59
-343.195
-300.05
-259.069
-220.165
-183.253
-148.247
-115.061
-83.6082
-53.8031
-25.5595
1.20854
26.5871
50.6622
73.52
95.2463
115.927
135.649
154.498
172.559
189.919
206.665
222.881
238.654
254.07
269.215
284.175
299.037
313.885
328.807
343.888
359.214
374.872
390.947
407.526
424.694
442.537
461.143
480.595
500.982
522.388
544.899
568.603
593.584
619.93
647.725
677.056
708.009
740.67
775.125
811.46
849.761
890.115
932.607
977.322
1024.35
1073.77
1127.55
1199.77
1292.07
1402.99
1531.01
1674.67
1832.46
2002.91
2184.52
2375.8
2575.28
2781.45
2992.83
3207.94
2996.61
2769.21
2530.73
2286.13
2040.39
1798.49
1565.4
1346.1
1145.57
968.772
820.694
706.309
628.643
562.866
499.949
439.803
382.337
327.463
275.091
225.132
177.495
132.092
88.8328
47.628
8.38806
-28.9764
-64.555
-98.4371
-130.712
-161.47
-190.8
-218.792
-245.534
-271.118
-295.631
-319.164
-341.806
-363.647
-384.776
-405.282
-425.256
-444.786
-463.963
-482.875
-501.612
-520.264
-538.92
-557.67
-576.603
-595.808
-615.376
-635.396
-655.957
-677.148
-699.06
-721.781
-745.401
-770.011
-795.698
-822.553
-850.666
-880.125
-911.02
-943.442
-977.478
-1013.22
-1050.75
-1090.17
-1131.57
-1175.02
-1220.63
-1268.48
-1318.66
-1371.26
-1426.37
-1487.21
-1564.2
-1657.11
-1764.74
-1885.89
-2019.38
-2164.02
-2318.6
-2481.94
-2652.85
-2830.13
-3012.58
-3199.02
-2987
-2757.8
-2516.82
-2269.46
-2021.11
-1777.18
-1543.05
-1324.13
-1125.81
-953.486
-812.56
-708.425
-642.062
-584.648
-529.892
-477.71
-428.016
-380.724
-335.748
-293.004
-252.406
-213.867
-177.303
-142.627
-109.755
-78.601
-49.0789
-21.1034
5.41109
30.5501
54.3992
77.0439
98.5699
119.063
138.608
157.291
175.197
192.413
209.023
225.113
240.769
256.077
271.121
285.988
300.762
315.531
330.378
345.39
360.652
376.251
392.27
408.797
425.916
443.713
462.274
481.684
502.029
523.394
545.865
569.528
594.468
620.77
648.52
677.805
708.708
741.317
775.716
811.99
850.227
890.511
932.927
977.561
1024.5
1073.83
1127.51
1199.63
1291.86
1402.7
1530.67
1674.28
1832.04
2002.46
2184.05
2375.32
2574.79
2780.96
2992.35
3207.47
3424.83
3642.94
3860.31
4075.46
4286.89
4493.12
4692.65
4884.01
5065.69
5236.22
5394.1
5537.85
5665.97
5776.97
5869.38
5941.7
5992.43
6020.1
6042.94
6090.27
6136.85
6182.66
6227.78
6272.1
6315.76
6358.63
6400.84
6442.28
6483.06
6523.09
6562.46
6601.08
6639.06
6676.28
6469.82
6254.37
6030.95
5800.54
5564.15
5322.79
5077.45
4829.13
4578.83
4327.56
4076.32
3826.1
3577.9
3332.74
3091.6
2855.49
2625.41
2402.36
2187.34
1981.36
1785.4
1600.48
1427.6
1267.75
1121.93
991.155
876.414
778.712
699.049
638.374
587.165
537.773
490.154
444.261
400.05
357.475
316.491
277.051
239.11
202.624
167.546
133.83
101.432
70.306
40.4062
11.6872
-15.8965
-42.3905
-67.8401
-92.2909
-115.788
-138.378
-160.106
-181.017
-201.156
-220.57
-239.304
-257.402
-274.912
-291.878
-308.346
-324.361
-339.969
-355.215
-370.145
-384.805
-399.239
-413.493
-427.614
-441.646
-455.635
-469.626
-483.665
-497.798
-512.069
-526.525
-541.211
-556.172
-571.454
-587.103
-603.164
-619.682
-636.703
-654.273
-672.437
-691.24
-710.728
-730.947
-751.942
-773.758
-796.442
-820.038
-844.592
-870.149
-896.756
-924.457
-953.299
-983.326
-1014.58
-1047.12
-1080.98
-1116.2
-1152.84
-1190.94
-1230.54
-1271.69
-1314.43
-1358.82
-1404.89
-1453.6
-1516.55
-1596.3
-1691.67
-1801.46
-1924.48
-2059.52
-2205.41
-2360.94
-2524.91
-2696.13
-2873.42
-3055.56
-3241.37
-3429.66
-3619.22
-3808.87
-3997.4
-4183.63
-4366.35
-4544.38
-4716.52
-4881.57
-5038.34
-5185.64
-5322.26
-5447.02
-5558.72
-5656.16
-5738.16
-5803.5
-5851.01
-5879.49
-5892.58
-5936.57
-5979.89
-6022.45
-6064.37
-6105.53
-6146.06
-6185.85
-6225.02
-6263.45
-6301.25
-6338.33
-6374.81
-6410.54
-6203.58
-5986.77
-5761.26
-5528.21
-5288.79
-5044.15
-4795.46
-4543.88
-4290.56
-4036.68
-3783.38
-3531.83
-3283.2
-3038.64
-2799.32
-2566.39
-2341.01
-2124.35
-1917.57
-1721.83
-1538.29
-1368.12
-1212.46
-1072.48
-949.354
-844.229
-758.27
-692.638
-645.625
-602.333
-560.433
-519.892
-480.682
-442.772
-406.131
-370.729
-336.536
-303.521
-271.656
-240.908
-211.248
-182.646
-155.07
-128.492
-102.881
-78.2062
-54.4376
-31.5449
-9.49778
11.7339
32.1805
51.8723
70.8396
89.1125
106.721
123.697
140.068
155.867
171.123
185.866
200.127
213.935
227.322
240.317
252.951
265.254
277.257
288.988
300.48
311.762
322.864
333.817
344.651
355.396
366.082
376.74
387.401
398.093
408.848
419.696
430.667
441.792
453.1
464.622
476.388
488.429
500.775
513.455
526.501
539.943
553.81
568.134
582.944
598.27
614.144
630.595
647.653
665.349
683.714
702.776
722.567
743.117
764.456
786.615
809.623
833.511
858.31
884.049
910.759
938.47
967.212
997.016
1027.91
1059.93
1093.1
1127.45
1163.02
1199.83
1237.91
1277.5
1326.67
1389.08
1464.04
1550.89
1648.92
1757.47
1875.85
2003.39
2139.39
2283.18
2434.07
2591.39
2754.45
2922.57
3095.08
2882.52
2652.01
2409.41
2160.54
1911.26
1667.42
1434.85
1219.41
1026.93
863.256
734.242
645.728
588.858
534.79
482.469
431.858
382.919
335.615
289.906
245.755
203.125
161.978
122.275
83.9782
47.0506
11.4538
-22.8499
-55.8986
-87.73
-118.382
-147.893
-176.3
-203.641
-229.955
-255.279
-279.651
-303.108
-325.69
-347.433
-368.376
-388.557
-408.012
-426.781
-444.901
-462.41
-479.347
-495.747
-511.651
-527.095
-542.118
-556.757
-571.051
-585.036
-598.752
-612.236
-625.525
-638.658
-651.673
-664.607
-677.499
-690.386
-703.306
-716.298
-729.398
-742.645
-756.077
-769.732
-783.647
-797.861
-812.411
-827.335
-842.671
-858.457
-874.731
-891.531
-908.895
-926.86
-945.465
-964.747
-984.744
-1005.49
-1027.04
-1049.41
-1072.64
-1096.78
-1121.87
-1147.93
-1175.02
-1203.16
-1232.39
-1262.76
-1294.29
-1327.04
-1361.02
-1396.3
-1432.89
-1470.84
-1510.2
-1550.98
-1593.24
-1637.08
-1687.8
-1748.43
-1818.46
-1897.4
-1984.76
-2080.03
-2182.72
-2292.34
-2408.39
-2530.37
-2657.79
-2790.15
-2926.95
-2713
-2479.26
-2232.98
-1981.39
-1731.73
-1491.25
-1267.19
-1066.78
-897.283
-765.927
-679.956
-629.169
-581.09
-534.66
-489.844
-446.603
-404.902
-364.704
-325.972
-288.669
-252.758
-218.203
-184.968
-153.014
-122.306
-92.8065
-64.4791
-37.2869
-11.1932
13.8388
37.8459
60.8647
82.9321
104.085
124.359
143.793
162.422
180.283
197.414
213.85
229.628
244.786
259.36
273.387
286.904
299.946
312.552
324.758
336.6
348.115
359.34
370.313
381.069
391.645
402.078
412.405
422.662
432.887
443.116
453.386
463.733
474.195
484.808
495.608
506.634
517.92
529.505
541.424
553.715
566.414
579.559
593.185
607.33
622.03
637.322
653.243
669.83
687.119
705.147
723.951
743.567
764.033
785.385
807.66
830.894
855.125
880.389
906.723
934.163
962.747
992.511
1023.49
1055.73
1089.25
1124.1
1160.32
1197.93
1236.99
1277.72
1328.01
1391.43
1467.32
1554.98
1653.74
1762.93
1881.86
2009.87
2146.26
2290.36
2441.5
2599
2762.17
2930.35
3102.85
2890.31
2659.84
2417.23
2168.29
1918.82
1674.62
1441.49
1225.23
1031.64
866.53
735.691
644.928
587.662
533.871
481.813
431.451
382.747
335.664
290.165
246.211
203.767
162.794
123.254
85.1113
48.3276
12.8656
-21.312
-54.2428
-85.964
-116.513
-145.927
-174.244
-201.502
-227.736
-252.986
-277.287
-300.679
-323.197
-344.88
-365.765
-385.889
-405.29
-424.005
-442.071
-459.526
-476.407
-492.752
-508.598
-523.983
-538.943
-553.517
-567.741
-581.654
-595.292
-608.692
-621.893
-634.932
-647.846
-660.672
-673.448
-686.211
-698.999
-711.849
-724.798
-737.884
-751.145
-764.617
-778.338
-792.346
-806.677
-821.37
-836.461
-851.989
-867.989
-884.501
-901.561
-919.206
-937.475
-956.404
-976.031
-996.393
-1017.53
-1039.47
-1062.26
-1085.94
-1110.54
-1136.1
-1162.66
-1190.25
-1218.91
-1248.68
-1279.6
-1311.7
-1345.02
-1379.61
-1415.48
-1452.7
-1491.28
-1531.27
-1572.71
-1615.63
-1663.09
-1720.28
-1786.85
-1862.3
-1946.16
-2037.94
-2137.15
-2243.31
-2355.95
-2474.56
-2598.68
-2727.81
-2861.48
-2647.2
-2412.75
-2165.83
-1914.1
-1665.26
-1426.98
-1206.96
-1012.87
-852.396
-733.221
-662.596
-613.423
-565.921
-520.051
-475.778
-433.065
-391.876
-352.174
-313.922
-277.085
-241.625
-207.507
-174.693
-143.148
-112.834
-83.7155
-55.7558
-28.9183
-3.16651
21.5359
45.2256
67.939
89.7125
110.583
130.586
149.759
168.138
185.76
202.661
218.877
234.446
249.403
263.785
277.629
290.971
303.847
316.295
328.35
340.049
351.428
362.524
373.374
384.014
394.48
404.81
415.038
425.203
435.34
445.485
455.677
465.95
476.341
486.887
497.625
508.59
519.82
531.35
543.218
555.46
568.112
581.21
594.792
608.894
623.551
638.802
654.681
671.227
688.474
706.461
725.222
744.795
765.216
786.522
808.749
831.933
856.112
881.321
907.597
934.976
963.496
993.192
1024.1
1056.26
1089.71
1124.47
1160.6
1198.12
1237.07
1277.7
1327.89
1391.22
1467.02
1554.61
1653.31
1762.44
1881.32
2009.28
2145.64
2289.72
2440.83
2598.31
2761.48
2929.65
3102.15
3278.3
3457.43
3638.85
3821.88
4005.86
4190.09
4373.91
4556.63
4737.58
4916.08
5091.44
5263
5430.07
5591.98
5748.05
5897.6
6039.94
6174.41
6300.33
6417.02
6523.79
6619.98
6704.89
6777.87
6838.22
6885.27
6918.34
6936.75
6950.21
6981.54
7012.31
7042.46
7072.01
7101.01
7129.37
7157.21
7184.45
7211.12
7237.28
7262.82
7287.85
7312.33
7336.26
7359.68
7382.53
7404.87
7426.72
7447.98
7468.75
7489.02
7508.74
7527.98
7546.7
7564.89
7582.61
7599.79
7616.47
7632.68
7648.34
7663.52
7678.22
7692.37
7706.05
7719.23
7731.88
7744.06
7755.73
7766.88
7777.55
7787.69
7797.32
7806.49
7815.08
7823.19
7830.81
7837.86
7844.43
7850.46
7855.95
7649.77
7435.04
7212.53
6983.02
6747.29
6506.11
6260.27
6010.55
5757.72
5502.56
5245.85
4988.38
4730.91
4474.23
4219.11
3966.34
3716.69
3470.94
3229.88
2994.27
2764.9
2542.55
2327.99
2122.01
1925.38
1738.88
1563.29
1399.39
1247.95
1109.77
985.605
876.246
782.47
705.054
644.778
602.41
569.049
536.398
504.447
473.188
442.611
412.707
383.465
354.876
326.931
299.62
272.934
246.863
221.398
196.528
172.245
148.54
125.401
102.821
80.7887
59.2956
38.3317
17.8877
-2.04603
-21.479
-40.4208
-58.8809
-76.8689
-94.3943
-111.467
-128.095
-144.29
-160.06
-175.415
-190.365
-204.919
-219.087
-232.877
-246.301
-259.367
-272.084
-284.463
-296.512
-308.242
-319.662
-330.781
-341.609
-352.156
-362.431
-372.443
-382.202
-391.718
-401
-410.058
-418.901
-427.539
-435.981
-444.236
-452.316
-460.227
-467.982
-475.588
-483.056
-490.395
-497.614
-504.723
-511.732
-518.65
-525.487
-532.252
-538.955
-545.604
-552.211
-558.784
-565.333
-571.867
-578.396
-584.929
-591.477
-598.048
-604.652
-611.299
-617.997
-624.758
-631.589
-638.501
-645.504
-652.606
-659.817
-667.147
-674.606
-682.202
-689.946
-697.847
-705.914
-714.158
-722.587
-731.211
-740.039
-749.082
-758.348
-767.848
-777.59
-787.584
-797.841
-808.368
-819.177
-830.276
-841.675
-853.383
-865.41
-877.766
-890.46
-903.501
-916.9
-930.665
-944.806
-959.333
-974.256
-989.583
-1005.32
-1021.49
-1038.09
-1055.13
-1072.62
-1090.58
-1109.01
-1127.91
-1147.31
-1167.21
-1187.62
-1208.55
-1230.01
-1252
-1274.54
-1297.64
-1321.31
-1345.55
-1370.38
-1395.8
-1421.83
-1448.48
-1475.74
-1503.65
-1532.19
-1561.39
-1592.25
-1631.8
-1681.03
-1739.47
-1806.67
-1882.16
-1965.49
-2056.2
-2153.83
-2257.92
-2368.01
-2483.64
-2604.36
-2729.7
-2859.2
-2992.41
-3128.86
-3268.11
-3409.68
-3553.12
-3697.97
-3843.77
-3990.07
-4136.4
-4282.3
-4427.32
-4570.99
-4712.86
-4852.47
-4989.35
-5123.06
-5253.13
-5379.1
-5500.51
-5616.9
-5727.82
-5832.8
-5931.39
-6023.13
-6107.56
-6184.21
-6252.64
-6312.37
-6362.96
-6403.94
-6434.85
-6455.24
-6464.64
-6481.76
-6505.83
-6529.43
-6552.47
-6575.06
-6597.14
-6618.73
-6639.86
-6660.48
-6680.63
-6700.34
-6719.52
-6738.26
-6756.55
-6774.34
-6791.7
-6808.58
-6825
-6840.98
-6856.48
-6871.53
-6886.16
-6900.29
-6913.98
-6927.24
-6940.01
-6952.35
-6964.25
-6975.66
-6986.65
-6997.17
-7007.23
-7016.86
-7026.01
-7034.7
-7042.96
-7050.72
-7058.04
-7064.91
-7071.27
-7077.19
-7082.64
-7087.59
-6880.68
-6663.91
-6438.3
-6204.88
-5964.68
-5718.72
-5468.03
-5213.63
-4956.56
-4697.83
-4438.47
-4179.52
-3921.99
-3666.91
-3415.31
-3168.21
-2926.64
-2691.63
-2464.2
-2245.38
-2036.19
-1837.67
-1650.83
-1476.7
-1316.31
-1170.69
-1040.86
-927.847
-832.677
-756.376
-699.971
-664.189
-636.181
-608.664
-581.635
-555.086
-529.014
-503.412
-478.276
-453.6
-429.379
-405.608
-382.281
-359.393
-336.939
-314.913
-293.31
-272.125
-251.352
-230.987
-211.023
-191.457
-172.281
-153.492
-135.083
-117.05
-99.3867
-82.0884
-65.1497
-48.5652
-32.3297
-16.4378
-0.884244
14.3362
29.229
43.7992
58.0523
71.9935
85.6282
98.9616
111.999
124.746
137.207
149.388
161.295
172.932
184.305
195.418
206.279
216.891
227.26
237.391
247.29
256.962
266.412
275.645
284.667
293.483
302.099
310.519
318.75
326.795
334.661
342.353
349.877
357.236
364.438
371.486
378.387
385.145
391.766
398.256
404.619
410.861
416.987
423.003
428.913
434.723
440.439
446.065
451.607
457.07
462.46
467.781
473.04
478.241
483.39
488.492
493.552
498.576
503.568
508.535
513.481
518.412
523.333
528.25
533.167
538.09
543.024
547.975
552.948
557.948
562.98
568.05
573.163
578.325
583.54
588.814
594.152
599.56
605.043
610.605
616.254
621.993
627.828
633.764
639.807
645.962
652.234
658.628
665.15
671.806
678.6
685.537
692.624
699.864
707.265
714.83
722.565
730.476
738.568
746.846
755.315
763.98
772.848
781.923
791.211
800.716
810.445
820.402
830.592
841.022
851.696
862.62
873.799
885.238
896.942
908.918
921.169
933.702
946.521
959.633
973.042
986.753
1000.77
1015.11
1029.76
1044.73
1060.04
1075.67
1091.65
1107.97
1124.65
1141.68
1159.07
1176.82
1194.95
1213.45
1232.34
1251.61
1271.28
1291.35
1311.81
1332.69
1353.98
1375.69
1397.82
1420.38
1443.4
1469.69
1501.2
1537.78
1579.3
1625.59
1676.51
1731.91
1791.65
1855.56
1923.52
1995.35
2070.93
2150.09
2232.7
2318.59
2407.63
2499.66
2594.53
2692.1
2792.22
2894.74
2999.51
3106.38
3215.2
3325.83
3438.11
3551.9
3667.04
3783.4
3571.79
3342.91
3100.78
2849.41
2592.8
2334.98
2079.95
1831.73
1594.33
1371.76
1168.03
987.152
833.145
710.018
621.782
572.284
540.27
508.824
477.942
447.615
417.839
388.608
359.914
331.751
304.115
276.998
250.394
224.297
198.701
173.6
148.988
124.858
101.204
78.02
55.3001
33.038
11.2274
-10.1378
-31.0638
-51.5567
-71.6227
-91.2681
-110.499
-129.321
-147.741
-165.766
-183.4
-200.651
-217.524
-234.025
-250.162
-265.94
-281.364
-296.442
-311.18
-325.583
-339.658
-353.411
-366.849
-379.976
-392.8
-405.327
-417.563
-429.514
-441.186
-452.585
-463.718
-474.59
-485.209
-495.579
-505.708
-515.601
-525.265
-534.705
-543.929
-552.941
-561.749
-570.358
-578.774
-587.005
-595.055
-602.932
-610.64
-618.187
-625.579
-632.822
-639.921
-646.884
-653.715
-660.423
-667.012
-673.489
-679.859
-686.13
-692.307
-698.397
-704.405
-710.338
-716.202
-722.004
-727.748
-733.442
-739.092
-744.704
-750.283
-755.837
-761.371
-766.892
-772.405
-777.917
-783.435
-788.963
-794.509
-800.078
-805.677
-811.312
-816.989
-822.715
-828.494
-834.334
-840.241
-846.221
-852.28
-858.424
-864.66
-870.993
-877.43
-883.977
-890.64
-897.425
-904.338
-911.387
-918.576
-925.912
-933.401
-941.049
-948.863
-956.848
-965.011
-973.359
-981.896
-990.63
-999.566
-1008.71
-1018.07
-1027.65
-1037.46
-1047.5
-1057.78
-1068.31
-1079.08
-1090.12
-1101.42
-1112.99
-1124.84
-1136.97
-1149.39
-1162.1
-1175.12
-1188.44
-1202.07
-1216.03
-1230.31
-1244.92
-1259.88
-1275.17
-1290.82
-1306.82
-1323.19
-1339.92
-1357.03
-1374.53
-1392.41
-1410.68
-1429.35
-1448.43
-1467.92
-1487.83
-1508.17
-1528.93
-1550.14
-1571.78
-1593.88
-1616.43
-1640.2
-1666.84
-1696.34
-1728.62
-1763.61
-1801.22
-1841.38
-1884.03
-1929.07
-1976.45
-2026.07
-2077.87
-2131.78
-2187.7
-2245.58
-2305.33
-2366.88
-2430.16
-2495.08
-2561.57
-2343.84
-2101.58
-1846.32
-1589.58
-1342.87
-1117.71
-925.631
-778.138
-686.753
-649.097
-617.276
-586.062
-555.447
-525.425
-495.989
-467.132
-438.846
-411.126
-383.964
-357.353
-331.288
-305.759
-280.762
-256.288
-232.332
-208.886
-185.943
-163.497
-141.54
-120.067
-99.0688
-78.54
-58.4734
-38.8622
-19.6993
-0.978144
17.3083
35.1669
52.6045
69.6279
86.2441
102.46
118.282
133.717
148.773
163.456
177.772
191.73
205.335
218.594
231.515
244.104
256.368
268.315
279.95
291.28
302.313
313.056
323.515
333.697
343.609
353.257
362.65
371.793
380.694
389.359
397.795
406.009
414.008
421.799
429.388
436.783
443.991
451.017
457.87
464.556
471.081
477.453
483.679
489.765
495.718
501.546
507.254
512.851
518.342
523.735
529.036
534.253
539.391
544.459
549.463
554.409
559.306
564.158
568.974
573.761
578.524
583.271
588.009
592.745
597.486
602.238
607.008
611.803
616.631
621.497
626.409
631.373
636.397
641.488
646.651
651.895
657.226
662.65
668.175
673.807
679.554
685.423
691.419
697.55
703.823
710.245
716.823
723.562
730.471
737.557
744.825
752.283
759.938
767.797
775.866
784.152
792.663
801.405
810.384
819.609
829.085
838.819
848.819
859.092
869.643
880.481
891.611
903.041
914.777
926.827
939.198
951.895
964.927
978.299
992.019
1006.09
1020.53
1035.33
1050.51
1066.08
1082.03
1098.37
1115.12
1132.28
1149.86
1167.86
1186.29
1205.15
1224.46
1244.22
1264.44
1285.12
1306.27
1327.91
1350.02
1372.63
1395.74
1419.35
1443.49
1470.91
1503.48
1541.08
1583.54
1630.73
1682.49
1738.68
1799.15
1863.75
1932.33
2004.75
2080.87
2160.52
2243.57
2329.87
2419.26
2511.61
2606.76
2704.57
2804.89
2907.57
3012.47
3119.43
3228.32
3338.97
3451.25
3565.01
3680.09
3796.36
3584.77
3355.93
3113.8
2862.36
2605.58
2347.42
2091.87
1842.88
1604.44
1380.51
1175.06
992.069
835.499
709.325
617.517
564.047
532.825
502.18
472.08
442.518
413.488
384.984
357.001
329.532
302.572
276.115
250.154
224.685
199.7
175.195
151.163
127.598
104.494
81.846
59.6473
37.8924
16.5751
-4.31036
-24.7699
-44.8095
-64.4349
-83.6523
-102.467
-120.886
-138.914
-156.558
-173.823
-190.715
-207.241
-223.406
-239.215
-254.676
-269.793
-284.574
-299.023
-313.146
-326.95
-340.44
-353.623
-366.504
-379.089
-391.383
-403.394
-415.127
-426.588
-437.782
-448.715
-459.395
-469.825
-480.013
-489.964
-499.685
-509.18
-518.456
-527.519
-536.375
-545.03
-553.489
-561.758
-569.844
-577.753
-585.489
-593.06
-600.471
-607.728
-614.836
-621.803
-628.633
-635.332
-641.907
-648.364
-654.708
-660.945
-667.081
-673.123
-679.075
-684.944
-690.736
-696.457
-702.112
-707.708
-713.25
-718.744
-724.197
-729.614
-735.001
-740.364
-745.709
-751.041
-756.368
-761.694
-767.025
-772.368
-777.728
-783.112
-788.525
-793.972
-799.461
-804.997
-810.585
-816.232
-821.944
-827.727
-833.585
-839.526
-845.556
-851.679
-857.903
-864.233
-870.674
-877.234
-883.917
-890.729
-897.678
-904.767
-912.005
-919.395
-926.944
-934.659
-942.545
-950.607
-958.853
-967.287
-975.916
-984.745
-993.781
-1003.03
-1012.5
-1022.19
-1032.11
-1042.26
-1052.66
-1063.31
-1074.21
-1085.37
-1096.79
-1108.49
-1120.47
-1132.72
-1145.27
-1158.11
-1171.25
-1184.7
-1198.47
-1212.55
-1226.95
-1241.69
-1256.76
-1272.18
-1287.94
-1304.06
-1320.54
-1337.38
-1354.6
-1372.2
-1390.17
-1408.54
-1427.3
-1446.47
-1466.04
-1486.03
-1506.43
-1527.26
-1548.52
-1570.22
-1592.73
-1617.8
-1645.58
-1676
-1708.99
-1744.48
-1782.41
-1822.7
-1865.27
-1910.07
-1957.02
-2006.05
-2057.09
-2110.07
-2164.91
-2221.56
-2279.94
-2339.97
-2401.59
-2182.56
-1937.9
-1681.37
-1426.69
-1187.63
-977.921
-811.314
-701.552
-655.756
-623.829
-592.507
-561.784
-531.653
-502.108
-473.141
-444.745
-416.914
-389.641
-362.919
-336.741
-311.101
-285.992
-261.407
-237.339
-213.781
-190.727
-168.169
-146.101
-124.517
-103.409
-82.7699
-62.594
-42.874
-23.6031
-4.77446
13.6186
31.583
49.1255
66.2528
82.9719
99.2894
115.212
130.747
145.901
160.681
175.093
189.144
202.842
216.192
229.202
241.879
254.229
266.259
277.976
289.387
300.498
311.317
321.85
332.104
342.085
351.801
361.258
370.464
379.424
388.147
396.637
404.904
412.952
420.789
428.422
435.858
443.103
450.164
457.048
463.762
470.312
476.706
482.95
489.051
495.016
500.852
506.564
512.161
517.649
523.035
528.326
533.527
538.647
543.692
548.669
553.585
558.445
563.258
568.031
572.768
577.479
582.169
586.845
591.514
596.183
600.859
605.548
610.257
614.994
619.764
624.575
629.433
634.346
639.32
644.361
649.477
654.675
659.961
665.342
670.825
676.416
682.123
687.952
693.91
700.005
706.242
712.628
719.171
725.876
732.752
739.804
747.04
754.466
762.089
769.916
777.954
786.209
794.689
803.4
812.348
821.542
830.987
840.69
850.658
860.898
871.417
882.222
893.318
904.714
916.416
928.431
940.765
953.426
966.419
979.753
993.433
1007.47
1021.86
1036.62
1051.76
1067.27
1083.18
1099.48
1116.18
1133.28
1150.8
1168.75
1187.12
1205.93
1225.18
1244.87
1265.03
1285.64
1306.73
1328.29
1350.33
1372.87
1395.9
1419.43
1443.49
1470.82
1503.32
1540.84
1583.24
1630.36
1682.06
1738.19
1798.6
1863.16
1931.69
2004.08
2080.15
2159.77
2242.78
2329.05
2418.42
2510.75
2605.88
2703.67
2803.98
2906.65
3011.53
3118.49
3227.37
3338.02
3450.3
3564.06
3679.15
3795.42
3912.73
4030.93
4149.87
4269.4
4389.38
4509.66
4630.09
4750.52
4870.81
4990.8
5110.36
5229.33
5347.56
5464.91
5581.23
5696.37
5810.19
5922.54
6033.26
6142.22
6249.26
6354.23
6457
6557.41
6655.31
6750.56
6843
6932.5
7018.9
7102.06
7181.82
7258.05
7330.59
7399.29
7464.01
7524.61
7580.92
7632.81
7680.13
7722.73
7760.46
7793.17
7820.72
7842.96
7859.75
7870.92
7876.35
7875.47
7872.51
7869.01
7864.83
7860.12
7854.78
7848.89
7842.4
7835.35
7827.74
7819.57
7810.85
7801.57
7791.77
7781.41
7770.53
7759.13
7747.19
7734.76
7721.79
7708.34
7694.35
7679.89
7664.93
7649.47
7633.55
7617.12
7600.22
7582.87
7565.03
7546.73
7527.97
7508.77
7489.11
7468.99
7448.43
7427.45
7406.03
7384.19
7361.92
7339.24
7316.15
7292.65
7268.76
7244.49
7037.56
6820.72
6594.94
6361.21
6120.5
5873.8
5622.08
5366.33
5107.54
4846.67
4584.72
4322.66
4061.48
3802.15
3545.66
3292.98
3045.11
2803.01
2567.68
2340.09
2121.23
1912.06
1713.59
1526.78
1352.62
1192.09
1046.18
915.85
802.097
705.898
628.235
570.089
532.441
511.323
491.595
472.119
452.892
433.913
415.18
396.691
378.443
360.436
342.667
325.135
307.836
290.77
273.935
257.329
240.949
224.794
208.862
193.151
177.659
162.384
147.325
132.479
117.845
103.42
89.2035
75.1923
61.3851
47.7799
34.3747
21.1678
8.15712
-4.65915
-17.2829
-29.7162
-41.9607
-54.0185
-65.8914
-77.5814
-89.0903
-100.42
-111.573
-122.55
-133.354
-143.986
-154.448
-164.743
-174.872
-184.838
-194.641
-204.284
-213.769
-223.097
-232.272
-241.293
-250.164
-258.887
-267.463
-275.894
-284.181
-292.328
-300.336
-308.206
-315.942
-323.543
-331.013
-338.354
-345.567
-352.654
-359.617
-366.458
-373.179
-379.782
-386.268
-392.64
-398.9
-405.049
-411.089
-417.023
-422.852
-428.577
-434.202
-439.728
-445.156
-450.489
-455.728
-460.876
-465.935
-470.906
-475.79
-480.591
-485.31
-489.949
-494.51
-498.994
-503.404
-507.741
-512.008
-516.207
-520.338
-524.405
-528.408
-532.351
-536.234
-540.06
-543.831
-547.548
-551.214
-554.83
-558.399
-561.922
-565.4
-568.837
-572.234
-575.592
-578.914
-582.202
-585.457
-588.682
-591.878
-595.047
-598.192
-601.313
-604.413
-607.495
-610.558
-613.607
-616.642
-619.666
-622.68
-625.686
-628.686
-631.683
-634.678
-637.672
-640.668
-643.668
-646.674
-649.687
-652.709
-655.743
-658.79
-661.852
-664.931
-668.029
-671.148
-674.29
-677.456
-680.649
-683.87
-687.122
-690.406
-693.724
-697.078
-700.471
-703.903
-707.377
-710.894
-714.457
-718.068
-721.728
-725.44
-729.204
-733.024
-736.901
-740.837
-744.833
-748.893
-753.017
-757.207
-761.466
-765.796
-770.198
-774.673
-779.225
-783.855
-788.565
-793.357
-798.232
-803.193
-808.241
-813.379
-818.608
-823.93
-829.348
-834.862
-840.476
-846.19
-852.007
-857.929
-863.957
-870.094
-876.341
-882.7
-889.174
-895.763
-902.471
-909.298
-916.247
-923.32
-930.519
-937.845
-945.3
-952.887
-960.607
-968.462
-976.454
-984.585
-992.857
-1001.27
-1009.83
-1018.54
-1027.39
-1036.4
-1045.55
-1054.86
-1064.33
-1073.96
-1083.74
-1093.69
-1103.8
-1114.07
-1124.52
-1135.13
-1145.92
-1156.87
-1168.01
-1179.32
-1190.8
-1202.47
-1214.33
-1226.36
-1238.59
-1251
-1263.6
-1276.39
-1289.38
-1302.57
-1315.95
-1329.53
-1343.32
-1357.31
-1371.5
-1385.9
-1400.51
-1415.33
-1430.37
-1445.62
-1461.79
-1480.4
-1501.45
-1524.87
-1550.62
-1578.63
-1608.83
-1641.18
-1675.61
-1712.07
-1750.48
-1790.81
-1832.97
-1876.93
-1922.61
-1969.95
-2018.91
-2069.41
-2121.41
-2174.83
-2229.62
-2285.73
-2343.09
-2401.64
-2461.33
-2522.09
-2583.87
-2646.6
-2710.23
-2774.7
-2839.95
-2905.91
-2972.54
-3039.76
-3107.53
-3175.78
-3244.45
-3313.49
-3382.83
-3452.41
-3522.18
-3592.08
-3662.04
-3732.01
-3801.94
-3871.75
-3941.39
-4010.8
-4079.92
-4148.7
-4217.06
-4284.97
-4352.34
-4419.14
-4485.28
-4550.73
-4615.41
-4679.27
-4742.25
-4804.29
-4865.33
-4925.31
-4984.17
-5041.86
-5098.31
-5153.46
-5207.26
-5259.64
-5310.55
-5359.93
-5407.71
-5453.85
-5498.27
-5540.92
-5581.75
-5620.68
-5657.67
-5692.65
-5725.56
-5756.35
-5784.95
-5811.31
-5835.36
-5857.06
-5876.33
-5893.12
-5907.37
-5919.02
-5928.01
-5934.28
-5937.77
-5934.73
-5920.36
-5905.65
-5890.58
-5875.16
-5859.38
-5843.25
-5826.79
-5809.99
-5792.85
-5775.39
-5757.59
-5739.48
-5721.04
-5702.3
-5683.26
-5474.67
-5253.32
-5020.9
-4779.11
-4529.65
-4274.23
-4014.54
-3752.28
-3489.16
-3226.86
-2967.1
-2711.57
-2461.97
-2220.01
-1987.37
-1765.77
-1556.89
-1362.45
-1184.14
-1023.66
-882.706
-762.985
-666.193
-594.032
-548.2
-527.216
-510.447
-493.877
-477.505
-461.329
-445.348
-429.561
-413.966
-398.561
-383.346
-368.319
-353.478
-338.823
-324.352
-310.064
-295.956
-282.029
-268.28
-254.708
-241.312
-228.09
-215.041
-202.164
-189.458
-176.92
-164.549
-152.345
-140.306
-128.43
-116.716
-105.163
-93.7697
-82.534
-71.455
-60.5312
-49.7613
-39.1439
-28.6777
-18.3613
-8.19327
1.82766
11.7029
21.4338
31.0217
40.4681
49.7742
58.9415
67.9712
76.8649
85.6237
94.2492
102.743
111.105
119.339
127.444
135.423
143.277
151.007
158.615
166.101
173.467
180.716
187.847
194.863
201.764
208.552
215.229
221.796
228.254
234.604
240.849
246.989
253.025
258.959
264.793
270.528
276.164
281.704
287.149
292.501
297.759
302.927
308.005
312.995
317.898
322.715
327.448
332.098
336.667
341.156
345.566
349.898
354.154
358.336
362.445
366.481
370.447
374.344
378.173
381.936
385.633
389.267
392.839
396.349
399.8
403.193
406.528
409.808
413.034
416.208
419.329
422.401
425.424
428.4
431.33
434.215
437.057
439.857
442.616
445.337
448.02
450.666
453.277
455.855
458.4
460.914
463.399
465.856
468.286
470.69
473.07
475.428
477.764
480.08
482.378
484.658
486.922
489.172
491.409
493.633
495.848
498.053
500.251
502.442
504.628
506.811
508.992
511.171
513.351
515.533
517.718
519.908
522.104
524.307
526.519
528.74
530.974
533.22
535.48
537.756
540.048
542.359
544.689
547.041
549.415
551.812
554.235
556.684
559.161
561.667
564.204
566.772
569.374
572.01
574.683
577.393
580.141
582.93
585.76
588.633
591.551
594.513
597.523
600.581
603.689
606.848
610.059
613.324
616.645
620.021
623.456
626.95
630.504
634.12
637.8
641.545
645.355
649.233
653.18
657.197
661.285
665.447
669.682
673.994
678.382
682.848
687.395
692.022
696.732
701.526
706.405
711.371
716.424
721.567
726.801
732.126
737.545
743.059
748.668
754.376
760.182
766.088
772.096
778.207
784.423
790.744
797.172
803.708
810.354
817.112
823.982
830.966
838.065
845.28
852.614
860.067
867.641
875.337
883.156
891.1
899.171
907.369
915.695
924.153
932.741
941.463
950.319
959.311
968.44
977.708
987.115
996.664
1006.36
1016.19
1026.17
1036.3
1046.57
1057
1067.57
1078.3
1089.18
1100.22
1111.41
1122.76
1134.27
1145.94
1157.77
1169.76
1181.92
1194.24
1206.74
1219.4
1232.23
1246.25
1262.53
1281.03
1301.68
1324.46
1349.32
1376.21
1405.09
1435.92
1468.64
1503.22
1539.62
1577.78
1617.66
1659.23
1702.42
1747.21
1793.55
1841.39
1890.68
1941.39
1993.46
2046.87
2101.55
2157.46
2214.57
2272.83
2332.19
2392.61
2454.05
2516.45
2579.78
2643.99
2709.04
2774.88
2841.48
2908.77
2976.73
3045.3
3114.45
3184.12
2969.91
2734.48
2483.7
2223.45
1959.59
1697.99
1444.54
1205.09
985.528
791.721
629.54
504.859
423.55
390.806
376.796
362.952
349.271
335.752
322.396
309.2
296.164
283.285
270.564
258
245.59
233.333
221.23
209.278
197.476
185.824
174.32
162.963
151.752
140.686
129.763
118.983
108.344
97.8457
87.4865
77.2653
67.181
57.2326
47.4188
37.7385
28.1906
18.7741
9.48768
0.330311
-8.69915
-17.6018
-26.3788
-35.0313
-43.5604
-51.9672
-60.2528
-68.4184
-76.4651
-84.3941
-92.2063
-99.9031
-107.485
-114.954
-122.311
-129.557
-136.693
-143.721
-150.64
-157.453
-164.161
-170.764
-177.264
-183.663
-189.96
-196.158
-202.256
-208.258
-214.163
-219.973
-225.688
-231.311
-236.842
-242.282
-247.632
-252.894
-258.068
-263.156
-268.159
-273.078
-277.914
-282.669
-287.343
-291.937
-296.453
-300.891
-305.254
-309.541
-313.755
-317.896
-321.965
-325.964
-329.893
-333.754
-337.548
-341.276
-344.94
-348.539
-352.076
-355.551
-358.966
-362.322
-365.619
-368.86
-372.045
-375.175
-378.251
-381.275
-384.247
-387.17
-390.043
-392.868
-395.646
-398.379
-401.067
-403.712
-406.314
-408.875
-411.396
-413.877
-416.321
-418.729
-421.1
-423.438
-425.741
-428.013
-430.254
-432.464
-434.646
-436.8
-438.927
-441.029
-443.107
-445.161
-447.193
-449.205
-451.196
-453.169
-455.124
-457.063
-458.986
-460.895
-462.792
-464.676
-466.549
-468.413
-470.268
-472.115
-473.956
-475.792
-477.624
-479.453
-481.28
-483.107
-484.934
-486.762
-488.593
-490.428
-492.268
-494.114
-495.967
-497.828
-499.699
-501.58
-503.473
-505.379
-507.299
-509.233
-511.184
-513.153
-515.139
-517.146
-519.173
-521.222
-523.293
-525.389
-527.51
-529.657
-531.832
-534.035
-536.268
-538.532
-540.828
-543.157
-545.52
-547.918
-550.353
-552.825
-555.336
-557.887
-560.479
-563.113
-565.79
-568.511
-571.278
-574.092
-576.953
-579.863
-582.823
-585.834
-588.897
-592.014
-595.185
-598.411
-601.695
-605.036
-608.436
-611.896
-615.418
-619.001
-622.649
-626.36
-630.138
-633.982
-637.895
-641.876
-645.928
-650.051
-654.246
-658.515
-662.859
-667.279
-671.775
-676.35
-681.004
-685.738
-690.554
-695.452
-700.434
-705.501
-710.654
-715.894
-721.222
-726.64
-732.148
-737.748
-743.44
-749.226
-755.108
-761.085
-767.16
-773.332
-779.605
-785.978
-792.453
-799.03
-805.712
-812.499
-819.392
-826.392
-833.501
-840.72
-848.049
-855.49
-863.044
-870.712
-878.496
-886.396
-894.413
-902.549
-910.805
-919.181
-927.68
-936.302
-945.048
-953.919
-963.122
-973.01
-983.581
-994.823
-1006.72
-1019.27
-1032.46
-1046.27
-1060.69
-1075.72
-1091.33
-1107.53
-1124.3
-1141.62
-1159.49
-1177.89
-937.127
-689.651
-542.773
-519.057
-499.493
-480.188
-461.138
-442.344
-423.801
-405.509
-387.466
-369.669
-352.117
-334.808
-317.739
-300.909
-284.317
-267.959
-251.834
-235.941
-220.277
-204.84
-189.629
-174.641
-159.874
-145.327
-130.998
-116.884
-102.984
-89.2966
-75.8185
-62.5485
-49.4846
-36.6247
-23.9671
-11.5097
0.749338
12.812
24.6801
36.3558
47.8408
59.1371
70.2467
81.1715
91.9134
102.474
112.856
123.061
133.091
142.947
152.632
162.148
171.496
180.679
189.699
198.556
207.254
215.794
224.179
232.409
240.487
248.416
256.196
263.83
271.32
278.667
285.875
292.943
299.875
306.673
313.338
319.872
326.277
332.555
338.709
344.739
350.649
356.439
362.112
367.669
373.114
378.447
383.67
388.786
393.796
398.703
403.508
408.213
412.82
417.331
421.748
426.073
430.307
434.454
438.514
442.49
446.383
450.196
453.93
457.588
461.17
464.68
468.12
471.49
474.793
478.031
481.206
484.32
487.374
490.372
493.313
496.202
499.038
501.825
504.565
507.259
509.908
512.516
515.084
517.614
520.108
522.568
524.995
527.392
529.761
532.103
534.421
536.716
538.991
541.246
543.485
545.71
547.921
550.121
552.312
554.496
556.675
558.851
561.025
563.2
565.377
567.559
569.747
571.944
574.15
576.369
578.602
580.852
583.119
585.406
587.714
590.047
592.405
594.791
597.207
599.654
602.134
604.65
607.203
609.795
612.429
615.105
617.827
620.595
623.412
626.281
629.202
632.177
635.209
638.3
641.451
644.665
647.943
651.287
654.699
658.181
661.736
665.364
669.069
672.851
676.713
680.657
684.684
688.797
692.998
697.288
701.669
706.143
710.713
715.38
720.146
725.013
729.983
735.058
740.24
745.53
750.931
756.445
762.073
767.818
773.681
779.665
785.771
792
798.357
804.841
811.455
818.201
825.081
832.097
839.25
846.543
853.978
861.556
869.28
877.151
885.171
893.342
901.667
910.147
918.784
927.58
936.536
945.656
954.94
964.391
974.011
983.801
993.763
1003.9
1014.21
1024.71
1035.38
1046.23
1057.27
1068.49
1079.91
1091.51
1103.3
1115.29
1127.47
1139.85
1152.43
1165.21
1178.2
1191.39
1204.79
1218.39
1232.21
1247.23
1264.47
1283.88
1305.42
1329.05
1354.72
1382.39
1412.02
1443.55
1476.96
1512.19
1549.2
1587.95
1628.39
1670.48
1714.18
1759.44
1806.21
1854.46
1904.14
1955.21
2007.62
2061.32
2116.29
2172.46
2229.8
2288.27
2347.81
2408.39
2469.96
2532.49
2595.91
2660.2
2725.31
2791.19
2857.79
2925.09
2993.02
3061.56
3130.65
3200.25
2986.11
2750.82
2500.17
2239.93
1975.87
1713.79
1459.45
1218.65
997.147
800.736
635.191
506.291
419.818
381.535
368.168
354.958
341.902
329
316.251
303.655
291.208
278.912
266.765
254.765
242.912
231.204
219.641
208.221
196.944
185.808
174.812
163.956
153.238
142.656
132.211
121.901
111.725
101.682
91.7709
81.9904
72.3397
62.8177
53.4233
44.1555
35.0132
25.9954
17.1011
8.32905
-0.321649
-8.85209
-17.2633
-25.5564
-33.7324
-41.7924
-49.7373
-57.5684
-65.2865
-72.8928
-80.3884
-87.7743
-95.0515
-102.221
-109.284
-116.242
-123.095
-129.844
-136.492
-143.038
-149.484
-155.831
-162.079
-168.231
-174.286
-180.247
-186.114
-191.887
-197.569
-203.161
-208.662
-214.075
-219.401
-224.64
-229.793
-234.862
-239.848
-244.752
-249.574
-254.316
-258.979
-263.563
-268.071
-272.503
-276.86
-281.143
-285.353
-289.492
-293.559
-297.557
-301.487
-305.349
-309.145
-312.875
-316.54
-320.143
-323.683
-327.162
-330.581
-333.94
-337.242
-340.487
-343.675
-346.809
-349.889
-352.916
-355.892
-358.817
-361.692
-364.519
-367.298
-370.031
-372.718
-375.361
-377.961
-380.518
-383.035
-385.511
-387.948
-390.347
-392.71
-395.036
-397.327
-399.585
-401.81
-404.003
-406.166
-408.299
-410.404
-412.481
-414.531
-416.557
-418.558
-420.535
-422.491
-424.425
-426.34
-428.235
-430.112
-431.973
-433.817
-435.647
-437.463
-439.267
-441.058
-442.839
-444.611
-446.374
-448.129
-449.879
-451.623
-453.362
-455.099
-456.833
-458.566
-460.299
-462.034
-463.77
-465.509
-467.253
-469.001
-470.756
-472.519
-474.289
-476.07
-477.86
-479.663
-481.477
-483.306
-485.149
-487.008
-488.884
-490.778
-492.69
-494.623
-496.576
-498.552
-500.551
-502.574
-504.623
-506.697
-508.799
-510.93
-513.09
-515.28
-517.502
-519.757
-522.045
-524.368
-526.727
-529.123
-531.557
-534.03
-536.542
-539.096
-541.692
-544.331
-547.015
-549.743
-552.518
-555.341
-558.212
-561.132
-564.103
-567.126
-570.201
-573.33
-576.514
-579.753
-583.05
-586.404
-589.818
-593.291
-596.826
-600.423
-604.083
-607.807
-611.597
-615.453
-619.376
-623.368
-627.43
-631.562
-635.765
-640.042
-644.392
-648.817
-653.318
-657.896
-662.552
-667.287
-672.102
-676.998
-681.976
-687.038
-692.184
-697.415
-702.733
-708.138
-713.631
-719.215
-724.889
-730.654
-736.513
-742.465
-748.512
-754.655
-760.895
-767.233
-773.67
-780.207
-786.845
-793.585
-800.429
-807.377
-814.431
-821.591
-828.859
-836.235
-843.72
-851.317
-859.025
-866.846
-874.781
-882.83
-890.996
-899.278
-907.679
-916.394
-925.742
-935.717
-946.308
-957.505
-969.299
-981.679
-994.633
-1008.15
-1022.23
-1036.85
-1052
-1067.68
-1083.87
-839.993
-609.788
-529.605
-509.905
-490.463
-471.279
-452.349
-433.672
-415.247
-397.071
-379.143
-361.459
-344.02
-326.821
-309.863
-293.142
-276.657
-260.406
-244.387
-228.597
-213.036
-197.701
-182.591
-167.702
-153.035
-138.585
-124.352
-110.334
-96.5283
-82.9335
-69.5476
-56.3685
-43.3945
-30.6236
-18.0538
-5.68323
6.49003
18.4679
30.2523
41.8452
53.2485
64.4641
75.4939
86.34
97.0041
107.488
117.794
127.924
137.88
147.663
157.276
166.721
175.999
185.113
194.064
202.854
211.485
219.96
228.279
236.446
244.461
252.327
260.046
267.619
275.05
282.338
289.487
296.499
303.374
310.116
316.726
323.207
329.559
335.785
341.886
347.866
353.725
359.466
365.091
370.6
375.998
381.284
386.462
391.533
396.499
401.362
406.124
410.787
415.352
419.822
424.199
428.485
432.681
436.789
440.812
444.751
448.608
452.385
456.084
459.707
463.256
466.733
470.139
473.477
476.749
479.956
483.101
486.185
489.21
492.179
495.092
497.953
500.762
503.523
506.236
508.904
511.529
514.112
516.656
519.162
521.633
524.07
526.475
528.85
531.197
533.519
535.816
538.091
540.346
542.582
544.802
547.008
549.201
551.383
553.557
555.724
557.886
560.046
562.204
564.363
566.525
568.692
570.865
573.048
575.24
