195.612
391.225
586.828
780.098
966.308
1144.14
1313.64
1475.39
1629.99
1778.02
1576.14
1367.09
1158.88
959.546
777.114
618.887
479.368
353.001
236.726
127.482
22.2087
-82.1533
-188.665
-300.386
-420.377
-551.698
-699.074
-887.644
-1114.5
-1366.03
-1158.34
-945.253
-754.876
-610.633
-491.143
-386.433
-293.515
-209.405
-131.114
-55.6582
19.9502
98.6977
183.57
277.555
383.638
505.074
666.247
872.614
1111.53
1370.36
1163.88
952.394
760.991
611.035
484.306
371.562
270.195
177.598
91.1648
8.2869
-73.6423
-157.23
-245.083
-339.809
-444.015
-560.308
-692.934
-870.151
-1090.43
-1339.39
-1131.3
-918.695
-732.282
-593.719
-477.002
-374.681
-283.813
-201.457
-124.668
-50.5058
23.9738
101.713
185.654
278.74
383.913
504.357
664.48
870.13
1108.64
1367.33
1160.81
949.359
758.325
608.979
482.554
370.078
268.945
176.554
90.2996
7.57922
-74.2108
-157.674
-245.414
-340.034
-444.138
-560.329
-692.844
-869.957
-1090.17
-1339.1
-1131
-918.407
-732.041
-593.537
-476.85
-374.555
-283.709
-201.371
-124.598
-50.4494
24.0185
101.747
185.679
278.756
383.92
504.356
664.471
870.116
1108.62
1367.31
1160.79
949.343
758.311
608.968
482.545
370.07
268.939
176.548
90.295
7.57545
-74.2139
-157.677
-245.416
-340.036
-444.139
-560.33
-692.845
-869.957
-1090.17
-1339.1
-1131
-918.407
-732.04
-593.537
-476.85
-374.555
-283.709
-201.371
-124.598
-50.4494
24.0184
101.747
185.679
278.756
383.92
504.355
664.471
870.116
1108.62
1367.31
1160.79
949.343
758.311
608.968
482.545
370.07
268.939
176.548
90.2948
7.57524
-74.2141
-157.677
-245.416
-340.036
-444.139
-560.33
-692.845
-869.957
-1090.17
-1339.1
-1131
-918.408
-732.041
-593.538
-476.85
-374.555
-283.709
-201.371
-124.599
-50.4496
24.0183
101.747
185.679
278.756
383.92
504.355
664.471
870.115
1108.62
1367.31
1160.79
949.342
758.31
608.968
482.545
370.069
268.938
176.548
90.2946
7.57504
-74.2143
-157.677
-245.416
-340.036
-444.14
-560.33
-692.845
-869.958
-1090.17
-1339.11
-1131
-918.408
-732.041
-593.538
-476.851
-374.555
-283.709
-201.371
-124.599
-50.4498
24.0181
101.747
185.679
278.756
383.92
504.355
664.47
870.115
1108.62
1367.31
1633.52
1894.57
2137.8
2350.53
2149.44
1940.26
1727.34
1514.97
1307.49
1109.21
924.453
757.543
612.079
483.169
366.825
260.377
161.153
66.4832
-26.3024
-119.874
-216.903
-320.06
-432.013
-555.435
-694.553
-876.389
-1099.26
-1349.15
-1612.06
-1873.99
-2120.92
-2338.86
-2137.1
-1926.29
-1711.34
-1497.12
-1288.51
-1090.42
-907.72
-745.301
-606.899
-486.117
-378.548
-281.103
-190.691
-104.22
-18.6008
69.2587
162.449
264.06
377.184
505.139
671.127
880.391
1120.62
1379.49
1644.68
1440.48
1227.68
1019.18
827.842
666.566
532.815
413.647
306.414
208.469
117.164
29.8523
-56.114
-143.382
-234.6
-332.415
-439.474
-558.426
-693.517
-872.486
-1093.74
-1343.05
-1606.19
-1400.62
-1185.6
-976.844
-790.054
-640.312
-517.215
-409.132
-313.069
-226.035
-145.035
-67.0784
10.8286
91.6787
178.464
274.179
381.814
504.601
666.559
873.339
1112.38
1371.13
1637.02
1432.74
1219.86
1011.53
820.883
661.026
528.085
409.631
303.027
205.632
114.809
27.9186
-57.6777
-144.619
-235.543
-333.09
-439.897
-558.604
-693.453
-872.245
-1093.4
-1342.68
-1605.83
-1400.25
-1185.23
-976.485
-789.737
-640.069
-517.012
-408.963
-312.929
-225.92
-144.942
-67.003
10.8883
91.7245
178.498
274.2
381.824
504.599
666.547
873.322
1112.36
1371.11
1637
1432.72
1219.84
1011.51
820.866
661.012
528.073
409.621
303.018
205.625
114.803
27.9137
-57.6817
-144.622
-235.546
-333.091
-439.898
-558.604
-693.453
-872.245
-1093.4
-1342.68
-1605.83
-1400.25
-1185.23
-976.485
-789.737
-640.069
-517.012
-408.963
-312.929
-225.92
-144.942
-67.0031
10.8882
91.7244
178.498
274.2
381.824
504.599
666.547
873.322
1112.36
1371.11
1637
1432.72
1219.84
1011.51
820.866
661.012
528.073
409.621
303.018
205.625
114.803
27.9137
-57.6818
-144.622
-235.546
-333.092
-439.898
-558.604
-693.453
-872.245
-1093.4
-1342.68
-1605.83
-1400.25
-1185.23
-976.485
-789.737
-640.069
-517.012
-408.963
-312.929
-225.92
-144.942
-67.0032
10.8882
91.7244
178.498
274.2
381.824
504.599
666.547
873.322
1112.36
1371.11
1637
1432.72
1219.84
1011.51
820.866
661.012
528.073
409.621
303.018
205.625
114.803
27.9137
-57.6818
-144.622
-235.546
-333.092
-439.898
-558.604
-693.453
-872.245
-1093.4
-1342.68
-1605.83
-1400.25
-1185.23
-976.485
-789.737
-640.069
-517.012
-408.963
-312.929
-225.92
-144.942
-67.0032
10.8881
91.7244
178.498
274.2
381.824
504.599
666.547
873.322
1112.36
1371.11
1637
1432.72
1219.84
1011.51
820.866
661.012
528.073
409.621
303.018
205.625
114.803
27.9136
-57.6818
-144.622
-235.546
-333.092
-439.898
-558.604
-693.453
-872.245
-1093.4
-1342.68
-1605.83
-1400.25
-1185.23
-976.485
-789.737
-640.069
-517.012
-408.963
-312.929
-225.92
-144.942
-67.0032
10.8881
91.7244
178.498
274.2
381.824
504.599
666.547
873.322
1112.36
1371.11
1637
1897.48
2139.98
2351.95
2520.82
2634.03
2679.03
2781.03
2888.7
2687.57
2477.53
2261.77
2043.49
1825.9
1612.18
1405.54
1209.18
1026.29
860.067
713.711
588.245
476.735
376.55
285.638
201.948
123.426
48.0221
-26.3173
-101.644
-180.009
-263.466
-354.066
-453.861
-564.904
-691.049
-863.191
-1080.61
-1328.54
-1592.22
-1856.9
-2107.81
-2330.2
-2509.3
-2630.35
-2678.6
-2781.04
-2888.7
-2686.82
-2474.81
-2256.31
-2034.95
-1814.37
-1598.19
-1390.05
-1193.59
-1012.42
-850.201
-710.547
-594.202
-491.93
-400.944
-319.258
-244.883
-175.832
-110.117
-45.7519
19.2518
86.8812
159.124
237.967
325.398
423.405
534.006
680.259
873.22
1101.63
1354.21
1619.72
1886.88
2144.43
1941.68
1729
1512.93
1300.01
1096.77
909.744
745.477
608.639
488.657
380.944
283.387
193.873
110.288
30.5195
-47.5471
-126.025
-207.027
-292.667
-385.058
-486.314
-598.549
-724.263
-888.749
-1097.29
-1337.4
-1596.55
-1862.26
-2122.01
-1918.35
-1703.59
-1485.23
-1270.77
-1067.7
-883.513
-725.711
-598.242
-487.64
-389.642
-301.879
-221.981
-147.578
-76.3006
-5.77881
66.357
142.477
224.95
316.147
418.437
534.218
685.211
881.266
1111.35
1364.44
1629.51
1895.52
2151.45
1948.74
1736.15
1520.13
1307.15
1103.65
916.099
750.956
613.134
492.52
384.25
286.204
196.262
112.303
32.2084
-46.1435
-124.872
-206.099
-291.943
-384.525
-485.965
-598.384
-724.289
-888.928
-1097.57
-1337.71
-1596.87
-1862.55
-2122.25
-1918.59
-1703.84
-1485.48
-1271.02
-1067.93
-883.728
-725.891
-598.387
-487.762
-389.744
-301.965
-222.052
-147.637
-76.3495
-5.81882
66.3248
142.451
224.931
316.134
418.43
534.218
685.217
881.276
1111.36
1364.46
1629.52
1895.53
2151.46
1948.75
1736.16
1520.14
1307.15
1103.66
916.106
750.962
613.14
492.524
384.254
286.207
196.265
112.306
32.2104
-46.1418
-124.871
-206.098
-291.942
-384.525
-485.965
-598.384
-724.289
-888.928
-1097.57
-1337.71
-1596.87
-1862.55
-2122.25
-1918.59
-1703.84
-1485.48
-1271.02
-1067.93
-883.728
-725.891
-598.387
-487.762
-389.745
-301.965
-222.052
-147.637
-76.3496
-5.81892
66.3247
142.451
224.931
316.134
418.43
534.218
685.217
881.276
1111.36
1364.46
1629.52
1895.53
2151.46
1948.75
1736.16
1520.14
1307.15
1103.66
916.106
750.962
613.14
492.524
384.254
286.207
196.265
112.306
32.2104
-46.1418
-124.871
-206.098
-291.942
-384.525
-485.965
-598.384
-724.289
-888.928
-1097.57
-1337.71
-1596.87
-1862.55
-2122.25
-1918.59
-1703.84
-1485.48
-1271.02
-1067.93
-883.728
-725.891
-598.387
-487.762
-389.745
-301.965
-222.052
-147.637
-76.3496
-5.81897
66.3246
142.451
224.931
316.134
418.43
534.218
685.217
881.275
1111.36
1364.45
1629.52
1895.53
2151.46
1948.75
1736.16
1520.14
1307.15
1103.66
916.106
750.962
613.139
492.524
384.254
286.207
196.265
112.306
32.2103
-46.1419
-124.871
-206.098
-291.942
-384.525
-485.965
-598.384
-724.289
-888.929
-1097.57
-1337.71
-1596.87
-1862.55
-2122.25
-1918.6
-1703.84
-1485.48
-1271.02
-1067.94
-883.728
-725.891
-598.387
-487.762
-389.745
-301.965
-222.053
-147.637
-76.3497
-5.81902
66.3246
142.451
224.931
316.134
418.43
534.218
685.217
881.275
1111.36
1364.45
1629.52
1895.53
2151.46
1948.75
1736.16
1520.14
1307.15
1103.66
916.106
750.962
613.139
492.524
384.253
286.207
196.264
112.306
32.2103
-46.1419
-124.871
-206.098
-291.942
-384.525
-485.965
-598.384
-724.289
-888.929
-1097.57
-1337.71
-1596.87
-1862.55
-2122.25
-1918.6
-1703.84
-1485.48
-1271.02
-1067.94
-883.729
-725.891
-598.387
-487.762
-389.745
-301.965
-222.053
-147.638
-76.3497
-5.81907
66.3245
142.451
224.931
316.134
418.43
534.218
685.217
881.275
1111.36
1364.45
1629.52
1895.53
2151.46
2386.28
2588.95
2748.47
2853.78
2893.87
2993.25
3094.83
3193.63
3289.74
3383.32
3474.55
3563.48
3650.4
3735.3
3818.41
3899.83
3979.56
4057.75
4134.48
4209.81
4283.79
4356.46
4427.89
4498.11
4567.16
4366.19
4155.66
3937.25
3712.65
3483.57
3251.69
3018.72
2786.34
2556.26
2330.16
2109.74
1896.7
1692.74
1499.54
1318.8
1152.21
1001.48
868.295
754.351
661.318
582.147
509.917
444.053
383.983
329.134
278.932
232.805
190.18
150.483
113.142
77.5825
43.2327
9.51931
-24.1309
-58.2909
-93.5337
-130.432
-169.56
-211.49
-256.795
-306.048
-359.822
-418.69
-483.225
-554.001
-631.59
-717.008
-846.877
-1033.98
-1263.79
-1521.74
-1793.31
-2063.95
-2319.12
-2544.28
-2724.89
-2846.41
-2894.29
-2991.57
-3093.1
-3191.84
-3287.9
-3381.43
-3472.61
-3561.49
-3648.36
-3733.21
-3816.27
-3897.65
-3977.33
-4055.48
-4132.17
-4207.45
-4281.39
-4354.02
-4425.41
-4495.59
-4564.6
-4363
-4150.68
-3929.55
-3701.5
-3468.43
-3232.24
-2994.84
-2758.11
-2523.96
-2294.28
-2070.98
-1855.95
-1651.1
-1458.32
-1279.5
-1116.56
-971.384
-845.876
-741.933
-661.401
-594.051
-531.052
-472.176
-417.193
-365.877
-317.998
-273.329
-231.642
-192.708
-156.299
-122.187
-90.1446
-59.9426
-31.3533
-4.14838
21.9002
47.0206
71.4411
95.3897
119.095
142.784
166.686
191.029
216.041
241.949
268.983
297.371
327.34
359.119
392.935
429.018
467.595
508.894
553.143
600.572
651.407
705.877
764.21
826.634
893.992
986.762
1112.14
1266.44
1445.99
1647.11
1866.14
2099.4
2343.2
2136.09
1912.06
1680.19
1449.57
1229.29
1028.44
856.103
721.367
629.232
550.012
475.713
406.094
340.91
279.919
222.877
169.541
119.669
73.017
29.3418
-11.5996
-50.0502
-86.2532
-120.452
-152.889
-183.808
-213.452
-242.064
-269.887
-297.165
-324.139
-351.055
-378.154
-405.68
-433.875
-462.984
-493.249
-524.914
-558.22
-593.413
-630.734
-670.426
-712.734
-757.9
-806.167
-857.778
-912.976
-972.005
-1035.11
-1102.53
-1174.51
-1264.17
-1382.15
-1525.27
-1690.37
-1874.28
-2073.85
-2285.89
-2507.26
-2300.13
-2075.45
-1841.44
-1606.3
-1378.24
-1165.5
-976.264
-818.764
-701.208
-623.444
-554.373
-489.93
-429.877
-373.974
-321.983
-273.665
-228.782
-187.094
-148.363
-112.349
-78.815
-47.5211
-18.2288
9.30082
35.3065
60.0269
83.701
106.568
128.865
150.833
172.71
194.734
217.144
240.18
264.08
289.082
315.426
343.351
373.094
404.896
438.994
475.628
515.036
557.457
603.13
652.293
705.187
762.048
823.117
888.76
977.098
1098.3
1248.73
1424.76
1622.73
1839.02
2069.99
2312
2104.69
1880.29
1648.23
1417.96
1198.92
1000.55
832.301
703.603
615.889
537.613
464.203
395.417
331.016
270.757
214.4
161.703
112.427
66.3297
23.1704
-17.2917
-55.2978
-91.0886
-124.905
-156.989
-187.58
-216.919
-245.248
-272.808
-299.839
-326.583
-353.279
-380.171
-407.497
-435.5
-464.419
-494.497
-525.974
-559.091
-594.089
-631.209
-670.692
-712.778
-757.709
-805.726
-857.07
-911.981
-970.701
-1033.47
-1100.53
-1172.12
-1260.79
-1377.78
-1519.96
-1684.16
-1867.24
-2066.02
-2277.37
-2498.13
-2290.95
-2066.16
-1832.08
-1596.98
-1369.18
-1156.97
-968.641
-812.5
-696.84
-620.132
-551.307
-487.095
-427.257
-371.557
-319.755
-271.613
-226.893
-185.356
-146.765
-110.881
-77.4657
-46.2809
-17.0885
10.3499
36.2725
60.9176
84.5235
107.328
129.57
151.488
173.32
195.303
217.677
240.679
264.549
289.523
315.841
343.74
373.459
405.237
439.311
475.919
515.3
557.693
603.335
652.465
705.321
762.141
823.163
888.756
977.045
1098.21
1248.61
1424.61
1622.57
1838.85
2069.82
2311.83
2104.52
1880.1
1648.02
1417.71
1198.63
1000.21
831.885
703.106
615.388
537.168
463.809
395.069
330.708
270.486
214.162
161.496
112.247
66.1752
23.0396
-17.4001
-55.3843
-91.1536
-124.948
-157.009
-187.577
-216.891
-245.192
-272.722
-299.719
-326.426
-353.082
-379.927
-407.203
-435.15
-464.007
-494.016
-525.418
-558.452
-593.358
-630.379
-669.753
-711.722
-756.526
-804.405
-855.599
-910.351
-968.899
-1031.48
-1098.35
-1169.73
-1257.57
-1373.73
-1515.07
-1678.45
-1860.74
-2058.79
-2269.45
-2489.58
-2282.35
-2057.47
-1823.32
-1588.28
-1360.71
-1149.01
-961.545
-806.698
-692.845
-617.045
-548.449
-484.452
-424.816
-369.304
-317.678
-269.7
-225.132
-183.736
-145.276
-109.512
-76.2074
-45.1244
-16.0251
11.3284
37.1736
61.7485
85.2908
108.038
130.229
152.1
173.889
195.835
218.174
241.146
264.987
289.935
316.228
344.104
373.801
405.555
439.607
476.191
515.548
557.914
603.527
652.625
705.446
762.227
823.206
888.751
976.996
1098.12
1248.5
1424.48
1622.42
1838.69
2069.65
2311.67
2561.09
2814.28
3067.61
3317.43
3560.1
3791.99
4009.46
4208.87
4386.57
4538.94
4662.32
4753.09
4807.6
4832.42
4896.16
4958.93
5020.71
5081.55
5141.49
5200.54
5258.7
5315.97
5372.42
5428.05
5482.81
5536.79
5589.98
5642.34
5693.97
5493.43
5283.81
5066.31
4842.14
4612.49
4378.55
4141.52
3902.6
3662.99
3423.87
3186.46
2951.93
2721.5
2496.35
2277.69
2066.71
1864.6
1672.56
1491.8
1323.5
1168.86
1029.08
905.362
798.891
710.869
641.924
580.889
522.939
467.952
415.81
366.391
319.575
275.243
233.273
193.546
155.94
120.337
86.6157
54.6555
24.3364
-4.46187
-31.8596
-57.9772
-82.9347
-106.853
-129.851
-152.05
-173.571
-194.533
-215.056
-235.262
-255.27
-275.2
-295.174
-315.31
-335.73
-356.553
-377.901
-399.892
-422.648
-446.289
-470.935
-496.707
-523.724
-552.106
-581.975
-613.451
-646.653
-681.702
-718.719
-757.823
-799.135
-842.775
-888.864
-937.521
-988.867
-1043.02
-1100.11
-1160.24
-1233.96
-1337.55
-1468.13
-1622.47
-1797.35
-1989.55
-2195.85
-2413.02
-2637.84
-2867.09
-3097.56
-3326.01
-3549.22
-3763.98
-3967.05
-4155.23
-4325.28
-4473.98
-4598.12
-4694.47
-4759.8
-4790.9
-4834.52
-4896.51
-4957.5
-5017.58
-5076.76
-5135.07
-5192.5
-5249.05
-5304.79
-5359.72
-5413.78
-5467.08
-5519.61
-5571.31
-5622.29
-5421.32
-5210.51
-4991.18
-4764.66
-4532.26
-4295.31
-4055.13
-3813.05
-3570.37
-3328.42
-3088.53
-2852.02
-2620.21
-2394.41
-2175.95
-1966.16
-1766.35
-1577.84
-1401.96
-1240.03
-1093.37
-963.298
-851.139
-758.214
-685.843
-630.877
-579.358
-530.102
-483.036
-438.089
-395.185
-354.254
-315.222
-278.015
-242.562
-208.789
-176.623
-145.992
-116.823
-89.0422
-62.5775
-37.3558
-13.3044
9.64976
31.5795
52.5577
72.6571
91.9508
110.512
128.412
145.726
162.525
178.883
194.872
210.565
226.036
241.357
256.6
271.84
287.148
302.598
318.262
334.213
350.525
367.269
384.52
402.349
420.83
440.036
460.039
480.912
502.728
525.56
549.482
574.565
600.882
628.508
657.513
687.972
719.957
753.541
788.797
825.798
864.616
905.325
947.997
992.706
1039.52
1088.52
1147.37
1226.21
1323.72
1438.5
1569.15
1714.27
1872.45
2042.28
2222.38
2411.32
2607.72
2810.16
3017.25
3227.58
3022.93
2803.18
2572.77
2336.18
2097.86
1862.27
1633.87
1417.12
1216.49
1036.42
881.378
755.826
664.223
597.865
534.785
474.424
416.695
361.514
308.794
258.451
210.398
164.551
120.824
79.1319
39.3889
1.50975
-34.591
-68.9988
-101.799
-133.077
-162.918
-191.408
-218.633
-244.676
-269.625
-293.564
-316.579
-338.755
-360.177
-380.932
-401.104
-420.779
-440.043
-458.98
-477.676
-496.217
-514.688
-533.175
-551.762
-570.535
-589.58
-608.983
-628.827
-649.2
-670.186
-691.871
-714.34
-737.679
-761.972
-787.307
-813.767
-841.438
-870.406
-900.757
-932.574
-965.945
-1000.95
-1037.69
-1076.23
-1116.67
-1159.08
-1203.57
-1250.2
-1299.07
-1350.26
-1403.86
-1460.74
-1531.26
-1617.72
-1718.95
-1833.8
-1961.12
-2099.76
-2248.56
-2406.38
-2572.05
-2744.42
-2922.35
-3104.67
-3290.24
-3085.17
-2864.24
-2632.02
-2393.07
-2151.97
-1913.29
-1681.59
-1461.45
-1257.44
-1074.12
-916.077
-787.868
-694.066
-632.515
-576.801
-523.634
-472.931
-424.611
-378.594
-334.796
-293.138
-253.536
-215.911
-180.18
-146.262
-114.075
-83.5386
-54.5703
-27.089
-1.01324
23.7386
47.2478
69.5961
90.8647
111.135
130.489
149.008
166.774
183.867
200.369
216.362
231.928
247.147
262.102
276.873
291.543
306.192
320.903
335.756
350.834
366.217
381.987
398.226
415.014
432.435
450.568
469.496
489.301
510.062
531.863
554.784
578.907
604.313
631.085
659.302
689.048
720.403
753.449
788.267
824.939
863.547
904.171
946.893
991.795
1038.96
1088.46
1147.89
1227.23
1325.18
1440.34
1571.3
1716.67
1875.05
2045.03
2225.23
2414.23
2610.65
2813.08
3020.11
3230.36
3025.71
2805.95
2575.53
2338.9
2100.51
1864.79
1636.22
1419.22
1218.26
1037.78
882.219
756.039
663.685
597.288
534.329
474.078
416.452
361.364
308.73
258.466
210.485
164.704
121.037
79.399
39.7059
1.87239
-34.1864
-68.5554
-101.319
-132.564
-162.373
-190.831
-218.025
-244.038
-268.956
-292.863
-315.844
-337.985
-359.37
-380.084
-400.212
-419.838
-439.049
-457.928
-476.561
-495.032
-513.427
-531.83
-550.326
-569
-587.937
-607.222
-626.94
-647.176
-668.014
-689.54
-711.839
-734.994
-759.092
-784.217
-810.454
-837.888
-866.604
-896.687
-928.221
-961.292
-995.985
-1032.38
-1070.57
-1110.64
-1152.67
-1196.74
-1242.94
-1291.37
-1342.09
-1395.19
-1451.13
-1519.55
-1603.88
-1702.97
-1815.7
-1940.92
-2077.49
-2224.27
-2380.13
-2543.93
-2714.52
-2890.77
-3071.54
-3255.69
-3050.5
-2829.29
-2596.76
-2357.6
-2116.5
-1878.17
-1647.28
-1428.55
-1226.66
-1046.3
-892.182
-768.99
-681.419
-622.524
-567.312
-514.625
-464.384
-416.507
-370.912
-327.52
-286.248
-247.017
-209.744
-174.349
-140.751
-108.868
-78.6202
-49.9261
-22.7045
3.12534
27.6447
50.9344
73.0756
94.1494
114.237
133.419
151.776
169.39
186.342
202.712
218.582
234.033
249.146
264.002
278.681
293.265
307.835
322.472
337.258
352.272
367.596
383.311
399.498
416.239
433.613
451.703
470.589
490.352
511.073
532.834
555.715
579.798
605.163
631.891
660.064
689.762
721.067
754.06
788.821
825.431
863.972
904.525
947.171
991.99
1039.06
1088.47
1147.81
1227.06
1324.94
1440.03
1570.94
1716.27
1874.62
2044.58
2224.76
2413.75
2610.16
2812.59
3019.64
3229.9
3025.24
2805.46
2575
2338.31
2099.84
1864.04
1635.36
1418.24
1217.15
1036.52
880.808
754.46
661.925
595.639
532.852
472.763
415.286
360.338
307.835
257.691
209.823
164.146
120.575
79.028
39.4186
1.66308
-34.3229
-68.6238
-101.324
-132.508
-162.259
-190.663
-217.803
-243.765
-268.631
-292.487
-315.418
-337.506
-358.838
-379.496
-399.566
-419.131
-438.276
-457.086
-475.645
-494.037
-512.346
-530.657
-549.055
-567.623
-586.445
-605.607
-625.193
-645.286
-665.972
-687.334
-709.457
-732.426
-756.324
-781.236
-807.247
-834.44
-862.9
-892.712
-923.959
-956.727
-991.099
-1027.16
-1064.99
-1104.68
-1146.32
-1189.98
-1235.75
-1283.71
-1333.96
-1386.56
-1441.72
-1508.04
-1590.24
-1687.21
-1797.81
-1920.93
-2055.43
-2200.2
-2354.1
-2516.01
-2684.81
-2859.37
-3038.57
-3221.28
-3015.97
-2794.49
-2561.65
-2322.28
-2081.2
-1843.25
-1613.23
-1395.98
-1196.32
-1019.07
-869.062
-751.114
-670.051
-612.673
-557.955
-505.743
-455.956
-408.515
-363.338
-320.344
-279.454
-240.586
-203.661
-168.597
-135.314
-103.731
-73.7674
-45.3432
-18.3776
7.21005
31.5004
54.5739
76.5112
97.393
117.3
136.312
154.51
171.976
188.788
205.028
220.777
236.115
251.123
265.881
280.47
294.97
309.462
324.027
338.744
353.696
368.962
384.623
400.759
417.452
434.781
452.828
471.672
491.395
512.076
533.798
556.639
580.682
606.006
632.691
660.819
690.471
721.726
754.665
789.369
825.919
864.395
904.877
947.446
992.184
1039.17
1088.48
1147.72
1226.9
1324.7
1439.73
1570.59
1715.88
1874.19
2044.13
2224.29
2413.27
2609.68
2812.11
3019.17
3229.44
3441.54
3654.06
3865.59
4074.75
4280.12
4480.31
4673.92
4859.55
5035.79
5201.25
5354.52
5494.2
5618.9
5727.21
5817.74
5889.07
5939.82
5968.57
5987.81
6034.24
6079.93
6124.93
6169.22
6212.82
6255.72
6297.94
6339.47
6380.33
6420.5
6460.02
6498.84
6537.05
6574.53
6374.33
6165.57
5949.2
5726.16
5497.38
5263.8
5026.36
4786
4543.66
4300.27
4056.78
3814.12
3573.24
3335.07
3100.55
2870.62
2646.21
2428.28
2217.75
2015.56
1822.65
1639.97
1468.45
1309.03
1162.64
1030.23
912.738
811.098
726.252
659.137
606.841
557.298
509.513
463.442
419.04
376.262
335.064
295.401
257.229
220.503
185.179
151.211
118.555
87.1667
57.0015
28.0147
0.161559
-26.6024
-52.3218
-77.0413
-100.806
-123.659
-145.646
-166.812
-187.201
-206.858
-225.827
-244.152
-261.88
-279.053
-295.718
-311.917
-327.697
-343.101
-358.174
-372.961
-387.506
-401.855
-416.051
-430.139
-444.164
-458.17
-472.202
-486.305
-500.523
-514.901
-529.484
-544.315
-559.44
-574.904
-590.75
-607.023
-623.769
-641.032
-658.855
-677.285
-696.365
-716.14
-736.655
-757.954
-780.082
-803.084
-827.003
-851.886
-877.775
-904.717
-932.755
-961.935
-992.3
-1023.9
-1056.77
-1090.96
-1126.51
-1163.47
-1201.89
-1241.8
-1283.26
-1326.31
-1370.98
-1417.33
-1470.6
-1540.3
-1625.57
-1725.28
-1838.32
-1963.55
-2099.85
-2246.08
-2401.13
-2563.86
-2733.15
-2907.87
-3086.89
-3269.09
-3453.34
-3638.51
-3823.47
-4007.11
-4188.28
-4365.87
-4538.74
-4705.77
-4865.84
-5017.81
-5160.56
-5292.96
-5413.88
-5522.2
-5616.8
-5696.53
-5760.28
-5806.92
-5835.32
-5846.56
-5889.84
-5932.43
-5974.35
-6015.6
-6056.2
-6096.14
-6135.43
-6174.06
-6212.06
-6249.39
-6286.14
-6322.18
-6121.51
-5911.46
-5693.11
-5467.55
-5235.86
-4999.14
-4758.47
-4514.92
-4269.6
-4023.59
-3777.97
-3533.83
-3292.26
-3054.34
-2821.15
-2593.8
-2373.36
-2160.91
-1957.55
-1764.36
-1582.43
-1412.85
-1256.69
-1115.05
-989.02
-879.676
-788.109
-715.405
-662.576
-619.165
-577.143
-536.481
-497.149
-459.116
-422.352
-386.828
-352.513
-319.376
-287.389
-256.52
-226.739
-198.016
-170.322
-143.626
-117.897
-93.1061
-69.2227
-46.2167
-24.0578
-2.71599
17.8389
37.6371
56.7087
75.0838
92.7927
109.865
126.332
142.223
157.568
172.398
186.742
200.631
214.095
227.165
239.869
252.239
264.304
276.095
287.642
298.975
310.124
321.119
331.991
342.769
353.484
364.166
374.845
385.551
396.315
407.166
418.135
429.252
440.546
452.049
463.79
475.8
488.108
500.744
513.74
527.125
540.929
555.182
569.915
585.157
600.939
617.292
634.244
651.826
670.069
689.003
708.657
729.062
750.248
772.246
795.084
818.794
843.406
868.949
895.455
922.952
951.472
981.044
1011.7
1043.47
1076.38
1110.46
1145.75
1182.27
1220.05
1259.33
1308.03
1369.77
1443.86
1529.64
1626.43
1733.57
1850.38
1976.19
2110.34
2252.14
2400.93
2556.05
2716.81
2882.54
3052.59
3226.26
3020.88
2799.13
2565.8
2325.68
2083.54
1844.18
1612.36
1392.89
1190.52
1010.06
856.281
733.967
647.9
591.537
538.31
486.797
436.961
388.765
342.172
297.144
253.644
211.635
171.079
131.939
94.1777
57.7582
22.643
-11.2052
-43.8237
-75.2498
-105.521
-134.674
-162.746
-189.776
-215.799
-240.853
-264.976
-288.205
-310.577
-332.13
-352.9
-372.925
-392.243
-410.89
-428.903
-446.321
-463.181
-479.519
-495.373
-510.78
-525.778
-540.403
-554.694
-568.687
-582.42
-595.929
-609.253
-622.429
-635.493
-648.483
-661.437
-674.392
-687.384
-700.451
-713.631
-726.961
-740.478
-754.219
-768.222
-782.524
-797.162
-812.174
-827.596
-843.467
-859.822
-876.701
-894.139
-912.174
-930.844
-950.186
-970.237
-991.034
-1012.61
-1035.02
-1058.28
-1082.43
-1107.52
-1133.58
-1160.64
-1188.75
-1217.94
-1248.26
-1279.72
-1312.38
-1346.28
-1381.44
-1417.9
-1455.71
-1494.9
-1535.51
-1577.57
-1621.31
-1672.5
-1733.46
-1803.7
-1882.72
-1970.03
-2065.14
-2167.55
-2276.78
-2392.32
-2513.69
-2640.4
-2771.95
-2907.84
-3047.6
-2840.95
-2616.19
-2379.24
-2136.02
-1892.47
-1654.49
-1428.02
-1218.99
-1033.31
-876.91
-755.717
-675.654
-626.216
-579.113
-533.621
-489.704
-447.325
-406.449
-367.039
-329.06
-292.476
-257.251
-223.348
-190.732
-159.367
-129.217
-100.245
-72.4169
-45.6954
-20.0449
4.57056
28.187
50.8404
72.5666
93.4017
113.382
132.542
150.92
168.55
185.469
201.713
217.317
232.318
246.752
260.654
274.06
287.008
299.531
311.667
323.452
334.92
346.11
357.055
367.793
378.359
388.789
399.119
409.386
419.625
429.871
440.162
450.533
461.02
471.659
482.486
493.537
504.847
516.454
528.392
540.698
553.408
566.558
580.183
594.32
609.005
624.273
640.161
656.704
673.939
691.902
710.627
730.153
750.513
771.745
793.885
816.967
841.029
866.107
892.235
919.451
947.789
977.287
1007.98
1039.9
1073.1
1107.59
1143.42
1180.63
1219.25
1259.51
1309.19
1371.81
1446.7
1533.19
1630.62
1738.31
1855.6
1981.82
2116.3
2258.38
2407.39
2562.65
2723.51
2889.29
3059.33
3232.96
3027.59
2805.86
2572.53
2332.35
2090.08
1850.47
1618.27
1398.24
1195.13
1013.69
858.686
734.86
646.969
590.204
537.24
485.977
436.377
388.405
342.022
297.193
253.881
212.048
171.659
132.675
95.0607
58.7788
23.7927
-9.93469
-42.44
-73.7601
-103.932
-132.992
-160.977
-187.925
-213.871
-238.853
-262.908
-286.072
-308.382
-329.875
-350.588
-370.558
-389.821
-408.414
-426.374
-443.738
-460.543
-476.826
-492.622
-507.97
-522.906
-537.467
-551.689
-565.61
-579.266
-592.694
-605.931
-619.014
-631.979
-644.863
-657.704
-670.538
-683.401
-696.331
-709.365
-722.539
-735.89
-749.454
-763.27
-777.373
-791.8
-806.589
-821.775
-837.397
-853.489
-870.091
-887.237
-904.966
-923.314
-942.317
-962.013
-982.438
-1003.63
-1025.62
-1048.46
-1072.17
-1096.79
-1122.37
-1148.93
-1176.51
-1205.16
-1234.9
-1265.78
-1297.83
-1331.09
-1365.59
-1401.37
-1438.47
-1476.93
-1516.78
-1558.06
-1600.8
-1648.78
-1706.46
-1773.39
-1849.08
-1933.06
-2024.84
-2123.94
-2229.88
-2342.18
-2460.36
-2583.93
-2712.42
-2845.35
-2982.23
-2775.3
-2549.91
-2312.32
-2068.81
-1825.63
-1589.05
-1365.34
-1160.77
-981.593
-834.083
-724.504
-658.498
-610.347
-563.826
-518.898
-475.529
-433.682
-393.322
-354.412
-316.918
-280.803
-246.032
-212.569
-180.378
-149.424
-119.672
-91.0839
-63.6259
-37.2617
-11.9557
12.3278
35.6246
57.9703
79.4007
99.9514
119.658
138.557
156.683
174.072
190.76
206.783
222.175
236.974
251.215
264.933
278.164
290.944
303.308
315.293
326.933
338.265
349.325
360.147
370.768
381.224
391.549
401.781
411.954
422.104
432.268
442.479
452.776
463.192
473.764
484.528
495.518
506.772
518.324
530.211
542.467
555.129
568.233
581.813
595.907
610.549
625.775
641.621
658.123
675.316
693.236
711.918
731.4
751.715
772.9
794.991
818.023
842.032
867.053
893.123
920.277
948.551
977.98
1008.6
1040.45
1073.56
1107.97
1143.71
1180.82
1219.34
1259.49
1309.07
1371.6
1446.4
1532.82
1630.18
1737.81
1855.05
1981.22
2115.67
2257.72
2406.71
2561.96
2722.81
2888.58
3058.62
3232.26
3408.82
3587.64
3768.04
3949.37
4130.96
4312.13
4492.21
4670.55
4846.46
5019.3
5188.37
5353.02
5512.59
5666.39
5813.77
5954.05
6086.57
6210.66
6325.64
6430.87
6525.65
6609.33
6681.25
6740.72
6787.08
6819.67
6837.82
6851.32
6883.12
6914.31
6944.96
6974.97
7004.45
7033.37
7061.7
7089.51
7116.76
7143.46
7169.65
7195.29
7220.4
7245.02
7269.08
7292.65
7315.73
7338.27
7360.31
7381.89
7402.93
7423.49
7443.59
7463.15
7482.25
7500.88
7519
7536.64
7553.83
7570.52
7586.72
7602.48
7617.75
7632.52
7646.85
7660.7
7674.05
7686.95
7699.39
7711.31
7722.79
7733.81
7744.3
7754.34
7763.93
7772.98
7781.58
7789.73
7797.33
7804.47
7811.16
7611.26
7403.27
7187.91
6965.89
6737.93
6504.75
6267.06
6025.58
5781.03
5534.13
5285.59
5036.13
4786.47
4537.33
4289.42
4043.45
3800.16
3560.24
3324.43
3093.44
2867.98
2648.77
2436.54
2231.99
2035.84
1848.82
1671.64
1505.01
1349.65
1206.29
1075.63
958.401
855.311
767.08
694.426
638.066
598.516
565.651
533.487
502.013
471.219
441.097
411.637
382.83
354.665
327.135
300.229
273.938
248.252
223.162
198.659
174.734
151.376
128.576
106.326
84.6148
63.434
42.774
22.6253
2.97856
-16.1757
-34.847
-53.0446
-70.7779
-88.0565
-104.89
-121.287
-137.257
-152.811
-167.957
-182.704
-197.063
-211.042
-224.651
-237.9
-250.797
-263.352
-275.575
-287.476
-299.062
-310.345
-321.333
-332.035
-342.462
-352.622
-362.525
-372.181
-381.598
-390.787
-399.756
-408.516
-417.074
-425.442
-433.628
-441.642
-449.493
-457.191
-464.744
-472.163
-479.457
-486.635
-493.707
-500.682
-507.569
-514.379
-521.119
-527.801
-534.432
-541.023
-547.584
-554.122
-560.649
-567.173
-573.703
-580.25
-586.822
-593.429
-600.08
-606.785
-613.554
-620.395
-627.318
-634.333
-641.448
-648.674
-656.019
-663.494
-671.107
-678.868
-686.786
-694.872
-703.133
-711.58
-720.223
-729.069
-738.13
-747.414
-756.93
-766.689
-776.7
-786.971
-797.513
-808.334
-819.445
-830.855
-842.572
-854.608
-866.97
-879.668
-892.712
-906.111
-919.875
-934.013
-948.534
-963.449
-978.765
-994.493
-1010.64
-1027.22
-1044.24
-1061.71
-1079.64
-1098.03
-1116.91
-1136.27
-1156.13
-1176.49
-1197.37
-1218.77
-1240.71
-1263.19
-1286.22
-1309.82
-1333.99
-1358.74
-1384.07
-1410.01
-1436.56
-1463.73
-1491.53
-1519.96
-1549.04
-1580.47
-1621.11
-1671.33
-1730.65
-1798.61
-1874.77
-1958.66
-2049.82
-2147.79
-2252.12
-2362.35
-2478.02
-2598.66
-2723.83
-2853.07
-2985.91
-3121.9
-3260.57
-3401.48
-3544.16
-3688.15
-3833
-3978.24
-4123.43
-4268.09
-4411.78
-4554.03
-4694.38
-4832.38
-4967.57
-5099.49
-5227.68
-5351.69
-5471.05
-5585.3
-5694
-5796.67
-5892.87
-5982.12
-6063.99
-6138
-6203.69
-6260.62
-6308.31
-6346.32
-6374.19
-6391.45
-6397.65
-6421.72
-6446.4
-6470.58
-6494.31
-6517.53
-6540.28
-6562.58
-6584.38
-6605.72
-6626.63
-6647.05
-6667.02
-6686.56
-6705.62
-6724.24
-6742.44
-6760.17
-6777.46
-6794.34
-6810.75
-6826.73
-6842.31
-6857.42
-6872.1
-6886.37
-6900.2
-6913.58
-6926.56
-6939.11
-6951.2
-6962.89
-6974.15
-6984.95
-6995.35
-7005.33
-7014.83
-7023.93
-7032.61
-7040.81
-7048.6
-7055.98
-7062.87
-7069.34
-7075.39
-6874.82
-6664.95
-6446.73
-6221.09
-5988.97
-5751.29
-5509.01
-5263.06
-5014.37
-4763.88
-4512.52
-4261.24
-4010.97
-3762.65
-3517.21
-3275.6
-3038.74
-2807.57
-2583.04
-2366.07
-2157.6
-1958.58
-1769.94
-1592.61
-1427.53
-1275.64
-1137.88
-1015.17
-908.468
-818.698
-746.799
-693.71
-659.806
-632.145
-604.967
-578.268
-552.042
-526.284
-500.989
-476.152
-451.766
-427.828
-404.332
-381.273
-358.645
-336.443
-314.663
-293.299
-272.345
-251.797
-231.65
-211.897
-192.535
-173.557
-154.959
-136.736
-118.881
-101.391
-84.2595
-67.4816
-51.0521
-34.9658
-19.2175
-3.80211
11.2857
26.0511
40.4992
54.6353
68.4645
81.9921
95.2232
108.163
120.817
133.19
145.287
157.114
168.676
179.977
191.024
201.821
212.373
222.686
232.765
242.615
252.242
261.65
270.845
279.831
288.615
297.201
305.594
313.8
321.824
329.671
337.347
344.855
352.203
359.394
366.434
373.329
380.083
386.702
393.19
399.554
405.798
411.927
417.947
423.863
429.68
435.403
441.037
446.588
452.061
457.461
462.793
468.062
473.274
478.434
483.547
488.618
493.653
498.656
503.632
508.588
513.528
518.457
523.381
528.305
533.233
538.172
543.126
548.101
553.101
558.133
563.2
568.309
573.464
578.672
583.936
589.262
594.655
600.121
605.665
611.291
617.006
622.814
628.721
634.731
640.85
647.083
653.436
659.913
666.52
673.261
680.143
687.17
694.347
701.68
709.174
716.834
724.665
732.673
740.862
749.239
757.807
766.572
775.54
784.716
794.104
803.711
813.54
823.598
833.89
844.42
855.195
866.219
877.497
889.034
900.837
912.909
925.257
937.885
950.799
964.003
977.504
991.305
1005.41
1019.83
1034.57
1049.63
1065.01
1080.73
1096.79
1113.18
1129.93
1147.03
1164.49
1182.31
1200.5
1219.06
1238
1257.33
1277.05
1297.16
1317.67
1338.59
1359.91
1381.66
1403.82
1426.41
1450.15
1478.6
1512.1
1550.53
1593.73
1641.55
1693.86
1750.51
1811.35
1876.23
1945.02
2017.57
2093.73
2173.36
2256.31
2342.44
2431.6
2523.65
2618.45
2715.84
2815.68
2917.84
3022.16
3128.49
3236.7
3346.64
3458.17
3571.13
3685.38
3800.79
3595.87
3374.73
3140.99
2898.25
2650.11
2400.19
2152.1
1909.42
1675.79
1454.79
1250.05
1065.16
903.735
769.38
665.701
596.307
559.547
527.887
496.787
466.243
436.247
406.793
377.876
349.49
321.628
294.284
267.452
241.126
215.301
189.969
165.125
140.762
116.875
93.4581
70.5042
48.0075
25.962
4.36168
-16.7997
-37.5281
-57.8297
-77.7106
-97.1768
-116.235
-134.89
-153.149
-171.017
-188.502
-205.608
-222.343
-238.711
-254.72
-270.375
-285.683
-300.649
-315.279
-329.581
-343.559
-357.22
-370.57
-383.615
-396.361
-408.814
-420.981
-432.867
-444.479
-455.823
-466.904
-477.729
-488.304
-498.634
-508.727
-518.589
-528.224
-537.64
-546.843
-555.838
-564.631
-573.23
-581.639
-589.865
-597.915
-605.793
-613.507
-621.062
-628.464
-635.72
-642.836
-649.817
-656.671
-663.402
-670.017
-676.522
-682.923
-689.227
-695.439
-701.566
-707.613
-713.586
-719.493
-725.338
-731.129
-736.87
-742.569
-748.23
-753.861
-759.468
-765.056
-770.631
-776.201
-781.77
-787.345
-792.932
-798.537
-804.166
-809.826
-815.522
-821.26
-827.047
-832.889
-838.791
-844.76
-850.802
-856.923
-863.13
-869.427
-875.822
-882.32
-888.928
-895.651
-902.496
-909.469
-916.575
-923.822
-931.215
-938.76
-946.463
-954.33
-962.368
-970.583
-978.98
-987.566
-996.346
-1005.33
-1014.52
-1023.92
-1033.54
-1043.39
-1053.46
-1063.78
-1074.34
-1085.15
-1096.21
-1107.54
-1119.13
-1131
-1143.15
-1155.58
-1168.31
-1181.33
-1194.66
-1208.3
-1222.26
-1236.54
-1251.15
-1266.09
-1281.38
-1297.01
-1312.99
-1329.34
-1346.05
-1363.13
-1380.59
-1398.43
-1416.67
-1435.3
-1454.33
-1473.77
-1493.62
-1513.89
-1534.59
-1555.73
-1577.3
-1599.31
-1621.78
-1645
-1670.83
-1699.54
-1731.06
-1765.31
-1802.21
-1841.69
-1883.68
-1928.09
-1974.86
-2023.91
-2075.17
-2128.55
-2183.98
-2241.39
-2300.7
-2361.84
-2424.74
-2489.31
-2555.48
-2623.17
-2412.85
-2179.63
-1933.32
-1683.74
-1440.68
-1213.95
-1013.37
-848.731
-729.845
-666.518
-634.752
-603.586
-573.01
-543.02
-513.607
-484.766
-456.489
-428.771
-401.603
-374.981
-348.896
-323.342
-298.313
-273.802
-249.802
-226.306
-203.308
-180.801
-158.778
-137.233
-116.159
-95.5496
-75.3974
-55.6961
-36.439
-17.6194
0.769405
18.7341
36.2814
53.4179
70.1505
86.4856
102.43
117.991
133.174
147.987
162.436
176.527
190.269
203.666
216.726
229.456
241.863
253.952
265.731
277.206
288.384
299.272
309.877
320.204
330.262
340.056
349.593
358.88
367.924
376.731
385.308
393.661
401.799
409.726
417.45
424.977
432.314
439.469
446.447
453.255
459.9
466.388
472.727
478.923
484.983
490.913
496.72
502.411
507.992
513.47
518.853
524.146
529.356
534.49
539.554
544.556
549.502
554.399
559.253
564.071
568.86
573.627
578.377
583.119
587.858
592.601
597.355
602.127
606.923
611.75
616.615
621.525
626.485
631.503
636.586
641.74
646.971
652.288
657.695
663.201
668.811
674.532
680.372
686.336
692.432
698.666
705.044
711.574
718.262
725.115
732.14
739.343
746.731
754.311
762.089
770.071
778.266
786.679
795.318
804.188
813.296
822.65
832.256
842.12
852.249
862.651
873.331
884.296
895.554
907.11
918.972
931.146
943.638
956.457
969.607
983.096
996.931
1011.12
1025.66
1040.58
1055.86
1071.52
1087.57
1104.01
1120.85
1138.1
1155.76
1173.84
1192.34
1211.28
1230.66
1250.48
1270.75
1291.49
1312.69
1334.36
1356.51
1379.15
1402.28
1425.91
1450.75
1480.25
1514.76
1554.12
1598.21
1646.87
1699.97
1757.35
1818.87
1884.39
1953.77
2026.86
2103.52
2183.61
2266.97
2353.47
2442.96
2535.31
2630.35
2727.96
2827.99
2930.29
3034.72
3141.14
3249.4
3359.36
3470.87
3583.79
3697.98
3813.3
3608.39
3387.29
3153.55
2910.75
2662.46
2412.25
2163.7
1920.37
1685.84
1463.67
1257.45
1070.74
907.107
770.13
663.379
590.424
551.85
520.965
490.623
460.818
431.544
402.796
374.568
346.853
319.647
292.942
266.734
241.016
215.783
191.029
166.748
142.933
119.58
96.6824
74.2342
52.2297
30.663
9.52838
-11.1801
-31.4683
-51.3421
-70.8072
-89.8696
-108.535
-126.809
-144.698
-162.208
-179.344
-196.113
-212.52
-228.57
-244.271
-259.627
-274.644
-289.329
-303.688
-317.725
-331.447
-344.86
-357.97
-370.782
-383.302
-395.537
-407.491
-419.171
-430.583
-441.733
-452.625
-463.267
-473.664
-483.822
-493.747
-503.444
-512.92
-522.18
-531.23
-540.076
-548.724
-557.179
-565.448
-573.537
-581.45
-589.195
-596.777
-604.201
-611.474
-618.601
-625.588
-632.442
-639.167
-645.771
-652.258
-658.634
-664.906
-671.079
-677.159
-683.152
-689.064
-694.9
-700.666
-706.369
-712.014
-717.607
-723.154
-728.66
-734.132
-739.575
-744.995
-750.398
-755.791
-761.177
-766.565
-771.959
-777.365
-782.789
-788.237
-793.715
-799.228
-804.783
-810.385
-816.041
-821.755
-827.534
-833.384
-839.311
-845.32
-851.417
-857.608
-863.899
-870.296
-876.804
-883.43
-890.179
-897.058
-904.071
-911.225
-918.526
-925.98
-933.591
-941.367
-949.313
-957.435
-965.739
-974.23
-982.915
-991.799
-1000.89
-1010.19
-1019.71
-1029.45
-1039.41
-1049.62
-1060.06
-1070.75
-1081.69
-1092.89
-1104.35
-1116.08
-1128.09
-1140.37
-1152.95
-1165.82
-1178.98
-1192.45
-1206.23
-1220.33
-1234.75
-1249.5
-1264.58
-1280
-1295.77
-1311.88
-1328.36
-1345.19
-1362.4
-1379.98
-1397.94
-1416.29
-1435.03
-1454.17
-1473.71
-1493.66
-1514.03
-1534.82
-1556.03
-1577.68
-1599.86
-1624.21
-1651.3
-1681.06
-1713.43
-1748.32
-1785.67
-1825.4
-1867.46
-1911.77
-1958.25
-2006.84
-2057.47
-2110.07
-2164.57
-2220.89
-2278.97
-2338.74
-2400.13
-2463.06
-2251.58
-2016.11
-1768.3
-1519.76
-1282.15
-1067.08
-886.204
-751.144
-673.535
-640.49
-609.235
-578.57
-548.489
-518.985
-490.052
-461.683
-433.871
-406.61
-379.893
-353.713
-328.064
-302.939
-278.332
-254.236
-230.643
-207.549
-184.945
-162.826
-141.185
-120.015
-99.3087
-79.0607
-59.2639
-39.9116
-20.9974
-2.5144
15.5439
33.1841
50.4129
67.2369
83.6627
99.697
115.346
130.618
145.517
160.052
174.228
188.052
201.531
214.672
227.481
239.965
252.13
263.983
275.531
286.78
297.737
308.409
318.802
328.923
338.778
348.374
357.718
366.817
375.676
384.303
392.704
400.886
408.856
416.619
424.184
431.556
438.742
445.748
452.582
459.25
465.759
472.114
478.324
484.394
490.331
496.141
501.832
507.41
512.882
518.254
523.533
528.725
533.837
538.876
543.849
548.761
553.621
558.433
563.206
567.945
572.657
577.349
582.027
586.699
591.37
596.047
600.738
605.448
610.185
614.954
619.762
624.617
629.525
634.492
639.525
644.631
649.816
655.086
660.45
665.912
671.481
677.162
682.962
688.887
694.945
701.142
707.485
713.979
720.633
727.452
734.443
741.613
748.968
756.516
764.262
772.213
780.376
788.758
797.365
806.203
815.28
824.603
834.176
844.009
854.106
864.474
875.121
886.053
897.276
908.798
920.624
932.761
945.217
957.997
971.108
984.557
998.351
1012.5
1027
1041.87
1057.1
1072.72
1088.72
1105.11
1121.9
1139.09
1156.7
1174.72
1193.16
1212.04
1231.35
1251.11
1271.32
1291.98
1313.11
1334.71
1356.79
1379.35
1402.4
1425.95
1450.7
1480.12
1514.55
1553.85
1597.87
1646.47
1699.5
1756.82
1818.29
1883.77
1953.1
2026.15
2102.77
2182.82
2266.15
2352.63
2442.1
2534.42
2629.44
2727.04
2827.05
2929.34
3033.76
3140.17
3248.43
3358.39
3469.9
3582.83
3697.02
3812.34
3928.65
4045.79
4163.62
4282
4400.79
4519.84
4639.01
4758.15
4877.13
4995.79
5113.99
5231.59
5348.44
5464.41
5579.34
5693.1
5805.53
5916.5
6025.86
6133.47
6239.18
6342.85
6444.34
6543.5
6640.19
6734.26
6825.57
6913.97
6999.33
7081.5
7160.33
7235.68
7307.41
7375.37
7439.42
7499.41
7555.21
7606.66
7653.63
7695.96
7733.52
7766.17
7793.75
7816.12
7833.14
7844.67
7850.56
7851.03
7849.88
7848.2
7845.98
7843.14
7839.77
7835.8
7831.28
7826.22
7820.58
7814.43
7807.7
7800.47
7792.69
7784.4
7775.59
7766.25
7756.43
7746.08
7735.25
7723.9
7712.09
7699.77
7686.98
7673.7
7659.96
7645.75
7631.06
7615.95
7600.33
7584.28
7567.79
7550.83
7533.46
7515.63
7497.37
7478.68
7459.59
7440.05
7420.09
7399.73
7378.96
7357.79
7336.23
7314.26
7291.91
7091.37
6881.56
6663.35
6437.64
6205.29
5967.2
5724.24
5477.29
5227.23
4974.95
4721.32
4467.22
4213.54
3961.16
3710.95
3463.8
3220.59
2982.2
2749.5
2523.39
2304.73
2094.42
1893.33
1702.34
1522.33
1354.19
1198.79
1057.02
929.754
817.873
722.259
643.793
583.354
541.825
518.349
498.529
478.961
459.641
440.569
421.742
403.159
384.817
366.715
348.851
331.222
313.828
296.666
279.734
263.031
246.554
230.302
214.272
198.463
182.873
167.5
152.343
137.398
122.665
108.141
93.8246
79.714
65.8072
52.1022
38.5972
25.2903
12.1796
-0.736814
-13.4608
-25.9943
-38.3392
-50.4973
-62.4706
-74.261
-85.8703
-97.3004
-108.553
-119.631
-130.535
-141.267
-151.83
-162.225
-172.454
-182.519
-192.422
-202.165
-211.749
-221.177
-230.45
-239.571
-248.541
-257.362
-266.036
-274.565
-282.951
-291.195
-299.3
-307.268
-315.1
-322.798
-330.364
-337.8
-345.109
-352.291
-359.349
-366.284
-373.1
-379.796
-386.376
-392.841
-399.193
-405.434
-411.566
-417.59
-423.51
-429.326
-435.04
-440.655
-446.171
-451.592
-456.92
-462.154
-467.299
-472.356
-477.326
-482.211
-487.014
-491.736
-496.379
-500.946
-505.437
-509.855
-514.202
-518.48
-522.69
-526.834
-530.915
-534.933
-538.892
-542.793
-546.638
-550.429
-554.167
-557.855
-561.494
-565.087
-568.634
-572.139
-575.603
-579.028
-582.416
-585.768
-589.087
-592.374
-595.632
-598.862
-602.066
-605.246
-608.405
-611.543
-614.662
-617.766
-620.854
-623.931
-626.996
-630.053
-633.103
-636.148
-639.189
-642.23
-645.271
-648.314
-651.362
-654.417
-657.479
-660.552
-663.637
-666.735
-669.85
-672.982
-676.134
-679.307
-682.503
-685.725
-688.974
-692.252
-695.561
-698.903
-702.279
-705.692
-709.144
-712.636
-716.17
-719.749
-723.373
-727.046
-730.768
-734.542
-738.37
-742.254
-746.194
-750.194
-754.256
-758.38
-762.57
-766.826
-771.151
-775.547
-780.015
-784.558
-789.178
-793.875
-798.653
-803.512
-808.456
-813.485
-818.603
-823.809
-829.108
-834.499
-839.986
-845.57
-851.254
-857.038
-862.925
-868.917
-875.015
-881.222
-887.54
-893.969
-900.513
-907.174
-913.952
-920.85
-927.869
-935.013
-942.282
-949.678
-957.204
-964.861
-972.652
-980.577
-988.639
-996.84
-1005.18
-1013.67
-1022.3
-1031.07
-1039.99
-1049.07
-1058.29
-1067.67
-1077.21
-1086.9
-1096.76
-1106.77
-1116.95
-1127.29
-1137.8
-1148.48
-1159.33
-1170.36
-1181.55
-1192.93
-1204.48
-1216.22
-1228.13
-1240.23
-1252.52
-1265
-1277.66
-1290.52
-1303.57
-1316.81
-1330.26
-1343.9
-1357.74
-1371.79
-1386.04
-1400.5
-1415.17
-1430.05
-1445.14
-1460.45
-1476.29
-1494.4
-1514.98
-1537.98
-1563.33
-1590.97
-1620.85
-1652.9
-1687.06
-1723.29
-1761.5
-1801.66
-1843.69
-1887.54
-1933.15
-1980.45
-2029.4
-2079.92
-2131.96
-2185.47
-2240.37
-2296.62
-2354.14
-2412.89
-2472.8
-2533.82
-2595.88
-2658.92
-2722.89
-2787.72
-2853.35
-2919.73
-2986.8
-3054.5
-3122.76
-3191.53
-3260.75
-3330.35
-3400.29
-3470.49
-3540.91
-3611.47
-3682.13
-3752.81
-3823.47
-3894.04
-3964.46
-4034.68
-4104.63
-4174.25
-4243.49
-4312.28
-4380.57
-4448.29
-4515.39
-4581.81
-4647.49
-4712.36
-4776.37
-4839.46
-4901.56
-4962.63
-5022.6
-5081.4
-5138.99
-5195.3
-5250.27
-5303.85
-5355.96
-5406.56
-5455.58
-5502.97
-5548.66
-5592.6
-5634.72
-5674.97
-5713.28
-5749.6
-5783.87
-5816.03
-5846.01
-5873.76
-5899.23
-5922.34
-5943.04
-5961.27
-5976.97
-5990.09
-6000.55
-6008.31
-6013.3
-6015.47
-6006.31
-5993.63
-5980.6
-5967.2
-5953.47
-5939.38
-5924.95
-5910.18
-5895.09
-5879.65
-5863.88
-5847.79
-5831.38
-5814.65
-5797.6
-5780.25
-5762.58
-5560.53
-5346.62
-5122.33
-4889.17
-4648.64
-4402.24
-4151.48
-3897.84
-3642.84
-3387.97
-3134.74
-2884.64
-2639.17
-2399.84
-2168.15
-1945.59
-1733.67
-1533.88
-1347.74
-1176.73
-1022.36
-886.129
-769.539
-674.09
-601.281
-552.615
-528.645
-511.92
-495.393
-479.061
-462.923
-446.977
-431.223
-415.659
-400.283
-385.095
-370.092
-355.274
-340.64
-326.187
-311.915
-297.822
-283.907
-270.169
-256.606
-243.217
-230
-216.955
-204.079
-191.372
-178.832
-166.458
-154.248
-142.201
-130.317
-118.593
-107.028
-95.6203
-84.3694
-73.2737
-62.3318
-51.5423
-40.9039
-30.4152
-20.0749
-9.88175
0.165711
10.0688
19.8288
29.4471
38.9251
48.264
57.4652
66.5301
75.46
84.2563
92.9202
101.453
109.856
118.131
126.279
134.302
142.2
149.975
157.629
165.162
172.576
179.873
187.054
194.119
201.071
207.911
214.64
221.26
227.771
234.176
240.475
246.669
252.761
258.752
264.642
270.433
276.127
281.725
287.228
292.638
297.955
303.182
308.319
313.369
318.331
323.208
328.001
332.711
337.34
341.889
346.359
350.752
355.069
359.311
363.479
367.576
371.602
375.559
379.448
383.27
387.027
390.719
394.35
397.919
401.428
404.878
408.271
411.608
414.891
418.12
421.298
424.425
427.503
430.533
433.516
436.454
439.348
442.2
445.011
447.781
450.514
453.209
455.868
458.493
461.085
463.645
466.174
468.674
471.147
473.593
476.014
478.412
480.787
483.14
485.475
487.79
490.089
492.372
494.641
496.896
499.14
501.374
503.598
505.815
508.026
510.232
512.434
514.633
516.832
519.031
521.232
523.436
525.644
527.858
530.079
532.309
534.548
536.799
539.062
541.338
543.63
545.938
548.264
550.61
552.975
555.363
557.774
560.209
562.67
565.158
567.675
570.221
572.799
575.41
578.054
580.734
583.45
586.204
588.997
591.831
594.707
597.626
600.59
603.599
606.656
609.762
612.917
616.124
619.384
622.697
626.066
629.492
632.975
636.518
640.122
643.788
647.517
651.311
655.171
659.098
663.094
667.16
671.298
675.508
679.792
684.152
688.589
693.104
697.698
702.373
707.13
711.971
716.896
721.908
727.007
732.195
737.474
742.843
748.306
753.863
759.515
765.265
771.112
777.059
783.107
789.258
795.512
801.87
808.335
814.908
821.59
828.382
835.286
842.302
849.433
856.68
864.043
871.525
879.127
886.85
894.695
902.663
910.757
918.977
927.325
935.802
944.409
953.148
962.021
971.027
980.169
989.449
998.867
1008.42
1018.12
1027.96
1037.95
1048.08
1058.36
1068.78
1079.36
1090.08
1100.96
1111.99
1123.17
1134.51
1146.01
1157.66
1169.48
1181.45
1193.59
1205.9
1218.36
1231
1243.8
1257.65
1273.72
1291.98
1312.4
1334.91
1359.49
1386.09
1414.67
1445.17
1477.57
1511.81
1547.85
1585.65
1625.16
1666.34
1709.16
1753.56
1799.5
1846.93
1895.82
1946.13
1997.8
2050.79
2105.07
2160.58
2217.29
2275.15
2334.11
2394.14
2455.19
2517.22
2580.18
2644.03
2708.72
2774.23
2840.49
2907.47
2975.12
3043.4
3112.27
3181.68
3251.59
3044.41
2817.51
2575.97
2324.9
2069.4
1814.57
1565.52
1327.33
1105.12
903.976
729.005
585.305
477.978
412.123
388.94
374.81
360.846
347.046
333.409
319.934
306.619
293.465
280.469
267.631
254.948
242.422
230.049
217.829
205.761
193.844
182.076
170.457
158.986
147.66
136.48
125.443
114.55
103.798
93.1872
82.7156
72.3825
62.1866
52.1268
42.2021
32.4113
22.7532
13.2268
3.83097
-5.43547
-14.5736
-23.5846
-32.4695
-41.2295
-49.8658
-58.3793
-66.7713
-75.0428
-83.195
-91.229
-99.146
-106.947
-114.633
-122.206
-129.666
-137.014
-144.252
-151.381
-158.402
-165.316
-172.124
-178.827
-185.427
-191.924
-198.32
-204.615
-210.812
-216.91
-222.912
-228.818
-234.629
-240.347
-245.972
-251.506
-256.95
-262.305
-267.572
-272.752
-277.847
-282.857
-287.784
-292.628
-297.391
-302.075
-306.679
-311.206
-315.655
-320.03
-324.33
-328.556
-332.711
-336.794
-340.807
-344.752
-348.629
-352.439
-356.184
-359.864
-363.482
-367.037
-370.531
-373.966
-377.342
-380.66
-383.921
-387.128
-390.28
-393.379
-396.426
-399.422
-402.368
-405.266
-408.117
-410.921
-413.679
-416.394
-419.065
-421.695
-424.284
-426.833
-429.344
-431.817
-434.255
-436.657
-439.024
-441.359
-443.663
-445.935
-448.178
-450.393
-452.58
-454.741
-456.878
-458.99
-461.079
-463.147
-465.194
-467.222
-469.231
-471.223
-473.199
-475.161
-477.108
-479.043
-480.966
-482.878
-484.781
-486.677
-488.564
-490.446
-492.324
-494.197
-496.068
-497.937
-499.806
-501.676
-503.547
-505.422
-507.301
-509.185
-511.075
-512.973
-514.879
-516.795
-518.723
-520.662
-522.614
-524.58
-526.562
-528.56
-530.576
-532.61
-534.665
-536.74
-538.837
-540.958
-543.103
-545.273
-547.47
-549.695
-551.948
-554.232
-556.546
-558.893
-561.273
-563.687
-566.137
-568.623
-571.148
-573.711
-576.314
-578.959
-581.646
-584.376
-587.151
-589.971
-592.838
-595.753
-598.717
-601.731
-604.797
-607.915
-611.086
-614.312
-617.594
-620.932
-624.329
-627.784
-631.3
-634.877
-638.517
-642.221
-645.989
-649.823
-653.724
-657.692
-661.731
-665.839
-670.019
-674.272
-678.598
-682.999
-687.476
-692.03
-696.663
-701.374
-706.166
-711.04
-715.996
-721.037
-726.162
-731.373
-736.671
-742.058
-747.533
-753.1
-758.758
-764.509
-770.354
-776.294
-782.33
-788.463
-794.695
-801.026
-807.458
-813.991
-820.628
-827.368
-834.214
-841.166
-848.225
-855.393
-862.67
-870.058
-877.558
-885.171
-892.898
-900.74
-908.699
-916.775
-924.969
-933.284
-941.719
-950.276
-958.956
-967.761
-976.691
-985.748
-995.255
-1005.47
-1016.38
-1027.97
-1040.23
-1053.15
-1066.72
-1080.93
-1095.76
-1111.2
-1127.25
-1143.89
-1161.11
-1178.9
-1197.24
-1216.12
-1235.54
-1004.6
-757.531
-576.181
-525.071
-505.553
-486.29
-467.279
-448.519
-430.007
-411.742
-393.721
-375.943
-358.407
-341.109
-324.049
-307.224
-290.632
-274.272
-258.142
-242.24
-226.564
-211.112
-195.882
-180.872
-166.081
-151.507
-137.147
-123
-109.064
-95.3376
-81.818
-68.5039
-55.3932
-42.4841
-29.7747
-17.2632
-4.94769
7.17375
19.103
30.8419
42.3923
53.7561
64.9352
75.9315
86.7468
97.383
107.842
118.126
128.236
138.175
147.943
157.545
166.98
176.251
185.36
194.308
203.098
211.732
220.211
228.537
236.712
244.738
252.617
260.35
267.94
275.389
282.697
289.868
296.904
303.805
310.573
317.212
323.722
330.106
336.364
342.501
348.516
354.412
360.191
365.854
371.405
376.843
382.172
387.394
392.509
397.52
402.429
407.238
411.949
416.563
421.082
425.508
429.844
434.09
438.25
442.324
446.315
450.224
454.053
457.805
461.481
465.083
468.613
472.072
475.463
478.788
482.048
485.245
488.381
491.458
494.479
497.443
500.355
503.215
506.025
508.788
511.505
514.178
516.808
519.399
521.951
524.466
526.947
529.395
531.813
534.201
536.562
538.898
541.211
543.502
545.774
548.028
550.266
552.49
554.701
556.903
559.096
561.283
563.466
565.645
567.824
570.004
572.186
574.374
576.568
578.77
580.983
583.209
585.448
587.704
589.977
592.271
594.586
596.924
599.288
601.679
604.099
606.551
609.035
611.554
614.11
616.705
619.34
622.017
624.738
627.506
630.321
633.186
636.103
639.073
642.099
645.182
648.325
651.528
654.795
658.126
661.524
664.99
668.527
672.137
675.82
679.58
683.417
687.335
691.334
695.417
699.585
703.84
708.185
712.621
717.149
721.773
726.493
731.312
736.232
741.254
746.38
751.612
756.952
762.402
767.963
773.639
779.429
785.337
791.365
797.513
803.785
810.181
816.704
823.356
830.138
837.053
844.101
851.286
858.609
866.072
873.677
881.425
889.318
897.359
905.55
913.891
922.386
931.035
939.841
948.806
957.931
967.219
976.671
986.289
996.075
1006.03
1016.16
1026.46
1036.94
1047.59
1058.42
1069.44
1080.64
1092.02
1103.59
1115.35
1127.3
1139.44
1151.77
1164.3
1177.03
1189.96
1203.09
1216.43
1229.97
1243.72
1258.52
1275.51
1294.66
1315.92
1339.26
1364.62
1391.97
1421.27
1452.46
1485.52
1520.38
1557.02
1595.39
1635.45
1677.14
1720.44
1765.29
1811.66
1859.5
1908.77
1959.42
2011.42
2064.72
2119.27
2175.03
2231.97
2290.04
2349.19
2409.38
2470.57
2532.72
2595.78
2659.71
2724.47
2790.01
2856.3
2923.28
2990.92
3059.18
3128
3197.35
3267.18
3060.06
2833.28
2591.85
2340.8
2085.16
1829.95
1580.19
1340.92
1117.14
913.891
736.194
589.071
477.549
406.649
379.76
366.277
352.95
339.778
326.761
313.897
301.185
288.624
276.213
263.951
251.837
239.87
228.049
216.373
204.841
193.451
182.203
171.095
160.127
149.298
138.606
128.05
117.63
107.344
97.1911
87.1706
77.2812
67.5219
57.8917
48.3895
39.0142
29.7648
20.6402
11.6394
2.7614
-5.99495
-14.6307
-23.1468
-31.5444
-39.8245
-47.9882
-56.0365
-63.9704
-71.7911
-79.4996
-87.0969
-94.584
-101.962
-109.232
-116.395
-123.452
-130.405
-137.253
-143.999
-150.643
-157.186
-163.63
-169.975
-176.223
-182.374
-188.43
-194.391
-200.259
-206.035
-211.72
-217.314
-222.82
-228.237
-233.567
-238.812
-243.971
-249.047
-254.04
-258.951
-263.781
-268.532
-273.204
-277.799
-282.317
-286.76
-291.128
-295.423
-299.646
-303.797
-307.878
-311.891
-315.835
-319.712
-323.523
-327.269
-330.951
-334.57
-338.128
-341.625
-345.062
-348.441
-351.762
-355.026
-358.235
-361.39
-364.491
-367.54
-370.538
-373.485
-376.384
-379.234
-382.037
-384.794
-387.506
-390.175
-392.8
-395.384
-397.927
-400.43
-402.894
-405.321
-407.712
-410.066
-412.387
-414.674
-416.929
-419.152
-421.345
-423.509
-425.645
-427.753
-429.836
-431.894
-433.928
-435.938
-437.927
-439.896
-441.844
-443.774
-445.686
-447.582
-449.462
-451.328
-453.18
-455.02
-456.848
-458.666
-460.475
-462.276
-464.07
-465.858
-467.64
-469.419
-471.195
-472.969
-474.742
-476.515
-478.29
-480.066
-481.847
-483.632
-485.422
-487.219
-489.023
-490.836
-492.659
-494.492
-496.338
-498.196
-500.068
-501.955
-503.858
-505.778
-507.716
-509.674
-511.651
-513.65
-515.671
-517.716
-519.785
-521.879
-524
-526.148
-528.325
-530.532
-532.77
-535.039
-537.341
-539.677
-542.048
-544.454
-546.898
-549.38
-551.901
-554.462
-557.065
-559.71
-562.398
-565.13
-567.908
-570.733
-573.604
-576.525
-579.495
-582.516
-585.589
-588.714
-591.893
-595.127
-598.417
-601.764
-605.17
-608.634
-612.158
-615.744
-619.391
-623.103
-626.878
-630.719
-634.626
-638.601
-642.644
-646.757
-650.941
-655.197
-659.525
-663.927
-668.403
-672.956
-677.586
-682.294
-687.08
-691.947
-696.895
-701.926
-707.039
-712.237
-717.521
-722.89
-728.347
-733.893
-739.529
-745.254
-751.072
-756.982
-762.987
-769.086
-775.28
-781.572
-787.962
-794.451
-801.04
-807.73
-814.522
-821.418
-828.417
-835.523
-842.734
-850.053
-857.481
-865.018
-872.665
-880.425
-888.297
-896.282
-904.383
-912.599
-920.933
-929.384
-937.954
-946.925
-956.545
-966.804
-977.692
-989.197
-1001.31
-1014.02
-1027.32
-1041.19
-1055.63
-1070.63
-1086.17
-1102.24
-1118.84
-1135.95
-901.789
-664.601
-535.495
-515.104
-495.718
-476.585
-457.703
-439.07
-420.684
-402.544
-384.647
-366.991
-349.576
-332.398
-315.456
-298.748
-282.273
-266.028
-250.012
-234.222
-218.657
-203.315
-188.193
-173.292
-158.607
-144.138
-129.882
-115.838
-102.004
-88.378
-74.9579
-61.7421
-48.7286
-35.9156
-23.3012
-10.8836
1.33916
13.3689
25.2075
36.8569
48.3189
59.5953
70.6881
81.599
92.3301
102.883
113.26
123.462
133.493
143.352
153.043
162.567
171.926
181.122
190.156
199.032
207.749
216.312
224.72
232.977
241.083
249.042
256.854
264.521
272.047
279.431
286.677
293.786
300.759
307.6
314.309
320.889
327.341
333.668
339.87
345.951
351.911
357.754
363.48
369.091
374.59
379.978
385.257
390.429
395.496
400.46
405.322
410.085
414.75
419.319
423.795
428.178
432.471
436.676
440.794
444.828
448.779
452.649
456.44
460.154
463.792
467.358
470.852
474.276
477.632
480.923
484.15
487.314
490.418
493.464
496.453
499.387
502.269
505.099
507.881
510.615
513.304
515.95
518.554
521.118
523.645
526.135
528.591
531.015
533.409
535.774
538.112
540.426
542.717
544.986
547.237
549.47
551.688
553.892
556.085
558.268
560.443
562.611
564.776
566.938
569.1
571.263
573.429
575.6
577.779
579.966
582.164
