1.88152e-08 0 0 0 -9.52303e-18 4.99757e-18 7.84135e-17 -2.4129e-16 -8.11467e-17 2.2109e-17 2.31537e-15 3.5229e-16 -1.14134e-13
3.76311e-08 0 0 0 6.53721e-17 -2.57993e-17 -2.60351e-16 -4.18602e-15 2.81334e-16 2.89886e-18 -4.94531e-15 -2.31748e-16 8.51656e-14
5.64478e-08 0 0 0 -2.49355e-17 -2.56288e-17 -3.98045e-16 6.17593e-15 4.83424e-16 -7.44215e-20 6.51443e-15 -3.21647e-15 -3.93951e-14
7.52655e-08 0 0 0 5.06907e-18 -2.01191e-17 2.36658e-29 1.57669e-14 1.9923e-16 1.59605e-17 -6.31047e-15 -1.24115e-15 5.31345e-14
9.4085e-08 0 0 0 -1.56549e-17 -4.12867e-19 6.87328e-29 -7.92035e-15 5.98683e-17 6.73611e-18 -2.32418e-14 -4.54331e-16 4.25045e-13
1.12906e-07 0 0 0 4.45971e-17 -1.58375e-18 3.79045e-29 -5.67977e-15 4.15057e-16 -3.54875e-18 1.27646e-14 -7.74678e-16 6.14072e-14
1.31728e-07 0 0 0 -3.65017e-17 -4.47226e-19 6.42298e-29 -2.9897e-15 -2.50963e-16 2.56551e-19 -2.12535e-16 -1.13832e-15 -3.48941e-13
1.21974e-07 0 0 0 1.36802e-17 -4.83711e-18 2.66061e-28 1.04133e-14 -8.69097e-17 -4.99026e-19 1.43256e-14 -5.72127e-15 -5.74252e-15
1.23109e-07 0 0 0 5.62213e-18 2.04855e-18 -7.8457e-29 -3.8029e-15 -8.34375e-16 2.98699e-18 1.27463e-14 -8.50354e-15 1.91043e-13
1.27368e-07 0 0 0 3.01892e-17 -4.05182e-18 6.19191e-29 -7.55066e-15 4.23102e-16 1.17396e-17 4.36034e-15 -1.71039e-15 6.17007e-13
1.39816e-07 0 0 0 1.43332e-16 -3.3481e-18 -3.78339e-29 -3.68016e-15 3.32451e-16 -1.18088e-17 -7.03844e-15 3.82584e-15 2.67446e-13
1.56068e-07 0 0 0 8.0312e-17 -3.76874e-18 1.63023e-29 -1.10535e-15 1.06027e-16 5.10765e-18 1.24117e-14 2.03374e-15 -3.32899e-16
1.77159e-07 0 0 0 1.69613e-15 -4.2818e-17 1.36162e-29 -4.08084e-15 1.75168e-16 3.24599e-18 5.46795e-15 5.03418e-15 -2.58007e-13
1.90938e-07 0 0 0 3.50891e-15 -1.20564e-16 7.58137e-31 3.50518e-16 -2.05307e-16 6.21103e-16 8.02266e-15 -1.49419e-15 4.45882e-14
1.99264e-07 0 0 0 2.9809e-15 -1.19793e-16 1.22355e-30 3.47471e-16 -6.92496e-16 -2.47028e-15 7.0699e-15 -1.12249e-15 1.92465e-14
2.16464e-07 0 0 0 -8.67632e-16 4.39393e-17 -7.33716e-30 -9.68443e-16 -1.6389e-16 -4.02501e-16 1.26948e-14 -1.21363e-16 2.25402e-14
2.44188e-07 0 0 0 -4.51037e-15 2.27102e-16 2.75141e-29 -6.94583e-15 -5.59813e-16 7.80416e-18 1.17031e-14 1.60439e-15 -1.6248e-14
2.82568e-07 0 0 0 8.37973e-17 6.0594e-18 -1.42872e-30 -3.51159e-15 6.22715e-16 -1.73366e-17 7.4068e-15 4.61436e-16 2.47532e-14
3.34853e-07 0 0 0 -5.58237e-16 3.36989e-17 -9.80067e-30 4.83775e-15 6.9521e-16 -5.77254e-15 -9.16266e-15 1.56165e-16 -1.96855e-15
3.74655e-07 0 0 0 -1.1632e-15 9.89642e-17 1.31441e-30 1.26758e-14 -2.6413e-16 6.43681e-16 6.43936e-15 -5.85957e-16 2.54614e-14
4.24629e-07 0 0 0 -4.33523e-15 3.29226e-16 -3.03602e-30 4.44955e-15 8.58828e-17 1.51193e-14 4.77383e-15 -2.95146e-16 7.25e-14
4.99965e-07 0 0 0 -1.05247e-15 7.29151e-17 1.34432e-28 1.78633e-14 4.16821e-16 1.46156e-14 -2.61428e-14 1.55812e-15 -4.86244e-14
5.51151e-07 0 0 0 1.29232e-15 -7.63883e-17 -2.51019e-28 6.3934e-15 -2.52164e-17 5.246e-15 -2.36014e-15 1.43301e-15 7.60016e-14
6.54673e-07 0 0 0 5.05388e-15 -3.5859e-16 -2.85505e-29 -2.23107e-16 5.09654e-16 6.69395e-14 2.51325e-14 -2.61566e-15 -1.22968e-13
7.23424e-07 0 0 0 8.83992e-15 -6.54017e-16 -5.58154e-29 4.24294e-14 -5.45233e-16 5.94822e-15 -5.41852e-14 -1.45032e-16 1.71728e-14
8.15782e-07 0 0 0 1.43856e-14 -1.09872e-15 -1.25193e-29 -1.99646e-14 -5.09705e-16 -4.76105e-14 -5.81718e-15 -5.00364e-15 -2.00784e-14
8.96208e-07 0 0 0 -7.93744e-15 6.37897e-16 -1.22887e-28 -1.1221e-16 7.90197e-16 -8.77246e-15 -9.60577e-15 2.52159e-16 5.81037e-14
9.44361e-07 0 0 0 4.20826e-15 -3.82609e-16 -9.36622e-29 3.64815e-14 -3.95269e-16 1.68606e-14 -2.99783e-14 3.01638e-15 1.24881e-12
1.04558e-06 0 0 0 -3.04459e-15 2.51773e-16 1.68488e-29 6.6951e-15 2.5405e-16 -1.27419e-14 2.37021e-14 4.68173e-15 -3.01567e-13
1.07421e-06 0 0 0 -1.14796e-15 1.15931e-16 -9.33491e-29 1.2028e-14 -2.39412e-17 1.2443e-14 1.04781e-14 1.35228e-15 -2.97581e-13
1.14609e-06 0 0 0 -5.00729e-15 4.74449e-16 1.53451e-28 -4.43837e-14 4.02308e-16 -6.11299e-15 7.31233e-14 -9.8018e-15 -2.10953e-14
1.17775e-06 0 0 0 -1.67838e-14 1.54099e-15 -3.06504e-29 2.92751e-14 4.21465e-16 -2.06493e-14 -2.36655e-14 5.12423e-15 8.93673e-13
1.20244e-06 0 0 0 -5.14724e-15 4.48795e-16 1.24052e-28 -1.84018e-14 8.51012e-16 1.52146e-14 5.61568e-14 -6.52893e-15 2.50183e-13
1.23497e-06 0 0 0 4.21096e-15 -3.61414e-16 -3.33297e-29 -3.31584e-14 7.91672e-16 1.69056e-14 2.27044e-14 -5.15037e-15 -2.83244e-12
1.25183e-06 0 0 0 4.24681e-17 7.7122e-18 -5.83151e-29 -1.41608e-15 1.0403e-15 -4.84893e-14 4.4598e-14 -1.23194e-14 -4.79537e-13
1.29159e-06 0 0 0 1.10033e-14 -9.14183e-16 -1.3705e-28 -5.98091e-14 4.14882e-16 -5.77506e-14 5.30722e-14 -4.70469e-15 3.43894e-12
1.32225e-06 0 0 0 -1.54679e-14 1.35914e-15 -1.10139e-28 1.55538e-14 1.33219e-16 2.29578e-17 4.2212e-14 -1.03561e-15 2.5029e-12
1.32343e-06 0 0 0 -9.58875e-15 8.67236e-16 -8.66142e-28 5.79775e-14 -9.08611e-16 -2.26337e-17 -3.6669e-15 -1.97344e-15 1.7766e-12
1.40133e-06 0 0 0 5.59111e-15 -4.77096e-16 -2.90362e-29 2.37238e-14 -9.24463e-16 5.71714e-16 -1.41172e-13 4.57862e-15 5.09151e-13
1.46164e-06 0 0 0 2.09128e-14 -1.99091e-15 -5.79074e-29 6.20917e-14 -1.29661e-15 -1.02986e-16 -1.16112e-13 4.60485e-15 -7.92799e-16
1.47341e-06 0 0 0 -1.4551e-14 1.50132e-15 -8.66319e-29 -5.96516e-15 4.11526e-17 -9.98624e-17 2.71205e-14 -1.43164e-15 -1.89398e-15
1.52832e-06 0 0 0 -3.71764e-15 3.238e-16 -3.3861e-29 7.04626e-14 -2.10123e-15 -6.43548e-17 6.51541e-15 -4.89608e-15 2.97858e-15
1.54071e-06 0 0 0 -8.64472e-15 8.41969e-16 -2.92488e-29 5.5109e-14 -2.57673e-15 1.47484e-16 -1.64931e-13 1.79782e-14 2.96108e-15
1.56324e-06 0 0 0 1.11763e-15 -1.04945e-17 5.00693e-29 6.95089e-14 -2.37202e-15 -8.60635e-18 -7.78878e-14 6.10324e-15 -5.51164e-16
1.53637e-06 0 0 0 6.57204e-15 -6.63603e-16 2.8343e-28 -5.3284e-14 1.68588e-15 -9.69552e-17 8.9258e-14 -2.44588e-15 4.17842e-16
1.61937e-06 0 0 0 3.89704e-17 -3.57419e-18 1.86841e-28 -4.68092e-15 2.25067e-16 3.6629e-17 -1.16401e-13 1.04034e-14 -1.00338e-15
1.64027e-06 0 0 0 1.95138e-14 -2.22637e-15 -9.29468e-28 -1.57264e-13 7.21759e-15 4.40593e-16 2.59695e-13 -3.88509e-14 6.5768e-16
1.63975e-06 0 0 0 -6.58647e-18 1.81186e-17 9.88516e-28 -1.07329e-13 5.29371e-15 1.14911e-15 1.33054e-13 -2.07379e-14 1.89644e-16
1.65092e-06 0 0 0 -9.53693e-18 3.27587e-17 -4.44742e-29 -7.51508e-16 -1.22705e-16 8.30824e-17 -2.45293e-14 4.22187e-15 6.2354e-16
1.66209e-06 0 0 0 -2.13155e-17 1.73939e-17 -1.88865e-29 -4.53428e-14 2.20067e-15 1.98406e-16 3.16102e-14 -2.07476e-15 3.29581e-16
1.67327e-06 0 0 0 1.39826e-17 1.20983e-17 -1.49688e-29 -2.03839e-14 1.07214e-15 1.98468e-16 -3.60742e-15 3.46272e-15 -2.67807e-16
1.65844e-06 0 0 0 -3.0059e-15 3.59769e-16 3.78175e-29 -2.47505e-14 9.82462e-16 1.67387e-16 5.82213e-15 -1.69124e-15 1.61057e-16
3.23927e-06 0 0 0 -3.1239e-20 1.87356e-21 -4.48626e-31 -9.13486e-20 1.1862e-20 7.48015e-19 9.96221e-19 -1.40106e-19 1.08145e-18
1.6358e-06 0 0 0 -2.72552e-17 3.88022e-18 2.97481e-28 1.13592e-14 -1.05126e-15 1.28766e-17 -3.57398e-14 1.58201e-15 -2.40273e-15
1.76265e-06 0 0 0 1.96055e-17 -1.31967e-17 -3.48999e-29 6.5771e-15 -5.03461e-16 -1.21893e-16 -1.87065e-14 2.10719e-15 4.15314e-13
1.82411e-06 0 0 0 -5.71685e-18 2.14433e-18 -4.57646e-29 2.49397e-16 -3.68931e-16 -5.72198e-17 2.34599e-14 -1.9807e-15 1.33536e-13
1.86109e-06 0 0 0 -3.92684e-17 8.73202e-17 -3.62252e-28 -1.03458e-14 -5.27423e-16 1.95526e-16 -1.20444e-13 3.00426e-15 -5.02178e-13
2.48915e-06 0 0 0 -3.53405e-17 3.27745e-17 -5.06776e-28 -2.70518e-14 1.71851e-15 8.80806e-16 1.23858e-13 -2.01881e-14 -1.00472e-13
2.1878e-06 0 0 0 3.72195e-17 5.36349e-17 -3.33132e-28 2.02148e-13 -1.44206e-14 1.09095e-15 1.69813e-13 -1.47843e-14 1.09904e-12
2.31679e-06 0 0 0 -2.01827e-16 -7.36025e-17 1.29396e-28 1.57302e-13 -1.01671e-14 -3.03371e-18 -6.65466e-14 3.77488e-15 1.66454e-13
2.70482e-06 0 0 0 -7.15204e-17 6.01402e-17 -5.26409e-29 5.05014e-14 -5.2894e-15 -5.66821e-16 -1.12649e-13 8.46921e-15 -3.6658e-13
2.75952e-06 0 0 0 9.35381e-17 -3.61313e-17 2.72669e-28 -2.02492e-13 1.57773e-14 -4.55494e-16 1.32759e-14 -1.85724e-15 -8.01886e-14
2.50717e-06 0 0 0 -2.07514e-17 -1.07445e-16 1.61579e-28 2.07338e-13 -1.3985e-14 8.72802e-16 -2.22848e-13 1.9844e-14 2.22764e-14
