0.1 -1.3057e-06 -7.53595e-08 3.16741e-08 -2.16179e-21 -2.16179e-23
0.2 -2.61198e-06 -1.50756e-07 6.33654e-08 -8.35168e-21 -8.35168e-23
0.3 -3.91884e-06 -2.2619e-07 9.50739e-08 -1.36292e-20 -1.36292e-22
0.4 -5.22629e-06 -3.01661e-07 1.268e-07 -1.3517e-20 -1.3517e-22
0.5 -6.53432e-06 -3.7717e-07 1.58543e-07 -1.51387e-20 -1.51387e-22
0.6 -7.84293e-06 -4.52715e-07 1.90304e-07 -1.50831e-20 -1.50831e-22
0.7 -9.15213e-06 -5.28299e-07 2.22081e-07 -1.80845e-20 -1.80845e-22
0.8 -1.04619e-05 -6.03919e-07 2.53877e-07 -1.92141e-20 -1.92141e-22
0.9 -1.17723e-05 -6.79577e-07 2.85689e-07 -2.19145e-20 -2.19145e-22
1 -1.30832e-05 -7.55273e-07 3.1752e-07 -2.13428e-20 -2.13428e-22
0.195059 -1.20334e-06 8.18444e-06 3.18865e-07 -5.67888e-20 -5.67888e-22
0.359712 8.77544e-06 1.5861e-05 3.30067e-07 -7.48784e-20 -7.48784e-22
0.499286 3.41866e-05 2.49013e-05 3.78341e-07 -1.06611e-20 -1.06611e-22
0.624508 8.16934e-05 3.57688e-05 4.12603e-07 2.38109e-20 2.38109e-22
0.740086 0.000142623 4.72725e-05 4.37138e-07 -1.17337e-18 -1.17337e-20
0.848789 0.000210009 5.87711e-05 4.39598e-07 1.32392e-18 1.32392e-20
0.943863 0.00027613 6.94759e-05 4.53961e-07 1.18769e-18 1.18769e-20
1.02849 0.000337831 7.92302e-05 4.5727e-07 1.11828e-18 1.11828e-20
1.10141 0.00039286 8.75227e-05 4.73945e-07 -1.17561e-18 -1.17561e-20
1.16216 0.000440439 9.47061e-05 4.75517e-07 -2.83687e-18 -2.83687e-20
1.21001 0.000477671 0.000100332 4.67339e-07 -3.91543e-18 -3.91543e-20
1.24689 0.000506244 0.000104598 4.86428e-07 -4.28199e-18 -4.28199e-20
1.27829 0.000532017 0.000108343 4.92501e-07 -2.26105e-18 -2.26105e-20
1.30346 0.00055361 0.000111493 5.02922e-07 -2.33712e-18 -2.33712e-20
1.32626 0.000572282 0.000114169 5.10079e-07 -2.60978e-18 -2.60978e-20
1.34668 0.000587168 0.000116228 5.29175e-07 -3.02503e-18 -3.02503e-20
1.36617 0.000601121 0.00011813 5.46111e-07 -3.28221e-18 -3.28221e-20
1.38519 0.00061623 0.000120235 5.58215e-07 -3.43583e-18 -3.43583e-20
1.40235 0.000630808 0.000122293 5.64058e-07 -3.42087e-18 -3.42087e-20
1.41601 0.000643124 0.000124019 5.7035e-07 -3.43854e-18 -3.43854e-20
1.42813 0.00065459 0.000125611 5.7607e-07 -3.35267e-18 -3.35267e-20
1.43686 0.000667604 0.000127505 5.89325e-07 -2.409e-18 -2.409e-20
1.44372 0.000677436 0.000128915 5.94401e-07 -2.12393e-18 -2.12393e-20
1.45068 0.000686624 0.000130185 5.9953e-07 -1.938e-18 -1.938e-20
1.45603 0.000694521 0.000131266 6.0368e-07 -1.75949e-18 -1.75949e-20
1.45882 0.000699516 0.000131952 6.05465e-07 -9.29394e-19 -9.29394e-21
1.46049 0.000702602 0.000132372 6.06388e-07 -1.49715e-18 -1.49715e-20
1.46027 0.000703042 0.000132443 6.06037e-07 -9.98043e-19 -9.98043e-21
1.45841 0.000702269 0.000132315 6.0585e-07 -1.14602e-18 -1.14602e-20
1.45401 0.000700254 0.000131969 6.05418e-07 -1.14239e-18 -1.14239e-20
1.44721 0.000697108 0.000131427 6.04755e-07 -1.50862e-18 -1.50862e-20
1.44104 0.000694102 0.000130902 6.04134e-07 -5.99679e-19 -5.99679e-21
1.4351 0.000691026 0.000130354 6.03529e-07 -1.36428e-18 -1.36428e-20
1.43128 0.000688978 0.000129987 6.03136e-07 -8.33633e-20 -8.33633e-22
1.42931 0.000687962 0.000129806 6.02927e-07 -6.1459e-19 -6.1459e-21
1.42876 0.000687692 0.000129759 6.02866e-07 -1.03007e-18 -1.03007e-20
1.42834 0.000687478 0.000129721 6.02822e-07 -1.53868e-18 -1.53868e-20
1.42802 0.00068732 0.000129693 6.02792e-07 -4.18531e-19 -4.18531e-21
1.42778 0.000687215 0.000129675 6.02767e-07 -2.25316e-18 -2.25316e-20
1.42762 0.000687142 0.000129663 6.02751e-07 -2.03322e-18 -2.03322e-20
1.42756 0.000687107 0.000129657 6.02746e-07 -1.0311e-18 -1.0311e-20
1.4275 0.000687055 0.000129646 6.02744e-07 -2.78242e-19 -2.78242e-21
1.42748 0.000687023 0.000129639 6.02745e-07 -7.4976e-19 -7.4976e-21
1.42744 0.000686996 0.000129634 6.0274e-07 -2.56593e-18 -2.56593e-20
1.42744 0.000686977 0.00012963 6.02737e-07 -3.17678e-18 -3.17678e-20
1.42741 0.000686952 0.000129625 6.02726e-07 -3.19727e-18 -3.19727e-20
1.42746 0.000686975 0.000129629 6.02721e-07 -3.41146e-18 -3.41146e-20
1.42752 0.000687002 0.000129634 6.02715e-07 -4.53714e-18 -4.53714e-20
1.42755 0.000687021 0.000129637 6.02707e-07 -4.68869e-18 -4.68869e-20
1.42764 0.000687055 0.000129643 6.02703e-07 -4.19406e-18 -4.19406e-20
1.42774 0.000687098 0.00012965 6.02701e-07 -3.90403e-18 -3.90403e-20
1.42783 0.000687141 0.000129657 6.02695e-07 -3.30553e-18 -3.30553e-20
1.42794 0.000687207 0.000129669 6.02689e-07 -3.53579e-18 -3.53579e-20
1.42806 0.000687272 0.000129681 6.02685e-07 -3.46782e-18 -3.46782e-20
1.42819 0.000687344 0.000129694 6.02682e-07 -3.53271e-18 -3.53271e-20
1.42832 0.000687404 0.000129705 6.02678e-07 -3.33972e-18 -3.33972e-20
1.42847 0.000687478 0.000129718 6.02678e-07 -3.50808e-18 -3.50808e-20
1.42862 0.000687553 0.000129731 6.02676e-07 -3.82283e-18 -3.82283e-20
1.42879 0.000687638 0.000129746 6.02675e-07 -3.83268e-18 -3.83268e-20
1.42896 0.00068772 0.00012976 6.02674e-07 -3.72189e-18 -3.72189e-20
1.42917 0.000687822 0.000129778 6.02676e-07 -2.97194e-18 -2.97194e-20
1.42939 0.000687931 0.000129797 6.02681e-07 -2.2149e-18 -2.2149e-20
1.42963 0.000688047 0.000129817 6.02687e-07 -2.10702e-18 -2.10702e-20
1.42989 0.000688176 0.00012984 6.02697e-07 -1.78319e-18 -1.78319e-20
1.43016 0.000688309 0.000129863 6.02708e-07 -1.57754e-18 -1.57754e-20
1.43042 0.000688443 0.000129887 6.02719e-07 -1.97482e-18 -1.97482e-20
1.4307 0.00068858 0.000129911 6.0273e-07 -2.20868e-18 -2.20868e-20
1.43098 0.000688719 0.000129936 6.02743e-07 -2.50345e-18 -2.50345e-20
1.43127 0.000688865 0.000129961 6.02758e-07 -2.12284e-18 -2.12284e-20
1.43158 0.000689013 0.000129987 6.02773e-07 -1.39539e-18 -1.39539e-20
1.43189 0.000689167 0.000130014 6.0279e-07 -4.146e-19 -4.146e-21
1.43219 0.000689319 0.000130041 6.02806e-07 -8.05891e-19 -8.05891e-21
1.43249 0.000689468 0.000130067 6.02823e-07 4.46878e-20 4.46878e-22
1.4328 0.00068962 0.000130094 6.0284e-07 1.52513e-18 1.52513e-20
1.43311 0.000689772 0.00013012 6.02857e-07 1.75569e-18 1.75569e-20
1.43342 0.000689925 0.000130147 6.02875e-07 1.74804e-18 1.74804e-20
1.43373 0.00069008 0.000130175 6.02893e-07 4.12575e-19 4.12575e-21
1.43404 0.000690233 0.000130201 6.02911e-07 -5.71264e-19 -5.71264e-21
1.43441 0.000690392 0.000130228 6.02929e-07 -1.89644e-18 -1.89644e-20
1.43485 0.000690559 0.000130255 6.02947e-07 -2.16889e-18 -2.16889e-20
1.43528 0.000690725 0.000130282 6.02964e-07 -9.60689e-19 -9.60689e-21
1.43583 0.000690983 0.000130326 6.02966e-07 -1.37019e-18 -1.37019e-20
1.4364 0.000691266 0.000130376 6.02963e-07 -1.36346e-18 -1.36346e-20
1.43697 0.000691549 0.000130426 6.0296e-07 -2.02896e-18 -2.02896e-20
1.43753 0.000691829 0.000130475 6.02956e-07 -2.87821e-18 -2.87821e-20
1.43809 0.000692106 0.000130524 6.02953e-07 -2.80027e-18 -2.80027e-20
1.43864 0.000692382 0.000130573 6.02949e-07 -1.68879e-18 -1.68879e-20
1.43922 0.000692659 0.000130621 6.02945e-07 -2.08542e-18 -2.08542e-20
1.43988 0.000692945 0.000130669 6.0294e-07 -1.98303e-18 -1.98303e-20
1.4406 0.000693273 0.000130725 6.02945e-07 -1.88361e-18 -1.88361e-20
1.44146 0.000693699 0.0001308 6.02946e-07 -2.60052e-18 -2.60052e-20
1.44237 0.000694161 0.000130882 6.02943e-07 -2.8125e-18 -2.8125e-20
1.44339 0.000694669 0.000130971 6.02957e-07 -2.70164e-18 -2.70164e-20
1.44442 0.000695178 0.000131061 6.02972e-07 -2.2542e-18 -2.2542e-20
1.44545 0.000695684 0.000131149 6.02987e-07 -7.8554e-19 -7.8554e-21
1.44647 0.000696189 0.000131238 6.03002e-07 -9.27891e-19 -9.27891e-21
1.44748 0.00069669 0.000131326 6.03016e-07 -5.0414e-19 -5.0414e-21
1.4486 0.000697237 0.000131422 6.0304e-07 -1.22206e-18 -1.22206e-20
1.44979 0.00069782 0.000131524 6.03071e-07 -1.22808e-18 -1.22808e-20
1.4512 0.000698499 0.000131642 6.0312e-07 -9.58324e-19 -9.58324e-21
