0.1 -9.1075e-17 -0.000397916 -5.78108e-17
0.2 2.70447e-16 -0.000795989 -1.18181e-16
0.3 2.61218e-16 -0.00119422 -3.16173e-16
0.4 2.72967e-16 -0.00159261 -4.28946e-16
0.5 3.32986e-16 -0.00199116 -4.0819e-16
0.6 3.64132e-16 -0.00238987 -4.99486e-16
0.7 3.96275e-16 -0.00278874 -6.04332e-16
0.8 4.64581e-16 -0.00318776 -5.58558e-16
0.9 2.98247e-16 -0.00358695 -6.19443e-16
1 3.13696e-16 -0.00398629 -5.80117e-16
0.195059 0.432 -0.00103495 -4.85274e-15
0.359712 0.864 0.00152635 -2.62453e-15
0.499286 1.296 0.00402819 1.78506e-15
0.624508 1.728 0.00725458 -1.48704e-14
0.740086 2.16 0.0114317 -4.74533e-14
0.848789 2.592 0.0164973 1.37645e-14
0.943863 3.024 0.0221356 1.36758e-14
1.02849 3.456 0.0281697 3.89075e-14
1.10141 3.888 0.0343487 2.99935e-15
1.16216 4.32 0.0405602 -2.50124e-14
1.21001 4.752 0.046565 -4.81265e-14
1.24689 5.184 0.0523187 -3.77888e-14
1.27829 5.616 0.0581155 3.89062e-15
1.30346 6.048 0.0636865 2.50044e-14
1.32626 6.48 0.0692307 4.99215e-15
1.34668 6.912 0.0745985 1.10634e-14
1.36617 7.344 0.0798636 -7.64118e-15
1.38519 7.776 0.0850025 -7.52831e-15
1.40235 8.208 0.0898208 -4.85519e-15
1.41601 8.64 0.0942308 3.17614e-15
1.42813 9.072 0.0985731 7.65385e-15
1.43686 9.504 0.104486 5.49427e-14
1.44372 9.936 0.109415 6.77321e-14
1.45068 10.368 0.113392 7.55789e-14
1.45603 10.8 0.116626 7.94646e-14
1.45882 11.232 0.118498 1.08955e-13
1.46049 11.664 0.119645 9.78241e-14
1.46027 12.096 0.119992 1.08535e-13
1.45841 12.528 0.119784 1.09821e-13
1.45401 12.96 0.119191 1.18975e-13
1.44721 13.392 0.118221 1.12635e-13
1.44104 13.824 0.117285 1.46176e-13
1.4351 14.256 0.116319 1.36077e-13
1.43128 14.688 0.11567 1.84776e-13
1.42931 15.12 0.115345 1.6724e-13
1.42876 15.552 0.115263 1.47637e-13
1.42834 15.984 0.115198 1.25169e-13
1.42802 16.416 0.115156 1.46879e-13
1.42778 16.848 0.115125 9.79723e-14
1.42762 17.28 0.1151 1.08383e-13
1.42756 17.712 0.115093 1.39154e-13
1.4275 18.144 0.115081 1.68365e-13
1.42748 18.576 0.115072 1.68101e-13
1.42744 19.008 0.115062 1.2495e-13
1.42744 19.44 0.115055 1.11691e-13
1.42741 19.872 0.115042 1.0437e-13
1.42746 20.304 0.11504 1.00088e-13
1.42752 20.736 0.115038 5.47934e-14
1.42755 21.168 0.115036 5.05592e-14
1.42764 21.6 0.115039 7.06865e-14
1.42774 22.032 0.115043 6.40685e-14
1.42783 22.464 0.115044 4.84941e-14
1.42794 22.896 0.115048 4.62679e-14
1.42806 23.328 0.11505 2.98625e-14
1.42819 23.76 0.115055 3.68563e-14
1.42832 24.192 0.115055 2.41371e-14
1.42847 24.624 0.115059 3.72226e-14
1.42862 25.056 0.115062 3.04622e-14
1.42879 25.488 0.115067 2.72249e-14
1.42896 25.92 0.115071 2.93508e-14
1.42917 26.352 0.115079 6.44281e-14
1.42939 26.784 0.11509 8.37932e-14
1.42963 27.216 0.115103 6.63715e-14
1.42989 27.648 0.11512 6.71217e-14
1.43016 28.08 0.115139 5.70879e-14
1.43042 28.512 0.115158 4.0914e-14
1.4307 28.944 0.115177 1.77064e-14
1.43098 29.376 0.115198 1.72778e-14
1.43127 29.808 0.11522 1.40997e-14
1.43158 30.24 0.115243 4.54533e-14
1.43189 30.672 0.115268 8.86942e-14
1.43219 31.104 0.115293 6.46749e-14
1.43249 31.536 0.115318 6.06744e-14
1.4328 31.968 0.115343 1.08444e-13
1.43311 32.4 0.115369 1.04395e-13
1.43342 32.832 0.115396 1.04525e-13
1.43373 33.264 0.115423 7.54321e-14
1.43404 33.696 0.11545 3.39594e-14
1.43441 34.128 0.115477 -1.14845e-14
1.43485 34.56 0.115502 -4.42799e-14
1.43528 34.992 0.115527 -3.02169e-14
1.43583 35.424 0.115554 -3.77355e-14
1.4364 35.856 0.115581 -3.27834e-14
1.43697 36.288 0.115608 -2.65762e-14
1.43753 36.72 0.115634 -6.1494e-14
1.43809 37.152 0.11566 -5.59634e-14
1.43864 37.584 0.115685 -3.16937e-14
1.43922 38.016 0.11571 -3.05527e-14
1.43988 38.448 0.115734 -2.23391e-14
1.4406 38.88 0.115764 -1.72666e-14
1.44146 39.312 0.1158 -3.04863e-14
1.44237 39.744 0.115838 -4.27773e-14
1.44339 40.176 0.115886 -3.17043e-14
1.44442 40.608 0.115935 -2.34197e-14
1.44545 41.04 0.115984 1.71731e-14
1.44647 41.472 0.116032 1.75971e-14
1.44748 41.904 0.11608 2.81538e-14
1.4486 42.336 0.116141 3.87165e-14
1.44979 42.768 0.11621 6.10561e-14
1.4512 43.2 0.116299 5.55552e-14
