0.1 -2.10822e-19
0.2 6.26034e-19
0.3 6.04671e-19
0.4 6.31868e-19
0.5 7.70801e-19
0.6 8.42898e-19
0.7 9.17304e-19
0.8 1.07542e-18
0.9 6.90387e-19
1 7.26148e-19
0.195059 0.001
0.359712 0.002
0.499286 0.003
0.624508 0.004
0.740086 0.005
0.848789 0.006
0.943863 0.007
1.02849 0.008
1.10141 0.009
1.16216 0.01
1.21001 0.011
1.24689 0.012
1.27829 0.013
1.30346 0.014
1.32626 0.015
1.34668 0.016
1.36617 0.017
1.38519 0.018
1.40235 0.019
1.41601 0.02
1.42813 0.021
1.43686 0.022
1.44372 0.023
1.45068 0.024
1.45603 0.025
1.45882 0.026
1.46049 0.027
1.46027 0.028
1.45841 0.029
1.45401 0.03
1.44721 0.031
1.44104 0.032
1.4351 0.033
1.43128 0.034
1.42931 0.035
1.42876 0.036
1.42834 0.037
1.42802 0.038
1.42778 0.039
1.42762 0.04
1.42756 0.041
1.4275 0.042
1.42748 0.043
1.42744 0.044
1.42744 0.045
1.42741 0.046
1.42746 0.047
1.42752 0.048
1.42755 0.049
1.42764 0.05
1.42774 0.051
1.42783 0.052
1.42794 0.053
1.42806 0.054
1.42819 0.055
1.42832 0.056
1.42847 0.057
1.42862 0.058
1.42879 0.059
1.42896 0.06
1.42917 0.061
1.42939 0.062
1.42963 0.063
1.42989 0.064
1.43016 0.065
1.43042 0.066
1.4307 0.067
1.43098 0.068
1.43127 0.069
1.43158 0.07
1.43189 0.071
1.43219 0.072
1.43249 0.073
1.4328 0.074
1.43311 0.075
1.43342 0.076
1.43373 0.077
1.43404 0.078
1.43441 0.079
1.43485 0.08
1.43528 0.081
1.43583 0.082
1.4364 0.083
1.43697 0.084
1.43753 0.085
1.43809 0.086
1.43864 0.087
1.43922 0.088
1.43988 0.089
1.4406 0.09
1.44146 0.091
1.44237 0.092
1.44339 0.093
1.44442 0.094
1.44545 0.095
1.44647 0.096
1.44748 0.097
1.4486 0.098
1.44979 0.099
1.4512 0.1
