0.1 2.6604 -0.0823291 -0.00269776 -1.94674e-12 -8.27587e-13 -3.18186e-10 -2.5236 0.0823291 0.00269776 1.94674e-12 0.388478 -11.8554
0.2 5.3208 -0.164658 -0.00539552 -1.57974e-12 3.26759e-11 2.9867e-10 -5.0472 0.164658 0.00539552 1.57974e-12 0.776955 -23.7108
0.3 7.9812 -0.246987 -0.00809328 -4.97589e-12 1.74136e-10 1.31999e-10 -7.5708 0.246987 0.00809328 4.97589e-12 1.16543 -35.5662
0.4 10.6416 -0.329317 -0.010791 -2.90205e-12 4.7753e-10 2.28979e-10 -10.0944 0.329317 0.010791 2.90205e-12 1.55391 -47.4216
0.5 13.302 -0.411646 -0.0134888 -3.72439e-12 9.96836e-10 5.59658e-10 -12.618 0.411646 0.0134888 3.72439e-12 1.94239 -59.277
0.6 15.9624 -0.493975 -0.0161866 -3.61234e-12 1.78603e-09 6.26604e-10 -15.1416 0.493975 0.0161866 3.61234e-12 2.33087 -71.1324
0.7 18.6228 -0.576304 -0.0188843 -3.97666e-12 2.8991e-09 9.4108e-10 -17.6652 0.576304 0.0188843 3.97666e-12 2.71934 -82.9878
0.8 21.2832 -0.658633 -0.0215821 -4.8767e-12 4.39002e-09 1.78518e-09 -20.1888 0.658633 0.0215821 4.8767e-12 3.10782 -94.8432
0.9 23.9436 -0.740962 -0.0242798 -3.97738e-12 6.31276e-09 1.98849e-09 -22.7124 0.740962 0.0242798 3.97738e-12 3.4963 -106.699
1 26.604 -0.823291 -0.0269776 -1.82461e-12 8.7213e-09 2.34082e-09 -25.236 0.823291 0.0269776 1.82461e-12 3.88478 -118.554
0.321806 -1.64997 9.37158 -0.0269775 0.00632398 -8.67482e-06 4.73653e-06 3.01797 -9.37158 0.0269775 -0.00632398 3.88477 1349.51
0.643613 -29.9359 19.5658 -0.0269773 0.0126481 -3.7739e-05 4.39049e-05 31.3039 -19.5658 0.0269773 -0.0126481 3.88477 2817.47
0.965424 -58.254 29.7593 -0.0269768 0.0189728 -8.71754e-05 0.000154967 59.622 -29.7593 0.0269768 -0.0189728 3.88475 4285.34
1.28724 -86.6046 39.9521 -0.0269762 0.0252986 -0.000156973 0.000375358 87.9726 -39.9521 0.0269762 -0.0252986 3.88473 5753.1
1.60906 -114.988 50.1442 -0.0269754 0.0316261 -0.000247119 0.000742504 116.356 -50.1442 0.0269754 -0.0316261 3.88471 7220.77
1.93089 -143.404 60.3356 -0.0269744 0.0379558 -0.000357595 0.00129381 144.772 -60.3356 0.0269744 -0.0379558 3.88467 8688.33
2.25274 -171.853 70.5263 -0.0269733 0.0442882 -0.000488383 0.00206667 173.221 -70.5263 0.0269733 -0.0442882 3.88464 10155.8
2.54332 -197.592 80.0194 -0.026972 0.0501912 -0.000635854 0.00301887 198.96 -80.0194 0.026972 -0.0501912 3.8846 11522.8
2.74477 -215.52 86.6019 -0.0269707 0.0542912 -0.000784205 0.00382704 216.888 -86.6019 0.0269707 -0.0542912 3.88456 12470.7
2.91774 -230.964 92.2104 -0.0269693 0.0577903 -0.000939912 0.00461994 232.332 -92.2104 0.0269693 -0.0577903 3.88452 13278.3
3.07721 -245.236 97.3404 -0.0269679 0.0609963 -0.0011043 0.00544784 246.604 -97.3404 0.0269679 -0.0609963 3.88449 14017
3.23143 -259.063 102.246 -0.0269665 0.0640672 -0.00127828 0.00629943 260.431 -102.246 0.0269665 -0.0640672 3.88445 14723.4
3.38194 -272.58 107.093 -0.0268436 0.0670489 -0.00147307 0.007238 273.948 -107.093 0.0268436 -0.0670489 3.86696 15421.3
3.51878 -284.904 111.525 -0.0239732 0.0439277 -0.0023262 0.00829538 286.272 -111.525 0.0239732 -0.0439277 3.45446 16059.6
3.63408 -295.329 115.19 -0.0239703 0.0471106 -0.00252901 0.0094225 296.697 -115.19 0.0239703 -0.0471106 3.45425 16587.3
3.73858 -304.806 118.532 -0.0239675 0.0501914 -0.00272436 0.0106058 306.174 -118.532 0.0239675 -0.0501914 3.45404 17068.6
3.83566 -313.635 121.655 -0.0239647 0.0532438 -0.00291419 0.0118707 315.003 -121.655 0.0239647 -0.0532438 3.45383 17518.3
3.92765 -322.025 124.674 -0.0240419 0.0598423 -0.00301154 0.0132591 323.393 -124.674 0.0240419 -0.0598423 3.46504 17953
4.01487 -330.007 127.681 -0.0210949 0.0517283 -0.00364664 0.0149517 331.375 -127.681 0.0210949 -0.0517283 3.04131 18386
4.09764 -337.607 130.465 -0.0161834 0.0217185 -0.00509056 0.0172151 338.975 -130.465 0.0161834 -0.0217185 2.33551 18787
4.17625 -344.848 133.015 -0.0123927 -0.0327657 -0.00752582 0.0201894 346.216 -133.015 0.0123927 0.0327657 1.79208 19154.1
4.25009 -351.683 135.377 -0.00515078 -0.158157 -0.0128233 0.0244273 353.051 -135.377 0.00515078 0.158157 0.754535 19494.3
4.32027 -358.21 137.616 -0.00513508 -0.148902 -0.013178 0.029713 359.578 -137.616 0.00513508 0.148902 0.75263 19816.7
4.388 -364.532 139.821 -0.00510689 -0.139373 -0.013504 0.0366499 365.9 -139.821 0.00510689 0.139373 0.748897 20134.3
4.45346 -370.664 141.916 -0.00510493 -0.128351 -0.0137449 0.0447412 372.032 -141.916 0.00510493 0.128351 0.748855 20435.8
4.51781 -376.709 144.004 -0.00509204 -0.117021 -0.0139493 0.0541262 378.077 -144.004 0.00509204 0.117021 0.747204 20736.6
4.57984 -382.558 145.981 -0.00518298 -0.0816532 -0.0132177 0.0649768 383.926 -145.981 0.00518298 0.0816532 0.759566 21021.3
4.63844 -388.112 147.866 -0.00548229 0.00079528 -0.0105303 0.0770168 389.48 -147.866 0.00548229 -0.00079528 0.79998 21292.6
4.69357 -393.367 149.675 -0.00548279 0.0130853 -0.0104491 0.0897546 394.735 -149.675 0.00548279 -0.0130853 0.799971 21553.1
4.74673 -398.451 151.367 -0.00548379 0.0253582 -0.010325 0.103483 399.819 -151.367 0.00548379 -0.0253582 0.799991 21796.7
4.79714 -403.295 153.003 -0.0054714 0.0370957 -0.0101887 0.118047 404.663 -153.003 0.0054714 -0.0370957 0.79807 22032.3
4.84522 -407.935 154.537 -0.00547263 0.0490367 -0.00999539 0.133582 409.303 -154.537 0.00547263 -0.0490367 0.798054 22253.1
4.89105 -412.375 155.976 -0.00547507 0.0609268 -0.00976132 0.149779 413.743 -155.976 0.00547507 -0.0609268 0.798171 22460.4
4.93398 -416.561 157.366 -0.00519029 0.08454 -0.00884047 0.166642 417.929 -157.366 0.00519029 -0.08454 0.756242 22660.5
4.9748 -420.563 158.688 -0.0047285 0.116005 -0.00739361 0.184532 421.931 -158.688 0.0047285 -0.116005 0.688297 22850.9
5.01352 -424.382 159.891 -0.00385612 0.167157 -0.00468416 0.203654 425.75 -159.891 0.00385612 -0.167157 0.559966 23024.1
5.05026 -428.028 161.004 -0.00157662 0.284396 0.00218347 0.224568 429.396 -161.004 0.00157662 -0.284396 0.224849 23184.3
5.08375 -431.403 162.091 -0.0015896 0.302854 0.00331338 0.248685 432.771 -162.091 0.0015896 -0.302854 0.225589 23340.8
5.11496 -434.574 163.109 -0.00159167 0.315854 0.00418493 0.273335 435.942 -163.109 0.00159167 -0.315854 0.225016 23487.4
5.1454 -437.68 164.045 -0.00159571 0.329636 0.00516478 0.300102 439.048 -164.045 0.00159571 -0.329636 0.224618 23622.2
5.17473 -440.697 164.981 -0.00160417 0.34355 0.00620298 0.328971 442.065 -164.981 0.00160417 -0.34355 0.224797 23757
5.20356 -443.67 165.902 -0.00161284 0.3572 0.00726769 0.358818 445.038 -165.902 0.00161284 -0.3572 0.224981 23889.5
5.23121 -446.539 166.8 -0.00162165 0.370481 0.00834897 0.389326 447.907 -166.8 0.00162165 -0.370481 0.225169 24018.8
5.2587 -449.399 167.7 -0.00163079 0.383726 0.00947116 0.421265 450.767 -167.7 0.00163079 -0.383726 0.225363 24148.4
5.2856 -452.207 168.561 -0.00163618 0.396895 0.0106364 0.454491 453.575 -168.561 0.00163618 -0.396895 0.224973 24272.4
5.31152 -454.931 169.356 -0.00164225 0.410324 0.0118741 0.48918 456.299 -169.356 0.00164225 -0.410324 0.22461 24386.7
5.33708 -457.63 170.163 -0.00165238 0.423564 0.0131482 0.526332 458.998 -170.163 0.00165238 -0.423564 0.224795 24502.9
5.36193 -460.27 170.952 -0.00166308 0.436822 0.0144643 0.564139 461.638 -170.952 0.00166308 -0.436822 0.22502 24616.5
5.38635 -462.872 171.726 -0.00167304 0.449048 0.0157433 0.602673 464.24 -171.726 0.00167304 -0.449048 0.225174 24728
5.41025 -465.432 172.483 -0.00168137 0.459511 0.0169232 0.641789 466.8 -172.483 0.00168137 -0.459511 0.225194 24836.9
5.43324 -467.912 173.21 -0.00169012 0.470639 0.0181833 0.68098 469.28 -173.21 0.00169012 -0.470639 0.225194 24941.5
5.45596 -470.37 173.928 -0.0017013 0.482679 0.0195549 0.721037 471.738 -173.928 0.0017013 -0.482679 0.225433 25044.9
5.47864 -472.828 174.643 -0.00171275 0.494638 0.0209588 0.762272 474.196 -174.643 0.00171275 -0.494638 0.225677 25147.9
5.50052 -475.216 175.333 -0.00172416 0.506141 0.0223584 0.803307 476.584 -175.333 0.00172416 -0.506141 0.225921 25247.2
5.52198 -477.571 176.016 -0.00173575 0.51746 0.0237794 0.845095 478.939 -176.016 0.00173575 -0.51746 0.226169 25345.4
5.54288 -479.877 176.682 -0.00174763 0.528662 0.0252234 0.887023 481.245 -176.682 0.00174763 -0.528662 0.226435 25441.4
5.56346 -482.158 177.322 -0.00175226 0.540344 0.0267595 0.930673 483.526 -177.322 0.00175226 -0.540344 0.225566 25533.5
5.58392 -484.432 177.956 -0.00176482 0.551621 0.0283 0.976123 485.8 -177.956 0.00176482 -0.551621 0.225834 25624.7
5.60429 -486.705 178.6 -0.00177782 0.563038 0.0298943 1.02349 488.073 -178.6 0.00177782 -0.563038 0.226111 25717.4
5.62464 -488.979 179.243 -0.00179107 0.574386 0.0315199 1.07205 490.347 -179.243 0.00179107 -0.574386 0.226395 25809.9
5.64428 -491.191 179.862 -0.00180416 0.585212 0.0331276 1.12003 492.559 -179.862 0.00180416 -0.585212 0.226672 25899
5.66355 -493.373 180.468 -0.00181725 0.595727 0.034738 1.16822 494.741 -180.468 0.00181725 -0.595727 0.226946 25986.2
5.68244 -495.522 181.062 -0.00183051 0.606076 0.0363633 1.21662 496.89 -181.062 0.00183051 -0.606076 0.22723 26071.7
5.70113 -497.655 181.65 -0.00184388 0.616256 0.0380033 1.26567 499.023 -181.65 0.00184388 -0.616256 0.227515 26156.3
5.71984 -499.793 182.238 -0.00185739 0.626321 0.0396648 1.3158 501.161 -182.238 0.00185739 -0.626321 0.227799 26240.9
5.73851 -501.931 182.824 -0.00187112 0.636325 0.041352 1.3669 503.299 -182.824 0.00187112 -0.636325 0.228089 26325.3
5.7572 -504.072 183.409 -0.00188504 0.646257 0.043064 1.4191 505.44 -183.409 0.00188504 -0.646257 0.228382 26409.5
5.77589 -506.217 183.994 -0.00189924 0.656173 0.0448069 1.47241 507.585 -183.994 0.00189924 -0.656173 0.228683 26493.7
5.79446 -508.353 184.574 -0.00191351 0.665912 0.0465614 1.52639 509.721 -184.574 0.00191351 -0.665912 0.228983 26577.2
5.81281 -510.473 185.147 -0.00193016 0.679876 0.0488625 1.58084 511.841 -185.147 0.00193016 -0.679876 0.22908 26659.6
5.83104 -512.585 185.716 -0.00194473 0.689299 0.0506515 1.63598 513.953 -185.716 0.00194473 -0.689299 0.229389 26741.5
5.849 -514.674 186.275 -0.00195934 0.698517 0.052445 1.69127 516.042 -186.275 0.00195934 -0.698517 0.229699 26821.9
5.86678 -516.75 186.827 -0.00197735 0.713346 0.0549804 1.74698 518.118 -186.827 0.00197735 -0.713346 0.229758 26901.3
5.88437 -518.81 187.372 -0.00199236 0.722333 0.056813 1.80302 520.178 -187.372 0.00199236 -0.722333 0.230087 26979.8
5.9018 -520.859 187.913 -0.00200747 0.7312 0.058659 1.85974 522.227 -187.913 0.00200747 -0.7312 0.230417 27057.7
5.91923 -522.91 188.453 -0.00202754 0.747727 0.0615499 1.91728 524.278 -188.453 0.00202754 -0.747727 0.230416 27135.3
5.93664 -524.963 188.992 -0.0020431 0.756415 0.0634456 1.97582 526.331 -188.992 0.0020431 -0.756415 0.23076 27212.9
5.95405 -527.018 189.53 -0.00206615 0.776165 0.0668777 2.03528 528.386 -189.53 0.00206615 -0.776165 0.230648 27290.3
5.97145 -529.076 190.065 -0.00208221 0.78466 0.0688277 2.0955 530.444 -190.065 0.00208221 -0.78466 0.23101 27367.3
5.98883 -531.134 190.599 -0.0020984 0.793079 0.0707946 2.15659 532.502 -190.599 0.0020984 -0.793079 0.231375 27444.1
6.0062 -533.194 191.132 -0.00211474 0.80143 0.072779 2.2186 534.562 -191.132 0.00211474 -0.80143 0.231743 27520.8
6.02359 -535.259 191.665 -0.00213124 0.809724 0.0747832 2.28162 536.627 -191.665 0.00213124 -0.809724 0.232115 27597.4
6.04084 -537.313 192.192 -0.00214778 0.817878 0.0767926 2.34507 538.681 -192.192 0.00214778 -0.817878 0.232488 27673.3
6.05797 -539.359 192.715 -0.00216447 0.825958 0.07882 2.40911 540.727 -192.715 0.00216447 -0.825958 0.232864 27748.6
6.07505 -541.404 193.236 -0.00218132 0.833972 0.0808656 2.47382 542.772 -193.236 0.00218132 -0.833972 0.233245 27823.5
6.09207 -543.45 193.766 -0.0021985 0.842055 0.0829515 2.54064 544.818 -193.766 0.0021985 -0.842055 0.233633 27899.8
6.10911 -545.5 194.296 -0.00221583 0.850082 0.0850557 2.60849 546.868 -194.296 0.00221583 -0.850082 0.234024 27976
6.12616 -547.554 194.823 -0.00222982 0.858334 0.0872214 2.67753 548.922 -194.823 0.00222982 -0.858334 0.233873 28051.9
6.14315 -549.605 195.34 -0.00224764 0.866352 0.089385 2.74806 550.973 -195.34 0.00224764 -0.866352 0.234275 28126.2
6.16009 -551.654 195.854 -0.00226555 0.874282 0.0915604 2.81943 553.022 -195.854 0.00226555 -0.874282 0.234679 28200.2
6.17697 -553.7 196.366 -0.00228355 0.882117 0.0937454 2.89152 555.068 -196.366 0.00228355 -0.882117 0.235085 28273.9
6.19373 -555.735 196.873 -0.00230145 0.88976 0.0959224 2.964 557.103 -196.873 0.00230145 -0.88976 0.235487 28346.8
6.21049 -557.773 197.38 -0.00231942 0.897295 0.0981078 3.03743 559.141 -197.38 0.00231942 -0.897295 0.235888 28419.6
6.22725 -559.815 197.884 -0.00233759 0.904825 0.100318 3.11173 561.183 -197.884 0.00233759 -0.904825 0.236295 28492.2
6.24401 -561.859 198.388 -0.0023558 0.912222 0.102535 3.18695 563.227 -198.388 0.0023558 -0.912222 0.2367 28564.7
6.26069 -563.899 198.889 -0.00237442 0.919738 0.104793 3.2628 565.267 -198.889 0.00237442 -0.919738 0.237124 28636.7
6.27733 -565.937 199.387 -0.00239267 0.926888 0.107017 3.33938 567.305 -199.387 0.00239267 -0.926888 0.237527 28708.4
6.29382 -567.963 199.88 -0.00241095 0.933933 0.109243 3.41619 569.331 -199.88 0.00241095 -0.933933 0.237933 28779.3
6.31026 -569.987 200.371 -0.00242872 0.940553 0.111421 3.49373 571.355 -200.371 0.00242872 -0.940553 0.238314 28849.9
6.32671 -572.015 200.861 -0.0024466 0.947125 0.113612 3.57221 573.383 -200.861 0.0024466 -0.947125 0.238698 28920.4
