0.1 -5.19 -3.9746e-14 7.77156e-16 -2.16179e-13 -2.16179e-13
0.2 -10.38 -1.77636e-14 3.10862e-15 -8.35168e-13 -8.35168e-13
0.3 -15.57 -4.04121e-14 3.77476e-15 -1.36292e-12 -1.36292e-12
0.4 -20.76 2.57572e-14 2.22045e-15 -1.3517e-12 -1.3517e-12
0.5 -25.95 7.10543e-14 5.32907e-15 -1.51387e-12 -1.51387e-12
0.6 -31.14 2.13163e-14 2.22045e-15 -1.50831e-12 -1.50831e-12
0.7 -36.33 6.12843e-14 -5.32907e-15 -1.80845e-12 -1.80845e-12
0.8 -41.52 -2.4869e-14 -2.75335e-14 -1.92141e-12 -1.92141e-12
0.9 -46.71 0 -2.93099e-14 -2.19145e-12 -2.19145e-12
1 -51.9 -3.73035e-14 1.5099e-14 -2.13428e-12 -2.13428e-12
0.195059 -12.6701 6.66134e-15 -1.9984e-15 -5.67888e-12 -5.67888e-12
0.359712 20.4447 -4.61853e-14 -1.33227e-15 -7.48784e-12 -7.48784e-12
0.499286 48.5158 -3.01981e-14 -2.22045e-14 -1.06611e-12 -1.06611e-12
0.624508 73.7003 -3.10862e-13 -1.59872e-14 2.38109e-12 2.38109e-12
0.740086 96.9452 -1.20792e-13 5.68434e-14 -1.17337e-10 -1.17337e-10
0.848789 118.807 2.4869e-14 -1.42109e-14 1.32392e-10 1.32392e-10
0.943863 137.928 -2.52243e-13 3.19744e-14 1.18769e-10 1.18769e-10
1.02849 154.949 3.62377e-13 -2.4869e-14 1.11828e-10 1.11828e-10
1.10141 169.614 2.91323e-13 -5.32907e-14 -1.17561e-10 -1.17561e-10
1.16216 181.832 1.06581e-13 5.32907e-14 -2.83687e-10 -2.83687e-10
1.21001 191.455 3.97904e-13 -3.55271e-14 -3.91543e-10 -3.91543e-10
1.24689 198.872 2.06057e-13 2.4869e-14 -4.28199e-10 -4.28199e-10
1.27829 205.188 -1.98952e-13 -7.10543e-14 -2.26105e-10 -2.26105e-10
1.30346 210.25 -1.49214e-13 -7.81597e-14 -2.33712e-10 -2.33712e-10
1.32626 214.835 -2.27374e-13 -7.10543e-14 -2.60978e-10 -2.60978e-10
1.34668 218.943 -7.88702e-13 -2.13163e-14 -3.02503e-10 -3.02503e-10
1.36617 222.862 3.19744e-13 -2.84217e-14 -3.28221e-10 -3.28221e-10
1.38519 226.687 1.49214e-13 -1.3145e-13 -3.43583e-10 -3.43583e-10
1.40235 230.138 9.23706e-14 1.77636e-14 -3.42087e-10 -3.42087e-10
1.41601 232.887 -8.52651e-14 -2.84217e-14 -3.43854e-10 -3.43854e-10
1.42813 235.324 -3.05533e-13 -7.10543e-15 -3.35267e-10 -3.35267e-10
1.43686 237.08 -6.03961e-13 -9.59233e-14 -2.409e-10 -2.409e-10
1.44372 238.458 1.77636e-13 1.74083e-13 -2.12393e-10 -2.12393e-10
1.45068 239.858 1.77636e-13 -9.23706e-14 -1.938e-10 -1.938e-10
1.45603 240.935 -4.1922e-13 9.23706e-14 -1.75949e-10 -1.75949e-10
1.45882 241.495 1.06581e-13 7.81597e-14 -9.29394e-11 -9.29394e-11
1.46049 241.832 -2.62901e-13 -2.13163e-14 -1.49715e-10 -1.49715e-10
1.46027 241.788 -1.42109e-13 -2.4869e-14 -9.98043e-11 -9.98043e-11
1.45841 241.414 2.77112e-13 -2.13163e-14 -1.14602e-10 -1.14602e-10
1.45401 240.528 -2.84217e-14 3.55271e-15 -1.14239e-10 -1.14239e-10
1.44721 239.161 1.35003e-13 -6.75016e-14 -1.50862e-10 -1.50862e-10
1.44104 237.92 3.90799e-13 -2.4869e-14 -5.99679e-11 -5.99679e-11
1.4351 236.726 2.80664e-13 1.3145e-13 -1.36428e-10 -1.36428e-10
1.43128 235.957 1.77636e-13 -6.75016e-14 -8.33633e-12 -8.33633e-12
1.42931 235.561 9.166e-13 -1.77636e-14 -6.1459e-11 -6.1459e-11
1.42876 235.451 8.52651e-13 -1.42109e-14 -1.03007e-10 -1.03007e-10
1.42834 235.366 2.84217e-14 -3.90799e-14 -1.53868e-10 -1.53868e-10
1.42802 235.301 2.224e-12 -2.84217e-14 -4.18531e-11 -4.18531e-11
1.42778 235.254 -3.33955e-13 7.10543e-15 -2.25316e-10 -2.25316e-10
1.42762 235.221 1.35003e-13 -1.06581e-14 -2.03322e-10 -2.03322e-10
1.42756 235.208 -1.11555e-12 -2.13163e-14 -1.0311e-10 -1.0311e-10
1.4275 235.196 -7.88702e-13 2.4869e-14 -2.78242e-11 -2.78242e-11
1.42748 235.192 1.39266e-12 -3.55271e-14 -7.4976e-11 -7.4976e-11
1.42744 235.186 -6.32383e-13 -9.23706e-14 -2.56593e-10 -2.56593e-10
1.42744 235.184 -2.13873e-12 -4.26326e-14 -3.17678e-10 -3.17678e-10
1.42741 235.179 1.12976e-12 7.10543e-15 -3.19727e-10 -3.19727e-10
1.42746 235.19 -1.52056e-12 2.02505e-13 -3.41146e-10 -3.41146e-10
1.42752 235.201 6.75016e-13 -4.26326e-14 -4.53714e-10 -4.53714e-10
1.42755 235.208 3.90799e-13 -3.19744e-14 -4.68869e-10 -4.68869e-10
1.42764 235.225 9.45022e-13 5.68434e-14 -4.19406e-10 -4.19406e-10
1.42774 235.246 1.9611e-12 -1.77636e-14 -3.90403e-10 -3.90403e-10
1.42783 235.264 -8.52651e-13 -5.32907e-14 -3.30553e-10 -3.30553e-10
1.42794 235.286 -4.05009e-13 -2.13163e-14 -3.53579e-10 -3.53579e-10
1.42806 235.309 1.1724e-12 5.68434e-14 -3.46782e-10 -3.46782e-10
1.42819 235.336 -4.22773e-13 1.95399e-13 -3.53271e-10 -3.53271e-10
1.42832 235.361 -1.55609e-12 -3.19744e-14 -3.33972e-10 -3.33972e-10
1.42847 235.392 -1.18661e-12 -3.90799e-14 -3.50808e-10 -3.50808e-10
1.42862 235.422 -3.48166e-13 -1.20792e-13 -3.82283e-10 -3.82283e-10
1.42879 235.457 -2.91323e-13 -7.10543e-14 -3.83268e-10 -3.83268e-10
1.42896 235.491 -8.7752e-13 1.95399e-13 -3.72189e-10 -3.72189e-10
1.42917 235.532 -2.29505e-12 -4.26326e-14 -2.97194e-10 -2.97194e-10
1.42939 235.577 3.69482e-13 -5.68434e-14 -2.2149e-10 -2.2149e-10
1.42963 235.624 2.55795e-13 -3.55271e-15 -2.10702e-10 -2.10702e-10
1.42989 235.677 -3.33955e-13 -1.42109e-14 -1.78319e-10 -1.78319e-10
1.43016 235.731 6.75016e-13 -1.77636e-14 -1.57754e-10 -1.57754e-10
1.43042 235.785 5.18696e-13 1.06581e-14 -1.97482e-10 -1.97482e-10
1.4307 235.84 -8.31335e-13 5.32907e-14 -2.20868e-10 -2.20868e-10
1.43098 235.896 8.81073e-13 4.26326e-14 -2.50345e-10 -2.50345e-10
1.43127 235.956 1.20792e-13 -4.9738e-14 -2.12284e-10 -2.12284e-10
1.43158 236.016 -8.2423e-13 -8.52651e-14 -1.39539e-10 -1.39539e-10
1.43189 236.079 1.98241e-12 7.10543e-15 -4.146e-11 -4.146e-11
1.43219 236.141 -4.76064e-13 -1.06581e-14 -8.05891e-11 -8.05891e-11
1.43249 236.201 7.17648e-13 3.55271e-14 4.46878e-12 4.46878e-12
1.4328 236.263 3.62377e-13 -3.19744e-14 1.52513e-10 1.52513e-10
1.43311 236.325 -1.7053e-13 -7.10543e-14 1.75569e-10 1.75569e-10
1.43342 236.388 1.20792e-13 1.42109e-14 1.74804e-10 1.74804e-10
1.43373 236.451 9.23706e-14 -4.9738e-14 4.12575e-11 4.12575e-11
1.43404 236.513 -2.77112e-13 -1.77636e-14 -5.71264e-11 -5.71264e-11
1.43441 236.586 7.10543e-13 5.68434e-14 -1.89644e-10 -1.89644e-10
1.43485 236.674 -4.93827e-13 8.52651e-14 -2.16889e-10 -2.16889e-10
1.43528 236.762 1.50635e-12 -1.59872e-13 -9.60689e-11 -9.60689e-11
1.43583 236.872 3.48166e-13 7.10543e-15 -1.37019e-10 -1.37019e-10
1.4364 236.987 1.34293e-12 -7.81597e-14 -1.36346e-10 -1.36346e-10
1.43697 237.101 1.49214e-13 1.06581e-14 -2.02896e-10 -2.02896e-10
1.43753 237.214 1.42109e-13 -4.61853e-14 -2.87821e-10 -2.87821e-10
1.43809 237.326 -5.04485e-13 4.61853e-14 -2.80027e-10 -2.80027e-10
1.43864 237.438 -2.13163e-12 1.06581e-14 -1.68879e-10 -1.68879e-10
1.43922 237.554 -1.41398e-12 6.03961e-14 -2.08542e-10 -2.08542e-10
1.43988 237.686 -6.18172e-13 -4.9738e-14 -1.98303e-10 -1.98303e-10
1.4406 237.832 -3.05533e-13 7.10543e-15 -1.88361e-10 -1.88361e-10
1.44146 238.005 1.08713e-12 -1.06581e-14 -2.60052e-10 -2.60052e-10
1.44237 238.187 -3.33955e-13 -6.39488e-14 -2.8125e-10 -2.8125e-10
1.44339 238.393 -8.52651e-14 -3.55271e-14 -2.70164e-10 -2.70164e-10
1.44442 238.6 1.79767e-12 1.06581e-14 -2.2542e-10 -2.2542e-10
1.44545 238.806 -1.49214e-13 -7.4607e-14 -7.8554e-11 -7.8554e-11
1.44647 239.011 -1.05871e-12 -1.77636e-14 -9.27891e-11 -9.27891e-11
1.44748 239.215 1.24345e-12 -8.17124e-14 -5.0414e-11 -5.0414e-11
1.4486 239.441 -4.36984e-13 1.06581e-13 -1.22206e-10 -1.22206e-10
1.44979 239.68 9.9476e-13 -2.84217e-14 -1.22808e-10 -1.22808e-10
1.4512 239.963 -1.00187e-12 -7.4607e-14 -9.58324e-11 -9.58324e-11
