<?xml version="1.0" encoding="UTF-8"?>
 <OpenSees
  xmlns:xsi = "http://www.w3.org/2001/XMLSchema-instance"
  xsi:noNamespaceSchemaLocation = "http://OpenSees.berkeley.edu/xml-schema/xmlns/OpenSees.xsd">
    <TimeOutput>
        <ResponseType>time</ResponseType>
    </TimeOutput>
    <ElementOutput eleType="ForceBeamColumn3d" eleTag="1111" node1="111" node2="121">
        <ResponseType>epsP</ResponseType>
        <ResponseType>thetaZP_1</ResponseType>
        <ResponseType>thetaZP_2</ResponseType>
        <ResponseType>thetaYP_1</ResponseType>
        <ResponseType>thetaYP_2</ResponseType>
        <ResponseType>thetaXP</ResponseType>
    </ElementOutput>
    <Data>
        0.1 -4.49392e-08 6.04319e-10 -1.14562e-09 -2.87539e-10 5.45098e-10 0 
        0.2 -1.79835e-07 2.41847e-09 -4.58469e-09 -1.15076e-09 2.1815e-09 1.92593e-34 
        0.3 -4.04805e-07 5.44426e-09 -1.03205e-08 -2.59057e-09 4.91086e-09 -3.85186e-34 
        0.4 -7.19967e-07 9.68347e-09 -1.83564e-08 -4.60788e-09 8.73486e-09 0 
        0.5 -1.12544e-06 1.51379e-08 -2.86956e-08 -7.20361e-09 1.36552e-08 0 
        0.6 -1.62134e-06 2.18094e-08 -4.13415e-08 -1.03787e-08 1.96734e-08 3.85186e-34 
        0.7 -2.20779e-06 2.96998e-08 -5.62975e-08 -1.4134e-08 2.67914e-08 3.85186e-34 
        0.8 -2.8849e-06 3.88109e-08 -7.35668e-08 -1.84704e-08 3.50107e-08 7.70372e-34 
        0.9 -3.65279e-06 4.91444e-08 -9.31529e-08 -2.3389e-08 4.4333e-08 7.70372e-34 
        1 -4.5116e-06 6.07023e-08 -1.15059e-07 -2.88905e-08 5.476e-08 3.85186e-34 
        0.195059 -1.80126e-05 -4.09433e-07 1.33381e-06 -4.83096e-08 1.22417e-07 -1.54074e-33 
        0.359712 -4.30418e-05 -1.31429e-06 4.86311e-06 -6.49872e-08 2.59862e-07 -1.54074e-33 
        0.499286 0.000222416 -7.55978e-06 5.3333e-05 -3.24216e-07 1.97562e-06 1.92593e-34 
        0.624508 0.00126775 -2.91838e-05 0.000195121 -5.74935e-07 3.53054e-06 -7.70372e-34 
        0.740086 0.00306285 -7.15764e-05 0.000403367 -1.11479e-06 5.06486e-06 4.93038e-32 
        0.848789 0.0055169 -0.000138462 0.00065768 -1.62064e-06 6.51312e-06 0 
        0.943863 0.00830396 -0.000219206 0.000924151 -2.02744e-06 7.53191e-06 -2.46519e-32 
        1.02849 0.0111852 -0.000305787 0.00118525 -2.31911e-06 8.06129e-06 0 
        1.10141 0.0139241 -0.000387933 0.00141996 -2.55019e-06 8.77473e-06 4.93038e-32 
        1.16216 0.0164007 -0.000463856 0.00162783 -2.80065e-06 9.05943e-06 -4.93038e-32 
        1.21001 0.0184299 -0.00052541 0.00179444 -3.0852e-06 9.71542e-06 0 
        1.24689 0.0200646 -0.000575004 0.0019244 -3.18434e-06 1.01436e-05 9.86076e-32 
        1.27829 0.0214888 -0.000617951 0.00203737 -3.21808e-06 1.02799e-05 0 
        1.30346 0.0226717 -0.000653616 0.00213151 -3.23758e-06 1.03998e-05 4.93038e-32 
        1.32626 0.0237089 -0.000684936 0.00221252 -3.55553e-06 1.08151e-05 4.93038e-32 
        1.34668 0.0245361 -0.000709879 0.002276 -3.70595e-06 1.1231e-05 4.93038e-32 
        1.36617 0.0252978 -0.000732785 0.00233434 -3.79503e-06 1.15344e-05 9.86076e-32 
        1.38519 0.0261187 -0.000757494 0.00239773 -3.84364e-06 1.17227e-05 9.86076e-32 
        1.40235 0.0269148 -0.000781379 0.0024593 -3.91275e-06 1.20968e-05 0 
        1.41601 0.027575 -0.000800811 0.00250998 -4.00422e-06 1.25131e-05 0 
        1.42813 0.0281709 -0.00081819 0.00255566 -4.03853e-06 1.25862e-05 0 
        1.43686 0.0288176 -0.000837285 0.00260646 -4.1246e-06 1.28337e-05 0 
        1.44372 0.0293011 -0.000851509 0.00264411 -4.30234e-06 1.30678e-05 4.93038e-32 
        1.45068 0.029737 -0.000864174 0.00267751 -4.36106e-06 1.32126e-05 4.93038e-32 
        1.45603 0.0300917 -0.00087438 0.00270483 -4.3669e-06 1.32849e-05 4.93038e-32 
        1.45882 0.030306 -0.000880503 0.00272151 -4.38752e-06 1.33319e-05 4.93038e-32 
        1.46049 0.0304348 -0.000884165 0.00273155 -4.40115e-06 1.33583e-05 0 
        1.46027 0.0304521 -0.000884662 0.00273304 -4.3985e-06 1.33497e-05 0 
        1.45841 0.0304189 -0.00088374 0.00273026 -4.39568e-06 1.33424e-05 2.46519e-32 
        1.45401 0.0303314 -0.000881314 0.00272293 -4.38865e-06 1.33242e-05 -2.46519e-32 
        1.44721 0.0301946 -0.00087752 0.00271146 -4.37773e-06 1.32959e-05 0 
        1.44104 0.0300632 -0.000873879 0.00270042 -4.36741e-06 1.32692e-05 0 
        1.4351 0.029928 -0.000870132 0.00268903 -4.35705e-06 1.32424e-05 4.93038e-32 
        1.43128 0.0298378 -0.000867631 0.00268142 -4.35022e-06 1.32248e-05 4.62223e-33 
        1.42931 0.0297932 -0.000866394 0.00267766 -4.34675e-06 1.32158e-05 1.2326e-32 
        1.42876 0.0297814 -0.000866066 0.00267667 -4.3458e-06 1.32134e-05 2.46519e-32 
        1.42834 0.029772 -0.000865806 0.00267587 -4.34507e-06 1.32115e-05 4.93038e-32 
        1.42802 0.0297651 -0.000865615 0.0026753 -4.34454e-06 1.32101e-05 0 
        1.42778 0.0297605 -0.000865489 0.00267491 -4.34416e-06 1.32091e-05 4.93038e-32 
        1.42762 0.0297573 -0.0008654 0.00267465 -4.34391e-06 1.32085e-05 4.93038e-32 
        1.42756 0.0297558 -0.000865358 0.00267452 -4.3438e-06 1.32082e-05 4.93038e-32 
        1.4275 0.0297534 -0.000865292 0.00267432 -4.34367e-06 1.32079e-05 6.16298e-33 
        1.42748 0.0297519 -0.000865251 0.00267419 -4.3436e-06 1.32077e-05 0 
        1.42744 0.0297507 -0.000865217 0.00267408 -4.34351e-06 1.32075e-05 0 
        1.42744 0.0297498 -0.000865192 0.002674 -4.34345e-06 1.32073e-05 1.97215e-31 
        1.42741 0.0297487 -0.000865161 0.00267391 -4.34335e-06 1.3207e-05 0 
        1.42746 0.0297497 -0.000865189 0.00267399 -4.34338e-06 1.32071e-05 0 
        1.42752 0.0297509 -0.000865222 0.00267409 -4.34342e-06 1.32072e-05 9.86076e-32 
        1.42755 0.0297517 -0.000865245 0.00267416 -4.34343e-06 1.32072e-05 0 
        1.42764 0.0297531 -0.000865285 0.00267428 -4.3435e-06 1.32073e-05 1.97215e-31 
        1.42774 0.029755 -0.000865336 0.00267444 -4.34361e-06 1.32075e-05 9.86076e-32 
        1.42783 0.0297569 -0.000865388 0.00267459 -4.34369e-06 1.32077e-05 9.86076e-32 
        1.42794 0.0297598 -0.000865469 0.00267484 -4.34382e-06 1.3208e-05 9.86076e-32 
        1.42806 0.0297627 -0.000865549 0.00267508 -4.34396e-06 1.32083e-05 9.86076e-32 
        1.42819 0.0297659 -0.000865637 0.00267535 -4.34413e-06 1.32087e-05 9.86076e-32 
        1.42832 0.0297685 -0.00086571 0.00267557 -4.34426e-06 1.32089e-05 9.86076e-32 
        1.42847 0.0297717 -0.000865799 0.00267584 -4.34445e-06 1.32094e-05 1.97215e-31 
        1.42862 0.029775 -0.00086589 0.00267612 -4.34462e-06 1.32098e-05 1.97215e-31 
        1.42879 0.0297787 -0.000865993 0.00267643 -4.34483e-06 1.32103e-05 9.86076e-32 
        1.42896 0.0297823 -0.000866093 0.00267674 -4.34503e-06 1.32107e-05 9.86076e-32 
        1.42917 0.0297868 -0.000866216 0.00267711 -4.3453e-06 1.32113e-05 9.86076e-32 
        1.42939 0.0297916 -0.000866349 0.00267751 -4.34559e-06 1.3212e-05 0 
        1.42963 0.0297966 -0.000866489 0.00267794 -4.34591e-06 1.32128e-05 0 
        1.42989 0.0298023 -0.000866646 0.00267841 -4.34628e-06 1.32137e-05 0 
        1.43016 0.0298081 -0.000866807 0.0026789 -4.34666e-06 1.32146e-05 4.93038e-32 
        1.43042 0.0298139 -0.00086697 0.00267939 -4.34704e-06 1.32156e-05 4.93038e-32 
        1.4307 0.0298199 -0.000867136 0.0026799 -4.34744e-06 1.32165e-05 0 
        1.43098 0.029826 -0.000867305 0.00268041 -4.34784e-06 1.32175e-05 -9.86076e-32 
        1.43127 0.0298324 -0.000867482 0.00268095 -4.34827e-06 1.32186e-05 4.93038e-32 
        1.43158 0.0298389 -0.000867662 0.00268149 -4.34871e-06 1.32197e-05 -2.46519e-32 
        1.43189 0.0298456 -0.000867848 0.00268206 -4.34917e-06 1.32208e-05 1.2326e-32 
        1.43219 0.0298523 -0.000868032 0.00268262 -4.34962e-06 1.3222e-05 0 
        1.43249 0.0298588 -0.000868214 0.00268317 -4.35007e-06 1.32231e-05 -1.54074e-33 
        1.4328 0.0298655 -0.000868398 0.00268373 -4.35053e-06 1.32242e-05 -4.93038e-32 
        1.43311 0.0298721 -0.000868582 0.00268428 -4.35099e-06 1.32253e-05 -4.93038e-32 
        1.43342 0.0298788 -0.000868768 0.00268485 -4.35145e-06 1.32265e-05 0 
        1.43373 0.0298856 -0.000868956 0.00268542 -4.35192e-06 1.32277e-05 -1.2326e-32 
        1.43404 0.0298923 -0.000869142 0.00268598 -4.35238e-06 1.32288e-05 1.2326e-32 
        1.43441 0.0298992 -0.000869332 0.00268656 -4.35287e-06 1.323e-05 0 
        1.43485 0.0299063 -0.00086953 0.00268715 -4.35338e-06 1.32313e-05 0 
        1.43528 0.0299133 -0.000869725 0.00268773 -4.35389e-06 1.32325e-05 4.93038e-32 
        1.43583 0.0299245 -0.000870037 0.00268868 -4.35455e-06 1.32341e-05 2.46519e-32 
        1.4364 0.029937 -0.000870381 0.00268972 -4.35524e-06 1.32357e-05 2.46519e-32 
        1.43697 0.0299493 -0.000870723 0.00269076 -4.35593e-06 1.32372e-05 4.93038e-32 
        1.43753 0.0299616 -0.000871063 0.00269179 -4.35662e-06 1.32388e-05 9.86076e-32 
        1.43809 0.0299737 -0.0008714 0.00269281 -4.35729e-06 1.32404e-05 4.93038e-32 
        1.43864 0.0299858 -0.000871734 0.00269383 -4.35796e-06 1.32419e-05 4.93038e-32 
        1.43922 0.0299979 -0.00087207 0.00269484 -4.35864e-06 1.32435e-05 0 
        1.43988 0.0300102 -0.000872412 0.00269587 -4.35935e-06 1.32451e-05 9.86076e-32 
        1.4406 0.0300245 -0.000872808 0.00269707 -4.3602e-06 1.32471e-05 9.86076e-32 
        1.44146 0.0300431 -0.000873325 0.00269864 -4.36127e-06 1.32495e-05 9.86076e-32 
        1.44237 0.0300634 -0.000873886 0.00270034 -4.36241e-06 1.32522e-05 -4.93038e-32 
        1.44339 0.0300856 -0.000874503 0.00270221 -4.36374e-06 1.32553e-05 1.47911e-31 
        1.44442 0.0301079 -0.00087512 0.00270408 -4.36508e-06 1.32585e-05 4.93038e-32 
        1.44545 0.0301301 -0.000875734 0.00270595 -4.36641e-06 1.32616e-05 4.93038e-32 
        1.44647 0.0301521 -0.000876346 0.0027078 -4.36774e-06 1.32648e-05 2.46519e-32 
        1.44748 0.0301741 -0.000876955 0.00270965 -4.36906e-06 1.32679e-05 0 
        1.4486 0.030198 -0.000877617 0.00271166 -4.37054e-06 1.32714e-05 0 
        1.44979 0.0302235 -0.000878324 0.0027138 -4.37214e-06 1.32753e-05 0 
        1.4512 0.0302531 -0.000879146 0.00271629 -4.37406e-06 1.32799e-05 0 
        </Data>
</OpenSees>
