0.1 0.122873 5.19 -0.0456187 -0.122873 5.19 -0.0456187 0.122873 5.19 0.0456187 -0.122873 5.19 0.0456187
0.2 0.245733 10.38 -0.0912313 -0.245733 10.38 -0.0912313 0.245733 10.38 0.0912313 -0.245733 10.38 0.0912313
0.3 0.368581 15.57 -0.136838 -0.368581 15.57 -0.136838 0.368581 15.57 0.136838 -0.368581 15.57 0.136838
0.4 0.491415 20.76 -0.182438 -0.491415 20.76 -0.182438 0.491415 20.76 0.182438 -0.491415 20.76 0.182438
0.5 0.614236 25.95 -0.228032 -0.614236 25.95 -0.228032 0.614236 25.95 0.228032 -0.614236 25.95 0.228032
0.6 0.737044 31.14 -0.27362 -0.737044 31.14 -0.27362 0.737044 31.14 0.27362 -0.737044 31.14 0.27362
0.7 0.859838 36.33 -0.319202 -0.859838 36.33 -0.319202 0.859838 36.33 0.319202 -0.859838 36.33 0.319202
0.8 0.98262 41.52 -0.364778 -0.98262 41.52 -0.364778 0.98262 41.52 0.364778 -0.98262 41.52 0.364778
0.9 1.10539 46.71 -0.410347 -1.10539 46.71 -0.410347 1.10539 46.71 0.410347 -1.10539 46.71 0.410347
1 1.22814 51.9 -0.455911 -1.22814 51.9 -0.455911 1.22814 51.9 0.455911 -1.22814 51.9 0.455911
0.195059 -13.2872 12.6701 -0.454921 -15.5815 91.1299 -0.454393 -13.2872 12.6701 0.454921 -15.5815 91.1299 0.454393
0.359712 -25.5545 -20.4447 -0.452693 -27.6829 124.245 -0.453175 -25.5545 -20.4447 0.452693 -27.6829 124.245 0.453175
0.499286 -35.5933 -48.5158 -0.42348 -38.301 152.316 -0.444057 -35.5933 -48.5158 0.42348 -38.301 152.316 0.444057
0.624508 -44.1435 -73.7003 -0.399318 -48.2837 177.5 -0.423702 -44.1435 -73.7003 0.399318 -48.2837 177.5 0.423702
0.740086 -51.8164 -96.9452 -0.374798 -57.7164 200.745 -0.410157 -51.8164 -96.9452 0.374798 -57.7164 200.745 0.410157
0.848789 -58.8905 -118.807 -0.351723 -66.7302 222.607 -0.396261 -58.8905 -118.807 0.351723 -66.7302 222.607 0.396261
0.943863 -65.2303 -137.928 -0.337532 -74.4614 241.728 -0.384948 -65.2303 -137.928 0.337532 -74.4614 241.728 0.384948
1.02849 -70.9014 -154.949 -0.332712 -81.3152 258.749 -0.374125 -70.9014 -154.949 0.332712 -81.3152 258.749 0.374125
1.10141 -75.6001 -169.614 -0.324618 -87.4083 273.414 -0.372841 -75.6001 -169.614 0.324618 -87.4083 273.414 0.372841
1.16216 -79.6649 -181.832 -0.324487 -92.3345 285.632 -0.365081 -79.6649 -181.832 0.324487 -92.3345 285.632 0.365081
1.21001 -82.837 -191.455 -0.317965 -96.2444 295.255 -0.367222 -82.837 -191.455 0.317965 -96.2444 295.255 0.367222
1.24689 -85.2214 -198.872 -0.316053 -99.3177 302.672 -0.365513 -85.2214 -198.872 0.316053 -99.3177 302.672 0.365513
1.27829 -87.2896 -205.188 -0.318162 -101.898 308.988 -0.367079 -87.2896 -205.188 0.318162 -101.898 308.988 0.367079
1.30346 -89.0236 -210.25 -0.319562 -103.888 314.05 -0.37223 -89.0236 -210.25 0.319562 -103.888 314.05 0.37223
1.32626 -90.4682 -214.835 -0.322874 -105.818 318.635 -0.377726 -90.4682 -214.835 0.322874 -105.818 318.635 0.377726
1.34668 -91.5408 -218.943 -0.333909 -107.768 322.743 -0.376863 -91.5408 -218.943 0.333909 -107.768 322.743 0.376863
1.36617 -92.5092 -222.862 -0.341727 -109.683 326.662 -0.382759 -92.5092 -222.862 0.341727 -109.683 326.662 0.382759
1.38519 -93.5952 -226.687 -0.345776 -111.413 330.487 -0.383397 -93.5952 -226.687 0.345776 -111.413 330.487 0.383397
1.40235 -94.6685 -230.138 -0.345495 -112.879 333.938 -0.387977 -94.6685 -230.138 0.345495 -112.879 333.938 0.387977
1.41601 -95.543 -232.887 -0.347484 -114.027 336.687 -0.388166 -95.543 -232.887 0.347484 -114.027 336.687 0.388166
1.42813 -96.3237 -235.324 -0.348204 -115.04 339.124 -0.388204 -96.3237 -235.324 0.348204 -115.04 339.124 0.388204
1.43686 -97.2581 -237.08 -0.353828 -115.397 340.88 -0.390347 -97.2581 -237.08 0.353828 -115.397 340.88 0.390347
1.44372 -97.9359 -238.458 -0.35354 -115.734 342.258 -0.391064 -97.9359 -238.458 0.35354 -115.734 342.258 0.391064
1.45068 -98.5071 -239.858 -0.353144 -116.193 343.658 -0.391225 -98.5071 -239.858 0.353144 -116.193 343.658 0.391225
1.45603 -98.9715 -240.935 -0.352605 -116.521 344.735 -0.392666 -98.9715 -240.935 0.352605 -116.521 344.735 0.392666
1.45882 -99.2587 -241.495 -0.351876 -116.646 345.295 -0.393309 -99.2587 -241.495 0.351876 -116.646 345.295 0.393309
1.46049 -99.4301 -241.832 -0.351382 -116.723 345.632 -0.392826 -99.4301 -241.832 0.351382 -116.723 345.632 0.392826
1.46027 -99.4633 -241.788 -0.351015 -116.657 345.588 -0.392551 -99.4633 -241.788 0.351015 -116.657 345.588 0.392551
1.45841 -99.3666 -241.414 -0.350961 -116.478 345.214 -0.392514 -99.3666 -241.414 0.350961 -116.478 345.214 0.392514
1.45401 -99.1027 -240.528 -0.350868 -116.09 344.328 -0.392424 -99.1027 -240.528 0.350868 -116.09 344.328 0.392424
1.44721 -98.6885 -239.161 -0.35073 -115.498 342.961 -0.392294 -98.6885 -239.161 0.35073 -115.498 342.961 0.392294
1.44104 -98.2839 -237.92 -0.350607 -114.99 341.72 -0.392156 -98.2839 -237.92 0.350607 -114.99 341.72 0.392156
1.4351 -97.8595 -236.726 -0.350507 -114.536 340.526 -0.392011 -97.8595 -236.726 0.350507 -114.536 340.526 0.392011
1.43128 -97.5735 -235.957 -0.350448 -114.256 339.757 -0.391915 -97.5735 -235.957 0.350448 -114.256 339.757 0.391915
1.42931 -97.4337 -235.561 -0.350407 -114.104 339.361 -0.391872 -97.4337 -235.561 0.350407 -114.104 339.361 0.391872
1.42876 -97.3971 -235.451 -0.350392 -114.06 339.251 -0.391859 -97.3971 -235.451 0.350392 -114.06 339.251 0.391859
1.42834 -97.3678 -235.366 -0.350383 -114.026 339.166 -0.391847 -97.3678 -235.366 0.350383 -114.026 339.166 0.391847
1.42802 -97.3466 -235.301 -0.350379 -114 339.101 -0.391843 -97.3466 -235.301 0.350379 -114 339.101 0.391843
1.42778 -97.3329 -235.254 -0.350372 -113.979 339.054 -0.391843 -97.3329 -235.254 0.350372 -113.979 339.054 0.391843
1.42762 -97.3233 -235.221 -0.350369 -113.965 339.021 -0.391843 -97.3233 -235.221 0.350369 -113.965 339.021 0.391843
1.42756 -97.3186 -235.208 -0.350369 -113.96 339.008 -0.391841 -97.3186 -235.208 0.350369 -113.96 339.008 0.391841
1.4275 -97.3102 -235.196 -0.350375 -113.959 338.996 -0.391833 -97.3102 -235.196 0.350375 -113.959 338.996 0.391833
1.42748 -97.3047 -235.192 -0.350379 -113.962 338.992 -0.391826 -97.3047 -235.192 0.350379 -113.962 338.992 0.391826
1.42744 -97.3004 -235.186 -0.350379 -113.961 338.986 -0.391818 -97.3004 -235.186 0.350379 -113.961 338.986 0.391818
1.42744 -97.2969 -235.184 -0.350378 -113.964 338.984 -0.391809 -97.2969 -235.184 0.350378 -113.964 338.984 0.391809
1.42741 -97.293 -235.179 -0.350372 -113.964 338.979 -0.391799 -97.293 -235.179 0.350372 -113.964 338.979 0.391799
1.42746 -97.296 -235.19 -0.350365 -113.969 338.99 -0.391792 -97.296 -235.19 0.350365 -113.969 338.99 0.391792
1.42752 -97.2996 -235.201 -0.350356 -113.973 339.001 -0.391785 -97.2996 -235.201 0.350356 -113.973 339.001 0.391785
1.42755 -97.3022 -235.208 -0.350347 -113.976 339.008 -0.391778 -97.3022 -235.208 0.350347 -113.976 339.008 0.391778
1.42764 -97.3063 -235.225 -0.350339 -113.985 339.025 -0.391767 -97.3063 -235.225 0.350339 -113.985 339.025 0.391767
1.42774 -97.3117 -235.246 -0.350331 -113.994 339.046 -0.391757 -97.3117 -235.246 0.350331 -113.994 339.046 0.391757
1.42783 -97.3175 -235.264 -0.350321 -114.002 339.064 -0.391748 -97.3175 -235.264 0.350321 -114.002 339.064 0.391748
1.42794 -97.327 -235.286 -0.350307 -114.009 339.086 -0.391741 -97.327 -235.286 0.350307 -114.009 339.086 0.391741
1.42806 -97.3363 -235.309 -0.350294 -114.016 339.109 -0.391735 -97.3363 -235.309 0.350294 -114.016 339.109 0.391735
1.42819 -97.3463 -235.336 -0.350283 -114.026 339.136 -0.391728 -97.3463 -235.336 0.350283 -114.026 339.136 0.391728
1.42832 -97.3545 -235.361 -0.350271 -114.036 339.161 -0.391718 -97.3545 -235.361 0.350271 -114.036 339.161 0.391718
1.42847 -97.3643 -235.392 -0.350261 -114.049 339.192 -0.391709 -97.3643 -235.392 0.350261 -114.049 339.192 0.391709
1.42862 -97.3744 -235.422 -0.350249 -114.061 339.222 -0.3917 -97.3744 -235.422 0.350249 -114.061 339.222 0.3917
1.42879 -97.386 -235.457 -0.350237 -114.075 339.257 -0.391692 -97.386 -235.457 0.350237 -114.075 339.257 0.391692
1.42896 -97.3971 -235.491 -0.350225 -114.089 339.291 -0.391683 -97.3971 -235.491 0.350225 -114.089 339.291 0.391683
1.42917 -97.4108 -235.532 -0.350213 -114.106 339.332 -0.391676 -97.4108 -235.532 0.350213 -114.106 339.332 0.391676
1.42939 -97.4257 -235.577 -0.350203 -114.124 339.377 -0.39167 -97.4257 -235.577 0.350203 -114.124 339.377 0.39167
1.42963 -97.4413 -235.624 -0.350193 -114.143 339.424 -0.391664 -97.4413 -235.624 0.350193 -114.143 339.424 0.391664
1.42989 -97.4587 -235.677 -0.350183 -114.165 339.477 -0.391659 -97.4587 -235.677 0.350183 -114.165 339.477 0.391659
1.43016 -97.4767 -235.731 -0.350175 -114.186 339.531 -0.391654 -97.4767 -235.731 0.350175 -114.186 339.531 0.391654
1.43042 -97.4949 -235.785 -0.350166 -114.208 339.585 -0.391649 -97.4949 -235.785 0.350166 -114.208 339.585 0.391649
1.4307 -97.5136 -235.84 -0.350157 -114.23 339.64 -0.391646 -97.5136 -235.84 0.350157 -114.23 339.64 0.391646
1.43098 -97.5325 -235.896 -0.350149 -114.252 339.696 -0.391642 -97.5325 -235.896 0.350149 -114.252 339.696 0.391642
1.43127 -97.5522 -235.956 -0.350142 -114.276 339.756 -0.391639 -97.5522 -235.956 0.350142 -114.276 339.756 0.391639
1.43158 -97.5722 -236.016 -0.350135 -114.301 339.816 -0.391636 -97.5722 -236.016 0.350135 -114.301 339.816 0.391636
1.43189 -97.5931 -236.079 -0.350129 -114.326 339.879 -0.391634 -97.5931 -236.079 0.350129 -114.326 339.879 0.391634
1.43219 -97.6136 -236.141 -0.350123 -114.351 339.941 -0.391632 -97.6136 -236.141 0.350123 -114.351 339.941 0.391632
1.43249 -97.6339 -236.201 -0.350116 -114.375 340.001 -0.391629 -97.6339 -236.201 0.350116 -114.375 340.001 0.391629
1.4328 -97.6544 -236.263 -0.35011 -114.4 340.063 -0.391627 -97.6544 -236.263 0.35011 -114.4 340.063 0.391627
1.43311 -97.6749 -236.325 -0.350105 -114.425 340.125 -0.391625 -97.6749 -236.325 0.350105 -114.425 340.125 0.391625
1.43342 -97.6957 -236.388 -0.350099 -114.451 340.188 -0.391624 -97.6957 -236.388 0.350099 -114.451 340.188 0.391624
1.43373 -97.7167 -236.451 -0.350094 -114.476 340.251 -0.391622 -97.7167 -236.451 0.350094 -114.476 340.251 0.391622
1.43404 -97.7374 -236.513 -0.350088 -114.501 340.313 -0.391621 -97.7374 -236.513 0.350088 -114.501 340.313 0.391621
1.43441 -97.7578 -236.586 -0.350082 -114.534 340.386 -0.391608 -97.7578 -236.586 0.350082 -114.534 340.386 0.391608
1.43485 -97.7778 -236.674 -0.350074 -114.579 340.474 -0.391578 -97.7778 -236.674 0.350074 -114.579 340.474 0.391578
1.43528 -97.7973 -236.762 -0.350067 -114.625 340.562 -0.391548 -97.7973 -236.762 0.350067 -114.625 340.562 0.391548
1.43583 -97.8317 -236.872 -0.350033 -114.671 340.672 -0.391518 -97.8317 -236.872 0.350033 -114.671 340.672 0.391518
1.4364 -97.8701 -236.987 -0.349993 -114.717 340.787 -0.391489 -97.8701 -236.987 0.349993 -114.717 340.787 0.391489
1.43697 -97.9084 -237.101 -0.349952 -114.763 340.901 -0.391459 -97.9084 -237.101 0.349952 -114.763 340.901 0.391459
1.43753 -97.9465 -237.214 -0.349911 -114.808 341.014 -0.39143 -97.9465 -237.214 0.349911 -114.808 341.014 0.39143
1.43809 -97.9841 -237.326 -0.349871 -114.853 341.126 -0.391401 -97.9841 -237.326 0.349871 -114.853 341.126 0.391401
1.43864 -98.0215 -237.438 -0.349831 -114.897 341.238 -0.391372 -98.0215 -237.438 0.349831 -114.897 341.238 0.391372
1.43922 -98.0585 -237.554 -0.34979 -114.946 341.354 -0.391337 -98.0585 -237.554 0.34979 -114.946 341.354 0.391337
1.43988 -98.0951 -237.686 -0.349748 -115.007 341.486 -0.391285 -98.0951 -237.686 0.349748 -115.007 341.486 0.391285
1.4406 -98.138 -237.832 -0.349707 -115.071 341.632 -0.391239 -98.138 -237.832 0.349707 -115.071 341.632 0.391239
1.44146 -98.1958 -238.005 -0.349651 -115.141 341.805 -0.391198 -98.1958 -238.005 0.349651 -115.141 341.805 0.391198
1.44237 -98.2591 -238.187 -0.349586 -115.211 341.987 -0.391157 -98.2591 -238.187 0.349586 -115.211 341.987 0.391157
1.44339 -98.3279 -238.393 -0.34953 -115.294 342.193 -0.391119 -98.3279 -238.393 0.34953 -115.294 342.193 0.391119
1.44442 -98.3968 -238.6 -0.349474 -115.378 342.4 -0.39108 -98.3968 -238.6 0.349474 -115.378 342.4 0.39108
1.44545 -98.4654 -238.806 -0.349419 -115.461 342.606 -0.391042 -98.4654 -238.806 0.349419 -115.461 342.606 0.391042
1.44647 -98.5337 -239.011 -0.349363 -115.543 342.811 -0.391004 -98.5337 -239.011 0.349363 -115.543 342.811 0.391004
1.44748 -98.6017 -239.215 -0.349308 -115.626 343.015 -0.390966 -98.6017 -239.215 0.349308 -115.626 343.015 0.390966
1.4486 -98.6753 -239.441 -0.349255 -115.718 343.241 -0.39093 -98.6753 -239.441 0.349255 -115.718 343.241 0.39093
1.44979 -98.754 -239.68 -0.349203 -115.815 343.48 -0.390897 -98.754 -239.68 0.349203 -115.815 343.48 0.390897
1.4512 -98.845 -239.963 -0.349153 -115.932 343.763 -0.390858 -98.845 -239.963 0.349153 -115.932 343.763 0.390858
