0.1 -0.000491558 -1.36358e-07
0.2 -0.000983045 -2.72703e-07
0.3 -0.00147446 -4.09034e-07
0.4 -0.00196581 -5.45353e-07
0.5 -0.00245708 -6.81658e-07
0.6 -0.00294829 -8.1795e-07
0.7 -0.00343943 -9.54229e-07
0.8 -0.00393049 -1.0905e-06
0.9 -0.00442148 -1.22675e-06
1 -0.0049124 -1.36299e-06
0.195059 -0.309377 -8.71348e-05
0.359712 -0.563868 -0.0001609
0.499286 -0.808453 -0.000233727
0.624508 -1.04003 -0.000304573
0.740086 -1.24534 -0.000369053
0.848789 -1.42622 -0.000427262
0.943863 -1.58023 -0.000477935
1.02849 -1.71381 -0.000522764
1.10141 -1.81747 -0.000558148
1.16216 -1.90667 -0.000589029
1.21001 -1.97607 -0.000613349
1.24689 -2.02647 -0.000631174
1.27829 -2.06878 -0.000646247
1.30346 -2.10422 -0.000658955
1.32626 -2.13333 -0.000669444
1.34668 -2.15379 -0.000676844
1.36617 -2.17208 -0.000683484
1.38519 -2.19337 -0.000691237
1.40235 -2.21483 -0.000699079
1.41601 -2.23248 -0.000705553
1.42813 -2.24843 -0.000711417
1.43686 -2.26886 -0.00071895
1.44372 -2.28376 -0.000724464
1.45068 -2.29625 -0.000729096
1.45603 -2.30666 -0.000732964
1.45882 -2.31333 -0.000735444
1.46049 -2.31735 -0.000736941
1.46027 -2.31825 -0.000737277
1.45841 -2.31599 -0.00073665
1.45401 -2.30965 -0.000734893
1.44721 -2.29969 -0.000732128
1.44104 -2.28984 -0.000729397
1.4351 -2.2794 -0.000726499
1.43128 -2.27232 -0.000724536
1.42931 -2.26888 -0.000723582
1.42876 -2.26799 -0.000723335
1.42834 -2.26727 -0.000723136
1.42802 -2.26675 -0.000722992
1.42778 -2.26642 -0.000722901
1.42762 -2.2662 -0.000722838
1.42756 -2.26608 -0.000722805
1.4275 -2.26586 -0.000722744
1.42748 -2.26571 -0.000722703
1.42744 -2.2656 -0.000722672
1.42744 -2.2655 -0.000722646
1.42741 -2.2654 -0.000722617
1.42746 -2.26547 -0.000722637
1.42752 -2.26556 -0.000722661
1.42755 -2.26563 -0.00072268
1.42764 -2.26572 -0.000722705
1.42774 -2.26585 -0.000722741
1.42783 -2.26599 -0.00072278
1.42794 -2.26623 -0.000722846
1.42806 -2.26646 -0.000722912
1.42819 -2.26671 -0.00072298
1.42832 -2.26691 -0.000723036
1.42847 -2.26715 -0.000723102
1.42862 -2.2674 -0.000723171
1.42879 -2.26768 -0.000723249
1.42896 -2.26795 -0.000723325
1.42917 -2.26828 -0.000723417
1.42939 -2.26865 -0.000723518
1.42963 -2.26903 -0.000723623
1.42989 -2.26945 -0.000723742
1.43016 -2.26989 -0.000723864
1.43042 -2.27034 -0.000723987
1.4307 -2.2708 -0.000724114
1.43098 -2.27126 -0.000724243
1.43127 -2.27174 -0.000724376
1.43158 -2.27223 -0.000724512
1.43189 -2.27274 -0.000724653
1.43219 -2.27324 -0.000724792
1.43249 -2.27374 -0.000724929
1.4328 -2.27424 -0.000725068
1.43311 -2.27474 -0.000725207
1.43342 -2.27524 -0.000725348
1.43373 -2.27576 -0.00072549
1.43404 -2.27626 -0.000725631
1.43441 -2.27675 -0.000725765
1.43485 -2.2772 -0.000725892
1.43528 -2.27765 -0.000726015
1.43583 -2.27848 -0.000726246
1.4364 -2.27942 -0.000726507
1.43697 -2.28036 -0.000726768
1.43753 -2.28129 -0.000727026
1.43809 -2.28222 -0.000727282
1.43864 -2.28313 -0.000727536
1.43922 -2.28403 -0.000727785
1.43988 -2.2849 -0.000728027
1.4406 -2.28593 -0.000728312
1.44146 -2.28734 -0.000728704
1.44237 -2.2889 -0.000729137
1.44339 -2.29059 -0.000729604
1.44442 -2.29227 -0.000730071
1.44545 -2.29395 -0.000730536
1.44647 -2.29562 -0.000730999
1.44748 -2.29728 -0.00073146
1.4486 -2.29907 -0.000731958
1.44979 -2.301 -0.000732491
1.4512 -2.30321 -0.000733105
