1.88152e-08
3.76311e-08
5.64478e-08
7.52655e-08
9.4085e-08
1.12906e-07
1.31728e-07
1.21974e-07
1.23109e-07
1.27368e-07
1.39816e-07
1.56068e-07
1.77159e-07
1.90938e-07
1.99264e-07
2.16464e-07
2.44188e-07
2.82568e-07
3.34853e-07
3.74655e-07
4.24629e-07
4.99965e-07
5.51151e-07
6.54673e-07
7.23424e-07
8.15782e-07
8.96208e-07
9.44361e-07
1.04558e-06
1.07421e-06
1.14609e-06
1.17775e-06
1.20244e-06
1.23497e-06
1.25183e-06
1.29159e-06
1.32225e-06
1.32343e-06
1.40133e-06
1.46164e-06
1.47341e-06
1.52832e-06
1.54071e-06
1.56324e-06
1.53637e-06
1.61937e-06
1.64027e-06
1.63975e-06
1.65092e-06
1.66209e-06
1.67327e-06
1.65844e-06
3.23927e-06
1.6358e-06
1.76265e-06
1.82411e-06
1.86109e-06
2.48915e-06
2.1878e-06
2.31679e-06
2.70482e-06
2.75952e-06
2.50717e-06
